[2024-06-15T05:12:28.995+0000] {taskinstance.py:1103} INFO - Dependencies all met for dep_context=non-requeueable deps ti=<TaskInstance: dust_data_pipeline.ELT.data_transformation.convert_date_format scheduled__2024-06-15T04:00:00+00:00 [queued]>
[2024-06-15T05:12:29.007+0000] {taskinstance.py:1103} INFO - Dependencies all met for dep_context=requeueable deps ti=<TaskInstance: dust_data_pipeline.ELT.data_transformation.convert_date_format scheduled__2024-06-15T04:00:00+00:00 [queued]>
[2024-06-15T05:12:29.008+0000] {taskinstance.py:1308} INFO - Starting attempt 1 of 2
[2024-06-15T05:12:29.028+0000] {taskinstance.py:1327} INFO - Executing <Task(PythonOperator): ELT.data_transformation.convert_date_format> on 2024-06-15 04:00:00+00:00
[2024-06-15T05:12:29.035+0000] {standard_task_runner.py:57} INFO - Started process 619 to run task
[2024-06-15T05:12:29.039+0000] {standard_task_runner.py:84} INFO - Running: ['***', 'tasks', 'run', 'dust_data_pipeline', 'ELT.data_transformation.convert_date_format', 'scheduled__2024-06-15T04:00:00+00:00', '--job-id', '271', '--raw', '--subdir', 'DAGS_FOLDER/test_redshift_real_v3.py', '--cfg-path', '/tmp/tmp0_ul0kfx']
[2024-06-15T05:12:29.040+0000] {standard_task_runner.py:85} INFO - Job 271: Subtask ELT.data_transformation.convert_date_format
[2024-06-15T05:12:29.100+0000] {task_command.py:410} INFO - Running <TaskInstance: dust_data_pipeline.ELT.data_transformation.convert_date_format scheduled__2024-06-15T04:00:00+00:00 [running]> on host 52eeab71c019
[2024-06-15T05:12:29.207+0000] {taskinstance.py:1547} INFO - Exporting env vars: AIRFLOW_CTX_DAG_OWNER='***' AIRFLOW_CTX_DAG_ID='dust_data_pipeline' AIRFLOW_CTX_TASK_ID='ELT.data_transformation.convert_date_format' AIRFLOW_CTX_EXECUTION_DATE='2024-06-15T04:00:00+00:00' AIRFLOW_CTX_TRY_NUMBER='1' AIRFLOW_CTX_DAG_RUN_ID='scheduled__2024-06-15T04:00:00+00:00'
[2024-06-15T05:12:29.220+0000] {base.py:73} INFO - Using connection ID 'redshift_test_dev' for task execution.
[2024-06-15T05:12:29.389+0000] {sql.py:375} INFO - Running statement: 
    DROP TABLE IF EXISTS yusuyeon678.raw_data;
    CREATE TABLE yusuyeon678.raw_data (
        date TIMESTAMP NOT NULL,
        region_code INT NOT NULL,
        region_name VARCHAR(20) NOT NULL,
        office_code INT NOT NULL,
        office_name VARCHAR(20) NOT NULL,
        dust FLOAT NOT NULL,
        dust_24h FLOAT NOT NULL,
        ultradust FLOAT NOT NULL,
        O3 FLOAT NOT NULL,
        NO2 FLOAT NOT NULL,
        CO FLOAT NOT NULL,
        SO2 FLOAT NOT NULL,
        constraint raw_data_pk PRIMARY KEY (date, region_code, region_name, office_code, office_name)
    );
    , parameters: None
[2024-06-15T05:12:29.478+0000] {base.py:73} INFO - Using connection ID 'redshift_test_dev' for task execution.
[2024-06-15T05:12:29.550+0000] {sql.py:375} INFO - Running statement: 
    INSERT INTO yusuyeon678.raw_data (date, region_code, region_name, office_code, office_name, dust, dust_24h, ultradust, O3, NO2, CO, SO2)
    SELECT
        TO_TIMESTAMP(CAST(date AS VARCHAR), 'YYYYMMDDHH24MI') AS date,
        region_code,
        region_name,
        office_code,
        office_name,
        dust,
        dust_24h,
        ultradust,
        O3,
        NO2,
        CO,
        SO2
    FROM yusuyeon678.raw_data_test_youngjun;
    , parameters: None
[2024-06-15T05:12:29.646+0000] {sql.py:384} INFO - Rows affected: 375
[2024-06-15T05:12:29.731+0000] {python.py:183} INFO - Done. Returned value was: None
[2024-06-15T05:12:29.750+0000] {taskinstance.py:1350} INFO - Marking task as SUCCESS. dag_id=dust_data_pipeline, task_id=ELT.data_transformation.convert_date_format, execution_date=20240615T040000, start_date=20240615T051228, end_date=20240615T051229
[2024-06-15T05:12:29.814+0000] {local_task_job_runner.py:225} INFO - Task exited with return code 0
[2024-06-15T05:12:29.874+0000] {taskinstance.py:2653} INFO - 1 downstream tasks scheduled from follow-on schedule check
