[2024-06-12T16:00:12.519+0000] {taskinstance.py:1083} INFO - Dependencies all met for <TaskInstance: api_to_s3_to_redshift.load_to_redshift scheduled__2024-06-12T15:00:00+00:00 [queued]>
[2024-06-12T16:00:12.530+0000] {taskinstance.py:1083} INFO - Dependencies all met for <TaskInstance: api_to_s3_to_redshift.load_to_redshift scheduled__2024-06-12T15:00:00+00:00 [queued]>
[2024-06-12T16:00:12.530+0000] {taskinstance.py:1279} INFO - 
--------------------------------------------------------------------------------
[2024-06-12T16:00:12.530+0000] {taskinstance.py:1280} INFO - Starting attempt 1 of 2
[2024-06-12T16:00:12.531+0000] {taskinstance.py:1281} INFO - 
--------------------------------------------------------------------------------
[2024-06-12T16:00:12.549+0000] {taskinstance.py:1300} INFO - Executing <Task(S3ToRedshiftOperator): load_to_redshift> on 2024-06-12 15:00:00+00:00
[2024-06-12T16:00:12.557+0000] {standard_task_runner.py:55} INFO - Started process 22888 to run task
[2024-06-12T16:00:12.562+0000] {standard_task_runner.py:82} INFO - Running: ['***', 'tasks', 'run', 'api_to_s3_to_redshift', 'load_to_redshift', 'scheduled__2024-06-12T15:00:00+00:00', '--job-id', '77', '--raw', '--subdir', 'DAGS_FOLDER/test_redshift_real.py', '--cfg-path', '/tmp/tmpz1mwil9e']
[2024-06-12T16:00:12.563+0000] {standard_task_runner.py:83} INFO - Job 77: Subtask load_to_redshift
[2024-06-12T16:00:12.648+0000] {task_command.py:388} INFO - Running <TaskInstance: api_to_s3_to_redshift.load_to_redshift scheduled__2024-06-12T15:00:00+00:00 [running]> on host 51c81313d5fd
[2024-06-12T16:00:12.737+0000] {taskinstance.py:1509} INFO - Exporting the following env vars:
AIRFLOW_CTX_DAG_OWNER=***
AIRFLOW_CTX_DAG_ID=api_to_s3_to_redshift
AIRFLOW_CTX_TASK_ID=load_to_redshift
AIRFLOW_CTX_EXECUTION_DATE=2024-06-12T15:00:00+00:00
AIRFLOW_CTX_TRY_NUMBER=1
AIRFLOW_CTX_DAG_RUN_ID=scheduled__2024-06-12T15:00:00+00:00
[2024-06-12T16:00:12.751+0000] {base.py:73} INFO - Using connection ID 'aws_s3' for task execution.
[2024-06-12T16:00:12.759+0000] {base.py:73} INFO - Using connection ID 'aws_s3' for task execution.
[2024-06-12T16:00:12.760+0000] {connection_wrapper.py:334} INFO - AWS Connection (conn_id='aws_s3', conn_type='aws') credentials retrieved from login and password.
[2024-06-12T16:00:12.770+0000] {s3_to_redshift.py:164} INFO - Executing COPY command...
[2024-06-12T16:00:12.779+0000] {base.py:73} INFO - Using connection ID 'redshift_test_dev' for task execution.
[2024-06-12T16:00:13.236+0000] {sql.py:375} INFO - Running statement: 
                    COPY yusuyeon678.raw_data_test_youngjun 
                    FROM 's3://dust-dag/dataSource/api_data.csv'
                    credentials
                    'aws_access_key_id=AKIAZQ3DNY2P6X5UNXUG;aws_secret_access_key=***'
                    csv
			IGNOREHEADER 1;
        , parameters: None
[2024-06-12T16:00:13.597+0000] {s3_to_redshift.py:166} INFO - COPY command complete...
[2024-06-12T16:00:13.612+0000] {taskinstance.py:1323} INFO - Marking task as SUCCESS. dag_id=api_to_s3_to_redshift, task_id=load_to_redshift, execution_date=20240612T150000, start_date=20240612T160012, end_date=20240612T160013
[2024-06-12T16:00:13.658+0000] {local_task_job.py:208} INFO - Task exited with return code 0
[2024-06-12T16:00:13.679+0000] {taskinstance.py:2578} INFO - 0 downstream tasks scheduled from follow-on schedule check
