[2024-06-16T08:00:22.690+0000] {taskinstance.py:1103} INFO - Dependencies all met for dep_context=non-requeueable deps ti=<TaskInstance: dust_data_pipeline.ETL.populate_office_table scheduled__2024-06-16T07:00:00+00:00 [queued]>
[2024-06-16T08:00:22.705+0000] {taskinstance.py:1103} INFO - Dependencies all met for dep_context=requeueable deps ti=<TaskInstance: dust_data_pipeline.ETL.populate_office_table scheduled__2024-06-16T07:00:00+00:00 [queued]>
[2024-06-16T08:00:22.705+0000] {taskinstance.py:1308} INFO - Starting attempt 1 of 2
[2024-06-16T08:00:22.730+0000] {taskinstance.py:1327} INFO - Executing <Task(PythonOperator): ETL.populate_office_table> on 2024-06-16 07:00:00+00:00
[2024-06-16T08:00:22.738+0000] {standard_task_runner.py:57} INFO - Started process 1914 to run task
[2024-06-16T08:00:22.814+0000] {standard_task_runner.py:84} INFO - Running: ['***', 'tasks', 'run', 'dust_data_pipeline', 'ETL.populate_office_table', 'scheduled__2024-06-16T07:00:00+00:00', '--job-id', '333', '--raw', '--subdir', 'DAGS_FOLDER/test_redshift_real_v3.py', '--cfg-path', '/tmp/tmp0g2tjccc']
[2024-06-16T08:00:22.823+0000] {standard_task_runner.py:85} INFO - Job 333: Subtask ETL.populate_office_table
[2024-06-16T08:00:23.052+0000] {task_command.py:410} INFO - Running <TaskInstance: dust_data_pipeline.ETL.populate_office_table scheduled__2024-06-16T07:00:00+00:00 [running]> on host bbfd9dfd7368
[2024-06-16T08:00:23.241+0000] {taskinstance.py:1547} INFO - Exporting env vars: AIRFLOW_CTX_DAG_OWNER='***' AIRFLOW_CTX_DAG_ID='dust_data_pipeline' AIRFLOW_CTX_TASK_ID='ETL.populate_office_table' AIRFLOW_CTX_EXECUTION_DATE='2024-06-16T07:00:00+00:00' AIRFLOW_CTX_TRY_NUMBER='1' AIRFLOW_CTX_DAG_RUN_ID='scheduled__2024-06-16T07:00:00+00:00'
[2024-06-16T08:00:23.293+0000] {base.py:73} INFO - Using connection ID 'redshift_test_dev' for task execution.
[2024-06-16T08:00:23.710+0000] {sql.py:375} INFO - Running statement: 
    DROP TABLE IF EXISTS yusuyeon678.group_by_office;
    CREATE TABLE yusuyeon678.group_by_office (
        date TIMESTAMP NOT NULL,
        office_code INT NOT NULL,
        office_name VARCHAR(20) NOT NULL,
        dust FLOAT NOT NULL,
        ultradust FLOAT NOT NULL,
        O3 FLOAT NOT NULL,
        NO2 FLOAT NOT NULL,
        CO FLOAT NOT NULL,
        SO2 FLOAT NOT NULL,
        CONSTRAINT group_by_office_pk PRIMARY KEY (date, office_code)
    );
    , parameters: None
[2024-06-16T08:00:23.973+0000] {base.py:73} INFO - Using connection ID 'redshift_test_dev' for task execution.
[2024-06-16T08:00:24.312+0000] {sql.py:375} INFO - Running statement: 
    INSERT INTO yusuyeon678.group_by_office (date, office_code, office_name, dust, ultradust, O3, NO2, CO, SO2)
    SELECT
        date,
        office_code,
        office_name,
        ROUND(AVG(dust), 2) AS dust,
        ROUND(AVG(ultradust), 2) AS ultradust,
        ROUND(AVG(o3), 2) AS o3,
        ROUND(AVG(no2), 2) AS no2,
        ROUND(AVG(co), 2) AS co,
        ROUND(AVG(so2), 3) AS so2
    FROM yusuyeon678.raw_data
    GROUP BY date, office_code, office_name;
    , parameters: None
[2024-06-16T08:00:24.538+0000] {sql.py:384} INFO - Rows affected: 475
[2024-06-16T08:00:24.644+0000] {python.py:183} INFO - Done. Returned value was: None
[2024-06-16T08:00:24.662+0000] {taskinstance.py:1350} INFO - Marking task as SUCCESS. dag_id=dust_data_pipeline, task_id=ETL.populate_office_table, execution_date=20240616T070000, start_date=20240616T080022, end_date=20240616T080024
[2024-06-16T08:00:24.718+0000] {local_task_job_runner.py:225} INFO - Task exited with return code 0
[2024-06-16T08:00:24.757+0000] {taskinstance.py:2653} INFO - 0 downstream tasks scheduled from follow-on schedule check
