[2024-06-14T08:45:10.226+0000] {taskinstance.py:1103} INFO - Dependencies all met for dep_context=non-requeueable deps ti=<TaskInstance: api_to_s3_to_redshift_v3.ELT.data_loading.load_data_into_raw_data_temp manual__2024-06-14T08:44:57.461130+00:00 [queued]>
[2024-06-14T08:45:10.238+0000] {taskinstance.py:1103} INFO - Dependencies all met for dep_context=requeueable deps ti=<TaskInstance: api_to_s3_to_redshift_v3.ELT.data_loading.load_data_into_raw_data_temp manual__2024-06-14T08:44:57.461130+00:00 [queued]>
[2024-06-14T08:45:10.238+0000] {taskinstance.py:1308} INFO - Starting attempt 1 of 2
[2024-06-14T08:45:10.260+0000] {taskinstance.py:1327} INFO - Executing <Task(PythonOperator): ELT.data_loading.load_data_into_raw_data_temp> on 2024-06-14 08:44:57.461130+00:00
[2024-06-14T08:45:10.268+0000] {standard_task_runner.py:57} INFO - Started process 1195 to run task
[2024-06-14T08:45:10.273+0000] {standard_task_runner.py:84} INFO - Running: ['***', 'tasks', 'run', 'api_to_s3_to_redshift_v3', 'ELT.data_loading.load_data_into_raw_data_temp', 'manual__2024-06-14T08:44:57.461130+00:00', '--job-id', '256', '--raw', '--subdir', 'DAGS_FOLDER/test_redshift_real_v3.py', '--cfg-path', '/tmp/tmp9cvyz982']
[2024-06-14T08:45:10.274+0000] {standard_task_runner.py:85} INFO - Job 256: Subtask ELT.data_loading.load_data_into_raw_data_temp
[2024-06-14T08:45:10.335+0000] {task_command.py:410} INFO - Running <TaskInstance: api_to_s3_to_redshift_v3.ELT.data_loading.load_data_into_raw_data_temp manual__2024-06-14T08:44:57.461130+00:00 [running]> on host 9949536f6ac7
[2024-06-14T08:45:10.442+0000] {taskinstance.py:1547} INFO - Exporting env vars: AIRFLOW_CTX_DAG_OWNER='***' AIRFLOW_CTX_DAG_ID='api_to_s3_to_redshift_v3' AIRFLOW_CTX_TASK_ID='ELT.data_loading.load_data_into_raw_data_temp' AIRFLOW_CTX_EXECUTION_DATE='2024-06-14T08:44:57.461130+00:00' AIRFLOW_CTX_TRY_NUMBER='1' AIRFLOW_CTX_DAG_RUN_ID='manual__2024-06-14T08:44:57.461130+00:00'
[2024-06-14T08:45:10.459+0000] {base.py:73} INFO - Using connection ID 'aws_s3' for task execution.
[2024-06-14T08:45:10.460+0000] {connection_wrapper.py:337} INFO - AWS Connection (conn_id='aws_s3', conn_type='aws') credentials retrieved from login and password.
[2024-06-14T08:45:10.483+0000] {base.py:73} INFO - Using connection ID 'redshift_test_dev' for task execution.
[2024-06-14T08:45:10.608+0000] {sql.py:375} INFO - Running statement: 
    COPY yusuyeon678.api_raw_data_temp
    FROM 's3://dust-dag/dataSource/api_raw_data.csv'
    credentials
    'aws_access_key_id=AKIAZQ3DNY2P6X5UNXUG;aws_secret_access_key=***'
    csv
    IGNOREHEADER 1;
    , parameters: None
[2024-06-14T08:45:11.022+0000] {python.py:183} INFO - Done. Returned value was: None
[2024-06-14T08:45:11.045+0000] {taskinstance.py:1350} INFO - Marking task as SUCCESS. dag_id=api_to_s3_to_redshift_v3, task_id=ELT.data_loading.load_data_into_raw_data_temp, execution_date=20240614T084457, start_date=20240614T084510, end_date=20240614T084511
[2024-06-14T08:45:11.130+0000] {local_task_job_runner.py:225} INFO - Task exited with return code 0
[2024-06-14T08:45:11.211+0000] {taskinstance.py:2653} INFO - 1 downstream tasks scheduled from follow-on schedule check
