[2024-06-13T04:39:07.404+0000] {taskinstance.py:1083} INFO - Dependencies all met for <TaskInstance: api_to_s3_to_redshift.load_temp_redshift manual__2024-06-13T04:38:59.161484+00:00 [queued]>
[2024-06-13T04:39:07.419+0000] {taskinstance.py:1083} INFO - Dependencies all met for <TaskInstance: api_to_s3_to_redshift.load_temp_redshift manual__2024-06-13T04:38:59.161484+00:00 [queued]>
[2024-06-13T04:39:07.419+0000] {taskinstance.py:1279} INFO - 
--------------------------------------------------------------------------------
[2024-06-13T04:39:07.419+0000] {taskinstance.py:1280} INFO - Starting attempt 1 of 2
[2024-06-13T04:39:07.419+0000] {taskinstance.py:1281} INFO - 
--------------------------------------------------------------------------------
[2024-06-13T04:39:07.440+0000] {taskinstance.py:1300} INFO - Executing <Task(PythonOperator): load_temp_redshift> on 2024-06-13 04:38:59.161484+00:00
[2024-06-13T04:39:07.447+0000] {standard_task_runner.py:55} INFO - Started process 4236 to run task
[2024-06-13T04:39:07.451+0000] {standard_task_runner.py:82} INFO - Running: ['***', 'tasks', 'run', 'api_to_s3_to_redshift', 'load_temp_redshift', 'manual__2024-06-13T04:38:59.161484+00:00', '--job-id', '105', '--raw', '--subdir', 'DAGS_FOLDER/test_redshift_real.py', '--cfg-path', '/tmp/tmpdu60r7o7']
[2024-06-13T04:39:07.452+0000] {standard_task_runner.py:83} INFO - Job 105: Subtask load_temp_redshift
[2024-06-13T04:39:07.535+0000] {task_command.py:388} INFO - Running <TaskInstance: api_to_s3_to_redshift.load_temp_redshift manual__2024-06-13T04:38:59.161484+00:00 [running]> on host 51c81313d5fd
[2024-06-13T04:39:07.774+0000] {taskinstance.py:1509} INFO - Exporting the following env vars:
AIRFLOW_CTX_DAG_OWNER=***
AIRFLOW_CTX_DAG_ID=api_to_s3_to_redshift
AIRFLOW_CTX_TASK_ID=load_temp_redshift
AIRFLOW_CTX_EXECUTION_DATE=2024-06-13T04:38:59.161484+00:00
AIRFLOW_CTX_TRY_NUMBER=1
AIRFLOW_CTX_DAG_RUN_ID=manual__2024-06-13T04:38:59.161484+00:00
[2024-06-13T04:39:07.786+0000] {base.py:73} INFO - Using connection ID 'aws_s3' for task execution.
[2024-06-13T04:39:07.787+0000] {connection_wrapper.py:334} INFO - AWS Connection (conn_id='aws_s3', conn_type='aws') credentials retrieved from login and password.
[2024-06-13T04:39:07.806+0000] {base.py:73} INFO - Using connection ID 'redshift_test_dev' for task execution.
[2024-06-13T04:39:07.948+0000] {sql.py:375} INFO - Running statement: 
        COPY yusuyeon678.api_raw_data_temp
        FROM 's3://dust-dag/dataSource/api_raw_data.csv'
        credentials
        'aws_access_key_id=AKIAZQ3DNY2P6X5UNXUG;aws_secret_access_key=***'
        csv
        IGNOREHEADER 1;
        , parameters: None
[2024-06-13T04:39:13.940+0000] {python.py:177} INFO - Done. Returned value was: None
[2024-06-13T04:39:13.959+0000] {taskinstance.py:1323} INFO - Marking task as SUCCESS. dag_id=api_to_s3_to_redshift, task_id=load_temp_redshift, execution_date=20240613T043859, start_date=20240613T043907, end_date=20240613T043913
[2024-06-13T04:39:14.011+0000] {local_task_job.py:208} INFO - Task exited with return code 0
[2024-06-13T04:39:14.051+0000] {taskinstance.py:2578} INFO - 1 downstream tasks scheduled from follow-on schedule check
