[2024-06-13T04:04:25.022+0000] {taskinstance.py:1083} INFO - Dependencies all met for <TaskInstance: api_to_s3_to_redshift.load_to_redshift scheduled__2024-06-12T16:00:00+00:00 [queued]>
[2024-06-13T04:04:25.049+0000] {taskinstance.py:1083} INFO - Dependencies all met for <TaskInstance: api_to_s3_to_redshift.load_to_redshift scheduled__2024-06-12T16:00:00+00:00 [queued]>
[2024-06-13T04:04:25.049+0000] {taskinstance.py:1279} INFO - 
--------------------------------------------------------------------------------
[2024-06-13T04:04:25.050+0000] {taskinstance.py:1280} INFO - Starting attempt 1 of 2
[2024-06-13T04:04:25.050+0000] {taskinstance.py:1281} INFO - 
--------------------------------------------------------------------------------
[2024-06-13T04:04:25.082+0000] {taskinstance.py:1300} INFO - Executing <Task(S3ToRedshiftOperator): load_to_redshift> on 2024-06-12 16:00:00+00:00
[2024-06-13T04:04:25.094+0000] {standard_task_runner.py:55} INFO - Started process 120 to run task
[2024-06-13T04:04:25.101+0000] {standard_task_runner.py:82} INFO - Running: ['***', 'tasks', 'run', 'api_to_s3_to_redshift', 'load_to_redshift', 'scheduled__2024-06-12T16:00:00+00:00', '--job-id', '88', '--raw', '--subdir', 'DAGS_FOLDER/test_redshift_real.py', '--cfg-path', '/tmp/tmpwkhioigh']
[2024-06-13T04:04:25.102+0000] {standard_task_runner.py:83} INFO - Job 88: Subtask load_to_redshift
[2024-06-13T04:04:25.270+0000] {task_command.py:388} INFO - Running <TaskInstance: api_to_s3_to_redshift.load_to_redshift scheduled__2024-06-12T16:00:00+00:00 [running]> on host 51c81313d5fd
[2024-06-13T04:04:25.494+0000] {taskinstance.py:1509} INFO - Exporting the following env vars:
AIRFLOW_CTX_DAG_OWNER=***
AIRFLOW_CTX_DAG_ID=api_to_s3_to_redshift
AIRFLOW_CTX_TASK_ID=load_to_redshift
AIRFLOW_CTX_EXECUTION_DATE=2024-06-12T16:00:00+00:00
AIRFLOW_CTX_TRY_NUMBER=1
AIRFLOW_CTX_DAG_RUN_ID=scheduled__2024-06-12T16:00:00+00:00
[2024-06-13T04:04:25.530+0000] {base.py:73} INFO - Using connection ID 'aws_s3' for task execution.
[2024-06-13T04:04:25.549+0000] {base.py:73} INFO - Using connection ID 'aws_s3' for task execution.
[2024-06-13T04:04:25.552+0000] {connection_wrapper.py:334} INFO - AWS Connection (conn_id='aws_s3', conn_type='aws') credentials retrieved from login and password.
[2024-06-13T04:04:25.581+0000] {s3_to_redshift.py:164} INFO - Executing COPY command...
[2024-06-13T04:04:25.598+0000] {base.py:73} INFO - Using connection ID 'redshift_test_dev' for task execution.
[2024-06-13T04:04:26.253+0000] {sql.py:375} INFO - Running statement: 
                    COPY yusuyeon678.raw_data_test_youngjun 
                    FROM 's3://dust-dag/dataSource/api_data.csv'
                    credentials
                    'aws_access_key_id=AKIAZQ3DNY2P6X5UNXUG;aws_secret_access_key=***'
                    csv
			IGNOREHEADER 1;
        , parameters: None
[2024-06-13T04:04:27.315+0000] {s3_to_redshift.py:166} INFO - COPY command complete...
[2024-06-13T04:04:27.337+0000] {taskinstance.py:1323} INFO - Marking task as SUCCESS. dag_id=api_to_s3_to_redshift, task_id=load_to_redshift, execution_date=20240612T160000, start_date=20240613T040425, end_date=20240613T040427
[2024-06-13T04:04:27.407+0000] {local_task_job.py:208} INFO - Task exited with return code 0
[2024-06-13T04:04:27.438+0000] {taskinstance.py:2578} INFO - 0 downstream tasks scheduled from follow-on schedule check
