[2024-06-13T04:30:25.540+0000] {taskinstance.py:1083} INFO - Dependencies all met for <TaskInstance: api_to_s3_to_redshift.create_redshift_table manual__2024-06-13T04:28:49.312325+00:00 [queued]>
[2024-06-13T04:30:25.552+0000] {taskinstance.py:1083} INFO - Dependencies all met for <TaskInstance: api_to_s3_to_redshift.create_redshift_table manual__2024-06-13T04:28:49.312325+00:00 [queued]>
[2024-06-13T04:30:25.552+0000] {taskinstance.py:1279} INFO - 
--------------------------------------------------------------------------------
[2024-06-13T04:30:25.553+0000] {taskinstance.py:1280} INFO - Starting attempt 1 of 2
[2024-06-13T04:30:25.553+0000] {taskinstance.py:1281} INFO - 
--------------------------------------------------------------------------------
[2024-06-13T04:30:25.578+0000] {taskinstance.py:1300} INFO - Executing <Task(PythonOperator): create_redshift_table> on 2024-06-13 04:28:49.312325+00:00
[2024-06-13T04:30:25.584+0000] {standard_task_runner.py:55} INFO - Started process 3183 to run task
[2024-06-13T04:30:25.587+0000] {standard_task_runner.py:82} INFO - Running: ['***', 'tasks', 'run', 'api_to_s3_to_redshift', 'create_redshift_table', 'manual__2024-06-13T04:28:49.312325+00:00', '--job-id', '92', '--raw', '--subdir', 'DAGS_FOLDER/test_redshift_real.py', '--cfg-path', '/tmp/tmpm8ukeuqr']
[2024-06-13T04:30:25.588+0000] {standard_task_runner.py:83} INFO - Job 92: Subtask create_redshift_table
[2024-06-13T04:30:25.662+0000] {task_command.py:388} INFO - Running <TaskInstance: api_to_s3_to_redshift.create_redshift_table manual__2024-06-13T04:28:49.312325+00:00 [running]> on host 51c81313d5fd
[2024-06-13T04:30:25.740+0000] {taskinstance.py:1509} INFO - Exporting the following env vars:
AIRFLOW_CTX_DAG_OWNER=***
AIRFLOW_CTX_DAG_ID=api_to_s3_to_redshift
AIRFLOW_CTX_TASK_ID=create_redshift_table
AIRFLOW_CTX_EXECUTION_DATE=2024-06-13T04:28:49.312325+00:00
AIRFLOW_CTX_TRY_NUMBER=1
AIRFLOW_CTX_DAG_RUN_ID=manual__2024-06-13T04:28:49.312325+00:00
[2024-06-13T04:30:25.753+0000] {base.py:73} INFO - Using connection ID 'redshift_test_dev' for task execution.
[2024-06-13T04:30:26.154+0000] {sql.py:375} INFO - Running statement: 
        CREATE TABLE IF NOT EXISTS yusuyeon678.api_raw_data (
            date VARCHAR(255),
            region_code VARCHAR(255),
            region_name VARCHAR(255),
            office_code VARCHAR(255),
            office_name VARCHAR(255),
            dust_1h FLOAT,
            dust_24h FLOAT,
            ultradust FLOAT,
            O3 FLOAT,
            NO2 FLOAT,
            CO FLOAT,
            SO2 FLOAT
        );
        , parameters: None
[2024-06-13T04:30:26.261+0000] {python.py:177} INFO - Done. Returned value was: None
[2024-06-13T04:30:26.279+0000] {taskinstance.py:1323} INFO - Marking task as SUCCESS. dag_id=api_to_s3_to_redshift, task_id=create_redshift_table, execution_date=20240613T042849, start_date=20240613T043025, end_date=20240613T043026
[2024-06-13T04:30:26.322+0000] {local_task_job.py:208} INFO - Task exited with return code 0
[2024-06-13T04:30:26.357+0000] {taskinstance.py:2578} INFO - 0 downstream tasks scheduled from follow-on schedule check
