[2024-06-12T07:51:30.245+0000] {taskinstance.py:1083} INFO - Dependencies all met for <TaskInstance: api_to_s3_to_redshift.fetch_api_data manual__2024-06-12T07:51:27.192528+00:00 [queued]>
[2024-06-12T07:51:30.266+0000] {taskinstance.py:1083} INFO - Dependencies all met for <TaskInstance: api_to_s3_to_redshift.fetch_api_data manual__2024-06-12T07:51:27.192528+00:00 [queued]>
[2024-06-12T07:51:30.266+0000] {taskinstance.py:1279} INFO - 
--------------------------------------------------------------------------------
[2024-06-12T07:51:30.267+0000] {taskinstance.py:1280} INFO - Starting attempt 1 of 2
[2024-06-12T07:51:30.267+0000] {taskinstance.py:1281} INFO - 
--------------------------------------------------------------------------------
[2024-06-12T07:51:30.318+0000] {taskinstance.py:1300} INFO - Executing <Task(PythonOperator): fetch_api_data> on 2024-06-12 07:51:27.192528+00:00
[2024-06-12T07:51:30.329+0000] {standard_task_runner.py:55} INFO - Started process 8860 to run task
[2024-06-12T07:51:30.336+0000] {standard_task_runner.py:82} INFO - Running: ['***', 'tasks', 'run', 'api_to_s3_to_redshift', 'fetch_api_data', 'manual__2024-06-12T07:51:27.192528+00:00', '--job-id', '36', '--raw', '--subdir', 'DAGS_FOLDER/test_redshift_real.py', '--cfg-path', '/tmp/tmpid7obye6']
[2024-06-12T07:51:30.337+0000] {standard_task_runner.py:83} INFO - Job 36: Subtask fetch_api_data
[2024-06-12T07:51:30.518+0000] {task_command.py:388} INFO - Running <TaskInstance: api_to_s3_to_redshift.fetch_api_data manual__2024-06-12T07:51:27.192528+00:00 [running]> on host be394f3a6896
[2024-06-12T07:51:30.722+0000] {taskinstance.py:1509} INFO - Exporting the following env vars:
AIRFLOW_CTX_DAG_OWNER=***
AIRFLOW_CTX_DAG_ID=api_to_s3_to_redshift
AIRFLOW_CTX_TASK_ID=fetch_api_data
AIRFLOW_CTX_EXECUTION_DATE=2024-06-12T07:51:27.192528+00:00
AIRFLOW_CTX_TRY_NUMBER=1
AIRFLOW_CTX_DAG_RUN_ID=manual__2024-06-12T07:51:27.192528+00:00
[2024-06-12T07:51:33.029+0000] {python.py:177} INFO - Done. Returned value was: /opt/***/api_data.csv
[2024-06-12T07:51:33.073+0000] {taskinstance.py:1323} INFO - Marking task as SUCCESS. dag_id=api_to_s3_to_redshift, task_id=fetch_api_data, execution_date=20240612T075127, start_date=20240612T075130, end_date=20240612T075133
[2024-06-12T07:51:33.106+0000] {local_task_job.py:208} INFO - Task exited with return code 0
[2024-06-12T07:51:33.170+0000] {taskinstance.py:2578} INFO - 1 downstream tasks scheduled from follow-on schedule check
