[2024-06-12T14:14:19.634+0000] {taskinstance.py:1083} INFO - Dependencies all met for <TaskInstance: api_to_s3_to_redshift.upload_to_s3 manual__2024-06-12T14:14:09.447121+00:00 [queued]>
[2024-06-12T14:14:19.724+0000] {taskinstance.py:1083} INFO - Dependencies all met for <TaskInstance: api_to_s3_to_redshift.upload_to_s3 manual__2024-06-12T14:14:09.447121+00:00 [queued]>
[2024-06-12T14:14:19.726+0000] {taskinstance.py:1279} INFO - 
--------------------------------------------------------------------------------
[2024-06-12T14:14:19.727+0000] {taskinstance.py:1280} INFO - Starting attempt 1 of 2
[2024-06-12T14:14:19.740+0000] {taskinstance.py:1281} INFO - 
--------------------------------------------------------------------------------
[2024-06-12T14:14:20.007+0000] {taskinstance.py:1300} INFO - Executing <Task(LocalFilesystemToS3Operator): upload_to_s3> on 2024-06-12 14:14:09.447121+00:00
[2024-06-12T14:14:20.020+0000] {standard_task_runner.py:55} INFO - Started process 10775 to run task
[2024-06-12T14:14:20.038+0000] {standard_task_runner.py:82} INFO - Running: ['***', 'tasks', 'run', 'api_to_s3_to_redshift', 'upload_to_s3', 'manual__2024-06-12T14:14:09.447121+00:00', '--job-id', '70', '--raw', '--subdir', 'DAGS_FOLDER/test_redshift_real.py', '--cfg-path', '/tmp/tmp_2b_rma8']
[2024-06-12T14:14:20.041+0000] {standard_task_runner.py:83} INFO - Job 70: Subtask upload_to_s3
[2024-06-12T14:14:20.307+0000] {task_command.py:388} INFO - Running <TaskInstance: api_to_s3_to_redshift.upload_to_s3 manual__2024-06-12T14:14:09.447121+00:00 [running]> on host 51c81313d5fd
[2024-06-12T14:14:20.698+0000] {taskinstance.py:1509} INFO - Exporting the following env vars:
AIRFLOW_CTX_DAG_OWNER=***
AIRFLOW_CTX_DAG_ID=api_to_s3_to_redshift
AIRFLOW_CTX_TASK_ID=upload_to_s3
AIRFLOW_CTX_EXECUTION_DATE=2024-06-12T14:14:09.447121+00:00
AIRFLOW_CTX_TRY_NUMBER=1
AIRFLOW_CTX_DAG_RUN_ID=manual__2024-06-12T14:14:09.447121+00:00
[2024-06-12T14:14:20.746+0000] {base.py:73} INFO - Using connection ID 'aws_s3' for task execution.
[2024-06-12T14:14:20.748+0000] {connection_wrapper.py:334} INFO - AWS Connection (conn_id='aws_s3', conn_type='aws') credentials retrieved from login and password.
[2024-06-12T14:14:23.171+0000] {taskinstance.py:1323} INFO - Marking task as SUCCESS. dag_id=api_to_s3_to_redshift, task_id=upload_to_s3, execution_date=20240612T141409, start_date=20240612T141419, end_date=20240612T141423
[2024-06-12T14:14:23.276+0000] {local_task_job.py:208} INFO - Task exited with return code 0
[2024-06-12T14:14:23.330+0000] {taskinstance.py:2578} INFO - 1 downstream tasks scheduled from follow-on schedule check
