[2024-06-14T06:51:44.641+0000] {taskinstance.py:1103} INFO - Dependencies all met for dep_context=non-requeueable deps ti=<TaskInstance: api_to_s3_to_redshift.load_temp_redshift scheduled__2024-06-14T05:00:00+00:00 [queued]>
[2024-06-14T06:51:44.653+0000] {taskinstance.py:1103} INFO - Dependencies all met for dep_context=requeueable deps ti=<TaskInstance: api_to_s3_to_redshift.load_temp_redshift scheduled__2024-06-14T05:00:00+00:00 [queued]>
[2024-06-14T06:51:44.654+0000] {taskinstance.py:1308} INFO - Starting attempt 1 of 2
[2024-06-14T06:51:44.673+0000] {taskinstance.py:1327} INFO - Executing <Task(PythonOperator): load_temp_redshift> on 2024-06-14 05:00:00+00:00
[2024-06-14T06:51:44.679+0000] {standard_task_runner.py:57} INFO - Started process 103 to run task
[2024-06-14T06:51:44.684+0000] {standard_task_runner.py:84} INFO - Running: ['***', 'tasks', 'run', 'api_to_s3_to_redshift', 'load_temp_redshift', 'scheduled__2024-06-14T05:00:00+00:00', '--job-id', '227', '--raw', '--subdir', 'DAGS_FOLDER/test_redshift_real.py', '--cfg-path', '/tmp/tmpg2rwr_w5']
[2024-06-14T06:51:44.685+0000] {standard_task_runner.py:85} INFO - Job 227: Subtask load_temp_redshift
[2024-06-14T06:51:44.742+0000] {task_command.py:410} INFO - Running <TaskInstance: api_to_s3_to_redshift.load_temp_redshift scheduled__2024-06-14T05:00:00+00:00 [running]> on host 092207b5ee5c
[2024-06-14T06:51:44.846+0000] {taskinstance.py:1547} INFO - Exporting env vars: AIRFLOW_CTX_DAG_OWNER='***' AIRFLOW_CTX_DAG_ID='api_to_s3_to_redshift' AIRFLOW_CTX_TASK_ID='load_temp_redshift' AIRFLOW_CTX_EXECUTION_DATE='2024-06-14T05:00:00+00:00' AIRFLOW_CTX_TRY_NUMBER='1' AIRFLOW_CTX_DAG_RUN_ID='scheduled__2024-06-14T05:00:00+00:00'
[2024-06-14T06:51:44.861+0000] {base.py:73} INFO - Using connection ID 'aws_s3' for task execution.
[2024-06-14T06:51:44.862+0000] {connection_wrapper.py:337} INFO - AWS Connection (conn_id='aws_s3', conn_type='aws') credentials retrieved from login and password.
[2024-06-14T06:51:44.883+0000] {base.py:73} INFO - Using connection ID 'redshift_test_dev' for task execution.
[2024-06-14T06:51:45.349+0000] {sql.py:375} INFO - Running statement: 
        COPY yusuyeon678.api_raw_data_temp
        FROM 's3://dust-dag/dataSource/api_raw_data.csv'
        credentials
        'aws_access_key_id=AKIAZQ3DNY2P6X5UNXUG;aws_secret_access_key=***'
        csv
        IGNOREHEADER 1;
        , parameters: None
[2024-06-14T06:51:46.574+0000] {python.py:183} INFO - Done. Returned value was: None
[2024-06-14T06:51:46.586+0000] {taskinstance.py:1350} INFO - Marking task as SUCCESS. dag_id=api_to_s3_to_redshift, task_id=load_temp_redshift, execution_date=20240614T050000, start_date=20240614T065144, end_date=20240614T065146
[2024-06-14T06:51:46.625+0000] {local_task_job_runner.py:225} INFO - Task exited with return code 0
[2024-06-14T06:51:46.664+0000] {taskinstance.py:2653} INFO - 1 downstream tasks scheduled from follow-on schedule check
