[2024-06-13T05:00:21.049+0000] {taskinstance.py:1083} INFO - Dependencies all met for <TaskInstance: api_to_s3_to_redshift.load_temp_redshift scheduled__2024-06-13T04:00:00+00:00 [queued]>
[2024-06-13T05:00:21.069+0000] {taskinstance.py:1083} INFO - Dependencies all met for <TaskInstance: api_to_s3_to_redshift.load_temp_redshift scheduled__2024-06-13T04:00:00+00:00 [queued]>
[2024-06-13T05:00:21.069+0000] {taskinstance.py:1279} INFO - 
--------------------------------------------------------------------------------
[2024-06-13T05:00:21.069+0000] {taskinstance.py:1280} INFO - Starting attempt 1 of 2
[2024-06-13T05:00:21.070+0000] {taskinstance.py:1281} INFO - 
--------------------------------------------------------------------------------
[2024-06-13T05:00:21.099+0000] {taskinstance.py:1300} INFO - Executing <Task(PythonOperator): load_temp_redshift> on 2024-06-13 04:00:00+00:00
[2024-06-13T05:00:21.109+0000] {standard_task_runner.py:55} INFO - Started process 6702 to run task
[2024-06-13T05:00:21.114+0000] {standard_task_runner.py:82} INFO - Running: ['***', 'tasks', 'run', 'api_to_s3_to_redshift', 'load_temp_redshift', 'scheduled__2024-06-13T04:00:00+00:00', '--job-id', '111', '--raw', '--subdir', 'DAGS_FOLDER/test_redshift_real.py', '--cfg-path', '/tmp/tmpxkp8pqe3']
[2024-06-13T05:00:21.115+0000] {standard_task_runner.py:83} INFO - Job 111: Subtask load_temp_redshift
[2024-06-13T05:00:21.214+0000] {task_command.py:388} INFO - Running <TaskInstance: api_to_s3_to_redshift.load_temp_redshift scheduled__2024-06-13T04:00:00+00:00 [running]> on host 51c81313d5fd
[2024-06-13T05:00:21.568+0000] {taskinstance.py:1509} INFO - Exporting the following env vars:
AIRFLOW_CTX_DAG_OWNER=***
AIRFLOW_CTX_DAG_ID=api_to_s3_to_redshift
AIRFLOW_CTX_TASK_ID=load_temp_redshift
AIRFLOW_CTX_EXECUTION_DATE=2024-06-13T04:00:00+00:00
AIRFLOW_CTX_TRY_NUMBER=1
AIRFLOW_CTX_DAG_RUN_ID=scheduled__2024-06-13T04:00:00+00:00
[2024-06-13T05:00:21.585+0000] {base.py:73} INFO - Using connection ID 'aws_s3' for task execution.
[2024-06-13T05:00:21.586+0000] {connection_wrapper.py:334} INFO - AWS Connection (conn_id='aws_s3', conn_type='aws') credentials retrieved from login and password.
[2024-06-13T05:00:21.617+0000] {base.py:73} INFO - Using connection ID 'redshift_test_dev' for task execution.
[2024-06-13T05:00:21.944+0000] {sql.py:375} INFO - Running statement: 
        COPY yusuyeon678.api_raw_data_temp
        FROM 's3://dust-dag/dataSource/api_raw_data.csv'
        credentials
        'aws_access_key_id=AKIAZQ3DNY2P6X5UNXUG;aws_secret_access_key=***'
        csv
        IGNOREHEADER 1;
        , parameters: None
[2024-06-13T05:00:23.017+0000] {python.py:177} INFO - Done. Returned value was: None
[2024-06-13T05:00:23.040+0000] {taskinstance.py:1323} INFO - Marking task as SUCCESS. dag_id=api_to_s3_to_redshift, task_id=load_temp_redshift, execution_date=20240613T040000, start_date=20240613T050021, end_date=20240613T050023
[2024-06-13T05:00:23.138+0000] {local_task_job.py:208} INFO - Task exited with return code 0
[2024-06-13T05:00:23.203+0000] {taskinstance.py:2578} INFO - 1 downstream tasks scheduled from follow-on schedule check
