[2024-06-13T04:34:53.337+0000] {taskinstance.py:1083} INFO - Dependencies all met for <TaskInstance: api_to_s3_to_redshift.create_temp_redshift_table manual__2024-06-13T04:34:46.768281+00:00 [queued]>
[2024-06-13T04:34:53.352+0000] {taskinstance.py:1083} INFO - Dependencies all met for <TaskInstance: api_to_s3_to_redshift.create_temp_redshift_table manual__2024-06-13T04:34:46.768281+00:00 [queued]>
[2024-06-13T04:34:53.352+0000] {taskinstance.py:1279} INFO - 
--------------------------------------------------------------------------------
[2024-06-13T04:34:53.352+0000] {taskinstance.py:1280} INFO - Starting attempt 1 of 2
[2024-06-13T04:34:53.352+0000] {taskinstance.py:1281} INFO - 
--------------------------------------------------------------------------------
[2024-06-13T04:34:53.375+0000] {taskinstance.py:1300} INFO - Executing <Task(PythonOperator): create_temp_redshift_table> on 2024-06-13 04:34:46.768281+00:00
[2024-06-13T04:34:53.382+0000] {standard_task_runner.py:55} INFO - Started process 3714 to run task
[2024-06-13T04:34:53.386+0000] {standard_task_runner.py:82} INFO - Running: ['***', 'tasks', 'run', 'api_to_s3_to_redshift', 'create_temp_redshift_table', 'manual__2024-06-13T04:34:46.768281+00:00', '--job-id', '100', '--raw', '--subdir', 'DAGS_FOLDER/test_redshift_real.py', '--cfg-path', '/tmp/tmpz4usp8p6']
[2024-06-13T04:34:53.387+0000] {standard_task_runner.py:83} INFO - Job 100: Subtask create_temp_redshift_table
[2024-06-13T04:34:53.459+0000] {task_command.py:388} INFO - Running <TaskInstance: api_to_s3_to_redshift.create_temp_redshift_table manual__2024-06-13T04:34:46.768281+00:00 [running]> on host 51c81313d5fd
[2024-06-13T04:34:53.857+0000] {taskinstance.py:1509} INFO - Exporting the following env vars:
AIRFLOW_CTX_DAG_OWNER=***
AIRFLOW_CTX_DAG_ID=api_to_s3_to_redshift
AIRFLOW_CTX_TASK_ID=create_temp_redshift_table
AIRFLOW_CTX_EXECUTION_DATE=2024-06-13T04:34:46.768281+00:00
AIRFLOW_CTX_TRY_NUMBER=1
AIRFLOW_CTX_DAG_RUN_ID=manual__2024-06-13T04:34:46.768281+00:00
[2024-06-13T04:34:53.870+0000] {base.py:73} INFO - Using connection ID 'redshift_test_dev' for task execution.
[2024-06-13T04:34:54.341+0000] {sql.py:375} INFO - Running statement: 
        CREATE TABLE IF NOT EXISTS yusuyeon678.api_raw_data_temp (
            date BIGINT NOT NULL,
            region_code INT NOT NULL,
            region_name VARCHAR(20) NOT NULL,
            office_code INT NOT NULL,
            office_name VARCHAR(20) NOT NULL,
            dust FLOAT NOT NULL,
            dust_24h FLOAT NOT NULL,
            ultradust FLOAT NOT NULL,
            O3 FLOAT NOT NULL,
            NO2 FLOAT NOT NULL,
            CO FLOAT NOT NULL,
            SO2 FLOAT NOT NULL
        );
        , parameters: None
[2024-06-13T04:34:54.460+0000] {python.py:177} INFO - Done. Returned value was: None
[2024-06-13T04:34:54.478+0000] {taskinstance.py:1323} INFO - Marking task as SUCCESS. dag_id=api_to_s3_to_redshift, task_id=create_temp_redshift_table, execution_date=20240613T043446, start_date=20240613T043453, end_date=20240613T043454
[2024-06-13T04:34:54.527+0000] {local_task_job.py:208} INFO - Task exited with return code 0
[2024-06-13T04:34:54.558+0000] {taskinstance.py:2578} INFO - 1 downstream tasks scheduled from follow-on schedule check
