[2024-06-13T04:39:05.762+0000] {taskinstance.py:1083} INFO - Dependencies all met for <TaskInstance: api_to_s3_to_redshift.create_temp_redshift_table manual__2024-06-13T04:38:59.161484+00:00 [queued]>
[2024-06-13T04:39:05.782+0000] {taskinstance.py:1083} INFO - Dependencies all met for <TaskInstance: api_to_s3_to_redshift.create_temp_redshift_table manual__2024-06-13T04:38:59.161484+00:00 [queued]>
[2024-06-13T04:39:05.783+0000] {taskinstance.py:1279} INFO - 
--------------------------------------------------------------------------------
[2024-06-13T04:39:05.783+0000] {taskinstance.py:1280} INFO - Starting attempt 1 of 2
[2024-06-13T04:39:05.783+0000] {taskinstance.py:1281} INFO - 
--------------------------------------------------------------------------------
[2024-06-13T04:39:05.810+0000] {taskinstance.py:1300} INFO - Executing <Task(PythonOperator): create_temp_redshift_table> on 2024-06-13 04:38:59.161484+00:00
[2024-06-13T04:39:05.820+0000] {standard_task_runner.py:55} INFO - Started process 4233 to run task
[2024-06-13T04:39:05.825+0000] {standard_task_runner.py:82} INFO - Running: ['***', 'tasks', 'run', 'api_to_s3_to_redshift', 'create_temp_redshift_table', 'manual__2024-06-13T04:38:59.161484+00:00', '--job-id', '104', '--raw', '--subdir', 'DAGS_FOLDER/test_redshift_real.py', '--cfg-path', '/tmp/tmpx8vqa3_a']
[2024-06-13T04:39:05.826+0000] {standard_task_runner.py:83} INFO - Job 104: Subtask create_temp_redshift_table
[2024-06-13T04:39:05.936+0000] {task_command.py:388} INFO - Running <TaskInstance: api_to_s3_to_redshift.create_temp_redshift_table manual__2024-06-13T04:38:59.161484+00:00 [running]> on host 51c81313d5fd
[2024-06-13T04:39:06.174+0000] {taskinstance.py:1509} INFO - Exporting the following env vars:
AIRFLOW_CTX_DAG_OWNER=***
AIRFLOW_CTX_DAG_ID=api_to_s3_to_redshift
AIRFLOW_CTX_TASK_ID=create_temp_redshift_table
AIRFLOW_CTX_EXECUTION_DATE=2024-06-13T04:38:59.161484+00:00
AIRFLOW_CTX_TRY_NUMBER=1
AIRFLOW_CTX_DAG_RUN_ID=manual__2024-06-13T04:38:59.161484+00:00
[2024-06-13T04:39:06.183+0000] {base.py:73} INFO - Using connection ID 'redshift_test_dev' for task execution.
[2024-06-13T04:39:06.443+0000] {sql.py:375} INFO - Running statement: 
        CREATE TABLE IF NOT EXISTS yusuyeon678.api_raw_data_temp (
            date BIGINT NOT NULL,
            region_code INT NOT NULL,
            region_name VARCHAR(20) NOT NULL,
            office_code INT NOT NULL,
            office_name VARCHAR(20) NOT NULL,
            dust FLOAT NOT NULL,
            dust_24h FLOAT NOT NULL,
            ultradust FLOAT NOT NULL,
            O3 FLOAT NOT NULL,
            NO2 FLOAT NOT NULL,
            CO FLOAT NOT NULL,
            SO2 FLOAT NOT NULL
        );
        , parameters: None
[2024-06-13T04:39:06.537+0000] {python.py:177} INFO - Done. Returned value was: None
[2024-06-13T04:39:06.563+0000] {taskinstance.py:1323} INFO - Marking task as SUCCESS. dag_id=api_to_s3_to_redshift, task_id=create_temp_redshift_table, execution_date=20240613T043859, start_date=20240613T043905, end_date=20240613T043906
[2024-06-13T04:39:06.603+0000] {local_task_job.py:208} INFO - Task exited with return code 0
[2024-06-13T04:39:06.634+0000] {taskinstance.py:2578} INFO - 0 downstream tasks scheduled from follow-on schedule check
