[2024-07-20T14:11:11.297+0900] {processor.py:161} INFO - Started process (PID=12886) to work on /home/papalio/.local/lib/python3.10/site-packages/airflow/example_dags/plugins/event_listener.py
[2024-07-20T14:11:11.299+0900] {processor.py:830} INFO - Processing file /home/papalio/.local/lib/python3.10/site-packages/airflow/example_dags/plugins/event_listener.py for tasks to queue
[2024-07-20T14:11:11.304+0900] {logging_mixin.py:188} INFO - [2024-07-20T14:11:11.303+0900] {dagbag.py:545} INFO - Filling up the DagBag from /home/papalio/.local/lib/python3.10/site-packages/airflow/example_dags/plugins/event_listener.py
[2024-07-20T14:11:11.308+0900] {processor.py:842} WARNING - No viable dags retrieved from /home/papalio/.local/lib/python3.10/site-packages/airflow/example_dags/plugins/event_listener.py
[2024-07-20T14:11:11.330+0900] {processor.py:183} INFO - Processing /home/papalio/.local/lib/python3.10/site-packages/airflow/example_dags/plugins/event_listener.py took 0.047 seconds
[2024-07-20T14:12:29.764+0900] {processor.py:161} INFO - Started process (PID=13387) to work on /home/papalio/.local/lib/python3.10/site-packages/airflow/example_dags/plugins/event_listener.py
[2024-07-20T14:12:29.768+0900] {processor.py:830} INFO - Processing file /home/papalio/.local/lib/python3.10/site-packages/airflow/example_dags/plugins/event_listener.py for tasks to queue
[2024-07-20T14:12:29.771+0900] {logging_mixin.py:188} INFO - [2024-07-20T14:12:29.770+0900] {dagbag.py:545} INFO - Filling up the DagBag from /home/papalio/.local/lib/python3.10/site-packages/airflow/example_dags/plugins/event_listener.py
[2024-07-20T14:12:29.775+0900] {processor.py:842} WARNING - No viable dags retrieved from /home/papalio/.local/lib/python3.10/site-packages/airflow/example_dags/plugins/event_listener.py
[2024-07-20T14:12:29.794+0900] {processor.py:183} INFO - Processing /home/papalio/.local/lib/python3.10/site-packages/airflow/example_dags/plugins/event_listener.py took 0.041 seconds
[2024-07-20T14:13:55.764+0900] {processor.py:161} INFO - Started process (PID=13917) to work on /home/papalio/.local/lib/python3.10/site-packages/airflow/example_dags/plugins/event_listener.py
[2024-07-20T14:13:55.769+0900] {processor.py:830} INFO - Processing file /home/papalio/.local/lib/python3.10/site-packages/airflow/example_dags/plugins/event_listener.py for tasks to queue
[2024-07-20T14:13:55.774+0900] {logging_mixin.py:188} INFO - [2024-07-20T14:13:55.773+0900] {dagbag.py:545} INFO - Filling up the DagBag from /home/papalio/.local/lib/python3.10/site-packages/airflow/example_dags/plugins/event_listener.py
[2024-07-20T14:13:55.779+0900] {processor.py:842} WARNING - No viable dags retrieved from /home/papalio/.local/lib/python3.10/site-packages/airflow/example_dags/plugins/event_listener.py
[2024-07-20T14:13:55.799+0900] {processor.py:183} INFO - Processing /home/papalio/.local/lib/python3.10/site-packages/airflow/example_dags/plugins/event_listener.py took 0.046 seconds
[2024-07-20T14:15:16.546+0900] {processor.py:161} INFO - Started process (PID=14428) to work on /home/papalio/.local/lib/python3.10/site-packages/airflow/example_dags/plugins/event_listener.py
[2024-07-20T14:15:16.557+0900] {processor.py:830} INFO - Processing file /home/papalio/.local/lib/python3.10/site-packages/airflow/example_dags/plugins/event_listener.py for tasks to queue
[2024-07-20T14:15:16.560+0900] {logging_mixin.py:188} INFO - [2024-07-20T14:15:16.559+0900] {dagbag.py:545} INFO - Filling up the DagBag from /home/papalio/.local/lib/python3.10/site-packages/airflow/example_dags/plugins/event_listener.py
[2024-07-20T14:15:16.563+0900] {processor.py:842} WARNING - No viable dags retrieved from /home/papalio/.local/lib/python3.10/site-packages/airflow/example_dags/plugins/event_listener.py
[2024-07-20T14:15:16.578+0900] {processor.py:183} INFO - Processing /home/papalio/.local/lib/python3.10/site-packages/airflow/example_dags/plugins/event_listener.py took 0.043 seconds
[2024-07-20T14:16:33.347+0900] {processor.py:161} INFO - Started process (PID=14923) to work on /home/papalio/.local/lib/python3.10/site-packages/airflow/example_dags/plugins/event_listener.py
[2024-07-20T14:16:33.349+0900] {processor.py:830} INFO - Processing file /home/papalio/.local/lib/python3.10/site-packages/airflow/example_dags/plugins/event_listener.py for tasks to queue
[2024-07-20T14:16:33.352+0900] {logging_mixin.py:188} INFO - [2024-07-20T14:16:33.352+0900] {dagbag.py:545} INFO - Filling up the DagBag from /home/papalio/.local/lib/python3.10/site-packages/airflow/example_dags/plugins/event_listener.py
[2024-07-20T14:16:33.357+0900] {processor.py:842} WARNING - No viable dags retrieved from /home/papalio/.local/lib/python3.10/site-packages/airflow/example_dags/plugins/event_listener.py
[2024-07-20T14:16:33.372+0900] {processor.py:183} INFO - Processing /home/papalio/.local/lib/python3.10/site-packages/airflow/example_dags/plugins/event_listener.py took 0.039 seconds
[2024-07-20T14:17:55.342+0900] {processor.py:161} INFO - Started process (PID=15439) to work on /home/papalio/.local/lib/python3.10/site-packages/airflow/example_dags/plugins/event_listener.py
[2024-07-20T14:17:55.345+0900] {processor.py:830} INFO - Processing file /home/papalio/.local/lib/python3.10/site-packages/airflow/example_dags/plugins/event_listener.py for tasks to queue
[2024-07-20T14:17:55.347+0900] {logging_mixin.py:188} INFO - [2024-07-20T14:17:55.346+0900] {dagbag.py:545} INFO - Filling up the DagBag from /home/papalio/.local/lib/python3.10/site-packages/airflow/example_dags/plugins/event_listener.py
[2024-07-20T14:17:55.350+0900] {processor.py:842} WARNING - No viable dags retrieved from /home/papalio/.local/lib/python3.10/site-packages/airflow/example_dags/plugins/event_listener.py
[2024-07-20T14:17:55.364+0900] {processor.py:183} INFO - Processing /home/papalio/.local/lib/python3.10/site-packages/airflow/example_dags/plugins/event_listener.py took 0.036 seconds
[2024-07-20T14:19:16.792+0900] {processor.py:161} INFO - Started process (PID=15953) to work on /home/papalio/.local/lib/python3.10/site-packages/airflow/example_dags/plugins/event_listener.py
[2024-07-20T14:19:16.794+0900] {processor.py:830} INFO - Processing file /home/papalio/.local/lib/python3.10/site-packages/airflow/example_dags/plugins/event_listener.py for tasks to queue
[2024-07-20T14:19:16.798+0900] {logging_mixin.py:188} INFO - [2024-07-20T14:19:16.797+0900] {dagbag.py:545} INFO - Filling up the DagBag from /home/papalio/.local/lib/python3.10/site-packages/airflow/example_dags/plugins/event_listener.py
[2024-07-20T14:19:16.801+0900] {processor.py:842} WARNING - No viable dags retrieved from /home/papalio/.local/lib/python3.10/site-packages/airflow/example_dags/plugins/event_listener.py
[2024-07-20T14:19:16.818+0900] {processor.py:183} INFO - Processing /home/papalio/.local/lib/python3.10/site-packages/airflow/example_dags/plugins/event_listener.py took 0.037 seconds
[2024-07-20T14:20:38.190+0900] {processor.py:161} INFO - Started process (PID=16530) to work on /home/papalio/.local/lib/python3.10/site-packages/airflow/example_dags/plugins/event_listener.py
[2024-07-20T14:20:38.207+0900] {processor.py:830} INFO - Processing file /home/papalio/.local/lib/python3.10/site-packages/airflow/example_dags/plugins/event_listener.py for tasks to queue
[2024-07-20T14:20:38.214+0900] {logging_mixin.py:188} INFO - [2024-07-20T14:20:38.213+0900] {dagbag.py:545} INFO - Filling up the DagBag from /home/papalio/.local/lib/python3.10/site-packages/airflow/example_dags/plugins/event_listener.py
[2024-07-20T14:20:38.222+0900] {processor.py:842} WARNING - No viable dags retrieved from /home/papalio/.local/lib/python3.10/site-packages/airflow/example_dags/plugins/event_listener.py
[2024-07-20T14:20:38.250+0900] {processor.py:183} INFO - Processing /home/papalio/.local/lib/python3.10/site-packages/airflow/example_dags/plugins/event_listener.py took 0.218 seconds
[2024-07-20T14:22:20.084+0900] {processor.py:161} INFO - Started process (PID=17185) to work on /home/papalio/.local/lib/python3.10/site-packages/airflow/example_dags/plugins/event_listener.py
[2024-07-20T14:22:20.087+0900] {processor.py:830} INFO - Processing file /home/papalio/.local/lib/python3.10/site-packages/airflow/example_dags/plugins/event_listener.py for tasks to queue
[2024-07-20T14:22:20.088+0900] {logging_mixin.py:188} INFO - [2024-07-20T14:22:20.088+0900] {dagbag.py:545} INFO - Filling up the DagBag from /home/papalio/.local/lib/python3.10/site-packages/airflow/example_dags/plugins/event_listener.py
[2024-07-20T14:22:20.092+0900] {processor.py:842} WARNING - No viable dags retrieved from /home/papalio/.local/lib/python3.10/site-packages/airflow/example_dags/plugins/event_listener.py
[2024-07-20T14:22:20.114+0900] {processor.py:183} INFO - Processing /home/papalio/.local/lib/python3.10/site-packages/airflow/example_dags/plugins/event_listener.py took 0.040 seconds
[2024-07-20T14:24:00.484+0900] {processor.py:161} INFO - Started process (PID=17764) to work on /home/papalio/.local/lib/python3.10/site-packages/airflow/example_dags/plugins/event_listener.py
[2024-07-20T14:24:00.490+0900] {processor.py:830} INFO - Processing file /home/papalio/.local/lib/python3.10/site-packages/airflow/example_dags/plugins/event_listener.py for tasks to queue
[2024-07-20T14:24:00.494+0900] {logging_mixin.py:188} INFO - [2024-07-20T14:24:00.492+0900] {dagbag.py:545} INFO - Filling up the DagBag from /home/papalio/.local/lib/python3.10/site-packages/airflow/example_dags/plugins/event_listener.py
[2024-07-20T14:24:00.506+0900] {processor.py:842} WARNING - No viable dags retrieved from /home/papalio/.local/lib/python3.10/site-packages/airflow/example_dags/plugins/event_listener.py
[2024-07-20T14:24:00.544+0900] {processor.py:183} INFO - Processing /home/papalio/.local/lib/python3.10/site-packages/airflow/example_dags/plugins/event_listener.py took 0.090 seconds
[2024-07-20T14:25:26.558+0900] {processor.py:161} INFO - Started process (PID=18310) to work on /home/papalio/.local/lib/python3.10/site-packages/airflow/example_dags/plugins/event_listener.py
[2024-07-20T14:25:26.561+0900] {processor.py:830} INFO - Processing file /home/papalio/.local/lib/python3.10/site-packages/airflow/example_dags/plugins/event_listener.py for tasks to queue
[2024-07-20T14:25:26.564+0900] {logging_mixin.py:188} INFO - [2024-07-20T14:25:26.563+0900] {dagbag.py:545} INFO - Filling up the DagBag from /home/papalio/.local/lib/python3.10/site-packages/airflow/example_dags/plugins/event_listener.py
[2024-07-20T14:25:26.570+0900] {processor.py:842} WARNING - No viable dags retrieved from /home/papalio/.local/lib/python3.10/site-packages/airflow/example_dags/plugins/event_listener.py
[2024-07-20T14:25:26.600+0900] {processor.py:183} INFO - Processing /home/papalio/.local/lib/python3.10/site-packages/airflow/example_dags/plugins/event_listener.py took 0.059 seconds
[2024-07-20T14:27:14.784+0900] {processor.py:161} INFO - Started process (PID=18917) to work on /home/papalio/.local/lib/python3.10/site-packages/airflow/example_dags/plugins/event_listener.py
[2024-07-20T14:27:14.787+0900] {processor.py:830} INFO - Processing file /home/papalio/.local/lib/python3.10/site-packages/airflow/example_dags/plugins/event_listener.py for tasks to queue
[2024-07-20T14:27:14.788+0900] {logging_mixin.py:188} INFO - [2024-07-20T14:27:14.788+0900] {dagbag.py:545} INFO - Filling up the DagBag from /home/papalio/.local/lib/python3.10/site-packages/airflow/example_dags/plugins/event_listener.py
[2024-07-20T14:27:14.791+0900] {processor.py:842} WARNING - No viable dags retrieved from /home/papalio/.local/lib/python3.10/site-packages/airflow/example_dags/plugins/event_listener.py
[2024-07-20T14:27:14.806+0900] {processor.py:183} INFO - Processing /home/papalio/.local/lib/python3.10/site-packages/airflow/example_dags/plugins/event_listener.py took 0.030 seconds
[2024-07-20T14:28:32.623+0900] {processor.py:161} INFO - Started process (PID=19422) to work on /home/papalio/.local/lib/python3.10/site-packages/airflow/example_dags/plugins/event_listener.py
[2024-07-20T14:28:32.626+0900] {processor.py:830} INFO - Processing file /home/papalio/.local/lib/python3.10/site-packages/airflow/example_dags/plugins/event_listener.py for tasks to queue
[2024-07-20T14:28:32.627+0900] {logging_mixin.py:188} INFO - [2024-07-20T14:28:32.627+0900] {dagbag.py:545} INFO - Filling up the DagBag from /home/papalio/.local/lib/python3.10/site-packages/airflow/example_dags/plugins/event_listener.py
[2024-07-20T14:28:32.632+0900] {processor.py:842} WARNING - No viable dags retrieved from /home/papalio/.local/lib/python3.10/site-packages/airflow/example_dags/plugins/event_listener.py
[2024-07-20T14:28:32.650+0900] {processor.py:183} INFO - Processing /home/papalio/.local/lib/python3.10/site-packages/airflow/example_dags/plugins/event_listener.py took 0.039 seconds
[2024-07-20T14:29:52.685+0900] {processor.py:161} INFO - Started process (PID=19932) to work on /home/papalio/.local/lib/python3.10/site-packages/airflow/example_dags/plugins/event_listener.py
[2024-07-20T14:29:52.687+0900] {processor.py:830} INFO - Processing file /home/papalio/.local/lib/python3.10/site-packages/airflow/example_dags/plugins/event_listener.py for tasks to queue
[2024-07-20T14:29:52.689+0900] {logging_mixin.py:188} INFO - [2024-07-20T14:29:52.688+0900] {dagbag.py:545} INFO - Filling up the DagBag from /home/papalio/.local/lib/python3.10/site-packages/airflow/example_dags/plugins/event_listener.py
[2024-07-20T14:29:52.693+0900] {processor.py:842} WARNING - No viable dags retrieved from /home/papalio/.local/lib/python3.10/site-packages/airflow/example_dags/plugins/event_listener.py
[2024-07-20T14:29:52.712+0900] {processor.py:183} INFO - Processing /home/papalio/.local/lib/python3.10/site-packages/airflow/example_dags/plugins/event_listener.py took 0.038 seconds
[2024-07-20T14:31:14.216+0900] {processor.py:161} INFO - Started process (PID=20453) to work on /home/papalio/.local/lib/python3.10/site-packages/airflow/example_dags/plugins/event_listener.py
[2024-07-20T14:31:14.218+0900] {processor.py:830} INFO - Processing file /home/papalio/.local/lib/python3.10/site-packages/airflow/example_dags/plugins/event_listener.py for tasks to queue
[2024-07-20T14:31:14.220+0900] {logging_mixin.py:188} INFO - [2024-07-20T14:31:14.219+0900] {dagbag.py:545} INFO - Filling up the DagBag from /home/papalio/.local/lib/python3.10/site-packages/airflow/example_dags/plugins/event_listener.py
[2024-07-20T14:31:14.223+0900] {processor.py:842} WARNING - No viable dags retrieved from /home/papalio/.local/lib/python3.10/site-packages/airflow/example_dags/plugins/event_listener.py
[2024-07-20T14:31:14.241+0900] {processor.py:183} INFO - Processing /home/papalio/.local/lib/python3.10/site-packages/airflow/example_dags/plugins/event_listener.py took 0.037 seconds
[2024-07-20T14:32:34.302+0900] {processor.py:161} INFO - Started process (PID=20955) to work on /home/papalio/.local/lib/python3.10/site-packages/airflow/example_dags/plugins/event_listener.py
[2024-07-20T14:32:34.305+0900] {processor.py:830} INFO - Processing file /home/papalio/.local/lib/python3.10/site-packages/airflow/example_dags/plugins/event_listener.py for tasks to queue
[2024-07-20T14:32:34.306+0900] {logging_mixin.py:188} INFO - [2024-07-20T14:32:34.306+0900] {dagbag.py:545} INFO - Filling up the DagBag from /home/papalio/.local/lib/python3.10/site-packages/airflow/example_dags/plugins/event_listener.py
[2024-07-20T14:32:34.310+0900] {processor.py:842} WARNING - No viable dags retrieved from /home/papalio/.local/lib/python3.10/site-packages/airflow/example_dags/plugins/event_listener.py
[2024-07-20T14:32:34.330+0900] {processor.py:183} INFO - Processing /home/papalio/.local/lib/python3.10/site-packages/airflow/example_dags/plugins/event_listener.py took 0.043 seconds
[2024-07-20T14:34:10.237+0900] {processor.py:161} INFO - Started process (PID=21527) to work on /home/papalio/.local/lib/python3.10/site-packages/airflow/example_dags/plugins/event_listener.py
[2024-07-20T14:34:10.240+0900] {processor.py:830} INFO - Processing file /home/papalio/.local/lib/python3.10/site-packages/airflow/example_dags/plugins/event_listener.py for tasks to queue
[2024-07-20T14:34:10.244+0900] {logging_mixin.py:188} INFO - [2024-07-20T14:34:10.243+0900] {dagbag.py:545} INFO - Filling up the DagBag from /home/papalio/.local/lib/python3.10/site-packages/airflow/example_dags/plugins/event_listener.py
[2024-07-20T14:34:10.253+0900] {processor.py:842} WARNING - No viable dags retrieved from /home/papalio/.local/lib/python3.10/site-packages/airflow/example_dags/plugins/event_listener.py
[2024-07-20T14:34:10.283+0900] {processor.py:183} INFO - Processing /home/papalio/.local/lib/python3.10/site-packages/airflow/example_dags/plugins/event_listener.py took 0.066 seconds
[2024-07-20T14:35:30.165+0900] {processor.py:161} INFO - Started process (PID=22039) to work on /home/papalio/.local/lib/python3.10/site-packages/airflow/example_dags/plugins/event_listener.py
[2024-07-20T14:35:30.168+0900] {processor.py:830} INFO - Processing file /home/papalio/.local/lib/python3.10/site-packages/airflow/example_dags/plugins/event_listener.py for tasks to queue
[2024-07-20T14:35:30.171+0900] {logging_mixin.py:188} INFO - [2024-07-20T14:35:30.170+0900] {dagbag.py:545} INFO - Filling up the DagBag from /home/papalio/.local/lib/python3.10/site-packages/airflow/example_dags/plugins/event_listener.py
[2024-07-20T14:35:30.187+0900] {processor.py:842} WARNING - No viable dags retrieved from /home/papalio/.local/lib/python3.10/site-packages/airflow/example_dags/plugins/event_listener.py
[2024-07-20T14:35:30.332+0900] {processor.py:183} INFO - Processing /home/papalio/.local/lib/python3.10/site-packages/airflow/example_dags/plugins/event_listener.py took 0.186 seconds
[2024-07-20T14:36:51.519+0900] {processor.py:161} INFO - Started process (PID=22552) to work on /home/papalio/.local/lib/python3.10/site-packages/airflow/example_dags/plugins/event_listener.py
[2024-07-20T14:36:51.522+0900] {processor.py:830} INFO - Processing file /home/papalio/.local/lib/python3.10/site-packages/airflow/example_dags/plugins/event_listener.py for tasks to queue
[2024-07-20T14:36:51.523+0900] {logging_mixin.py:188} INFO - [2024-07-20T14:36:51.523+0900] {dagbag.py:545} INFO - Filling up the DagBag from /home/papalio/.local/lib/python3.10/site-packages/airflow/example_dags/plugins/event_listener.py
[2024-07-20T14:36:51.526+0900] {processor.py:842} WARNING - No viable dags retrieved from /home/papalio/.local/lib/python3.10/site-packages/airflow/example_dags/plugins/event_listener.py
[2024-07-20T14:36:51.542+0900] {processor.py:183} INFO - Processing /home/papalio/.local/lib/python3.10/site-packages/airflow/example_dags/plugins/event_listener.py took 0.033 seconds
[2024-07-20T14:38:16.546+0900] {processor.py:161} INFO - Started process (PID=23075) to work on /home/papalio/.local/lib/python3.10/site-packages/airflow/example_dags/plugins/event_listener.py
[2024-07-20T14:38:16.548+0900] {processor.py:830} INFO - Processing file /home/papalio/.local/lib/python3.10/site-packages/airflow/example_dags/plugins/event_listener.py for tasks to queue
[2024-07-20T14:38:16.549+0900] {logging_mixin.py:188} INFO - [2024-07-20T14:38:16.548+0900] {dagbag.py:545} INFO - Filling up the DagBag from /home/papalio/.local/lib/python3.10/site-packages/airflow/example_dags/plugins/event_listener.py
[2024-07-20T14:38:16.552+0900] {processor.py:842} WARNING - No viable dags retrieved from /home/papalio/.local/lib/python3.10/site-packages/airflow/example_dags/plugins/event_listener.py
[2024-07-20T14:38:16.565+0900] {processor.py:183} INFO - Processing /home/papalio/.local/lib/python3.10/site-packages/airflow/example_dags/plugins/event_listener.py took 0.024 seconds
[2024-07-20T14:39:41.821+0900] {processor.py:161} INFO - Started process (PID=23607) to work on /home/papalio/.local/lib/python3.10/site-packages/airflow/example_dags/plugins/event_listener.py
[2024-07-20T14:39:41.824+0900] {processor.py:830} INFO - Processing file /home/papalio/.local/lib/python3.10/site-packages/airflow/example_dags/plugins/event_listener.py for tasks to queue
[2024-07-20T14:39:41.826+0900] {logging_mixin.py:188} INFO - [2024-07-20T14:39:41.825+0900] {dagbag.py:545} INFO - Filling up the DagBag from /home/papalio/.local/lib/python3.10/site-packages/airflow/example_dags/plugins/event_listener.py
[2024-07-20T14:39:41.829+0900] {processor.py:842} WARNING - No viable dags retrieved from /home/papalio/.local/lib/python3.10/site-packages/airflow/example_dags/plugins/event_listener.py
[2024-07-20T14:39:41.846+0900] {processor.py:183} INFO - Processing /home/papalio/.local/lib/python3.10/site-packages/airflow/example_dags/plugins/event_listener.py took 0.036 seconds
[2024-07-20T14:41:08.917+0900] {processor.py:161} INFO - Started process (PID=24144) to work on /home/papalio/.local/lib/python3.10/site-packages/airflow/example_dags/plugins/event_listener.py
[2024-07-20T14:41:08.923+0900] {processor.py:830} INFO - Processing file /home/papalio/.local/lib/python3.10/site-packages/airflow/example_dags/plugins/event_listener.py for tasks to queue
[2024-07-20T14:41:08.927+0900] {logging_mixin.py:188} INFO - [2024-07-20T14:41:08.926+0900] {dagbag.py:545} INFO - Filling up the DagBag from /home/papalio/.local/lib/python3.10/site-packages/airflow/example_dags/plugins/event_listener.py
[2024-07-20T14:41:08.935+0900] {processor.py:842} WARNING - No viable dags retrieved from /home/papalio/.local/lib/python3.10/site-packages/airflow/example_dags/plugins/event_listener.py
[2024-07-20T14:41:08.976+0900] {processor.py:183} INFO - Processing /home/papalio/.local/lib/python3.10/site-packages/airflow/example_dags/plugins/event_listener.py took 0.078 seconds
[2024-07-20T14:42:43.601+0900] {processor.py:161} INFO - Started process (PID=24709) to work on /home/papalio/.local/lib/python3.10/site-packages/airflow/example_dags/plugins/event_listener.py
[2024-07-20T14:42:43.604+0900] {processor.py:830} INFO - Processing file /home/papalio/.local/lib/python3.10/site-packages/airflow/example_dags/plugins/event_listener.py for tasks to queue
[2024-07-20T14:42:43.605+0900] {logging_mixin.py:188} INFO - [2024-07-20T14:42:43.605+0900] {dagbag.py:545} INFO - Filling up the DagBag from /home/papalio/.local/lib/python3.10/site-packages/airflow/example_dags/plugins/event_listener.py
[2024-07-20T14:42:43.609+0900] {processor.py:842} WARNING - No viable dags retrieved from /home/papalio/.local/lib/python3.10/site-packages/airflow/example_dags/plugins/event_listener.py
[2024-07-20T14:42:43.625+0900] {processor.py:183} INFO - Processing /home/papalio/.local/lib/python3.10/site-packages/airflow/example_dags/plugins/event_listener.py took 0.040 seconds
[2024-07-20T14:44:07.718+0900] {processor.py:161} INFO - Started process (PID=25257) to work on /home/papalio/.local/lib/python3.10/site-packages/airflow/example_dags/plugins/event_listener.py
[2024-07-20T14:44:07.721+0900] {processor.py:830} INFO - Processing file /home/papalio/.local/lib/python3.10/site-packages/airflow/example_dags/plugins/event_listener.py for tasks to queue
[2024-07-20T14:44:07.724+0900] {logging_mixin.py:188} INFO - [2024-07-20T14:44:07.723+0900] {dagbag.py:545} INFO - Filling up the DagBag from /home/papalio/.local/lib/python3.10/site-packages/airflow/example_dags/plugins/event_listener.py
[2024-07-20T14:44:07.733+0900] {processor.py:842} WARNING - No viable dags retrieved from /home/papalio/.local/lib/python3.10/site-packages/airflow/example_dags/plugins/event_listener.py
[2024-07-20T14:44:07.763+0900] {processor.py:183} INFO - Processing /home/papalio/.local/lib/python3.10/site-packages/airflow/example_dags/plugins/event_listener.py took 0.063 seconds
