[2024-07-20T14:11:10.853+0900] {processor.py:161} INFO - Started process (PID=12884) to work on /home/papalio/.local/lib/python3.10/site-packages/airflow/example_dags/plugins/listener_plugin.py
[2024-07-20T14:11:10.855+0900] {processor.py:830} INFO - Processing file /home/papalio/.local/lib/python3.10/site-packages/airflow/example_dags/plugins/listener_plugin.py for tasks to queue
[2024-07-20T14:11:10.861+0900] {logging_mixin.py:188} INFO - [2024-07-20T14:11:10.859+0900] {dagbag.py:545} INFO - Filling up the DagBag from /home/papalio/.local/lib/python3.10/site-packages/airflow/example_dags/plugins/listener_plugin.py
[2024-07-20T14:11:10.869+0900] {processor.py:842} WARNING - No viable dags retrieved from /home/papalio/.local/lib/python3.10/site-packages/airflow/example_dags/plugins/listener_plugin.py
[2024-07-20T14:11:10.897+0900] {processor.py:183} INFO - Processing /home/papalio/.local/lib/python3.10/site-packages/airflow/example_dags/plugins/listener_plugin.py took 0.063 seconds
[2024-07-20T14:12:28.597+0900] {processor.py:161} INFO - Started process (PID=13382) to work on /home/papalio/.local/lib/python3.10/site-packages/airflow/example_dags/plugins/listener_plugin.py
[2024-07-20T14:12:28.602+0900] {processor.py:830} INFO - Processing file /home/papalio/.local/lib/python3.10/site-packages/airflow/example_dags/plugins/listener_plugin.py for tasks to queue
[2024-07-20T14:12:28.607+0900] {logging_mixin.py:188} INFO - [2024-07-20T14:12:28.606+0900] {dagbag.py:545} INFO - Filling up the DagBag from /home/papalio/.local/lib/python3.10/site-packages/airflow/example_dags/plugins/listener_plugin.py
[2024-07-20T14:12:28.613+0900] {processor.py:842} WARNING - No viable dags retrieved from /home/papalio/.local/lib/python3.10/site-packages/airflow/example_dags/plugins/listener_plugin.py
[2024-07-20T14:12:28.632+0900] {processor.py:183} INFO - Processing /home/papalio/.local/lib/python3.10/site-packages/airflow/example_dags/plugins/listener_plugin.py took 0.052 seconds
[2024-07-20T14:13:54.915+0900] {processor.py:161} INFO - Started process (PID=13913) to work on /home/papalio/.local/lib/python3.10/site-packages/airflow/example_dags/plugins/listener_plugin.py
[2024-07-20T14:13:54.921+0900] {processor.py:830} INFO - Processing file /home/papalio/.local/lib/python3.10/site-packages/airflow/example_dags/plugins/listener_plugin.py for tasks to queue
[2024-07-20T14:13:54.925+0900] {logging_mixin.py:188} INFO - [2024-07-20T14:13:54.924+0900] {dagbag.py:545} INFO - Filling up the DagBag from /home/papalio/.local/lib/python3.10/site-packages/airflow/example_dags/plugins/listener_plugin.py
[2024-07-20T14:13:54.939+0900] {processor.py:842} WARNING - No viable dags retrieved from /home/papalio/.local/lib/python3.10/site-packages/airflow/example_dags/plugins/listener_plugin.py
[2024-07-20T14:13:54.975+0900] {processor.py:183} INFO - Processing /home/papalio/.local/lib/python3.10/site-packages/airflow/example_dags/plugins/listener_plugin.py took 0.081 seconds
[2024-07-20T14:15:15.586+0900] {processor.py:161} INFO - Started process (PID=14424) to work on /home/papalio/.local/lib/python3.10/site-packages/airflow/example_dags/plugins/listener_plugin.py
[2024-07-20T14:15:15.590+0900] {processor.py:830} INFO - Processing file /home/papalio/.local/lib/python3.10/site-packages/airflow/example_dags/plugins/listener_plugin.py for tasks to queue
[2024-07-20T14:15:15.595+0900] {logging_mixin.py:188} INFO - [2024-07-20T14:15:15.595+0900] {dagbag.py:545} INFO - Filling up the DagBag from /home/papalio/.local/lib/python3.10/site-packages/airflow/example_dags/plugins/listener_plugin.py
[2024-07-20T14:15:15.600+0900] {processor.py:842} WARNING - No viable dags retrieved from /home/papalio/.local/lib/python3.10/site-packages/airflow/example_dags/plugins/listener_plugin.py
[2024-07-20T14:15:15.623+0900] {processor.py:183} INFO - Processing /home/papalio/.local/lib/python3.10/site-packages/airflow/example_dags/plugins/listener_plugin.py took 0.060 seconds
[2024-07-20T14:16:32.536+0900] {processor.py:161} INFO - Started process (PID=14917) to work on /home/papalio/.local/lib/python3.10/site-packages/airflow/example_dags/plugins/listener_plugin.py
[2024-07-20T14:16:32.539+0900] {processor.py:830} INFO - Processing file /home/papalio/.local/lib/python3.10/site-packages/airflow/example_dags/plugins/listener_plugin.py for tasks to queue
[2024-07-20T14:16:32.542+0900] {logging_mixin.py:188} INFO - [2024-07-20T14:16:32.541+0900] {dagbag.py:545} INFO - Filling up the DagBag from /home/papalio/.local/lib/python3.10/site-packages/airflow/example_dags/plugins/listener_plugin.py
[2024-07-20T14:16:32.547+0900] {processor.py:842} WARNING - No viable dags retrieved from /home/papalio/.local/lib/python3.10/site-packages/airflow/example_dags/plugins/listener_plugin.py
[2024-07-20T14:16:32.566+0900] {processor.py:183} INFO - Processing /home/papalio/.local/lib/python3.10/site-packages/airflow/example_dags/plugins/listener_plugin.py took 0.041 seconds
[2024-07-20T14:17:54.256+0900] {processor.py:161} INFO - Started process (PID=15433) to work on /home/papalio/.local/lib/python3.10/site-packages/airflow/example_dags/plugins/listener_plugin.py
[2024-07-20T14:17:54.260+0900] {processor.py:830} INFO - Processing file /home/papalio/.local/lib/python3.10/site-packages/airflow/example_dags/plugins/listener_plugin.py for tasks to queue
[2024-07-20T14:17:54.263+0900] {logging_mixin.py:188} INFO - [2024-07-20T14:17:54.263+0900] {dagbag.py:545} INFO - Filling up the DagBag from /home/papalio/.local/lib/python3.10/site-packages/airflow/example_dags/plugins/listener_plugin.py
[2024-07-20T14:17:54.269+0900] {processor.py:842} WARNING - No viable dags retrieved from /home/papalio/.local/lib/python3.10/site-packages/airflow/example_dags/plugins/listener_plugin.py
[2024-07-20T14:17:54.287+0900] {processor.py:183} INFO - Processing /home/papalio/.local/lib/python3.10/site-packages/airflow/example_dags/plugins/listener_plugin.py took 0.043 seconds
[2024-07-20T14:19:15.608+0900] {processor.py:161} INFO - Started process (PID=15948) to work on /home/papalio/.local/lib/python3.10/site-packages/airflow/example_dags/plugins/listener_plugin.py
[2024-07-20T14:19:15.611+0900] {processor.py:830} INFO - Processing file /home/papalio/.local/lib/python3.10/site-packages/airflow/example_dags/plugins/listener_plugin.py for tasks to queue
[2024-07-20T14:19:15.616+0900] {logging_mixin.py:188} INFO - [2024-07-20T14:19:15.614+0900] {dagbag.py:545} INFO - Filling up the DagBag from /home/papalio/.local/lib/python3.10/site-packages/airflow/example_dags/plugins/listener_plugin.py
[2024-07-20T14:19:15.646+0900] {processor.py:842} WARNING - No viable dags retrieved from /home/papalio/.local/lib/python3.10/site-packages/airflow/example_dags/plugins/listener_plugin.py
[2024-07-20T14:19:15.687+0900] {processor.py:183} INFO - Processing /home/papalio/.local/lib/python3.10/site-packages/airflow/example_dags/plugins/listener_plugin.py took 0.094 seconds
[2024-07-20T14:20:36.856+0900] {processor.py:161} INFO - Started process (PID=16524) to work on /home/papalio/.local/lib/python3.10/site-packages/airflow/example_dags/plugins/listener_plugin.py
[2024-07-20T14:20:36.859+0900] {processor.py:830} INFO - Processing file /home/papalio/.local/lib/python3.10/site-packages/airflow/example_dags/plugins/listener_plugin.py for tasks to queue
[2024-07-20T14:20:36.862+0900] {logging_mixin.py:188} INFO - [2024-07-20T14:20:36.861+0900] {dagbag.py:545} INFO - Filling up the DagBag from /home/papalio/.local/lib/python3.10/site-packages/airflow/example_dags/plugins/listener_plugin.py
[2024-07-20T14:20:36.870+0900] {processor.py:842} WARNING - No viable dags retrieved from /home/papalio/.local/lib/python3.10/site-packages/airflow/example_dags/plugins/listener_plugin.py
[2024-07-20T14:20:36.895+0900] {processor.py:183} INFO - Processing /home/papalio/.local/lib/python3.10/site-packages/airflow/example_dags/plugins/listener_plugin.py took 0.054 seconds
[2024-07-20T14:22:18.915+0900] {processor.py:161} INFO - Started process (PID=17179) to work on /home/papalio/.local/lib/python3.10/site-packages/airflow/example_dags/plugins/listener_plugin.py
[2024-07-20T14:22:18.918+0900] {processor.py:830} INFO - Processing file /home/papalio/.local/lib/python3.10/site-packages/airflow/example_dags/plugins/listener_plugin.py for tasks to queue
[2024-07-20T14:22:18.919+0900] {logging_mixin.py:188} INFO - [2024-07-20T14:22:18.918+0900] {dagbag.py:545} INFO - Filling up the DagBag from /home/papalio/.local/lib/python3.10/site-packages/airflow/example_dags/plugins/listener_plugin.py
[2024-07-20T14:22:18.923+0900] {processor.py:842} WARNING - No viable dags retrieved from /home/papalio/.local/lib/python3.10/site-packages/airflow/example_dags/plugins/listener_plugin.py
[2024-07-20T14:22:18.941+0900] {processor.py:183} INFO - Processing /home/papalio/.local/lib/python3.10/site-packages/airflow/example_dags/plugins/listener_plugin.py took 0.037 seconds
[2024-07-20T14:23:59.753+0900] {processor.py:161} INFO - Started process (PID=17760) to work on /home/papalio/.local/lib/python3.10/site-packages/airflow/example_dags/plugins/listener_plugin.py
[2024-07-20T14:23:59.763+0900] {processor.py:830} INFO - Processing file /home/papalio/.local/lib/python3.10/site-packages/airflow/example_dags/plugins/listener_plugin.py for tasks to queue
[2024-07-20T14:23:59.769+0900] {logging_mixin.py:188} INFO - [2024-07-20T14:23:59.766+0900] {dagbag.py:545} INFO - Filling up the DagBag from /home/papalio/.local/lib/python3.10/site-packages/airflow/example_dags/plugins/listener_plugin.py
[2024-07-20T14:23:59.789+0900] {processor.py:842} WARNING - No viable dags retrieved from /home/papalio/.local/lib/python3.10/site-packages/airflow/example_dags/plugins/listener_plugin.py
[2024-07-20T14:23:59.862+0900] {processor.py:183} INFO - Processing /home/papalio/.local/lib/python3.10/site-packages/airflow/example_dags/plugins/listener_plugin.py took 0.166 seconds
[2024-07-20T14:25:25.373+0900] {processor.py:161} INFO - Started process (PID=18305) to work on /home/papalio/.local/lib/python3.10/site-packages/airflow/example_dags/plugins/listener_plugin.py
[2024-07-20T14:25:25.377+0900] {processor.py:830} INFO - Processing file /home/papalio/.local/lib/python3.10/site-packages/airflow/example_dags/plugins/listener_plugin.py for tasks to queue
[2024-07-20T14:25:25.380+0900] {logging_mixin.py:188} INFO - [2024-07-20T14:25:25.379+0900] {dagbag.py:545} INFO - Filling up the DagBag from /home/papalio/.local/lib/python3.10/site-packages/airflow/example_dags/plugins/listener_plugin.py
[2024-07-20T14:25:25.392+0900] {processor.py:842} WARNING - No viable dags retrieved from /home/papalio/.local/lib/python3.10/site-packages/airflow/example_dags/plugins/listener_plugin.py
[2024-07-20T14:25:25.435+0900] {processor.py:183} INFO - Processing /home/papalio/.local/lib/python3.10/site-packages/airflow/example_dags/plugins/listener_plugin.py took 0.080 seconds
[2024-07-20T14:27:14.060+0900] {processor.py:161} INFO - Started process (PID=18913) to work on /home/papalio/.local/lib/python3.10/site-packages/airflow/example_dags/plugins/listener_plugin.py
[2024-07-20T14:27:14.063+0900] {processor.py:830} INFO - Processing file /home/papalio/.local/lib/python3.10/site-packages/airflow/example_dags/plugins/listener_plugin.py for tasks to queue
[2024-07-20T14:27:14.065+0900] {logging_mixin.py:188} INFO - [2024-07-20T14:27:14.064+0900] {dagbag.py:545} INFO - Filling up the DagBag from /home/papalio/.local/lib/python3.10/site-packages/airflow/example_dags/plugins/listener_plugin.py
[2024-07-20T14:27:14.069+0900] {processor.py:842} WARNING - No viable dags retrieved from /home/papalio/.local/lib/python3.10/site-packages/airflow/example_dags/plugins/listener_plugin.py
[2024-07-20T14:27:14.086+0900] {processor.py:183} INFO - Processing /home/papalio/.local/lib/python3.10/site-packages/airflow/example_dags/plugins/listener_plugin.py took 0.038 seconds
[2024-07-20T14:28:31.457+0900] {processor.py:161} INFO - Started process (PID=19417) to work on /home/papalio/.local/lib/python3.10/site-packages/airflow/example_dags/plugins/listener_plugin.py
[2024-07-20T14:28:31.469+0900] {processor.py:830} INFO - Processing file /home/papalio/.local/lib/python3.10/site-packages/airflow/example_dags/plugins/listener_plugin.py for tasks to queue
[2024-07-20T14:28:31.471+0900] {logging_mixin.py:188} INFO - [2024-07-20T14:28:31.470+0900] {dagbag.py:545} INFO - Filling up the DagBag from /home/papalio/.local/lib/python3.10/site-packages/airflow/example_dags/plugins/listener_plugin.py
[2024-07-20T14:28:31.477+0900] {processor.py:842} WARNING - No viable dags retrieved from /home/papalio/.local/lib/python3.10/site-packages/airflow/example_dags/plugins/listener_plugin.py
[2024-07-20T14:28:31.503+0900] {processor.py:183} INFO - Processing /home/papalio/.local/lib/python3.10/site-packages/airflow/example_dags/plugins/listener_plugin.py took 0.058 seconds
[2024-07-20T14:29:51.561+0900] {processor.py:161} INFO - Started process (PID=19926) to work on /home/papalio/.local/lib/python3.10/site-packages/airflow/example_dags/plugins/listener_plugin.py
[2024-07-20T14:29:51.567+0900] {processor.py:830} INFO - Processing file /home/papalio/.local/lib/python3.10/site-packages/airflow/example_dags/plugins/listener_plugin.py for tasks to queue
[2024-07-20T14:29:51.570+0900] {logging_mixin.py:188} INFO - [2024-07-20T14:29:51.569+0900] {dagbag.py:545} INFO - Filling up the DagBag from /home/papalio/.local/lib/python3.10/site-packages/airflow/example_dags/plugins/listener_plugin.py
[2024-07-20T14:29:51.576+0900] {processor.py:842} WARNING - No viable dags retrieved from /home/papalio/.local/lib/python3.10/site-packages/airflow/example_dags/plugins/listener_plugin.py
[2024-07-20T14:29:51.598+0900] {processor.py:183} INFO - Processing /home/papalio/.local/lib/python3.10/site-packages/airflow/example_dags/plugins/listener_plugin.py took 0.052 seconds
[2024-07-20T14:31:13.042+0900] {processor.py:161} INFO - Started process (PID=20447) to work on /home/papalio/.local/lib/python3.10/site-packages/airflow/example_dags/plugins/listener_plugin.py
[2024-07-20T14:31:13.044+0900] {processor.py:830} INFO - Processing file /home/papalio/.local/lib/python3.10/site-packages/airflow/example_dags/plugins/listener_plugin.py for tasks to queue
[2024-07-20T14:31:13.046+0900] {logging_mixin.py:188} INFO - [2024-07-20T14:31:13.045+0900] {dagbag.py:545} INFO - Filling up the DagBag from /home/papalio/.local/lib/python3.10/site-packages/airflow/example_dags/plugins/listener_plugin.py
[2024-07-20T14:31:13.050+0900] {processor.py:842} WARNING - No viable dags retrieved from /home/papalio/.local/lib/python3.10/site-packages/airflow/example_dags/plugins/listener_plugin.py
[2024-07-20T14:31:13.069+0900] {processor.py:183} INFO - Processing /home/papalio/.local/lib/python3.10/site-packages/airflow/example_dags/plugins/listener_plugin.py took 0.037 seconds
[2024-07-20T14:32:33.131+0900] {processor.py:161} INFO - Started process (PID=20949) to work on /home/papalio/.local/lib/python3.10/site-packages/airflow/example_dags/plugins/listener_plugin.py
[2024-07-20T14:32:33.133+0900] {processor.py:830} INFO - Processing file /home/papalio/.local/lib/python3.10/site-packages/airflow/example_dags/plugins/listener_plugin.py for tasks to queue
[2024-07-20T14:32:33.134+0900] {logging_mixin.py:188} INFO - [2024-07-20T14:32:33.134+0900] {dagbag.py:545} INFO - Filling up the DagBag from /home/papalio/.local/lib/python3.10/site-packages/airflow/example_dags/plugins/listener_plugin.py
[2024-07-20T14:32:33.138+0900] {processor.py:842} WARNING - No viable dags retrieved from /home/papalio/.local/lib/python3.10/site-packages/airflow/example_dags/plugins/listener_plugin.py
[2024-07-20T14:32:33.154+0900] {processor.py:183} INFO - Processing /home/papalio/.local/lib/python3.10/site-packages/airflow/example_dags/plugins/listener_plugin.py took 0.031 seconds
[2024-07-20T14:34:09.058+0900] {processor.py:161} INFO - Started process (PID=21520) to work on /home/papalio/.local/lib/python3.10/site-packages/airflow/example_dags/plugins/listener_plugin.py
[2024-07-20T14:34:09.061+0900] {processor.py:830} INFO - Processing file /home/papalio/.local/lib/python3.10/site-packages/airflow/example_dags/plugins/listener_plugin.py for tasks to queue
[2024-07-20T14:34:09.062+0900] {logging_mixin.py:188} INFO - [2024-07-20T14:34:09.062+0900] {dagbag.py:545} INFO - Filling up the DagBag from /home/papalio/.local/lib/python3.10/site-packages/airflow/example_dags/plugins/listener_plugin.py
[2024-07-20T14:34:09.068+0900] {processor.py:842} WARNING - No viable dags retrieved from /home/papalio/.local/lib/python3.10/site-packages/airflow/example_dags/plugins/listener_plugin.py
[2024-07-20T14:34:09.088+0900] {processor.py:183} INFO - Processing /home/papalio/.local/lib/python3.10/site-packages/airflow/example_dags/plugins/listener_plugin.py took 0.042 seconds
[2024-07-20T14:35:28.947+0900] {processor.py:161} INFO - Started process (PID=22033) to work on /home/papalio/.local/lib/python3.10/site-packages/airflow/example_dags/plugins/listener_plugin.py
[2024-07-20T14:35:28.955+0900] {processor.py:830} INFO - Processing file /home/papalio/.local/lib/python3.10/site-packages/airflow/example_dags/plugins/listener_plugin.py for tasks to queue
[2024-07-20T14:35:28.958+0900] {logging_mixin.py:188} INFO - [2024-07-20T14:35:28.956+0900] {dagbag.py:545} INFO - Filling up the DagBag from /home/papalio/.local/lib/python3.10/site-packages/airflow/example_dags/plugins/listener_plugin.py
[2024-07-20T14:35:28.965+0900] {processor.py:842} WARNING - No viable dags retrieved from /home/papalio/.local/lib/python3.10/site-packages/airflow/example_dags/plugins/listener_plugin.py
[2024-07-20T14:35:29.000+0900] {processor.py:183} INFO - Processing /home/papalio/.local/lib/python3.10/site-packages/airflow/example_dags/plugins/listener_plugin.py took 0.074 seconds
[2024-07-20T14:36:50.338+0900] {processor.py:161} INFO - Started process (PID=22546) to work on /home/papalio/.local/lib/python3.10/site-packages/airflow/example_dags/plugins/listener_plugin.py
[2024-07-20T14:36:50.340+0900] {processor.py:830} INFO - Processing file /home/papalio/.local/lib/python3.10/site-packages/airflow/example_dags/plugins/listener_plugin.py for tasks to queue
[2024-07-20T14:36:50.341+0900] {logging_mixin.py:188} INFO - [2024-07-20T14:36:50.341+0900] {dagbag.py:545} INFO - Filling up the DagBag from /home/papalio/.local/lib/python3.10/site-packages/airflow/example_dags/plugins/listener_plugin.py
[2024-07-20T14:36:50.346+0900] {processor.py:842} WARNING - No viable dags retrieved from /home/papalio/.local/lib/python3.10/site-packages/airflow/example_dags/plugins/listener_plugin.py
[2024-07-20T14:36:50.363+0900] {processor.py:183} INFO - Processing /home/papalio/.local/lib/python3.10/site-packages/airflow/example_dags/plugins/listener_plugin.py took 0.039 seconds
[2024-07-20T14:38:15.411+0900] {processor.py:161} INFO - Started process (PID=23069) to work on /home/papalio/.local/lib/python3.10/site-packages/airflow/example_dags/plugins/listener_plugin.py
[2024-07-20T14:38:15.413+0900] {processor.py:830} INFO - Processing file /home/papalio/.local/lib/python3.10/site-packages/airflow/example_dags/plugins/listener_plugin.py for tasks to queue
[2024-07-20T14:38:15.414+0900] {logging_mixin.py:188} INFO - [2024-07-20T14:38:15.414+0900] {dagbag.py:545} INFO - Filling up the DagBag from /home/papalio/.local/lib/python3.10/site-packages/airflow/example_dags/plugins/listener_plugin.py
[2024-07-20T14:38:15.418+0900] {processor.py:842} WARNING - No viable dags retrieved from /home/papalio/.local/lib/python3.10/site-packages/airflow/example_dags/plugins/listener_plugin.py
[2024-07-20T14:38:15.436+0900] {processor.py:183} INFO - Processing /home/papalio/.local/lib/python3.10/site-packages/airflow/example_dags/plugins/listener_plugin.py took 0.040 seconds
[2024-07-20T14:39:41.295+0900] {processor.py:161} INFO - Started process (PID=23604) to work on /home/papalio/.local/lib/python3.10/site-packages/airflow/example_dags/plugins/listener_plugin.py
[2024-07-20T14:39:41.300+0900] {processor.py:830} INFO - Processing file /home/papalio/.local/lib/python3.10/site-packages/airflow/example_dags/plugins/listener_plugin.py for tasks to queue
[2024-07-20T14:39:41.303+0900] {logging_mixin.py:188} INFO - [2024-07-20T14:39:41.302+0900] {dagbag.py:545} INFO - Filling up the DagBag from /home/papalio/.local/lib/python3.10/site-packages/airflow/example_dags/plugins/listener_plugin.py
[2024-07-20T14:39:41.309+0900] {processor.py:842} WARNING - No viable dags retrieved from /home/papalio/.local/lib/python3.10/site-packages/airflow/example_dags/plugins/listener_plugin.py
[2024-07-20T14:39:41.337+0900] {processor.py:183} INFO - Processing /home/papalio/.local/lib/python3.10/site-packages/airflow/example_dags/plugins/listener_plugin.py took 0.063 seconds
[2024-07-20T14:41:07.613+0900] {processor.py:161} INFO - Started process (PID=24138) to work on /home/papalio/.local/lib/python3.10/site-packages/airflow/example_dags/plugins/listener_plugin.py
[2024-07-20T14:41:07.632+0900] {processor.py:830} INFO - Processing file /home/papalio/.local/lib/python3.10/site-packages/airflow/example_dags/plugins/listener_plugin.py for tasks to queue
[2024-07-20T14:41:07.661+0900] {logging_mixin.py:188} INFO - [2024-07-20T14:41:07.646+0900] {dagbag.py:545} INFO - Filling up the DagBag from /home/papalio/.local/lib/python3.10/site-packages/airflow/example_dags/plugins/listener_plugin.py
[2024-07-20T14:41:07.740+0900] {processor.py:842} WARNING - No viable dags retrieved from /home/papalio/.local/lib/python3.10/site-packages/airflow/example_dags/plugins/listener_plugin.py
[2024-07-20T14:41:07.841+0900] {processor.py:183} INFO - Processing /home/papalio/.local/lib/python3.10/site-packages/airflow/example_dags/plugins/listener_plugin.py took 0.274 seconds
[2024-07-20T14:42:42.451+0900] {processor.py:161} INFO - Started process (PID=24704) to work on /home/papalio/.local/lib/python3.10/site-packages/airflow/example_dags/plugins/listener_plugin.py
[2024-07-20T14:42:42.463+0900] {processor.py:830} INFO - Processing file /home/papalio/.local/lib/python3.10/site-packages/airflow/example_dags/plugins/listener_plugin.py for tasks to queue
[2024-07-20T14:42:42.465+0900] {logging_mixin.py:188} INFO - [2024-07-20T14:42:42.464+0900] {dagbag.py:545} INFO - Filling up the DagBag from /home/papalio/.local/lib/python3.10/site-packages/airflow/example_dags/plugins/listener_plugin.py
[2024-07-20T14:42:42.470+0900] {processor.py:842} WARNING - No viable dags retrieved from /home/papalio/.local/lib/python3.10/site-packages/airflow/example_dags/plugins/listener_plugin.py
[2024-07-20T14:42:42.489+0900] {processor.py:183} INFO - Processing /home/papalio/.local/lib/python3.10/site-packages/airflow/example_dags/plugins/listener_plugin.py took 0.053 seconds
[2024-07-20T14:44:06.766+0900] {processor.py:161} INFO - Started process (PID=25252) to work on /home/papalio/.local/lib/python3.10/site-packages/airflow/example_dags/plugins/listener_plugin.py
[2024-07-20T14:44:06.771+0900] {processor.py:830} INFO - Processing file /home/papalio/.local/lib/python3.10/site-packages/airflow/example_dags/plugins/listener_plugin.py for tasks to queue
[2024-07-20T14:44:06.774+0900] {logging_mixin.py:188} INFO - [2024-07-20T14:44:06.773+0900] {dagbag.py:545} INFO - Filling up the DagBag from /home/papalio/.local/lib/python3.10/site-packages/airflow/example_dags/plugins/listener_plugin.py
[2024-07-20T14:44:06.781+0900] {processor.py:842} WARNING - No viable dags retrieved from /home/papalio/.local/lib/python3.10/site-packages/airflow/example_dags/plugins/listener_plugin.py
[2024-07-20T14:44:06.811+0900] {processor.py:183} INFO - Processing /home/papalio/.local/lib/python3.10/site-packages/airflow/example_dags/plugins/listener_plugin.py took 0.060 seconds
