[2024-06-12T07:40:25.867+0000] {taskinstance.py:1083} INFO - Dependencies all met for <TaskInstance: api_to_s3_to_redshift.fetch_api_data manual__2024-06-12T07:40:21.064374+00:00 [queued]>
[2024-06-12T07:40:25.907+0000] {taskinstance.py:1083} INFO - Dependencies all met for <TaskInstance: api_to_s3_to_redshift.fetch_api_data manual__2024-06-12T07:40:21.064374+00:00 [queued]>
[2024-06-12T07:40:25.908+0000] {taskinstance.py:1279} INFO - 
--------------------------------------------------------------------------------
[2024-06-12T07:40:25.908+0000] {taskinstance.py:1280} INFO - Starting attempt 1 of 2
[2024-06-12T07:40:25.908+0000] {taskinstance.py:1281} INFO - 
--------------------------------------------------------------------------------
[2024-06-12T07:40:25.956+0000] {taskinstance.py:1300} INFO - Executing <Task(PythonOperator): fetch_api_data> on 2024-06-12 07:40:21.064374+00:00
[2024-06-12T07:40:25.970+0000] {standard_task_runner.py:55} INFO - Started process 7728 to run task
[2024-06-12T07:40:25.977+0000] {standard_task_runner.py:82} INFO - Running: ['***', 'tasks', 'run', 'api_to_s3_to_redshift', 'fetch_api_data', 'manual__2024-06-12T07:40:21.064374+00:00', '--job-id', '24', '--raw', '--subdir', 'DAGS_FOLDER/test_redshift_real.py', '--cfg-path', '/tmp/tmp__1mnt_b']
[2024-06-12T07:40:25.979+0000] {standard_task_runner.py:83} INFO - Job 24: Subtask fetch_api_data
[2024-06-12T07:40:26.175+0000] {task_command.py:388} INFO - Running <TaskInstance: api_to_s3_to_redshift.fetch_api_data manual__2024-06-12T07:40:21.064374+00:00 [running]> on host be394f3a6896
[2024-06-12T07:40:26.388+0000] {taskinstance.py:1509} INFO - Exporting the following env vars:
AIRFLOW_CTX_DAG_OWNER=***
AIRFLOW_CTX_DAG_ID=api_to_s3_to_redshift
AIRFLOW_CTX_TASK_ID=fetch_api_data
AIRFLOW_CTX_EXECUTION_DATE=2024-06-12T07:40:21.064374+00:00
AIRFLOW_CTX_TRY_NUMBER=1
AIRFLOW_CTX_DAG_RUN_ID=manual__2024-06-12T07:40:21.064374+00:00
[2024-06-12T07:40:26.807+0000] {python.py:177} INFO - Done. Returned value was: /opt/***/api_data.csv
[2024-06-12T07:40:26.872+0000] {taskinstance.py:1323} INFO - Marking task as SUCCESS. dag_id=api_to_s3_to_redshift, task_id=fetch_api_data, execution_date=20240612T074021, start_date=20240612T074025, end_date=20240612T074026
[2024-06-12T07:40:26.954+0000] {local_task_job.py:208} INFO - Task exited with return code 0
[2024-06-12T07:40:27.057+0000] {taskinstance.py:2578} INFO - 1 downstream tasks scheduled from follow-on schedule check
