[2024-06-16T06:23:26.160+0000] {taskinstance.py:1103} INFO - Dependencies all met for dep_context=non-requeueable deps ti=<TaskInstance: dust_data_pipeline.ELT.data_loading.load_data_into_raw_data_temp scheduled__2024-06-16T05:00:00+00:00 [queued]>
[2024-06-16T06:23:26.175+0000] {taskinstance.py:1103} INFO - Dependencies all met for dep_context=requeueable deps ti=<TaskInstance: dust_data_pipeline.ELT.data_loading.load_data_into_raw_data_temp scheduled__2024-06-16T05:00:00+00:00 [queued]>
[2024-06-16T06:23:26.175+0000] {taskinstance.py:1308} INFO - Starting attempt 1 of 2
[2024-06-16T06:23:26.192+0000] {taskinstance.py:1327} INFO - Executing <Task(PythonOperator): ELT.data_loading.load_data_into_raw_data_temp> on 2024-06-16 05:00:00+00:00
[2024-06-16T06:23:26.198+0000] {standard_task_runner.py:57} INFO - Started process 175 to run task
[2024-06-16T06:23:26.201+0000] {standard_task_runner.py:84} INFO - Running: ['***', 'tasks', 'run', 'dust_data_pipeline', 'ELT.data_loading.load_data_into_raw_data_temp', 'scheduled__2024-06-16T05:00:00+00:00', '--job-id', '306', '--raw', '--subdir', 'DAGS_FOLDER/test_redshift_real_v3.py', '--cfg-path', '/tmp/tmpptbzjqre']
[2024-06-16T06:23:26.202+0000] {standard_task_runner.py:85} INFO - Job 306: Subtask ELT.data_loading.load_data_into_raw_data_temp
[2024-06-16T06:23:26.270+0000] {task_command.py:410} INFO - Running <TaskInstance: dust_data_pipeline.ELT.data_loading.load_data_into_raw_data_temp scheduled__2024-06-16T05:00:00+00:00 [running]> on host bbfd9dfd7368
[2024-06-16T06:23:26.411+0000] {taskinstance.py:1547} INFO - Exporting env vars: AIRFLOW_CTX_DAG_OWNER='***' AIRFLOW_CTX_DAG_ID='dust_data_pipeline' AIRFLOW_CTX_TASK_ID='ELT.data_loading.load_data_into_raw_data_temp' AIRFLOW_CTX_EXECUTION_DATE='2024-06-16T05:00:00+00:00' AIRFLOW_CTX_TRY_NUMBER='1' AIRFLOW_CTX_DAG_RUN_ID='scheduled__2024-06-16T05:00:00+00:00'
[2024-06-16T06:23:26.436+0000] {base.py:73} INFO - Using connection ID 'aws_s3' for task execution.
[2024-06-16T06:23:26.437+0000] {connection_wrapper.py:337} INFO - AWS Connection (conn_id='aws_s3', conn_type='aws') credentials retrieved from login and password.
[2024-06-16T06:23:26.469+0000] {base.py:73} INFO - Using connection ID 'redshift_test_dev' for task execution.
[2024-06-16T06:23:27.453+0000] {sql.py:375} INFO - Running statement: 
    COPY yusuyeon678.api_raw_data_temp
    FROM 's3://dust-dag/dataSource/api_raw_data.csv'
    credentials
    'aws_access_key_id=AKIAZQ3DNY2P6X5UNXUG;aws_secret_access_key=***'
    csv
    IGNOREHEADER 1;
    , parameters: None
[2024-06-16T06:23:27.982+0000] {python.py:183} INFO - Done. Returned value was: None
[2024-06-16T06:23:27.993+0000] {taskinstance.py:1350} INFO - Marking task as SUCCESS. dag_id=dust_data_pipeline, task_id=ELT.data_loading.load_data_into_raw_data_temp, execution_date=20240616T050000, start_date=20240616T062326, end_date=20240616T062327
[2024-06-16T06:23:28.026+0000] {local_task_job_runner.py:225} INFO - Task exited with return code 0
[2024-06-16T06:23:28.059+0000] {taskinstance.py:2653} INFO - 1 downstream tasks scheduled from follow-on schedule check
