[2024-06-13T06:10:45.877+0000] {taskinstance.py:1103} INFO - Dependencies all met for dep_context=non-requeueable deps ti=<TaskInstance: group_by_office_elt.populate_group_by_office_task manual__2024-06-13T06:10:43.825518+00:00 [queued]>
[2024-06-13T06:10:45.886+0000] {taskinstance.py:1103} INFO - Dependencies all met for dep_context=requeueable deps ti=<TaskInstance: group_by_office_elt.populate_group_by_office_task manual__2024-06-13T06:10:43.825518+00:00 [queued]>
[2024-06-13T06:10:45.886+0000] {taskinstance.py:1308} INFO - Starting attempt 1 of 2
[2024-06-13T06:10:45.904+0000] {taskinstance.py:1327} INFO - Executing <Task(PythonOperator): populate_group_by_office_task> on 2024-06-13 06:10:43.825518+00:00
[2024-06-13T06:10:45.909+0000] {standard_task_runner.py:57} INFO - Started process 674 to run task
[2024-06-13T06:10:45.913+0000] {standard_task_runner.py:84} INFO - Running: ['***', 'tasks', 'run', 'group_by_office_elt', 'populate_group_by_office_task', 'manual__2024-06-13T06:10:43.825518+00:00', '--job-id', '128', '--raw', '--subdir', 'DAGS_FOLDER/OfficeTable_to_Redshift.py', '--cfg-path', '/tmp/tmp0ui4jkbt']
[2024-06-13T06:10:45.916+0000] {standard_task_runner.py:85} INFO - Job 128: Subtask populate_group_by_office_task
[2024-06-13T06:10:45.966+0000] {task_command.py:410} INFO - Running <TaskInstance: group_by_office_elt.populate_group_by_office_task manual__2024-06-13T06:10:43.825518+00:00 [running]> on host 6be9063e1a69
[2024-06-13T06:10:46.052+0000] {taskinstance.py:1547} INFO - Exporting env vars: AIRFLOW_CTX_DAG_OWNER='***' AIRFLOW_CTX_DAG_ID='group_by_office_elt' AIRFLOW_CTX_TASK_ID='populate_group_by_office_task' AIRFLOW_CTX_EXECUTION_DATE='2024-06-13T06:10:43.825518+00:00' AIRFLOW_CTX_TRY_NUMBER='1' AIRFLOW_CTX_DAG_RUN_ID='manual__2024-06-13T06:10:43.825518+00:00'
[2024-06-13T06:10:46.062+0000] {base.py:73} INFO - Using connection ID 'redshift_test_dev' for task execution.
[2024-06-13T06:10:46.237+0000] {sql.py:375} INFO - Running statement: 
    DROP TABLE IF EXISTS yusuyeon678.group_by_office;
    CREATE TABLE yusuyeon678.group_by_office (
        date TIMESTAMP NOT NULL,
        office_code INT NOT NULL,
        office_name VARCHAR(20) NOT NULL,
        dust FLOAT NOT NULL,
        ultradust FLOAT NOT NULL,
        O3 FLOAT NOT NULL,
        NO2 FLOAT NOT NULL,
        CO FLOAT NOT NULL,
        SO2 FLOAT NOT NULL,
        CONSTRAINT group_by_office_pk PRIMARY KEY (date, office_code)
    );
    , parameters: None
[2024-06-13T06:10:46.336+0000] {base.py:73} INFO - Using connection ID 'redshift_test_dev' for task execution.
[2024-06-13T06:10:46.447+0000] {sql.py:375} INFO - Running statement: 
    INSERT INTO yusuyeon678.group_by_office (date, office_code, office_name, dust, ultradust, O3, NO2, CO, SO2)
    SELECT
        TO_TIMESTAMP(CAST(date AS VARCHAR), 'YYYYMMDDHH24MI') AS date,
        office_code,
        office_name,
        ROUND(AVG(dust), 2) AS dust,
        ROUND(AVG(ultradust), 2) AS ultradust,
        ROUND(AVG(o3), 2) AS o3,
        ROUND(AVG(no2), 2) AS no2,
        ROUND(AVG(co), 2) AS co,
        ROUND(AVG(so2), 3) AS so2
    FROM yusuyeon678.raw_data_test_youngjun
    GROUP BY date, office_code, office_name;
    , parameters: None
[2024-06-13T06:10:51.494+0000] {sql.py:384} INFO - Rows affected: 50
[2024-06-13T06:10:51.573+0000] {python.py:183} INFO - Done. Returned value was: None
[2024-06-13T06:10:51.604+0000] {taskinstance.py:1350} INFO - Marking task as SUCCESS. dag_id=group_by_office_elt, task_id=populate_group_by_office_task, execution_date=20240613T061043, start_date=20240613T061045, end_date=20240613T061051
[2024-06-13T06:10:51.672+0000] {local_task_job_runner.py:225} INFO - Task exited with return code 0
[2024-06-13T06:10:51.707+0000] {taskinstance.py:2653} INFO - 0 downstream tasks scheduled from follow-on schedule check
