[2024-06-14T08:01:49.402+0000] {taskinstance.py:1103} INFO - Dependencies all met for dep_context=non-requeueable deps ti=<TaskInstance: api_to_s3_to_redshift_v2.fetch_api_data scheduled__2024-06-14T07:00:00+00:00 [queued]>
[2024-06-14T08:01:49.426+0000] {taskinstance.py:1103} INFO - Dependencies all met for dep_context=requeueable deps ti=<TaskInstance: api_to_s3_to_redshift_v2.fetch_api_data scheduled__2024-06-14T07:00:00+00:00 [queued]>
[2024-06-14T08:01:49.426+0000] {taskinstance.py:1308} INFO - Starting attempt 1 of 2
[2024-06-14T08:01:49.455+0000] {taskinstance.py:1327} INFO - Executing <Task(PythonOperator): fetch_api_data> on 2024-06-14 07:00:00+00:00
[2024-06-14T08:01:49.466+0000] {standard_task_runner.py:57} INFO - Started process 409 to run task
[2024-06-14T08:01:49.471+0000] {standard_task_runner.py:84} INFO - Running: ['***', 'tasks', 'run', 'api_to_s3_to_redshift_v2', 'fetch_api_data', 'scheduled__2024-06-14T07:00:00+00:00', '--job-id', '238', '--raw', '--subdir', 'DAGS_FOLDER/test_redshift_real_v2.py', '--cfg-path', '/tmp/tmp52ug8_au']
[2024-06-14T08:01:49.472+0000] {standard_task_runner.py:85} INFO - Job 238: Subtask fetch_api_data
[2024-06-14T08:01:49.549+0000] {task_command.py:410} INFO - Running <TaskInstance: api_to_s3_to_redshift_v2.fetch_api_data scheduled__2024-06-14T07:00:00+00:00 [running]> on host 9949536f6ac7
[2024-06-14T08:01:49.669+0000] {taskinstance.py:1547} INFO - Exporting env vars: AIRFLOW_CTX_DAG_OWNER='***' AIRFLOW_CTX_DAG_ID='api_to_s3_to_redshift_v2' AIRFLOW_CTX_TASK_ID='fetch_api_data' AIRFLOW_CTX_EXECUTION_DATE='2024-06-14T07:00:00+00:00' AIRFLOW_CTX_TRY_NUMBER='1' AIRFLOW_CTX_DAG_RUN_ID='scheduled__2024-06-14T07:00:00+00:00'
[2024-06-14T08:01:49.828+0000] {python.py:183} INFO - Done. Returned value was: date,region_code,region_name,office_code,office_name,dust_1h,dust_24h,ultradust,O3,NO2,CO,SO2
202406140700,100,도심권,111123,종로구,27.0,25.0,14.0,0.0195,0.0211,0.33,0.0039
202406140700,100,도심권,111131,용산구,36.0,32.0,17.0,0.0166,0.0218,0.39,0.0039
202406140700,100,도심권,111121,중구,18.0,21.0,11.0,0.0215,0.0175,0.27,0.0031
202406140700,101,서북권,111181,은평구,27.0,22.0,12.0,0.0187,0.0154,0.39,0.003
202406140700,101,서북권,111191,서대문구,26.0,24.0,14.0,0.0252,0.0174,0.39,0.003
202406140700,101,서북권,111201,마포구,30.0,27.0,15.0,0.0126,0.0235,0.27,0.003
202406140700,102,동북권,111171,도봉구,27.0,20.0,13.0,0.0175,0.022,0.33,0.0023
202406140700,102,동북권,111311,노원구,28.0,27.0,17.0,0.0125,0.0265,0.34,0.003
202406140700,102,동북권,111141,광진구,32.0,31.0,13.0,0.016,0.0341,0.52,0.0026
202406140700,102,동북권,111142,성동구,29.0,30.0,12.0,0.0112,0.0309,0.34,0.0039
202406140700,102,동북권,111151,중랑구,27.0,26.0,18.0,0.0146,0.025,0.39,0.0025
202406140700,102,동북권,111152,동대문구,27.0,28.0,15.0,0.0151,0.0284,0.35,0.003
202406140700,102,동북권,111161,성북구,30.0,27.0,14.0,0.012,0.0259,0.45,0.0026
202406140700,102,동북권,111291,강북구,18.0,19.0,13.0,0.0205,0.0173,0.32,0.003
202406140700,103,서남권,111231,영등포구,26.0,26.0,13.0,0.0135,0.0234,0.29,0.0031
202406140700,103,서남권,111241,동작구,30.0,30.0,16.0,0.0132,0.026,0.37,0.0037
202406140700,103,서남권,111251,관악구,30.0,34.0,20.0,0.018,0.019,0.28,0.0042
202406140700,103,서남권,111281,금천구,34.0,28.0,19.0,0.0062,0.0346,0.6,0.004
202406140700,103,서남권,111212,강서구,29.0,27.0,16.0,0.0094,0.023,0.31,0.0032
202406140700,103,서남권,111301,양천구,25.0,27.0,13.0,0.0132,0.0227,0.3,0.0037
202406140700,103,서남권,111221,구로구,29.0,31.0,15.0,0.022,0.012,0.31,0.005
202406140700,104,동남권,111261,강남구,38.0,32.0,18.0,0.0087,0.035,0.4,0.0038
202406140700,104,동남권,111262,서초구,34.0,31.0,17.0,0.0124,0.0224,0.37,0.0031
202406140700,104,동남권,111273,송파구,33.0,31.0,15.0,0.0094,0.0318,0.39,0.0034
202406140700,104,동남권,111274,강동구,20.0,23.0,11.0,0.0167,0.03,0.34,0.002

[2024-06-14T08:01:49.872+0000] {taskinstance.py:1350} INFO - Marking task as SUCCESS. dag_id=api_to_s3_to_redshift_v2, task_id=fetch_api_data, execution_date=20240614T070000, start_date=20240614T080149, end_date=20240614T080149
[2024-06-14T08:01:49.925+0000] {local_task_job_runner.py:225} INFO - Task exited with return code 0
[2024-06-14T08:01:49.975+0000] {taskinstance.py:2653} INFO - 1 downstream tasks scheduled from follow-on schedule check
