[2024-06-12T07:46:52.681+0000] {taskinstance.py:1083} INFO - Dependencies all met for <TaskInstance: api_to_s3_to_redshift.fetch_api_data manual__2024-06-12T07:46:49.867188+00:00 [queued]>
[2024-06-12T07:46:52.700+0000] {taskinstance.py:1083} INFO - Dependencies all met for <TaskInstance: api_to_s3_to_redshift.fetch_api_data manual__2024-06-12T07:46:49.867188+00:00 [queued]>
[2024-06-12T07:46:52.701+0000] {taskinstance.py:1279} INFO - 
--------------------------------------------------------------------------------
[2024-06-12T07:46:52.701+0000] {taskinstance.py:1280} INFO - Starting attempt 1 of 2
[2024-06-12T07:46:52.701+0000] {taskinstance.py:1281} INFO - 
--------------------------------------------------------------------------------
[2024-06-12T07:46:52.729+0000] {taskinstance.py:1300} INFO - Executing <Task(PythonOperator): fetch_api_data> on 2024-06-12 07:46:49.867188+00:00
[2024-06-12T07:46:52.742+0000] {standard_task_runner.py:55} INFO - Started process 8384 to run task
[2024-06-12T07:46:52.748+0000] {standard_task_runner.py:82} INFO - Running: ['***', 'tasks', 'run', 'api_to_s3_to_redshift', 'fetch_api_data', 'manual__2024-06-12T07:46:49.867188+00:00', '--job-id', '33', '--raw', '--subdir', 'DAGS_FOLDER/test_redshift_real.py', '--cfg-path', '/tmp/tmp2rpogq7z']
[2024-06-12T07:46:52.749+0000] {standard_task_runner.py:83} INFO - Job 33: Subtask fetch_api_data
[2024-06-12T07:46:52.851+0000] {task_command.py:388} INFO - Running <TaskInstance: api_to_s3_to_redshift.fetch_api_data manual__2024-06-12T07:46:49.867188+00:00 [running]> on host be394f3a6896
[2024-06-12T07:46:52.969+0000] {taskinstance.py:1509} INFO - Exporting the following env vars:
AIRFLOW_CTX_DAG_OWNER=***
AIRFLOW_CTX_DAG_ID=api_to_s3_to_redshift
AIRFLOW_CTX_TASK_ID=fetch_api_data
AIRFLOW_CTX_EXECUTION_DATE=2024-06-12T07:46:49.867188+00:00
AIRFLOW_CTX_TRY_NUMBER=1
AIRFLOW_CTX_DAG_RUN_ID=manual__2024-06-12T07:46:49.867188+00:00
[2024-06-12T07:46:53.192+0000] {python.py:177} INFO - Done. Returned value was: /opt/***/api_data.csv
[2024-06-12T07:46:53.240+0000] {taskinstance.py:1323} INFO - Marking task as SUCCESS. dag_id=api_to_s3_to_redshift, task_id=fetch_api_data, execution_date=20240612T074649, start_date=20240612T074652, end_date=20240612T074653
[2024-06-12T07:46:53.281+0000] {local_task_job.py:208} INFO - Task exited with return code 0
[2024-06-12T07:46:53.329+0000] {taskinstance.py:2578} INFO - 1 downstream tasks scheduled from follow-on schedule check
