[2024-06-13T05:00:02.777+0000] {taskinstance.py:1083} INFO - Dependencies all met for <TaskInstance: api_to_s3_to_redshift.fetch_api_data scheduled__2024-06-13T04:00:00+00:00 [queued]>
[2024-06-13T05:00:02.805+0000] {taskinstance.py:1083} INFO - Dependencies all met for <TaskInstance: api_to_s3_to_redshift.fetch_api_data scheduled__2024-06-13T04:00:00+00:00 [queued]>
[2024-06-13T05:00:02.806+0000] {taskinstance.py:1279} INFO - 
--------------------------------------------------------------------------------
[2024-06-13T05:00:02.806+0000] {taskinstance.py:1280} INFO - Starting attempt 1 of 2
[2024-06-13T05:00:02.806+0000] {taskinstance.py:1281} INFO - 
--------------------------------------------------------------------------------
[2024-06-13T05:00:02.841+0000] {taskinstance.py:1300} INFO - Executing <Task(PythonOperator): fetch_api_data> on 2024-06-13 04:00:00+00:00
[2024-06-13T05:00:02.858+0000] {standard_task_runner.py:55} INFO - Started process 6643 to run task
[2024-06-13T05:00:02.864+0000] {standard_task_runner.py:82} INFO - Running: ['***', 'tasks', 'run', 'api_to_s3_to_redshift', 'fetch_api_data', 'scheduled__2024-06-13T04:00:00+00:00', '--job-id', '108', '--raw', '--subdir', 'DAGS_FOLDER/test_redshift_real.py', '--cfg-path', '/tmp/tmp_615h0z2']
[2024-06-13T05:00:02.865+0000] {standard_task_runner.py:83} INFO - Job 108: Subtask fetch_api_data
[2024-06-13T05:00:03.004+0000] {task_command.py:388} INFO - Running <TaskInstance: api_to_s3_to_redshift.fetch_api_data scheduled__2024-06-13T04:00:00+00:00 [running]> on host 51c81313d5fd
[2024-06-13T05:00:03.477+0000] {taskinstance.py:1509} INFO - Exporting the following env vars:
AIRFLOW_CTX_DAG_OWNER=***
AIRFLOW_CTX_DAG_ID=api_to_s3_to_redshift
AIRFLOW_CTX_TASK_ID=fetch_api_data
AIRFLOW_CTX_EXECUTION_DATE=2024-06-13T04:00:00+00:00
AIRFLOW_CTX_TRY_NUMBER=1
AIRFLOW_CTX_DAG_RUN_ID=scheduled__2024-06-13T04:00:00+00:00
[2024-06-13T05:00:08.701+0000] {python.py:177} INFO - Done. Returned value was: /opt/***/api_raw_data.csv
[2024-06-13T05:00:08.754+0000] {taskinstance.py:1323} INFO - Marking task as SUCCESS. dag_id=api_to_s3_to_redshift, task_id=fetch_api_data, execution_date=20240613T040000, start_date=20240613T050002, end_date=20240613T050008
[2024-06-13T05:00:08.801+0000] {local_task_job.py:208} INFO - Task exited with return code 0
[2024-06-13T05:00:08.863+0000] {taskinstance.py:2578} INFO - 1 downstream tasks scheduled from follow-on schedule check
