[2024-06-16T08:00:10.294+0000] {taskinstance.py:1103} INFO - Dependencies all met for dep_context=non-requeueable deps ti=<TaskInstance: dust_data_pipeline.ELT.data_loading.load_data_into_raw_data_temp scheduled__2024-06-16T07:00:00+00:00 [queued]>
[2024-06-16T08:00:10.303+0000] {taskinstance.py:1103} INFO - Dependencies all met for dep_context=requeueable deps ti=<TaskInstance: dust_data_pipeline.ELT.data_loading.load_data_into_raw_data_temp scheduled__2024-06-16T07:00:00+00:00 [queued]>
[2024-06-16T08:00:10.303+0000] {taskinstance.py:1308} INFO - Starting attempt 1 of 2
[2024-06-16T08:00:10.319+0000] {taskinstance.py:1327} INFO - Executing <Task(PythonOperator): ELT.data_loading.load_data_into_raw_data_temp> on 2024-06-16 07:00:00+00:00
[2024-06-16T08:00:10.325+0000] {standard_task_runner.py:57} INFO - Started process 1895 to run task
[2024-06-16T08:00:10.329+0000] {standard_task_runner.py:84} INFO - Running: ['***', 'tasks', 'run', 'dust_data_pipeline', 'ELT.data_loading.load_data_into_raw_data_temp', 'scheduled__2024-06-16T07:00:00+00:00', '--job-id', '328', '--raw', '--subdir', 'DAGS_FOLDER/test_redshift_real_v3.py', '--cfg-path', '/tmp/tmpg4grousk']
[2024-06-16T08:00:10.330+0000] {standard_task_runner.py:85} INFO - Job 328: Subtask ELT.data_loading.load_data_into_raw_data_temp
[2024-06-16T08:00:10.399+0000] {task_command.py:410} INFO - Running <TaskInstance: dust_data_pipeline.ELT.data_loading.load_data_into_raw_data_temp scheduled__2024-06-16T07:00:00+00:00 [running]> on host bbfd9dfd7368
[2024-06-16T08:00:10.491+0000] {taskinstance.py:1547} INFO - Exporting env vars: AIRFLOW_CTX_DAG_OWNER='***' AIRFLOW_CTX_DAG_ID='dust_data_pipeline' AIRFLOW_CTX_TASK_ID='ELT.data_loading.load_data_into_raw_data_temp' AIRFLOW_CTX_EXECUTION_DATE='2024-06-16T07:00:00+00:00' AIRFLOW_CTX_TRY_NUMBER='1' AIRFLOW_CTX_DAG_RUN_ID='scheduled__2024-06-16T07:00:00+00:00'
[2024-06-16T08:00:10.502+0000] {base.py:73} INFO - Using connection ID 'aws_s3' for task execution.
[2024-06-16T08:00:10.503+0000] {connection_wrapper.py:337} INFO - AWS Connection (conn_id='aws_s3', conn_type='aws') credentials retrieved from login and password.
[2024-06-16T08:00:10.519+0000] {base.py:73} INFO - Using connection ID 'redshift_test_dev' for task execution.
[2024-06-16T08:00:11.138+0000] {sql.py:375} INFO - Running statement: 
    COPY yusuyeon678.api_raw_data_temp
    FROM 's3://dust-dag/dataSource/api_raw_data.csv'
    credentials
    'aws_access_key_id=AKIAZQ3DNY2P6X5UNXUG;aws_secret_access_key=***'
    csv
    IGNOREHEADER 1;
    , parameters: None
[2024-06-16T08:00:11.704+0000] {python.py:183} INFO - Done. Returned value was: None
[2024-06-16T08:00:11.723+0000] {taskinstance.py:1350} INFO - Marking task as SUCCESS. dag_id=dust_data_pipeline, task_id=ELT.data_loading.load_data_into_raw_data_temp, execution_date=20240616T070000, start_date=20240616T080010, end_date=20240616T080011
[2024-06-16T08:00:11.792+0000] {local_task_job_runner.py:225} INFO - Task exited with return code 0
[2024-06-16T08:00:11.841+0000] {taskinstance.py:2653} INFO - 1 downstream tasks scheduled from follow-on schedule check
