[2024-06-12T08:20:04.336+0000] {taskinstance.py:1083} INFO - Dependencies all met for <TaskInstance: api_to_s3_to_redshift.load_to_redshift manual__2024-06-12T08:19:50.127128+00:00 [queued]>
[2024-06-12T08:20:04.363+0000] {taskinstance.py:1083} INFO - Dependencies all met for <TaskInstance: api_to_s3_to_redshift.load_to_redshift manual__2024-06-12T08:19:50.127128+00:00 [queued]>
[2024-06-12T08:20:04.363+0000] {taskinstance.py:1279} INFO - 
--------------------------------------------------------------------------------
[2024-06-12T08:20:04.363+0000] {taskinstance.py:1280} INFO - Starting attempt 1 of 2
[2024-06-12T08:20:04.363+0000] {taskinstance.py:1281} INFO - 
--------------------------------------------------------------------------------
[2024-06-12T08:20:04.418+0000] {taskinstance.py:1300} INFO - Executing <Task(S3ToRedshiftOperator): load_to_redshift> on 2024-06-12 08:19:50.127128+00:00
[2024-06-12T08:20:04.439+0000] {standard_task_runner.py:55} INFO - Started process 11834 to run task
[2024-06-12T08:20:04.447+0000] {standard_task_runner.py:82} INFO - Running: ['***', 'tasks', 'run', 'api_to_s3_to_redshift', 'load_to_redshift', 'manual__2024-06-12T08:19:50.127128+00:00', '--job-id', '63', '--raw', '--subdir', 'DAGS_FOLDER/test_redshift_real.py', '--cfg-path', '/tmp/tmpywkfd8bq']
[2024-06-12T08:20:04.459+0000] {standard_task_runner.py:83} INFO - Job 63: Subtask load_to_redshift
[2024-06-12T08:20:04.686+0000] {task_command.py:388} INFO - Running <TaskInstance: api_to_s3_to_redshift.load_to_redshift manual__2024-06-12T08:19:50.127128+00:00 [running]> on host be394f3a6896
[2024-06-12T08:20:04.882+0000] {taskinstance.py:1509} INFO - Exporting the following env vars:
AIRFLOW_CTX_DAG_OWNER=***
AIRFLOW_CTX_DAG_ID=api_to_s3_to_redshift
AIRFLOW_CTX_TASK_ID=load_to_redshift
AIRFLOW_CTX_EXECUTION_DATE=2024-06-12T08:19:50.127128+00:00
AIRFLOW_CTX_TRY_NUMBER=1
AIRFLOW_CTX_DAG_RUN_ID=manual__2024-06-12T08:19:50.127128+00:00
[2024-06-12T08:20:04.908+0000] {base.py:73} INFO - Using connection ID 'aws_s3' for task execution.
[2024-06-12T08:20:04.923+0000] {base.py:73} INFO - Using connection ID 'aws_s3' for task execution.
[2024-06-12T08:20:04.925+0000] {connection_wrapper.py:334} INFO - AWS Connection (conn_id='aws_s3', conn_type='aws') credentials retrieved from login and password.
[2024-06-12T08:20:04.955+0000] {s3_to_redshift.py:164} INFO - Executing COPY command...
[2024-06-12T08:20:04.972+0000] {base.py:73} INFO - Using connection ID 'redshift_test_dev' for task execution.
[2024-06-12T08:20:05.650+0000] {sql.py:375} INFO - Running statement: 
                    COPY yusuyeon678.raw_data_test_youngjun 
                    FROM 's3://dust-dag/dataSource/api_data.csv'
                    credentials
                    'aws_access_key_id=AKIAZQ3DNY2P6X5UNXUG;aws_secret_access_key=***'
                    csv
			IGNOREHEADER 1;
        , parameters: None
[2024-06-12T08:20:25.836+0000] {s3_to_redshift.py:166} INFO - COPY command complete...
[2024-06-12T08:20:25.867+0000] {taskinstance.py:1323} INFO - Marking task as SUCCESS. dag_id=api_to_s3_to_redshift, task_id=load_to_redshift, execution_date=20240612T081950, start_date=20240612T082004, end_date=20240612T082025
[2024-06-12T08:20:25.952+0000] {local_task_job.py:208} INFO - Task exited with return code 0
[2024-06-12T08:20:25.989+0000] {taskinstance.py:2578} INFO - 0 downstream tasks scheduled from follow-on schedule check
