[2024-06-12T15:20:42.148+0000] {taskinstance.py:1083} INFO - Dependencies all met for <TaskInstance: api_to_s3_to_redshift.fetch_api_data scheduled__2024-06-12T14:00:00+00:00 [queued]>
[2024-06-12T15:20:42.174+0000] {taskinstance.py:1083} INFO - Dependencies all met for <TaskInstance: api_to_s3_to_redshift.fetch_api_data scheduled__2024-06-12T14:00:00+00:00 [queued]>
[2024-06-12T15:20:42.175+0000] {taskinstance.py:1279} INFO - 
--------------------------------------------------------------------------------
[2024-06-12T15:20:42.175+0000] {taskinstance.py:1280} INFO - Starting attempt 1 of 2
[2024-06-12T15:20:42.175+0000] {taskinstance.py:1281} INFO - 
--------------------------------------------------------------------------------
[2024-06-12T15:20:42.221+0000] {taskinstance.py:1300} INFO - Executing <Task(PythonOperator): fetch_api_data> on 2024-06-12 14:00:00+00:00
[2024-06-12T15:20:42.234+0000] {standard_task_runner.py:55} INFO - Started process 18174 to run task
[2024-06-12T15:20:42.239+0000] {standard_task_runner.py:82} INFO - Running: ['***', 'tasks', 'run', 'api_to_s3_to_redshift', 'fetch_api_data', 'scheduled__2024-06-12T14:00:00+00:00', '--job-id', '72', '--raw', '--subdir', 'DAGS_FOLDER/test_redshift_real.py', '--cfg-path', '/tmp/tmp_epjudhe']
[2024-06-12T15:20:42.240+0000] {standard_task_runner.py:83} INFO - Job 72: Subtask fetch_api_data
[2024-06-12T15:20:42.448+0000] {task_command.py:388} INFO - Running <TaskInstance: api_to_s3_to_redshift.fetch_api_data scheduled__2024-06-12T14:00:00+00:00 [running]> on host 51c81313d5fd
[2024-06-12T15:20:42.680+0000] {taskinstance.py:1509} INFO - Exporting the following env vars:
AIRFLOW_CTX_DAG_OWNER=***
AIRFLOW_CTX_DAG_ID=api_to_s3_to_redshift
AIRFLOW_CTX_TASK_ID=fetch_api_data
AIRFLOW_CTX_EXECUTION_DATE=2024-06-12T14:00:00+00:00
AIRFLOW_CTX_TRY_NUMBER=1
AIRFLOW_CTX_DAG_RUN_ID=scheduled__2024-06-12T14:00:00+00:00
[2024-06-12T15:20:43.341+0000] {python.py:177} INFO - Done. Returned value was: /opt/***/api_data.csv
[2024-06-12T15:20:43.446+0000] {taskinstance.py:1323} INFO - Marking task as SUCCESS. dag_id=api_to_s3_to_redshift, task_id=fetch_api_data, execution_date=20240612T140000, start_date=20240612T152042, end_date=20240612T152043
[2024-06-12T15:20:43.548+0000] {local_task_job.py:208} INFO - Task exited with return code 0
[2024-06-12T15:20:43.666+0000] {taskinstance.py:2578} INFO - 1 downstream tasks scheduled from follow-on schedule check
