[2024-06-12T08:17:33.182+0000] {taskinstance.py:1083} INFO - Dependencies all met for <TaskInstance: api_to_s3_to_redshift.fetch_api_data manual__2024-06-12T08:17:28.111279+00:00 [queued]>
[2024-06-12T08:17:33.233+0000] {taskinstance.py:1083} INFO - Dependencies all met for <TaskInstance: api_to_s3_to_redshift.fetch_api_data manual__2024-06-12T08:17:28.111279+00:00 [queued]>
[2024-06-12T08:17:33.234+0000] {taskinstance.py:1279} INFO - 
--------------------------------------------------------------------------------
[2024-06-12T08:17:33.234+0000] {taskinstance.py:1280} INFO - Starting attempt 1 of 2
[2024-06-12T08:17:33.234+0000] {taskinstance.py:1281} INFO - 
--------------------------------------------------------------------------------
[2024-06-12T08:17:33.315+0000] {taskinstance.py:1300} INFO - Executing <Task(PythonOperator): fetch_api_data> on 2024-06-12 08:17:28.111279+00:00
[2024-06-12T08:17:33.336+0000] {standard_task_runner.py:55} INFO - Started process 11575 to run task
[2024-06-12T08:17:33.353+0000] {standard_task_runner.py:82} INFO - Running: ['***', 'tasks', 'run', 'api_to_s3_to_redshift', 'fetch_api_data', 'manual__2024-06-12T08:17:28.111279+00:00', '--job-id', '56', '--raw', '--subdir', 'DAGS_FOLDER/test_redshift_real.py', '--cfg-path', '/tmp/tmpjvtabqer']
[2024-06-12T08:17:33.356+0000] {standard_task_runner.py:83} INFO - Job 56: Subtask fetch_api_data
[2024-06-12T08:17:33.631+0000] {task_command.py:388} INFO - Running <TaskInstance: api_to_s3_to_redshift.fetch_api_data manual__2024-06-12T08:17:28.111279+00:00 [running]> on host be394f3a6896
[2024-06-12T08:17:33.886+0000] {taskinstance.py:1509} INFO - Exporting the following env vars:
AIRFLOW_CTX_DAG_OWNER=***
AIRFLOW_CTX_DAG_ID=api_to_s3_to_redshift
AIRFLOW_CTX_TASK_ID=fetch_api_data
AIRFLOW_CTX_EXECUTION_DATE=2024-06-12T08:17:28.111279+00:00
AIRFLOW_CTX_TRY_NUMBER=1
AIRFLOW_CTX_DAG_RUN_ID=manual__2024-06-12T08:17:28.111279+00:00
[2024-06-12T08:17:34.106+0000] {python.py:177} INFO - Done. Returned value was: /opt/***/api_data.csv
[2024-06-12T08:17:34.242+0000] {taskinstance.py:1323} INFO - Marking task as SUCCESS. dag_id=api_to_s3_to_redshift, task_id=fetch_api_data, execution_date=20240612T081728, start_date=20240612T081733, end_date=20240612T081734
[2024-06-12T08:17:34.328+0000] {local_task_job.py:208} INFO - Task exited with return code 0
[2024-06-12T08:17:34.526+0000] {taskinstance.py:2578} INFO - 0 downstream tasks scheduled from follow-on schedule check
