[2024-07-17T14:58:53.335+0000] {taskinstance.py:1979} INFO - Dependencies all met for dep_context=non-requeueable deps ti=<TaskInstance: musinsa_dag.read_s3_and_print_head manual__2024-07-17T14:58:50.645071+00:00 [queued]>
[2024-07-17T14:58:53.361+0000] {taskinstance.py:1979} INFO - Dependencies all met for dep_context=requeueable deps ti=<TaskInstance: musinsa_dag.read_s3_and_print_head manual__2024-07-17T14:58:50.645071+00:00 [queued]>
[2024-07-17T14:58:53.362+0000] {taskinstance.py:2193} INFO - Starting attempt 1 of 2
[2024-07-17T14:58:53.395+0000] {taskinstance.py:2217} INFO - Executing <Task(PythonOperator): read_s3_and_print_head> on 2024-07-17 14:58:50.645071+00:00
[2024-07-17T14:58:53.405+0000] {standard_task_runner.py:60} INFO - Started process 304 to run task
[2024-07-17T14:58:53.411+0000] {standard_task_runner.py:87} INFO - Running: ['***', 'tasks', 'run', 'musinsa_dag', 'read_s3_and_print_head', 'manual__2024-07-17T14:58:50.645071+00:00', '--job-id', '341', '--raw', '--subdir', 'DAGS_FOLDER/musinsa_dag.py', '--cfg-path', '/tmp/tmp9z0uz941']
[2024-07-17T14:58:53.416+0000] {standard_task_runner.py:88} INFO - Job 341: Subtask read_s3_and_print_head
[2024-07-17T14:58:53.512+0000] {task_command.py:423} INFO - Running <TaskInstance: musinsa_dag.read_s3_and_print_head manual__2024-07-17T14:58:50.645071+00:00 [running]> on host 56d37e8dcfcc
[2024-07-17T14:58:53.648+0000] {taskinstance.py:2513} INFO - Exporting env vars: AIRFLOW_CTX_DAG_OWNER='***' AIRFLOW_CTX_DAG_ID='musinsa_dag' AIRFLOW_CTX_TASK_ID='read_s3_and_print_head' AIRFLOW_CTX_EXECUTION_DATE='2024-07-17T14:58:50.645071+00:00' AIRFLOW_CTX_TRY_NUMBER='1' AIRFLOW_CTX_DAG_RUN_ID='manual__2024-07-17T14:58:50.645071+00:00'
[2024-07-17T14:58:53.663+0000] {base.py:83} INFO - Using connection ID 'aws_s3' for task execution.
[2024-07-17T14:58:53.664+0000] {connection_wrapper.py:384} INFO - AWS Connection (conn_id='aws_s3', conn_type='aws') credentials retrieved from login and password.
[2024-07-17T14:58:54.739+0000] {logging_mixin.py:188} INFO -   product_id  ... color_options
0       top1  ...         ['0']
1       top2  ...            []
2       top3  ...         ['0']
3       top4  ...         ['0']
4       top5  ...         ['0']

[5 rows x 10 columns]
[2024-07-17T14:58:54.742+0000] {python.py:202} INFO - Done. Returned value was: None
[2024-07-17T14:58:54.758+0000] {taskinstance.py:1149} INFO - Marking task as SUCCESS. dag_id=musinsa_dag, task_id=read_s3_and_print_head, execution_date=20240717T145850, start_date=20240717T145853, end_date=20240717T145854
[2024-07-17T14:58:54.792+0000] {local_task_job_runner.py:234} INFO - Task exited with return code 0
[2024-07-17T14:58:54.817+0000] {taskinstance.py:3312} INFO - 0 downstream tasks scheduled from follow-on schedule check
