[2024-06-13T04:31:22.874+0000] {taskinstance.py:1083} INFO - Dependencies all met for <TaskInstance: api_to_s3_to_redshift.deduplicate_and_insert manual__2024-06-13T04:30:41.148105+00:00 [queued]>
[2024-06-13T04:31:22.888+0000] {taskinstance.py:1083} INFO - Dependencies all met for <TaskInstance: api_to_s3_to_redshift.deduplicate_and_insert manual__2024-06-13T04:30:41.148105+00:00 [queued]>
[2024-06-13T04:31:22.888+0000] {taskinstance.py:1279} INFO - 
--------------------------------------------------------------------------------
[2024-06-13T04:31:22.888+0000] {taskinstance.py:1280} INFO - Starting attempt 1 of 2
[2024-06-13T04:31:22.889+0000] {taskinstance.py:1281} INFO - 
--------------------------------------------------------------------------------
[2024-06-13T04:31:22.906+0000] {taskinstance.py:1300} INFO - Executing <Task(PythonOperator): deduplicate_and_insert> on 2024-06-13 04:30:41.148105+00:00
[2024-06-13T04:31:22.913+0000] {standard_task_runner.py:55} INFO - Started process 3296 to run task
[2024-06-13T04:31:22.917+0000] {standard_task_runner.py:82} INFO - Running: ['***', 'tasks', 'run', 'api_to_s3_to_redshift', 'deduplicate_and_insert', 'manual__2024-06-13T04:30:41.148105+00:00', '--job-id', '97', '--raw', '--subdir', 'DAGS_FOLDER/test_redshift_real.py', '--cfg-path', '/tmp/tmplqr_4c7j']
[2024-06-13T04:31:22.917+0000] {standard_task_runner.py:83} INFO - Job 97: Subtask deduplicate_and_insert
[2024-06-13T04:31:22.993+0000] {task_command.py:388} INFO - Running <TaskInstance: api_to_s3_to_redshift.deduplicate_and_insert manual__2024-06-13T04:30:41.148105+00:00 [running]> on host 51c81313d5fd
[2024-06-13T04:31:23.074+0000] {taskinstance.py:1509} INFO - Exporting the following env vars:
AIRFLOW_CTX_DAG_OWNER=***
AIRFLOW_CTX_DAG_ID=api_to_s3_to_redshift
AIRFLOW_CTX_TASK_ID=deduplicate_and_insert
AIRFLOW_CTX_EXECUTION_DATE=2024-06-13T04:30:41.148105+00:00
AIRFLOW_CTX_TRY_NUMBER=1
AIRFLOW_CTX_DAG_RUN_ID=manual__2024-06-13T04:30:41.148105+00:00
[2024-06-13T04:31:23.087+0000] {base.py:73} INFO - Using connection ID 'redshift_test_dev' for task execution.
[2024-06-13T04:31:54.087+0000] {taskinstance.py:1768} ERROR - Task failed with exception
Traceback (most recent call last):
  File "/home/airflow/.local/lib/python3.7/site-packages/airflow/operators/python.py", line 175, in execute
    return_value = self.execute_callable()
  File "/home/airflow/.local/lib/python3.7/site-packages/airflow/operators/python.py", line 192, in execute_callable
    return self.python_callable(*self.op_args, **self.op_kwargs)
  File "/opt/airflow/dags/test_redshift_real.py", line 152, in deduplicate_and_insert
    """)
psycopg2.errors.DatatypeMismatch: column "date" is of type bigint but expression is of type character varying
HINT:  You will need to rewrite or cast the expression.

[2024-06-13T04:31:54.096+0000] {taskinstance.py:1323} INFO - Marking task as UP_FOR_RETRY. dag_id=api_to_s3_to_redshift, task_id=deduplicate_and_insert, execution_date=20240613T043041, start_date=20240613T043122, end_date=20240613T043154
[2024-06-13T04:31:54.111+0000] {standard_task_runner.py:105} ERROR - Failed to execute job 97 for task deduplicate_and_insert (column "date" is of type bigint but expression is of type character varying
HINT:  You will need to rewrite or cast the expression.
; 3296)
[2024-06-13T04:31:54.143+0000] {local_task_job.py:208} INFO - Task exited with return code 1
[2024-06-13T04:31:54.168+0000] {taskinstance.py:2578} INFO - 0 downstream tasks scheduled from follow-on schedule check
