[2024-06-12T07:42:15.646+0000] {taskinstance.py:1083} INFO - Dependencies all met for <TaskInstance: api_to_s3_to_redshift.upload_to_s3 manual__2024-06-12T07:42:05.525445+00:00 [queued]>
[2024-06-12T07:42:15.676+0000] {taskinstance.py:1083} INFO - Dependencies all met for <TaskInstance: api_to_s3_to_redshift.upload_to_s3 manual__2024-06-12T07:42:05.525445+00:00 [queued]>
[2024-06-12T07:42:15.677+0000] {taskinstance.py:1279} INFO - 
--------------------------------------------------------------------------------
[2024-06-12T07:42:15.677+0000] {taskinstance.py:1280} INFO - Starting attempt 1 of 2
[2024-06-12T07:42:15.677+0000] {taskinstance.py:1281} INFO - 
--------------------------------------------------------------------------------
[2024-06-12T07:42:15.726+0000] {taskinstance.py:1300} INFO - Executing <Task(LocalFilesystemToS3Operator): upload_to_s3> on 2024-06-12 07:42:05.525445+00:00
[2024-06-12T07:42:15.738+0000] {standard_task_runner.py:55} INFO - Started process 7917 to run task
[2024-06-12T07:42:15.748+0000] {standard_task_runner.py:82} INFO - Running: ['***', 'tasks', 'run', 'api_to_s3_to_redshift', 'upload_to_s3', 'manual__2024-06-12T07:42:05.525445+00:00', '--job-id', '28', '--raw', '--subdir', 'DAGS_FOLDER/test_redshift_real.py', '--cfg-path', '/tmp/tmp7i8j67n5']
[2024-06-12T07:42:15.749+0000] {standard_task_runner.py:83} INFO - Job 28: Subtask upload_to_s3
[2024-06-12T07:42:15.983+0000] {task_command.py:388} INFO - Running <TaskInstance: api_to_s3_to_redshift.upload_to_s3 manual__2024-06-12T07:42:05.525445+00:00 [running]> on host be394f3a6896
[2024-06-12T07:42:16.203+0000] {taskinstance.py:1509} INFO - Exporting the following env vars:
AIRFLOW_CTX_DAG_OWNER=***
AIRFLOW_CTX_DAG_ID=api_to_s3_to_redshift
AIRFLOW_CTX_TASK_ID=upload_to_s3
AIRFLOW_CTX_EXECUTION_DATE=2024-06-12T07:42:05.525445+00:00
AIRFLOW_CTX_TRY_NUMBER=1
AIRFLOW_CTX_DAG_RUN_ID=manual__2024-06-12T07:42:05.525445+00:00
[2024-06-12T07:42:16.241+0000] {base.py:73} INFO - Using connection ID 'aws_s3' for task execution.
[2024-06-12T07:42:16.244+0000] {connection_wrapper.py:334} INFO - AWS Connection (conn_id='aws_s3', conn_type='aws') credentials retrieved from login and password.
[2024-06-12T07:42:18.049+0000] {taskinstance.py:1323} INFO - Marking task as SUCCESS. dag_id=api_to_s3_to_redshift, task_id=upload_to_s3, execution_date=20240612T074205, start_date=20240612T074215, end_date=20240612T074218
[2024-06-12T07:42:18.114+0000] {local_task_job.py:208} INFO - Task exited with return code 0
[2024-06-12T07:42:18.172+0000] {taskinstance.py:2578} INFO - 0 downstream tasks scheduled from follow-on schedule check
