[2024-06-13T06:10:53.136+0000] {taskinstance.py:1103} INFO - Dependencies all met for dep_context=non-requeueable deps ti=<TaskInstance: seoul_ultradust_summary_elt.populate_seoul_ultradust_summary_task manual__2024-06-13T06:10:49.666602+00:00 [queued]>
[2024-06-13T06:10:53.156+0000] {taskinstance.py:1103} INFO - Dependencies all met for dep_context=requeueable deps ti=<TaskInstance: seoul_ultradust_summary_elt.populate_seoul_ultradust_summary_task manual__2024-06-13T06:10:49.666602+00:00 [queued]>
[2024-06-13T06:10:53.156+0000] {taskinstance.py:1308} INFO - Starting attempt 1 of 2
[2024-06-13T06:10:53.189+0000] {taskinstance.py:1327} INFO - Executing <Task(PythonOperator): populate_seoul_ultradust_summary_task> on 2024-06-13 06:10:49.666602+00:00
[2024-06-13T06:10:53.202+0000] {standard_task_runner.py:57} INFO - Started process 692 to run task
[2024-06-13T06:10:53.209+0000] {standard_task_runner.py:84} INFO - Running: ['***', 'tasks', 'run', 'seoul_ultradust_summary_elt', 'populate_seoul_ultradust_summary_task', 'manual__2024-06-13T06:10:49.666602+00:00', '--job-id', '131', '--raw', '--subdir', 'DAGS_FOLDER/UltraDustSummary_to_Redshift.py', '--cfg-path', '/tmp/tmp3rmansnm']
[2024-06-13T06:10:53.215+0000] {standard_task_runner.py:85} INFO - Job 131: Subtask populate_seoul_ultradust_summary_task
[2024-06-13T06:10:53.317+0000] {task_command.py:410} INFO - Running <TaskInstance: seoul_ultradust_summary_elt.populate_seoul_ultradust_summary_task manual__2024-06-13T06:10:49.666602+00:00 [running]> on host 6be9063e1a69
[2024-06-13T06:10:53.458+0000] {taskinstance.py:1547} INFO - Exporting env vars: AIRFLOW_CTX_DAG_OWNER='***' AIRFLOW_CTX_DAG_ID='seoul_ultradust_summary_elt' AIRFLOW_CTX_TASK_ID='populate_seoul_ultradust_summary_task' AIRFLOW_CTX_EXECUTION_DATE='2024-06-13T06:10:49.666602+00:00' AIRFLOW_CTX_TRY_NUMBER='1' AIRFLOW_CTX_DAG_RUN_ID='manual__2024-06-13T06:10:49.666602+00:00'
[2024-06-13T06:10:53.468+0000] {base.py:73} INFO - Using connection ID 'redshift_test_dev' for task execution.
[2024-06-13T06:10:53.654+0000] {sql.py:375} INFO - Running statement: 
    DROP TABLE IF EXISTS yusuyeon678.seoul_ultradust_summary;
    CREATE TABLE yusuyeon678.seoul_ultradust_summary (
        date TIMESTAMP primary key,
        ultradust FLOAT NOT NULL
    );
    , parameters: None
[2024-06-13T06:10:53.760+0000] {base.py:73} INFO - Using connection ID 'redshift_test_dev' for task execution.
[2024-06-13T06:10:53.855+0000] {sql.py:375} INFO - Running statement: 
    INSERT INTO yusuyeon678.seoul_ultradust_summary (date, ultradust)
    SELECT
        TO_TIMESTAMP(CAST(date AS VARCHAR), 'YYYYMMDDHH24MI') AS date,
        ROUND(AVG(ultradust), 2) AS ultradust
    FROM yusuyeon678.raw_data_test_youngjun
    GROUP BY date;
    , parameters: None
[2024-06-13T06:10:57.109+0000] {sql.py:384} INFO - Rows affected: 2
[2024-06-13T06:10:57.168+0000] {python.py:183} INFO - Done. Returned value was: None
[2024-06-13T06:10:57.179+0000] {taskinstance.py:1350} INFO - Marking task as SUCCESS. dag_id=seoul_ultradust_summary_elt, task_id=populate_seoul_ultradust_summary_task, execution_date=20240613T061049, start_date=20240613T061053, end_date=20240613T061057
[2024-06-13T06:10:57.206+0000] {local_task_job_runner.py:225} INFO - Task exited with return code 0
[2024-06-13T06:10:57.226+0000] {taskinstance.py:2653} INFO - 0 downstream tasks scheduled from follow-on schedule check
