[2024-06-13T05:00:25.392+0000] {taskinstance.py:1083} INFO - Dependencies all met for <TaskInstance: api_to_s3_to_redshift.deduplicate_and_insert scheduled__2024-06-13T04:00:00+00:00 [queued]>
[2024-06-13T05:00:25.408+0000] {taskinstance.py:1083} INFO - Dependencies all met for <TaskInstance: api_to_s3_to_redshift.deduplicate_and_insert scheduled__2024-06-13T04:00:00+00:00 [queued]>
[2024-06-13T05:00:25.409+0000] {taskinstance.py:1279} INFO - 
--------------------------------------------------------------------------------
[2024-06-13T05:00:25.409+0000] {taskinstance.py:1280} INFO - Starting attempt 1 of 2
[2024-06-13T05:00:25.409+0000] {taskinstance.py:1281} INFO - 
--------------------------------------------------------------------------------
[2024-06-13T05:00:25.435+0000] {taskinstance.py:1300} INFO - Executing <Task(PythonOperator): deduplicate_and_insert> on 2024-06-13 04:00:00+00:00
[2024-06-13T05:00:25.444+0000] {standard_task_runner.py:55} INFO - Started process 6705 to run task
[2024-06-13T05:00:25.449+0000] {standard_task_runner.py:82} INFO - Running: ['***', 'tasks', 'run', 'api_to_s3_to_redshift', 'deduplicate_and_insert', 'scheduled__2024-06-13T04:00:00+00:00', '--job-id', '112', '--raw', '--subdir', 'DAGS_FOLDER/test_redshift_real.py', '--cfg-path', '/tmp/tmpb321nls1']
[2024-06-13T05:00:25.450+0000] {standard_task_runner.py:83} INFO - Job 112: Subtask deduplicate_and_insert
[2024-06-13T05:00:25.612+0000] {task_command.py:388} INFO - Running <TaskInstance: api_to_s3_to_redshift.deduplicate_and_insert scheduled__2024-06-13T04:00:00+00:00 [running]> on host 51c81313d5fd
[2024-06-13T05:00:25.968+0000] {taskinstance.py:1509} INFO - Exporting the following env vars:
AIRFLOW_CTX_DAG_OWNER=***
AIRFLOW_CTX_DAG_ID=api_to_s3_to_redshift
AIRFLOW_CTX_TASK_ID=deduplicate_and_insert
AIRFLOW_CTX_EXECUTION_DATE=2024-06-13T04:00:00+00:00
AIRFLOW_CTX_TRY_NUMBER=1
AIRFLOW_CTX_DAG_RUN_ID=scheduled__2024-06-13T04:00:00+00:00
[2024-06-13T05:00:25.984+0000] {base.py:73} INFO - Using connection ID 'redshift_test_dev' for task execution.
[2024-06-13T05:00:37.688+0000] {python.py:177} INFO - Done. Returned value was: None
[2024-06-13T05:00:37.715+0000] {taskinstance.py:1323} INFO - Marking task as SUCCESS. dag_id=api_to_s3_to_redshift, task_id=deduplicate_and_insert, execution_date=20240613T040000, start_date=20240613T050025, end_date=20240613T050037
[2024-06-13T05:00:37.791+0000] {local_task_job.py:208} INFO - Task exited with return code 0
[2024-06-13T05:00:37.833+0000] {taskinstance.py:2578} INFO - 1 downstream tasks scheduled from follow-on schedule check
