[2024-07-20T05:33:55.074+0000] {taskinstance.py:1979} INFO - Dependencies all met for dep_context=non-requeueable deps ti=<TaskInstance: crawling_dag.read_s3_and_add_size_color manual__2024-07-20T05:29:59.320730+00:00 [queued]>
[2024-07-20T05:33:55.095+0000] {taskinstance.py:1979} INFO - Dependencies all met for dep_context=requeueable deps ti=<TaskInstance: crawling_dag.read_s3_and_add_size_color manual__2024-07-20T05:29:59.320730+00:00 [queued]>
[2024-07-20T05:33:55.095+0000] {taskinstance.py:2193} INFO - Starting attempt 1 of 2
[2024-07-20T05:33:55.126+0000] {taskinstance.py:2217} INFO - Executing <Task(PythonOperator): read_s3_and_add_size_color> on 2024-07-20 05:29:59.320730+00:00
[2024-07-20T05:33:55.136+0000] {standard_task_runner.py:60} INFO - Started process 209 to run task
[2024-07-20T05:33:55.142+0000] {standard_task_runner.py:87} INFO - Running: ['***', 'tasks', 'run', 'crawling_dag', 'read_s3_and_add_size_color', 'manual__2024-07-20T05:29:59.320730+00:00', '--job-id', '475', '--raw', '--subdir', 'DAGS_FOLDER/musinsa_dag.py', '--cfg-path', '/tmp/tmpd5un1t2h']
[2024-07-20T05:33:55.146+0000] {standard_task_runner.py:88} INFO - Job 475: Subtask read_s3_and_add_size_color
[2024-07-20T05:33:55.245+0000] {task_command.py:423} INFO - Running <TaskInstance: crawling_dag.read_s3_and_add_size_color manual__2024-07-20T05:29:59.320730+00:00 [running]> on host 23922dccf21d
[2024-07-20T05:33:55.402+0000] {taskinstance.py:2513} INFO - Exporting env vars: AIRFLOW_CTX_DAG_OWNER='***' AIRFLOW_CTX_DAG_ID='crawling_dag' AIRFLOW_CTX_TASK_ID='read_s3_and_add_size_color' AIRFLOW_CTX_EXECUTION_DATE='2024-07-20T05:29:59.320730+00:00' AIRFLOW_CTX_TRY_NUMBER='1' AIRFLOW_CTX_DAG_RUN_ID='manual__2024-07-20T05:29:59.320730+00:00'
[2024-07-20T05:33:55.443+0000] {base.py:83} INFO - Using connection ID 'aws_s3' for task execution.
[2024-07-20T05:33:55.445+0000] {connection_wrapper.py:384} INFO - AWS Connection (conn_id='aws_s3', conn_type='aws') credentials retrieved from login and password.
[2024-07-20T05:35:37.749+0000] {logging_mixin.py:188} INFO - Visited: https://www.musinsa.com/app/goods/2612829
[2024-07-20T05:35:40.425+0000] {logging_mixin.py:188} INFO - Element click intercepted on https://www.musinsa.com/app/goods/2612829 at div[35], trying next element.
[2024-07-20T05:35:41.094+0000] {logging_mixin.py:188} INFO - No button found on https://www.musinsa.com/app/goods/2612829
[2024-07-20T05:40:41.368+0000] {logging_mixin.py:188} INFO - Failed to visit https://www.musinsa.com/app/goods/1191407 due to Message: Could not start a new session. New session request timed out 
Host info: host: 'a1301bf4d1b1', ip: '172.19.0.4'
Build info: version: '4.22.0', revision: 'c5f3146703'
System info: os.name: 'Linux', os.arch: 'amd64', os.version: '5.15.146.1-microsoft-standard-WSL2', java.version: '17.0.11'
Driver info: driver.version: unknown
Stacktrace:
    at org.openqa.selenium.grid.sessionqueue.local.LocalNewSessionQueue.addToQueue (LocalNewSessionQueue.java:221)
    at org.openqa.selenium.grid.sessionqueue.NewSessionQueue.lambda$new$0 (NewSessionQueue.java:68)
    at org.openqa.selenium.remote.http.Route$TemplatizedRoute.handle (Route.java:192)
    at org.openqa.selenium.remote.http.Route.execute (Route.java:69)
    at org.openqa.selenium.remote.http.Route$CombinedRoute.handle (Route.java:360)
    at org.openqa.selenium.remote.http.Route.execute (Route.java:69)
    at org.openqa.selenium.grid.sessionqueue.NewSessionQueue.execute (NewSessionQueue.java:128)
    at org.openqa.selenium.remote.tracing.SpanWrappedHttpHandler.execute (SpanWrappedHttpHandler.java:87)
    at org.openqa.selenium.remote.http.Filter$1.execute (Filter.java:63)
    at org.openqa.selenium.remote.http.Route$CombinedRoute.handle (Route.java:360)
    at org.openqa.selenium.remote.http.Route.execute (Route.java:69)
    at org.openqa.selenium.grid.router.Router.execute (Router.java:87)
    at org.openqa.selenium.grid.web.EnsureSpecCompliantResponseHeaders.lambda$apply$0 (EnsureSpecCompliantResponseHeaders.java:34)
    at org.openqa.selenium.remote.http.Filter$1.execute (Filter.java:63)
    at org.openqa.selenium.remote.http.Route$CombinedRoute.handle (Route.java:360)
    at org.openqa.selenium.remote.http.Route.execute (Route.java:69)
    at org.openqa.selenium.remote.http.Route$NestedRoute.handle (Route.java:270)
    at org.openqa.selenium.remote.http.Route.execute (Route.java:69)
    at org.openqa.selenium.remote.http.Route$CombinedRoute.handle (Route.java:360)
    at org.openqa.selenium.remote.http.Route.execute (Route.java:69)
    at org.openqa.selenium.remote.AddWebDriverSpecHeaders.lambda$apply$0 (AddWebDriverSpecHeaders.java:35)
    at org.openqa.selenium.remote.ErrorFilter.lambda$apply$0 (ErrorFilter.java:44)
    at org.openqa.selenium.remote.http.Filter$1.execute (Filter.java:63)
    at org.openqa.selenium.remote.ErrorFilter.lambda$apply$0 (ErrorFilter.java:44)
    at org.openqa.selenium.remote.http.Filter$1.execute (Filter.java:63)
    at org.openqa.selenium.netty.server.SeleniumHandler.lambda$channelRead0$0 (SeleniumHandler.java:44)
    at java.util.concurrent.Executors$RunnableAdapter.call (None:-1)
    at java.util.concurrent.FutureTask.run (None:-1)
    at java.util.concurrent.ThreadPoolExecutor.runWorker (None:-1)
    at java.util.concurrent.ThreadPoolExecutor$Worker.run (None:-1)
    at java.lang.Thread.run (None:-1)
[2024-07-20T05:40:56.153+0000] {logging_mixin.py:188} INFO - Visited: https://www.musinsa.com/app/goods/1599217
[2024-07-20T05:40:58.730+0000] {logging_mixin.py:188} INFO - Element click intercepted on https://www.musinsa.com/app/goods/1599217 at div[36], trying next element.
[2024-07-20T05:40:59.036+0000] {logging_mixin.py:188} INFO - No button found on https://www.musinsa.com/app/goods/1599217
[2024-07-20T05:41:19.533+0000] {logging_mixin.py:188} INFO - Visited: https://www.musinsa.com/app/goods/2139143
[2024-07-20T05:41:23.121+0000] {logging_mixin.py:188} INFO - Element click intercepted on https://www.musinsa.com/app/goods/2139143 at div[35], trying next element.
[2024-07-20T05:41:23.741+0000] {logging_mixin.py:188} INFO - No button found on https://www.musinsa.com/app/goods/2139143
[2024-07-20T05:41:36.779+0000] {logging_mixin.py:188} INFO - Visited: https://www.musinsa.com/app/goods/1027576
[2024-07-20T05:41:40.877+0000] {logging_mixin.py:188} INFO - Element click intercepted on https://www.musinsa.com/app/goods/1027576 at div[31], trying next element.
[2024-07-20T05:41:43.218+0000] {logging_mixin.py:188} INFO - Clicked button at div[38] on https://www.musinsa.com/app/goods/1027576
[2024-07-20T05:41:43.836+0000] {logging_mixin.py:188} INFO - Clicked button 1 at div[40] on https://www.musinsa.com/app/goods/1027576
[2024-07-20T05:41:46.302+0000] {logging_mixin.py:188} INFO - Clicked button at div[40] on https://www.musinsa.com/app/goods/1027576
[2024-07-20T05:41:46.763+0000] {logging_mixin.py:188} INFO - test_option_1 for https://www.musinsa.com/app/goods/1027576: ['XS(품절)', 'S(마지막 1개)', 'M', 'L', 'XL']
[2024-07-20T05:41:46.764+0000] {logging_mixin.py:188} INFO - test_option_2 for https://www.musinsa.com/app/goods/1027576: ['0']
[2024-07-20T05:42:01.157+0000] {logging_mixin.py:188} INFO - Visited: https://www.musinsa.com/app/goods/746276
[2024-07-20T05:42:03.804+0000] {logging_mixin.py:188} INFO - Element click intercepted on https://www.musinsa.com/app/goods/746276 at div[36], trying next element.
[2024-07-20T05:42:04.414+0000] {logging_mixin.py:188} INFO - No button found on https://www.musinsa.com/app/goods/746276
[2024-07-20T05:42:05.869+0000] {logging_mixin.py:188} INFO - Updated data with size and color saved to S3
[2024-07-20T05:42:05.881+0000] {python.py:202} INFO - Done. Returned value was: None
[2024-07-20T05:42:05.926+0000] {taskinstance.py:1149} INFO - Marking task as SUCCESS. dag_id=crawling_dag, task_id=read_s3_and_add_size_color, execution_date=20240720T052959, start_date=20240720T053355, end_date=20240720T054205
[2024-07-20T05:42:06.023+0000] {local_task_job_runner.py:234} INFO - Task exited with return code 0
[2024-07-20T05:42:06.097+0000] {taskinstance.py:3312} INFO - 0 downstream tasks scheduled from follow-on schedule check
