[2024-06-12T07:35:04.307+0000] {taskinstance.py:1083} INFO - Dependencies all met for <TaskInstance: api_to_s3_to_redshift.fetch_api_data manual__2024-06-12T07:35:00.678958+00:00 [queued]>
[2024-06-12T07:35:04.331+0000] {taskinstance.py:1083} INFO - Dependencies all met for <TaskInstance: api_to_s3_to_redshift.fetch_api_data manual__2024-06-12T07:35:00.678958+00:00 [queued]>
[2024-06-12T07:35:04.332+0000] {taskinstance.py:1279} INFO - 
--------------------------------------------------------------------------------
[2024-06-12T07:35:04.332+0000] {taskinstance.py:1280} INFO - Starting attempt 1 of 2
[2024-06-12T07:35:04.333+0000] {taskinstance.py:1281} INFO - 
--------------------------------------------------------------------------------
[2024-06-12T07:35:04.381+0000] {taskinstance.py:1300} INFO - Executing <Task(PythonOperator): fetch_api_data> on 2024-06-12 07:35:00.678958+00:00
[2024-06-12T07:35:04.396+0000] {standard_task_runner.py:55} INFO - Started process 7173 to run task
[2024-06-12T07:35:04.402+0000] {standard_task_runner.py:82} INFO - Running: ['***', 'tasks', 'run', 'api_to_s3_to_redshift', 'fetch_api_data', 'manual__2024-06-12T07:35:00.678958+00:00', '--job-id', '17', '--raw', '--subdir', 'DAGS_FOLDER/test_redshift_real.py', '--cfg-path', '/tmp/tmp_1kwajd0']
[2024-06-12T07:35:04.403+0000] {standard_task_runner.py:83} INFO - Job 17: Subtask fetch_api_data
[2024-06-12T07:35:04.700+0000] {task_command.py:388} INFO - Running <TaskInstance: api_to_s3_to_redshift.fetch_api_data manual__2024-06-12T07:35:00.678958+00:00 [running]> on host be394f3a6896
[2024-06-12T07:35:04.884+0000] {taskinstance.py:1509} INFO - Exporting the following env vars:
AIRFLOW_CTX_DAG_OWNER=***
AIRFLOW_CTX_DAG_ID=api_to_s3_to_redshift
AIRFLOW_CTX_TASK_ID=fetch_api_data
AIRFLOW_CTX_EXECUTION_DATE=2024-06-12T07:35:00.678958+00:00
AIRFLOW_CTX_TRY_NUMBER=1
AIRFLOW_CTX_DAG_RUN_ID=manual__2024-06-12T07:35:00.678958+00:00
[2024-06-12T07:35:05.365+0000] {python.py:177} INFO - Done. Returned value was: /opt/***/api_data.csv
[2024-06-12T07:35:05.427+0000] {taskinstance.py:1323} INFO - Marking task as SUCCESS. dag_id=api_to_s3_to_redshift, task_id=fetch_api_data, execution_date=20240612T073500, start_date=20240612T073504, end_date=20240612T073505
[2024-06-12T07:35:05.500+0000] {local_task_job.py:208} INFO - Task exited with return code 0
[2024-06-12T07:35:05.573+0000] {taskinstance.py:2578} INFO - 1 downstream tasks scheduled from follow-on schedule check
