[2024-06-13T04:04:14.494+0000] {taskinstance.py:1083} INFO - Dependencies all met for <TaskInstance: api_to_s3_to_redshift.fetch_api_data scheduled__2024-06-13T03:00:00+00:00 [queued]>
[2024-06-13T04:04:14.515+0000] {taskinstance.py:1083} INFO - Dependencies all met for <TaskInstance: api_to_s3_to_redshift.fetch_api_data scheduled__2024-06-13T03:00:00+00:00 [queued]>
[2024-06-13T04:04:14.516+0000] {taskinstance.py:1279} INFO - 
--------------------------------------------------------------------------------
[2024-06-13T04:04:14.517+0000] {taskinstance.py:1280} INFO - Starting attempt 1 of 2
[2024-06-13T04:04:14.517+0000] {taskinstance.py:1281} INFO - 
--------------------------------------------------------------------------------
[2024-06-13T04:04:14.553+0000] {taskinstance.py:1300} INFO - Executing <Task(PythonOperator): fetch_api_data> on 2024-06-13 03:00:00+00:00
[2024-06-13T04:04:14.576+0000] {standard_task_runner.py:55} INFO - Started process 88 to run task
[2024-06-13T04:04:14.629+0000] {standard_task_runner.py:82} INFO - Running: ['***', 'tasks', 'run', 'api_to_s3_to_redshift', 'fetch_api_data', 'scheduled__2024-06-13T03:00:00+00:00', '--job-id', '80', '--raw', '--subdir', 'DAGS_FOLDER/test_redshift_real.py', '--cfg-path', '/tmp/tmpe89jv04v']
[2024-06-13T04:04:14.630+0000] {standard_task_runner.py:83} INFO - Job 80: Subtask fetch_api_data
[2024-06-13T04:04:14.899+0000] {task_command.py:388} INFO - Running <TaskInstance: api_to_s3_to_redshift.fetch_api_data scheduled__2024-06-13T03:00:00+00:00 [running]> on host 51c81313d5fd
[2024-06-13T04:04:15.062+0000] {taskinstance.py:1509} INFO - Exporting the following env vars:
AIRFLOW_CTX_DAG_OWNER=***
AIRFLOW_CTX_DAG_ID=api_to_s3_to_redshift
AIRFLOW_CTX_TASK_ID=fetch_api_data
AIRFLOW_CTX_EXECUTION_DATE=2024-06-13T03:00:00+00:00
AIRFLOW_CTX_TRY_NUMBER=1
AIRFLOW_CTX_DAG_RUN_ID=scheduled__2024-06-13T03:00:00+00:00
[2024-06-13T04:04:15.493+0000] {python.py:177} INFO - Done. Returned value was: /opt/***/api_data.csv
[2024-06-13T04:04:15.556+0000] {taskinstance.py:1323} INFO - Marking task as SUCCESS. dag_id=api_to_s3_to_redshift, task_id=fetch_api_data, execution_date=20240613T030000, start_date=20240613T040414, end_date=20240613T040415
[2024-06-13T04:04:15.630+0000] {local_task_job.py:208} INFO - Task exited with return code 0
[2024-06-13T04:04:15.741+0000] {taskinstance.py:2578} INFO - 1 downstream tasks scheduled from follow-on schedule check
