[2024-06-16T08:00:21.842+0000] {taskinstance.py:1103} INFO - Dependencies all met for dep_context=non-requeueable deps ti=<TaskInstance: dust_data_pipeline.ETL.populate_ultradust_summary_table scheduled__2024-06-16T07:00:00+00:00 [queued]>
[2024-06-16T08:00:21.857+0000] {taskinstance.py:1103} INFO - Dependencies all met for dep_context=requeueable deps ti=<TaskInstance: dust_data_pipeline.ETL.populate_ultradust_summary_table scheduled__2024-06-16T07:00:00+00:00 [queued]>
[2024-06-16T08:00:21.858+0000] {taskinstance.py:1308} INFO - Starting attempt 1 of 2
[2024-06-16T08:00:21.878+0000] {taskinstance.py:1327} INFO - Executing <Task(PythonOperator): ETL.populate_ultradust_summary_table> on 2024-06-16 07:00:00+00:00
[2024-06-16T08:00:21.886+0000] {standard_task_runner.py:57} INFO - Started process 1913 to run task
[2024-06-16T08:00:21.897+0000] {standard_task_runner.py:84} INFO - Running: ['***', 'tasks', 'run', 'dust_data_pipeline', 'ETL.populate_ultradust_summary_table', 'scheduled__2024-06-16T07:00:00+00:00', '--job-id', '332', '--raw', '--subdir', 'DAGS_FOLDER/test_redshift_real_v3.py', '--cfg-path', '/tmp/tmpsb0x9edf']
[2024-06-16T08:00:21.900+0000] {standard_task_runner.py:85} INFO - Job 332: Subtask ETL.populate_ultradust_summary_table
[2024-06-16T08:00:22.151+0000] {task_command.py:410} INFO - Running <TaskInstance: dust_data_pipeline.ETL.populate_ultradust_summary_table scheduled__2024-06-16T07:00:00+00:00 [running]> on host bbfd9dfd7368
[2024-06-16T08:00:22.367+0000] {taskinstance.py:1547} INFO - Exporting env vars: AIRFLOW_CTX_DAG_OWNER='***' AIRFLOW_CTX_DAG_ID='dust_data_pipeline' AIRFLOW_CTX_TASK_ID='ETL.populate_ultradust_summary_table' AIRFLOW_CTX_EXECUTION_DATE='2024-06-16T07:00:00+00:00' AIRFLOW_CTX_TRY_NUMBER='1' AIRFLOW_CTX_DAG_RUN_ID='scheduled__2024-06-16T07:00:00+00:00'
[2024-06-16T08:00:22.410+0000] {base.py:73} INFO - Using connection ID 'redshift_test_dev' for task execution.
[2024-06-16T08:00:22.892+0000] {sql.py:375} INFO - Running statement: 
    DROP TABLE IF EXISTS yusuyeon678.seoul_ultradust_summary;
    CREATE TABLE yusuyeon678.seoul_ultradust_summary (
        date TIMESTAMP primary key,
        ultradust FLOAT NOT NULL
    );
    , parameters: None
[2024-06-16T08:00:23.098+0000] {base.py:73} INFO - Using connection ID 'redshift_test_dev' for task execution.
[2024-06-16T08:00:23.530+0000] {sql.py:375} INFO - Running statement: 
    INSERT INTO yusuyeon678.seoul_ultradust_summary (date, ultradust)
    SELECT
        date,
        ROUND(AVG(ultradust), 2) AS ultradust
    FROM yusuyeon678.raw_data
    GROUP BY date;
    , parameters: None
[2024-06-16T08:00:23.739+0000] {sql.py:384} INFO - Rows affected: 19
[2024-06-16T08:00:23.873+0000] {python.py:183} INFO - Done. Returned value was: None
[2024-06-16T08:00:23.883+0000] {taskinstance.py:1350} INFO - Marking task as SUCCESS. dag_id=dust_data_pipeline, task_id=ETL.populate_ultradust_summary_table, execution_date=20240616T070000, start_date=20240616T080021, end_date=20240616T080023
[2024-06-16T08:00:23.916+0000] {local_task_job_runner.py:225} INFO - Task exited with return code 0
[2024-06-16T08:00:23.935+0000] {taskinstance.py:2653} INFO - 0 downstream tasks scheduled from follow-on schedule check
