[2024-06-13T04:04:19.862+0000] {taskinstance.py:1083} INFO - Dependencies all met for <TaskInstance: api_to_s3_to_redshift.upload_to_s3 scheduled__2024-06-13T02:00:00+00:00 [queued]>
[2024-06-13T04:04:19.886+0000] {taskinstance.py:1083} INFO - Dependencies all met for <TaskInstance: api_to_s3_to_redshift.upload_to_s3 scheduled__2024-06-13T02:00:00+00:00 [queued]>
[2024-06-13T04:04:19.887+0000] {taskinstance.py:1279} INFO - 
--------------------------------------------------------------------------------
[2024-06-13T04:04:19.887+0000] {taskinstance.py:1280} INFO - Starting attempt 1 of 2
[2024-06-13T04:04:19.887+0000] {taskinstance.py:1281} INFO - 
--------------------------------------------------------------------------------
[2024-06-13T04:04:19.929+0000] {taskinstance.py:1300} INFO - Executing <Task(LocalFilesystemToS3Operator): upload_to_s3> on 2024-06-13 02:00:00+00:00
[2024-06-13T04:04:19.938+0000] {standard_task_runner.py:55} INFO - Started process 104 to run task
[2024-06-13T04:04:19.946+0000] {standard_task_runner.py:82} INFO - Running: ['***', 'tasks', 'run', 'api_to_s3_to_redshift', 'upload_to_s3', 'scheduled__2024-06-13T02:00:00+00:00', '--job-id', '84', '--raw', '--subdir', 'DAGS_FOLDER/test_redshift_real.py', '--cfg-path', '/tmp/tmp_0iq965s']
[2024-06-13T04:04:19.947+0000] {standard_task_runner.py:83} INFO - Job 84: Subtask upload_to_s3
[2024-06-13T04:04:20.115+0000] {task_command.py:388} INFO - Running <TaskInstance: api_to_s3_to_redshift.upload_to_s3 scheduled__2024-06-13T02:00:00+00:00 [running]> on host 51c81313d5fd
[2024-06-13T04:04:20.333+0000] {taskinstance.py:1509} INFO - Exporting the following env vars:
AIRFLOW_CTX_DAG_OWNER=***
AIRFLOW_CTX_DAG_ID=api_to_s3_to_redshift
AIRFLOW_CTX_TASK_ID=upload_to_s3
AIRFLOW_CTX_EXECUTION_DATE=2024-06-13T02:00:00+00:00
AIRFLOW_CTX_TRY_NUMBER=1
AIRFLOW_CTX_DAG_RUN_ID=scheduled__2024-06-13T02:00:00+00:00
[2024-06-13T04:04:20.365+0000] {base.py:73} INFO - Using connection ID 'aws_s3' for task execution.
[2024-06-13T04:04:20.366+0000] {connection_wrapper.py:334} INFO - AWS Connection (conn_id='aws_s3', conn_type='aws') credentials retrieved from login and password.
[2024-06-13T04:04:22.386+0000] {taskinstance.py:1323} INFO - Marking task as SUCCESS. dag_id=api_to_s3_to_redshift, task_id=upload_to_s3, execution_date=20240613T020000, start_date=20240613T040419, end_date=20240613T040422
[2024-06-13T04:04:22.450+0000] {local_task_job.py:208} INFO - Task exited with return code 0
[2024-06-13T04:04:22.486+0000] {taskinstance.py:2578} INFO - 1 downstream tasks scheduled from follow-on schedule check
