[2024-06-12T08:15:33.659+0000] {taskinstance.py:1083} INFO - Dependencies all met for <TaskInstance: api_to_s3_to_redshift.upload_to_s3 manual__2024-06-12T08:15:25.203379+00:00 [queued]>
[2024-06-12T08:15:33.685+0000] {taskinstance.py:1083} INFO - Dependencies all met for <TaskInstance: api_to_s3_to_redshift.upload_to_s3 manual__2024-06-12T08:15:25.203379+00:00 [queued]>
[2024-06-12T08:15:33.685+0000] {taskinstance.py:1279} INFO - 
--------------------------------------------------------------------------------
[2024-06-12T08:15:33.686+0000] {taskinstance.py:1280} INFO - Starting attempt 1 of 2
[2024-06-12T08:15:33.686+0000] {taskinstance.py:1281} INFO - 
--------------------------------------------------------------------------------
[2024-06-12T08:15:33.741+0000] {taskinstance.py:1300} INFO - Executing <Task(LocalFilesystemToS3Operator): upload_to_s3> on 2024-06-12 08:15:25.203379+00:00
[2024-06-12T08:15:33.757+0000] {standard_task_runner.py:55} INFO - Started process 11361 to run task
[2024-06-12T08:15:33.773+0000] {standard_task_runner.py:82} INFO - Running: ['***', 'tasks', 'run', 'api_to_s3_to_redshift', 'upload_to_s3', 'manual__2024-06-12T08:15:25.203379+00:00', '--job-id', '53', '--raw', '--subdir', 'DAGS_FOLDER/test_redshift_real.py', '--cfg-path', '/tmp/tmppj3freab']
[2024-06-12T08:15:33.774+0000] {standard_task_runner.py:83} INFO - Job 53: Subtask upload_to_s3
[2024-06-12T08:15:33.992+0000] {task_command.py:388} INFO - Running <TaskInstance: api_to_s3_to_redshift.upload_to_s3 manual__2024-06-12T08:15:25.203379+00:00 [running]> on host be394f3a6896
[2024-06-12T08:15:34.266+0000] {taskinstance.py:1509} INFO - Exporting the following env vars:
AIRFLOW_CTX_DAG_OWNER=***
AIRFLOW_CTX_DAG_ID=api_to_s3_to_redshift
AIRFLOW_CTX_TASK_ID=upload_to_s3
AIRFLOW_CTX_EXECUTION_DATE=2024-06-12T08:15:25.203379+00:00
AIRFLOW_CTX_TRY_NUMBER=1
AIRFLOW_CTX_DAG_RUN_ID=manual__2024-06-12T08:15:25.203379+00:00
[2024-06-12T08:15:34.305+0000] {base.py:73} INFO - Using connection ID 'aws_s3' for task execution.
[2024-06-12T08:15:34.306+0000] {connection_wrapper.py:334} INFO - AWS Connection (conn_id='aws_s3', conn_type='aws') credentials retrieved from login and password.
[2024-06-12T08:15:35.966+0000] {taskinstance.py:1323} INFO - Marking task as SUCCESS. dag_id=api_to_s3_to_redshift, task_id=upload_to_s3, execution_date=20240612T081525, start_date=20240612T081533, end_date=20240612T081535
[2024-06-12T08:15:36.045+0000] {local_task_job.py:208} INFO - Task exited with return code 0
[2024-06-12T08:15:36.113+0000] {taskinstance.py:2578} INFO - 1 downstream tasks scheduled from follow-on schedule check
