[2024-07-20T05:35:26.378+0000] {taskinstance.py:1979} INFO - Dependencies all met for dep_context=non-requeueable deps ti=<TaskInstance: crawling_dag.read_s3_and_add_size_color manual__2024-07-20T05:25:15.668861+00:00 [queued]>
[2024-07-20T05:35:26.418+0000] {taskinstance.py:1979} INFO - Dependencies all met for dep_context=requeueable deps ti=<TaskInstance: crawling_dag.read_s3_and_add_size_color manual__2024-07-20T05:25:15.668861+00:00 [queued]>
[2024-07-20T05:35:26.419+0000] {taskinstance.py:2193} INFO - Starting attempt 1 of 2
[2024-07-20T05:35:26.472+0000] {taskinstance.py:2217} INFO - Executing <Task(PythonOperator): read_s3_and_add_size_color> on 2024-07-20 05:25:15.668861+00:00
[2024-07-20T05:35:26.488+0000] {standard_task_runner.py:60} INFO - Started process 236 to run task
[2024-07-20T05:35:26.498+0000] {standard_task_runner.py:87} INFO - Running: ['***', 'tasks', 'run', 'crawling_dag', 'read_s3_and_add_size_color', 'manual__2024-07-20T05:25:15.668861+00:00', '--job-id', '476', '--raw', '--subdir', 'DAGS_FOLDER/musinsa_dag.py', '--cfg-path', '/tmp/tmps15qj51b']
[2024-07-20T05:35:26.504+0000] {standard_task_runner.py:88} INFO - Job 476: Subtask read_s3_and_add_size_color
[2024-07-20T05:35:26.622+0000] {task_command.py:423} INFO - Running <TaskInstance: crawling_dag.read_s3_and_add_size_color manual__2024-07-20T05:25:15.668861+00:00 [running]> on host 23922dccf21d
[2024-07-20T05:35:26.826+0000] {taskinstance.py:2513} INFO - Exporting env vars: AIRFLOW_CTX_DAG_OWNER='***' AIRFLOW_CTX_DAG_ID='crawling_dag' AIRFLOW_CTX_TASK_ID='read_s3_and_add_size_color' AIRFLOW_CTX_EXECUTION_DATE='2024-07-20T05:25:15.668861+00:00' AIRFLOW_CTX_TRY_NUMBER='1' AIRFLOW_CTX_DAG_RUN_ID='manual__2024-07-20T05:25:15.668861+00:00'
[2024-07-20T05:35:26.858+0000] {base.py:83} INFO - Using connection ID 'aws_s3' for task execution.
[2024-07-20T05:35:26.861+0000] {connection_wrapper.py:384} INFO - AWS Connection (conn_id='aws_s3', conn_type='aws') credentials retrieved from login and password.
[2024-07-20T05:35:41.783+0000] {local_task_job_runner.py:302} WARNING - State of this instance has been externally set to restarting. Terminating instance.
[2024-07-20T05:35:41.796+0000] {process_utils.py:131} INFO - Sending 15 to group 236. PIDs of all processes in the group: [236]
[2024-07-20T05:35:41.798+0000] {process_utils.py:86} INFO - Sending the signal 15 to group 236
[2024-07-20T05:35:41.800+0000] {taskinstance.py:2483} ERROR - Received SIGTERM. Terminating subprocesses.
[2024-07-20T05:35:41.803+0000] {logging_mixin.py:188} INFO - Failed to visit https://www.musinsa.com/app/goods/2612829 due to Task received SIGTERM signal
[2024-07-20T05:36:41.799+0000] {process_utils.py:149} WARNING - process psutil.Process(pid=236, name='airflow task ru', status='sleeping', started='05:35:25') did not respond to SIGTERM. Trying SIGKILL
[2024-07-20T05:36:41.803+0000] {process_utils.py:86} INFO - Sending the signal 9 to group 236
[2024-07-20T05:36:41.858+0000] {process_utils.py:79} INFO - Process psutil.Process(pid=236, name='airflow task ru', status='terminated', exitcode=<Negsignal.SIGKILL: -9>, started='05:35:25') (236) terminated with exit code -9
[2024-07-20T05:36:41.860+0000] {standard_task_runner.py:175} ERROR - Job 476 was killed before it finished (likely due to running out of memory)
