[2024-06-16T08:00:23.234+0000] {taskinstance.py:1103} INFO - Dependencies all met for dep_context=non-requeueable deps ti=<TaskInstance: dust_data_pipeline.ETL.populate_dust_summary_table scheduled__2024-06-16T07:00:00+00:00 [queued]>
[2024-06-16T08:00:23.252+0000] {taskinstance.py:1103} INFO - Dependencies all met for dep_context=requeueable deps ti=<TaskInstance: dust_data_pipeline.ETL.populate_dust_summary_table scheduled__2024-06-16T07:00:00+00:00 [queued]>
[2024-06-16T08:00:23.252+0000] {taskinstance.py:1308} INFO - Starting attempt 1 of 2
[2024-06-16T08:00:23.278+0000] {taskinstance.py:1327} INFO - Executing <Task(PythonOperator): ETL.populate_dust_summary_table> on 2024-06-16 07:00:00+00:00
[2024-06-16T08:00:23.287+0000] {standard_task_runner.py:57} INFO - Started process 1915 to run task
[2024-06-16T08:00:23.301+0000] {standard_task_runner.py:84} INFO - Running: ['***', 'tasks', 'run', 'dust_data_pipeline', 'ETL.populate_dust_summary_table', 'scheduled__2024-06-16T07:00:00+00:00', '--job-id', '334', '--raw', '--subdir', 'DAGS_FOLDER/test_redshift_real_v3.py', '--cfg-path', '/tmp/tmp9y8mihsh']
[2024-06-16T08:00:23.303+0000] {standard_task_runner.py:85} INFO - Job 334: Subtask ETL.populate_dust_summary_table
[2024-06-16T08:00:23.501+0000] {task_command.py:410} INFO - Running <TaskInstance: dust_data_pipeline.ETL.populate_dust_summary_table scheduled__2024-06-16T07:00:00+00:00 [running]> on host bbfd9dfd7368
[2024-06-16T08:00:23.672+0000] {taskinstance.py:1547} INFO - Exporting env vars: AIRFLOW_CTX_DAG_OWNER='***' AIRFLOW_CTX_DAG_ID='dust_data_pipeline' AIRFLOW_CTX_TASK_ID='ETL.populate_dust_summary_table' AIRFLOW_CTX_EXECUTION_DATE='2024-06-16T07:00:00+00:00' AIRFLOW_CTX_TRY_NUMBER='1' AIRFLOW_CTX_DAG_RUN_ID='scheduled__2024-06-16T07:00:00+00:00'
[2024-06-16T08:00:23.699+0000] {base.py:73} INFO - Using connection ID 'redshift_test_dev' for task execution.
[2024-06-16T08:00:24.096+0000] {sql.py:375} INFO - Running statement: 
    DROP TABLE IF EXISTS yusuyeon678.seoul_dust_summary;
    CREATE TABLE yusuyeon678.seoul_dust_summary (
        date TIMESTAMP primary key,
        dust FLOAT NOT NULL
    );
    , parameters: None
[2024-06-16T08:00:24.350+0000] {base.py:73} INFO - Using connection ID 'redshift_test_dev' for task execution.
[2024-06-16T08:00:24.731+0000] {sql.py:375} INFO - Running statement: 
    INSERT INTO yusuyeon678.seoul_dust_summary (date, dust)
    SELECT
        date,
        ROUND(AVG(dust), 2) AS dust
    FROM yusuyeon678.raw_data
    GROUP BY date;
    , parameters: None
[2024-06-16T08:00:24.963+0000] {sql.py:384} INFO - Rows affected: 19
[2024-06-16T08:00:25.120+0000] {python.py:183} INFO - Done. Returned value was: None
[2024-06-16T08:00:25.138+0000] {taskinstance.py:1350} INFO - Marking task as SUCCESS. dag_id=dust_data_pipeline, task_id=ETL.populate_dust_summary_table, execution_date=20240616T070000, start_date=20240616T080023, end_date=20240616T080025
[2024-06-16T08:00:25.204+0000] {local_task_job_runner.py:225} INFO - Task exited with return code 0
[2024-06-16T08:00:25.225+0000] {taskinstance.py:2653} INFO - 0 downstream tasks scheduled from follow-on schedule check
