[2024-06-14T07:49:10.656+0000] {taskinstance.py:1103} INFO - Dependencies all met for dep_context=non-requeueable deps ti=<TaskInstance: api_to_s3_to_redshift.create_temp_redshift_table scheduled__2024-06-14T06:00:00+00:00 [queued]>
[2024-06-14T07:49:10.676+0000] {taskinstance.py:1103} INFO - Dependencies all met for dep_context=requeueable deps ti=<TaskInstance: api_to_s3_to_redshift.create_temp_redshift_table scheduled__2024-06-14T06:00:00+00:00 [queued]>
[2024-06-14T07:49:10.677+0000] {taskinstance.py:1308} INFO - Starting attempt 1 of 2
[2024-06-14T07:49:10.718+0000] {taskinstance.py:1327} INFO - Executing <Task(PythonOperator): create_temp_redshift_table> on 2024-06-14 06:00:00+00:00
[2024-06-14T07:49:10.728+0000] {standard_task_runner.py:57} INFO - Started process 182 to run task
[2024-06-14T07:49:10.733+0000] {standard_task_runner.py:84} INFO - Running: ['***', 'tasks', 'run', 'api_to_s3_to_redshift', 'create_temp_redshift_table', 'scheduled__2024-06-14T06:00:00+00:00', '--job-id', '234', '--raw', '--subdir', 'DAGS_FOLDER/test_redshift_real.py', '--cfg-path', '/tmp/tmp47vbk4us']
[2024-06-14T07:49:10.745+0000] {standard_task_runner.py:85} INFO - Job 234: Subtask create_temp_redshift_table
[2024-06-14T07:49:10.811+0000] {task_command.py:410} INFO - Running <TaskInstance: api_to_s3_to_redshift.create_temp_redshift_table scheduled__2024-06-14T06:00:00+00:00 [running]> on host 9949536f6ac7
[2024-06-14T07:49:10.969+0000] {taskinstance.py:1547} INFO - Exporting env vars: AIRFLOW_CTX_DAG_OWNER='***' AIRFLOW_CTX_DAG_ID='api_to_s3_to_redshift' AIRFLOW_CTX_TASK_ID='create_temp_redshift_table' AIRFLOW_CTX_EXECUTION_DATE='2024-06-14T06:00:00+00:00' AIRFLOW_CTX_TRY_NUMBER='1' AIRFLOW_CTX_DAG_RUN_ID='scheduled__2024-06-14T06:00:00+00:00'
[2024-06-14T07:49:10.989+0000] {base.py:73} INFO - Using connection ID 'redshift_test_dev' for task execution.
[2024-06-14T07:49:11.212+0000] {sql.py:375} INFO - Running statement: 
        CREATE TABLE IF NOT EXISTS yusuyeon678.api_raw_data_temp (
            date BIGINT NOT NULL,
            region_code INT NOT NULL,
            region_name VARCHAR(20) NOT NULL,
            office_code INT NOT NULL,
            office_name VARCHAR(20) NOT NULL,
            dust FLOAT NOT NULL,
            dust_24h FLOAT NOT NULL,
            ultradust FLOAT NOT NULL,
            O3 FLOAT NOT NULL,
            NO2 FLOAT NOT NULL,
            CO FLOAT NOT NULL,
            SO2 FLOAT NOT NULL
        );
        , parameters: None
[2024-06-14T07:49:11.297+0000] {python.py:183} INFO - Done. Returned value was: None
[2024-06-14T07:49:11.321+0000] {taskinstance.py:1350} INFO - Marking task as SUCCESS. dag_id=api_to_s3_to_redshift, task_id=create_temp_redshift_table, execution_date=20240614T060000, start_date=20240614T074910, end_date=20240614T074911
[2024-06-14T07:49:11.356+0000] {local_task_job_runner.py:225} INFO - Task exited with return code 0
[2024-06-14T07:49:11.411+0000] {taskinstance.py:2653} INFO - 1 downstream tasks scheduled from follow-on schedule check
