[2024-06-16T04:20:36.179+0000] {taskinstance.py:1103} INFO - Dependencies all met for dep_context=non-requeueable deps ti=<TaskInstance: dust_data_pipeline.ELT.data_loading.load_data_into_raw_data_temp scheduled__2024-06-16T03:00:00+00:00 [queued]>
[2024-06-16T04:20:36.190+0000] {taskinstance.py:1103} INFO - Dependencies all met for dep_context=requeueable deps ti=<TaskInstance: dust_data_pipeline.ELT.data_loading.load_data_into_raw_data_temp scheduled__2024-06-16T03:00:00+00:00 [queued]>
[2024-06-16T04:20:36.190+0000] {taskinstance.py:1308} INFO - Starting attempt 1 of 2
[2024-06-16T04:20:36.208+0000] {taskinstance.py:1327} INFO - Executing <Task(PythonOperator): ELT.data_loading.load_data_into_raw_data_temp> on 2024-06-16 03:00:00+00:00
[2024-06-16T04:20:36.217+0000] {standard_task_runner.py:57} INFO - Started process 111 to run task
[2024-06-16T04:20:36.221+0000] {standard_task_runner.py:84} INFO - Running: ['***', 'tasks', 'run', 'dust_data_pipeline', 'ELT.data_loading.load_data_into_raw_data_temp', 'scheduled__2024-06-16T03:00:00+00:00', '--job-id', '282', '--raw', '--subdir', 'DAGS_FOLDER/test_redshift_real_v3.py', '--cfg-path', '/tmp/tmpv03flj36']
[2024-06-16T04:20:36.222+0000] {standard_task_runner.py:85} INFO - Job 282: Subtask ELT.data_loading.load_data_into_raw_data_temp
[2024-06-16T04:20:36.287+0000] {task_command.py:410} INFO - Running <TaskInstance: dust_data_pipeline.ELT.data_loading.load_data_into_raw_data_temp scheduled__2024-06-16T03:00:00+00:00 [running]> on host 2c7bc140ebc2
[2024-06-16T04:20:36.401+0000] {taskinstance.py:1547} INFO - Exporting env vars: AIRFLOW_CTX_DAG_OWNER='***' AIRFLOW_CTX_DAG_ID='dust_data_pipeline' AIRFLOW_CTX_TASK_ID='ELT.data_loading.load_data_into_raw_data_temp' AIRFLOW_CTX_EXECUTION_DATE='2024-06-16T03:00:00+00:00' AIRFLOW_CTX_TRY_NUMBER='1' AIRFLOW_CTX_DAG_RUN_ID='scheduled__2024-06-16T03:00:00+00:00'
[2024-06-16T04:20:36.417+0000] {base.py:73} INFO - Using connection ID 'aws_s3' for task execution.
[2024-06-16T04:20:36.417+0000] {connection_wrapper.py:337} INFO - AWS Connection (conn_id='aws_s3', conn_type='aws') credentials retrieved from login and password.
[2024-06-16T04:20:36.440+0000] {base.py:73} INFO - Using connection ID 'redshift_test_dev' for task execution.
[2024-06-16T04:20:36.550+0000] {sql.py:375} INFO - Running statement: 
    COPY yusuyeon678.api_raw_data_temp
    FROM 's3://dust-dag/dataSource/api_raw_data.csv'
    credentials
    'aws_access_key_id=AKIAZQ3DNY2P6X5UNXUG;aws_secret_access_key=***'
    csv
    IGNOREHEADER 1;
    , parameters: None
[2024-06-16T04:20:36.905+0000] {python.py:183} INFO - Done. Returned value was: None
[2024-06-16T04:20:36.922+0000] {taskinstance.py:1350} INFO - Marking task as SUCCESS. dag_id=dust_data_pipeline, task_id=ELT.data_loading.load_data_into_raw_data_temp, execution_date=20240616T030000, start_date=20240616T042036, end_date=20240616T042036
[2024-06-16T04:20:36.955+0000] {local_task_job_runner.py:225} INFO - Task exited with return code 0
[2024-06-16T04:20:37.007+0000] {taskinstance.py:2653} INFO - 1 downstream tasks scheduled from follow-on schedule check
