[2024-06-14T08:45:27.602+0000] {taskinstance.py:1103} INFO - Dependencies all met for dep_context=non-requeueable deps ti=<TaskInstance: api_to_s3_to_redshift_v3.ETL.populate_region_table manual__2024-06-14T08:44:57.461130+00:00 [queued]>
[2024-06-14T08:45:27.614+0000] {taskinstance.py:1103} INFO - Dependencies all met for dep_context=requeueable deps ti=<TaskInstance: api_to_s3_to_redshift_v3.ETL.populate_region_table manual__2024-06-14T08:44:57.461130+00:00 [queued]>
[2024-06-14T08:45:27.614+0000] {taskinstance.py:1308} INFO - Starting attempt 1 of 2
[2024-06-14T08:45:27.686+0000] {taskinstance.py:1327} INFO - Executing <Task(PythonOperator): ETL.populate_region_table> on 2024-06-14 08:44:57.461130+00:00
[2024-06-14T08:45:27.695+0000] {standard_task_runner.py:57} INFO - Started process 1215 to run task
[2024-06-14T08:45:27.699+0000] {standard_task_runner.py:84} INFO - Running: ['***', 'tasks', 'run', 'api_to_s3_to_redshift_v3', 'ETL.populate_region_table', 'manual__2024-06-14T08:44:57.461130+00:00', '--job-id', '262', '--raw', '--subdir', 'DAGS_FOLDER/test_redshift_real_v3.py', '--cfg-path', '/tmp/tmpkx6j3obb']
[2024-06-14T08:45:27.700+0000] {standard_task_runner.py:85} INFO - Job 262: Subtask ETL.populate_region_table
[2024-06-14T08:45:27.765+0000] {task_command.py:410} INFO - Running <TaskInstance: api_to_s3_to_redshift_v3.ETL.populate_region_table manual__2024-06-14T08:44:57.461130+00:00 [running]> on host 9949536f6ac7
[2024-06-14T08:45:27.866+0000] {taskinstance.py:1547} INFO - Exporting env vars: AIRFLOW_CTX_DAG_OWNER='***' AIRFLOW_CTX_DAG_ID='api_to_s3_to_redshift_v3' AIRFLOW_CTX_TASK_ID='ETL.populate_region_table' AIRFLOW_CTX_EXECUTION_DATE='2024-06-14T08:44:57.461130+00:00' AIRFLOW_CTX_TRY_NUMBER='1' AIRFLOW_CTX_DAG_RUN_ID='manual__2024-06-14T08:44:57.461130+00:00'
[2024-06-14T08:45:27.879+0000] {base.py:73} INFO - Using connection ID 'redshift_test_dev' for task execution.
[2024-06-14T08:45:28.485+0000] {sql.py:375} INFO - Running statement: 
    DROP TABLE IF EXISTS yusuyeon678.group_by_region;
    CREATE TABLE yusuyeon678.group_by_region (
        date TIMESTAMP NOT NULL,
        region_code INT NOT NULL,
        region_name VARCHAR(20) NOT NULL,
        dust FLOAT NOT NULL,
        ultradust FLOAT NOT NULL,
        O3 FLOAT NOT NULL,
        NO2 FLOAT NOT NULL,
        CO FLOAT NOT NULL,
        SO2 FLOAT NOT NULL,
        CONSTRAINT group_by_region_pk PRIMARY KEY (date, region_code)
    );
    , parameters: None
[2024-06-14T08:45:28.915+0000] {base.py:73} INFO - Using connection ID 'redshift_test_dev' for task execution.
[2024-06-14T08:45:29.240+0000] {sql.py:375} INFO - Running statement: 
    INSERT INTO yusuyeon678.group_by_region (date, region_code, region_name, dust, ultradust, O3, NO2, CO, SO2)
    SELECT
        date,
        region_code,
        region_name,
        ROUND(AVG(dust), 2) AS dust,
        ROUND(AVG(ultradust), 2) AS ultradust,
        ROUND(AVG(o3), 2) AS o3,
        ROUND(AVG(no2), 2) AS no2,
        ROUND(AVG(co), 2) AS co,
        ROUND(AVG(so2), 3) AS so2
    FROM yusuyeon678.raw_data
    GROUP BY date, region_code, region_name;
    , parameters: None
[2024-06-14T08:45:29.385+0000] {sql.py:384} INFO - Rows affected: 65
[2024-06-14T08:45:29.459+0000] {python.py:183} INFO - Done. Returned value was: None
[2024-06-14T08:45:29.479+0000] {taskinstance.py:1350} INFO - Marking task as SUCCESS. dag_id=api_to_s3_to_redshift_v3, task_id=ETL.populate_region_table, execution_date=20240614T084457, start_date=20240614T084527, end_date=20240614T084529
[2024-06-14T08:45:29.570+0000] {local_task_job_runner.py:225} INFO - Task exited with return code 0
[2024-06-14T08:45:29.622+0000] {taskinstance.py:2653} INFO - 0 downstream tasks scheduled from follow-on schedule check
