[2024-06-12T08:15:28.173+0000] {taskinstance.py:1083} INFO - Dependencies all met for <TaskInstance: api_to_s3_to_redshift.fetch_api_data manual__2024-06-12T08:15:25.203379+00:00 [queued]>
[2024-06-12T08:15:28.204+0000] {taskinstance.py:1083} INFO - Dependencies all met for <TaskInstance: api_to_s3_to_redshift.fetch_api_data manual__2024-06-12T08:15:25.203379+00:00 [queued]>
[2024-06-12T08:15:28.206+0000] {taskinstance.py:1279} INFO - 
--------------------------------------------------------------------------------
[2024-06-12T08:15:28.207+0000] {taskinstance.py:1280} INFO - Starting attempt 1 of 2
[2024-06-12T08:15:28.208+0000] {taskinstance.py:1281} INFO - 
--------------------------------------------------------------------------------
[2024-06-12T08:15:28.254+0000] {taskinstance.py:1300} INFO - Executing <Task(PythonOperator): fetch_api_data> on 2024-06-12 08:15:25.203379+00:00
[2024-06-12T08:15:28.269+0000] {standard_task_runner.py:55} INFO - Started process 11343 to run task
[2024-06-12T08:15:28.282+0000] {standard_task_runner.py:82} INFO - Running: ['***', 'tasks', 'run', 'api_to_s3_to_redshift', 'fetch_api_data', 'manual__2024-06-12T08:15:25.203379+00:00', '--job-id', '52', '--raw', '--subdir', 'DAGS_FOLDER/test_redshift_real.py', '--cfg-path', '/tmp/tmp73of6l0k']
[2024-06-12T08:15:28.283+0000] {standard_task_runner.py:83} INFO - Job 52: Subtask fetch_api_data
[2024-06-12T08:15:28.522+0000] {task_command.py:388} INFO - Running <TaskInstance: api_to_s3_to_redshift.fetch_api_data manual__2024-06-12T08:15:25.203379+00:00 [running]> on host be394f3a6896
[2024-06-12T08:15:28.742+0000] {taskinstance.py:1509} INFO - Exporting the following env vars:
AIRFLOW_CTX_DAG_OWNER=***
AIRFLOW_CTX_DAG_ID=api_to_s3_to_redshift
AIRFLOW_CTX_TASK_ID=fetch_api_data
AIRFLOW_CTX_EXECUTION_DATE=2024-06-12T08:15:25.203379+00:00
AIRFLOW_CTX_TRY_NUMBER=1
AIRFLOW_CTX_DAG_RUN_ID=manual__2024-06-12T08:15:25.203379+00:00
[2024-06-12T08:15:29.422+0000] {python.py:177} INFO - Done. Returned value was: /opt/***/api_data.csv
[2024-06-12T08:15:29.509+0000] {taskinstance.py:1323} INFO - Marking task as SUCCESS. dag_id=api_to_s3_to_redshift, task_id=fetch_api_data, execution_date=20240612T081525, start_date=20240612T081528, end_date=20240612T081529
[2024-06-12T08:15:29.579+0000] {local_task_job.py:208} INFO - Task exited with return code 0
[2024-06-12T08:15:29.701+0000] {taskinstance.py:2578} INFO - 1 downstream tasks scheduled from follow-on schedule check
