[2024-06-12T08:02:48.561+0000] {taskinstance.py:1083} INFO - Dependencies all met for <TaskInstance: api_to_s3_to_redshift.upload_to_s3 manual__2024-06-12T08:02:41.953273+00:00 [queued]>
[2024-06-12T08:02:48.581+0000] {taskinstance.py:1083} INFO - Dependencies all met for <TaskInstance: api_to_s3_to_redshift.upload_to_s3 manual__2024-06-12T08:02:41.953273+00:00 [queued]>
[2024-06-12T08:02:48.582+0000] {taskinstance.py:1279} INFO - 
--------------------------------------------------------------------------------
[2024-06-12T08:02:48.582+0000] {taskinstance.py:1280} INFO - Starting attempt 1 of 2
[2024-06-12T08:02:48.582+0000] {taskinstance.py:1281} INFO - 
--------------------------------------------------------------------------------
[2024-06-12T08:02:48.609+0000] {taskinstance.py:1300} INFO - Executing <Task(LocalFilesystemToS3Operator): upload_to_s3> on 2024-06-12 08:02:41.953273+00:00
[2024-06-12T08:02:48.621+0000] {standard_task_runner.py:55} INFO - Started process 10035 to run task
[2024-06-12T08:02:48.627+0000] {standard_task_runner.py:82} INFO - Running: ['***', 'tasks', 'run', 'api_to_s3_to_redshift', 'upload_to_s3', 'manual__2024-06-12T08:02:41.953273+00:00', '--job-id', '43', '--raw', '--subdir', 'DAGS_FOLDER/test_redshift_real.py', '--cfg-path', '/tmp/tmpkr9k9uhu']
[2024-06-12T08:02:48.628+0000] {standard_task_runner.py:83} INFO - Job 43: Subtask upload_to_s3
[2024-06-12T08:02:48.748+0000] {task_command.py:388} INFO - Running <TaskInstance: api_to_s3_to_redshift.upload_to_s3 manual__2024-06-12T08:02:41.953273+00:00 [running]> on host be394f3a6896
[2024-06-12T08:02:48.910+0000] {taskinstance.py:1509} INFO - Exporting the following env vars:
AIRFLOW_CTX_DAG_OWNER=***
AIRFLOW_CTX_DAG_ID=api_to_s3_to_redshift
AIRFLOW_CTX_TASK_ID=upload_to_s3
AIRFLOW_CTX_EXECUTION_DATE=2024-06-12T08:02:41.953273+00:00
AIRFLOW_CTX_TRY_NUMBER=1
AIRFLOW_CTX_DAG_RUN_ID=manual__2024-06-12T08:02:41.953273+00:00
[2024-06-12T08:02:48.929+0000] {base.py:73} INFO - Using connection ID 'aws_s3' for task execution.
[2024-06-12T08:02:48.931+0000] {connection_wrapper.py:334} INFO - AWS Connection (conn_id='aws_s3', conn_type='aws') credentials retrieved from login and password.
[2024-06-12T08:02:50.205+0000] {taskinstance.py:1323} INFO - Marking task as SUCCESS. dag_id=api_to_s3_to_redshift, task_id=upload_to_s3, execution_date=20240612T080241, start_date=20240612T080248, end_date=20240612T080250
[2024-06-12T08:02:50.247+0000] {local_task_job.py:208} INFO - Task exited with return code 0
[2024-06-12T08:02:50.288+0000] {taskinstance.py:2578} INFO - 1 downstream tasks scheduled from follow-on schedule check
