[2024-06-16T07:01:00.514+0000] {taskinstance.py:1103} INFO - Dependencies all met for dep_context=non-requeueable deps ti=<TaskInstance: dust_data_pipeline.ETL.populate_region_table scheduled__2024-06-16T06:00:00+00:00 [queued]>
[2024-06-16T07:01:00.534+0000] {taskinstance.py:1103} INFO - Dependencies all met for dep_context=requeueable deps ti=<TaskInstance: dust_data_pipeline.ETL.populate_region_table scheduled__2024-06-16T06:00:00+00:00 [queued]>
[2024-06-16T07:01:00.535+0000] {taskinstance.py:1308} INFO - Starting attempt 1 of 2
[2024-06-16T07:01:00.564+0000] {taskinstance.py:1327} INFO - Executing <Task(PythonOperator): ETL.populate_region_table> on 2024-06-16 06:00:00+00:00
[2024-06-16T07:01:00.581+0000] {standard_task_runner.py:57} INFO - Started process 871 to run task
[2024-06-16T07:01:00.592+0000] {standard_task_runner.py:84} INFO - Running: ['***', 'tasks', 'run', 'dust_data_pipeline', 'ETL.populate_region_table', 'scheduled__2024-06-16T06:00:00+00:00', '--job-id', '322', '--raw', '--subdir', 'DAGS_FOLDER/test_redshift_real_v3.py', '--cfg-path', '/tmp/tmp1fqauxhy']
[2024-06-16T07:01:00.593+0000] {standard_task_runner.py:85} INFO - Job 322: Subtask ETL.populate_region_table
[2024-06-16T07:01:00.852+0000] {task_command.py:410} INFO - Running <TaskInstance: dust_data_pipeline.ETL.populate_region_table scheduled__2024-06-16T06:00:00+00:00 [running]> on host bbfd9dfd7368
[2024-06-16T07:01:01.062+0000] {taskinstance.py:1547} INFO - Exporting env vars: AIRFLOW_CTX_DAG_OWNER='***' AIRFLOW_CTX_DAG_ID='dust_data_pipeline' AIRFLOW_CTX_TASK_ID='ETL.populate_region_table' AIRFLOW_CTX_EXECUTION_DATE='2024-06-16T06:00:00+00:00' AIRFLOW_CTX_TRY_NUMBER='1' AIRFLOW_CTX_DAG_RUN_ID='scheduled__2024-06-16T06:00:00+00:00'
[2024-06-16T07:01:01.085+0000] {base.py:73} INFO - Using connection ID 'redshift_test_dev' for task execution.
[2024-06-16T07:01:03.025+0000] {sql.py:375} INFO - Running statement: 
    DROP TABLE IF EXISTS yusuyeon678.group_by_region;
    CREATE TABLE yusuyeon678.group_by_region (
        date TIMESTAMP NOT NULL,
        region_code INT NOT NULL,
        region_name VARCHAR(20) NOT NULL,
        dust FLOAT NOT NULL,
        ultradust FLOAT NOT NULL,
        O3 FLOAT NOT NULL,
        NO2 FLOAT NOT NULL,
        CO FLOAT NOT NULL,
        SO2 FLOAT NOT NULL,
        CONSTRAINT group_by_region_pk PRIMARY KEY (date, region_code)
    );
    , parameters: None
[2024-06-16T07:01:03.222+0000] {base.py:73} INFO - Using connection ID 'redshift_test_dev' for task execution.
[2024-06-16T07:01:03.581+0000] {sql.py:375} INFO - Running statement: 
    INSERT INTO yusuyeon678.group_by_region (date, region_code, region_name, dust, ultradust, O3, NO2, CO, SO2)
    SELECT
        date,
        region_code,
        region_name,
        ROUND(AVG(dust), 2) AS dust,
        ROUND(AVG(ultradust), 2) AS ultradust,
        ROUND(AVG(o3), 2) AS o3,
        ROUND(AVG(no2), 2) AS no2,
        ROUND(AVG(co), 2) AS co,
        ROUND(AVG(so2), 3) AS so2
    FROM yusuyeon678.raw_data
    GROUP BY date, region_code, region_name;
    , parameters: None
[2024-06-16T07:01:03.803+0000] {sql.py:384} INFO - Rows affected: 90
[2024-06-16T07:01:03.998+0000] {python.py:183} INFO - Done. Returned value was: None
[2024-06-16T07:01:04.011+0000] {taskinstance.py:1350} INFO - Marking task as SUCCESS. dag_id=dust_data_pipeline, task_id=ETL.populate_region_table, execution_date=20240616T060000, start_date=20240616T070100, end_date=20240616T070104
[2024-06-16T07:01:04.072+0000] {local_task_job_runner.py:225} INFO - Task exited with return code 0
[2024-06-16T07:01:04.115+0000] {taskinstance.py:2653} INFO - 0 downstream tasks scheduled from follow-on schedule check
