[2024-06-13T04:30:50.527+0000] {taskinstance.py:1083} INFO - Dependencies all met for <TaskInstance: api_to_s3_to_redshift.load_to_redshift manual__2024-06-13T04:30:41.148105+00:00 [queued]>
[2024-06-13T04:30:50.538+0000] {taskinstance.py:1083} INFO - Dependencies all met for <TaskInstance: api_to_s3_to_redshift.load_to_redshift manual__2024-06-13T04:30:41.148105+00:00 [queued]>
[2024-06-13T04:30:50.538+0000] {taskinstance.py:1279} INFO - 
--------------------------------------------------------------------------------
[2024-06-13T04:30:50.538+0000] {taskinstance.py:1280} INFO - Starting attempt 1 of 2
[2024-06-13T04:30:50.538+0000] {taskinstance.py:1281} INFO - 
--------------------------------------------------------------------------------
[2024-06-13T04:30:50.553+0000] {taskinstance.py:1300} INFO - Executing <Task(S3ToRedshiftOperator): load_to_redshift> on 2024-06-13 04:30:41.148105+00:00
[2024-06-13T04:30:50.560+0000] {standard_task_runner.py:55} INFO - Started process 3245 to run task
[2024-06-13T04:30:50.563+0000] {standard_task_runner.py:82} INFO - Running: ['***', 'tasks', 'run', 'api_to_s3_to_redshift', 'load_to_redshift', 'manual__2024-06-13T04:30:41.148105+00:00', '--job-id', '96', '--raw', '--subdir', 'DAGS_FOLDER/test_redshift_real.py', '--cfg-path', '/tmp/tmpezt2treh']
[2024-06-13T04:30:50.564+0000] {standard_task_runner.py:83} INFO - Job 96: Subtask load_to_redshift
[2024-06-13T04:30:50.643+0000] {task_command.py:388} INFO - Running <TaskInstance: api_to_s3_to_redshift.load_to_redshift manual__2024-06-13T04:30:41.148105+00:00 [running]> on host 51c81313d5fd
[2024-06-13T04:30:50.756+0000] {taskinstance.py:1509} INFO - Exporting the following env vars:
AIRFLOW_CTX_DAG_OWNER=***
AIRFLOW_CTX_DAG_ID=api_to_s3_to_redshift
AIRFLOW_CTX_TASK_ID=load_to_redshift
AIRFLOW_CTX_EXECUTION_DATE=2024-06-13T04:30:41.148105+00:00
AIRFLOW_CTX_TRY_NUMBER=1
AIRFLOW_CTX_DAG_RUN_ID=manual__2024-06-13T04:30:41.148105+00:00
[2024-06-13T04:30:50.769+0000] {base.py:73} INFO - Using connection ID 'aws_s3' for task execution.
[2024-06-13T04:30:50.775+0000] {base.py:73} INFO - Using connection ID 'aws_s3' for task execution.
[2024-06-13T04:30:50.776+0000] {connection_wrapper.py:334} INFO - AWS Connection (conn_id='aws_s3', conn_type='aws') credentials retrieved from login and password.
[2024-06-13T04:30:50.787+0000] {s3_to_redshift.py:164} INFO - Executing COPY command...
[2024-06-13T04:30:50.794+0000] {base.py:73} INFO - Using connection ID 'redshift_test_dev' for task execution.
[2024-06-13T04:30:51.128+0000] {sql.py:375} INFO - Running statement: 
                    COPY yusuyeon678.api_raw_data 
                    FROM 's3://dust-dag/dataSource/api_raw_data.csv'
                    credentials
                    'aws_access_key_id=AKIAZQ3DNY2P6X5UNXUG;aws_secret_access_key=***'
                    csv
			IGNOREHEADER 1;
        , parameters: None
[2024-06-13T04:31:21.112+0000] {s3_to_redshift.py:166} INFO - COPY command complete...
[2024-06-13T04:31:21.133+0000] {taskinstance.py:1323} INFO - Marking task as SUCCESS. dag_id=api_to_s3_to_redshift, task_id=load_to_redshift, execution_date=20240613T043041, start_date=20240613T043050, end_date=20240613T043121
[2024-06-13T04:31:21.184+0000] {local_task_job.py:208} INFO - Task exited with return code 0
[2024-06-13T04:31:21.213+0000] {taskinstance.py:2578} INFO - 1 downstream tasks scheduled from follow-on schedule check
