[2024-06-13T04:28:52.275+0000] {taskinstance.py:1083} INFO - Dependencies all met for <TaskInstance: api_to_s3_to_redshift.fetch_api_data manual__2024-06-13T04:28:49.312325+00:00 [queued]>
[2024-06-13T04:28:52.288+0000] {taskinstance.py:1083} INFO - Dependencies all met for <TaskInstance: api_to_s3_to_redshift.fetch_api_data manual__2024-06-13T04:28:49.312325+00:00 [queued]>
[2024-06-13T04:28:52.288+0000] {taskinstance.py:1279} INFO - 
--------------------------------------------------------------------------------
[2024-06-13T04:28:52.288+0000] {taskinstance.py:1280} INFO - Starting attempt 1 of 2
[2024-06-13T04:28:52.288+0000] {taskinstance.py:1281} INFO - 
--------------------------------------------------------------------------------
[2024-06-13T04:28:52.306+0000] {taskinstance.py:1300} INFO - Executing <Task(PythonOperator): fetch_api_data> on 2024-06-13 04:28:49.312325+00:00
[2024-06-13T04:28:52.313+0000] {standard_task_runner.py:55} INFO - Started process 2980 to run task
[2024-06-13T04:28:52.316+0000] {standard_task_runner.py:82} INFO - Running: ['***', 'tasks', 'run', 'api_to_s3_to_redshift', 'fetch_api_data', 'manual__2024-06-13T04:28:49.312325+00:00', '--job-id', '89', '--raw', '--subdir', 'DAGS_FOLDER/test_redshift_real.py', '--cfg-path', '/tmp/tmpz4m2g59_']
[2024-06-13T04:28:52.317+0000] {standard_task_runner.py:83} INFO - Job 89: Subtask fetch_api_data
[2024-06-13T04:28:52.384+0000] {task_command.py:388} INFO - Running <TaskInstance: api_to_s3_to_redshift.fetch_api_data manual__2024-06-13T04:28:49.312325+00:00 [running]> on host 51c81313d5fd
[2024-06-13T04:28:52.465+0000] {taskinstance.py:1509} INFO - Exporting the following env vars:
AIRFLOW_CTX_DAG_OWNER=***
AIRFLOW_CTX_DAG_ID=api_to_s3_to_redshift
AIRFLOW_CTX_TASK_ID=fetch_api_data
AIRFLOW_CTX_EXECUTION_DATE=2024-06-13T04:28:49.312325+00:00
AIRFLOW_CTX_TRY_NUMBER=1
AIRFLOW_CTX_DAG_RUN_ID=manual__2024-06-13T04:28:49.312325+00:00
[2024-06-13T04:28:54.692+0000] {python.py:177} INFO - Done. Returned value was: /opt/***/api_raw_data.csv
[2024-06-13T04:28:54.737+0000] {taskinstance.py:1323} INFO - Marking task as SUCCESS. dag_id=api_to_s3_to_redshift, task_id=fetch_api_data, execution_date=20240613T042849, start_date=20240613T042852, end_date=20240613T042854
[2024-06-13T04:28:54.783+0000] {local_task_job.py:208} INFO - Task exited with return code 0
[2024-06-13T04:28:54.811+0000] {taskinstance.py:2578} INFO - 1 downstream tasks scheduled from follow-on schedule check
