[2024-06-14T03:36:16.495+0000] {taskinstance.py:1103} INFO - Dependencies all met for dep_context=non-requeueable deps ti=<TaskInstance: seoul_ultradust_summary_elt.populate_seoul_ultradust_summary_task scheduled__2024-06-13T00:00:00+00:00 [queued]>
[2024-06-14T03:36:16.543+0000] {taskinstance.py:1103} INFO - Dependencies all met for dep_context=requeueable deps ti=<TaskInstance: seoul_ultradust_summary_elt.populate_seoul_ultradust_summary_task scheduled__2024-06-13T00:00:00+00:00 [queued]>
[2024-06-14T03:36:16.544+0000] {taskinstance.py:1308} INFO - Starting attempt 1 of 2
[2024-06-14T03:36:16.676+0000] {taskinstance.py:1327} INFO - Executing <Task(PythonOperator): populate_seoul_ultradust_summary_task> on 2024-06-13 00:00:00+00:00
[2024-06-14T03:36:16.690+0000] {standard_task_runner.py:57} INFO - Started process 94 to run task
[2024-06-14T03:36:16.765+0000] {standard_task_runner.py:84} INFO - Running: ['***', 'tasks', 'run', 'seoul_ultradust_summary_elt', 'populate_seoul_ultradust_summary_task', 'scheduled__2024-06-13T00:00:00+00:00', '--job-id', '196', '--raw', '--subdir', 'DAGS_FOLDER/UltraDustSummary_to_Redshift.py', '--cfg-path', '/tmp/tmpbpvfjv4p']
[2024-06-14T03:36:16.784+0000] {standard_task_runner.py:85} INFO - Job 196: Subtask populate_seoul_ultradust_summary_task
[2024-06-14T03:36:16.974+0000] {task_command.py:410} INFO - Running <TaskInstance: seoul_ultradust_summary_elt.populate_seoul_ultradust_summary_task scheduled__2024-06-13T00:00:00+00:00 [running]> on host 6be9063e1a69
[2024-06-14T03:36:17.214+0000] {taskinstance.py:1547} INFO - Exporting env vars: AIRFLOW_CTX_DAG_OWNER='***' AIRFLOW_CTX_DAG_ID='seoul_ultradust_summary_elt' AIRFLOW_CTX_TASK_ID='populate_seoul_ultradust_summary_task' AIRFLOW_CTX_EXECUTION_DATE='2024-06-13T00:00:00+00:00' AIRFLOW_CTX_TRY_NUMBER='1' AIRFLOW_CTX_DAG_RUN_ID='scheduled__2024-06-13T00:00:00+00:00'
[2024-06-14T03:36:17.249+0000] {base.py:73} INFO - Using connection ID 'redshift_test_dev' for task execution.
[2024-06-14T03:36:17.388+0000] {sql.py:375} INFO - Running statement: 
    DROP TABLE IF EXISTS yusuyeon678.seoul_ultradust_summary;
    CREATE TABLE yusuyeon678.seoul_ultradust_summary (
        date TIMESTAMP primary key,
        ultradust FLOAT NOT NULL
    );
    , parameters: None
[2024-06-14T03:36:17.578+0000] {base.py:73} INFO - Using connection ID 'redshift_test_dev' for task execution.
[2024-06-14T03:36:17.774+0000] {sql.py:375} INFO - Running statement: 
    INSERT INTO yusuyeon678.seoul_ultradust_summary (date, ultradust)
    SELECT
        date,
        ROUND(AVG(ultradust), 2) AS ultradust
    FROM yusuyeon678.raw_data
    GROUP BY date;
    , parameters: None
[2024-06-14T03:36:24.075+0000] {sql.py:384} INFO - Rows affected: 0
[2024-06-14T03:36:24.171+0000] {python.py:183} INFO - Done. Returned value was: None
[2024-06-14T03:36:24.206+0000] {taskinstance.py:1350} INFO - Marking task as SUCCESS. dag_id=seoul_ultradust_summary_elt, task_id=populate_seoul_ultradust_summary_task, execution_date=20240613T000000, start_date=20240614T033616, end_date=20240614T033624
[2024-06-14T03:36:24.559+0000] {local_task_job_runner.py:225} INFO - Task exited with return code 0
[2024-06-14T03:36:24.673+0000] {taskinstance.py:2653} INFO - 0 downstream tasks scheduled from follow-on schedule check
