[2024-06-14T08:45:16.818+0000] {taskinstance.py:1103} INFO - Dependencies all met for dep_context=non-requeueable deps ti=<TaskInstance: api_to_s3_to_redshift_v3.ELT.data_transformation.convert_date_format manual__2024-06-14T08:44:57.461130+00:00 [queued]>
[2024-06-14T08:45:16.830+0000] {taskinstance.py:1103} INFO - Dependencies all met for dep_context=requeueable deps ti=<TaskInstance: api_to_s3_to_redshift_v3.ELT.data_transformation.convert_date_format manual__2024-06-14T08:44:57.461130+00:00 [queued]>
[2024-06-14T08:45:16.831+0000] {taskinstance.py:1308} INFO - Starting attempt 1 of 2
[2024-06-14T08:45:16.855+0000] {taskinstance.py:1327} INFO - Executing <Task(PythonOperator): ELT.data_transformation.convert_date_format> on 2024-06-14 08:44:57.461130+00:00
[2024-06-14T08:45:16.864+0000] {standard_task_runner.py:57} INFO - Started process 1201 to run task
[2024-06-14T08:45:16.872+0000] {standard_task_runner.py:84} INFO - Running: ['***', 'tasks', 'run', 'api_to_s3_to_redshift_v3', 'ELT.data_transformation.convert_date_format', 'manual__2024-06-14T08:44:57.461130+00:00', '--job-id', '258', '--raw', '--subdir', 'DAGS_FOLDER/test_redshift_real_v3.py', '--cfg-path', '/tmp/tmppcaejm2f']
[2024-06-14T08:45:16.873+0000] {standard_task_runner.py:85} INFO - Job 258: Subtask ELT.data_transformation.convert_date_format
[2024-06-14T08:45:16.967+0000] {task_command.py:410} INFO - Running <TaskInstance: api_to_s3_to_redshift_v3.ELT.data_transformation.convert_date_format manual__2024-06-14T08:44:57.461130+00:00 [running]> on host 9949536f6ac7
[2024-06-14T08:45:17.121+0000] {taskinstance.py:1547} INFO - Exporting env vars: AIRFLOW_CTX_DAG_OWNER='***' AIRFLOW_CTX_DAG_ID='api_to_s3_to_redshift_v3' AIRFLOW_CTX_TASK_ID='ELT.data_transformation.convert_date_format' AIRFLOW_CTX_EXECUTION_DATE='2024-06-14T08:44:57.461130+00:00' AIRFLOW_CTX_TRY_NUMBER='1' AIRFLOW_CTX_DAG_RUN_ID='manual__2024-06-14T08:44:57.461130+00:00'
[2024-06-14T08:45:17.137+0000] {base.py:73} INFO - Using connection ID 'redshift_test_dev' for task execution.
[2024-06-14T08:45:18.577+0000] {sql.py:375} INFO - Running statement: 
    DROP TABLE IF EXISTS yusuyeon678.raw_data;
    CREATE TABLE yusuyeon678.raw_data (
        date TIMESTAMP NOT NULL,
        region_code INT NOT NULL,
        region_name VARCHAR(20) NOT NULL,
        office_code INT NOT NULL,
        office_name VARCHAR(20) NOT NULL,
        dust FLOAT NOT NULL,
        dust_24h FLOAT NOT NULL,
        ultradust FLOAT NOT NULL,
        O3 FLOAT NOT NULL,
        NO2 FLOAT NOT NULL,
        CO FLOAT NOT NULL,
        SO2 FLOAT NOT NULL,
        constraint raw_data_pk PRIMARY KEY (date, region_code, region_name, office_code, office_name)
    );
    , parameters: None
[2024-06-14T08:45:18.870+0000] {base.py:73} INFO - Using connection ID 'redshift_test_dev' for task execution.
[2024-06-14T08:45:19.164+0000] {sql.py:375} INFO - Running statement: 
    INSERT INTO yusuyeon678.raw_data (date, region_code, region_name, office_code, office_name, dust, dust_24h, ultradust, O3, NO2, CO, SO2)
    SELECT
        TO_TIMESTAMP(CAST(date AS VARCHAR), 'YYYYMMDDHH24MI') AS date,
        region_code,
        region_name,
        office_code,
        office_name,
        dust,
        dust_24h,
        ultradust,
        O3,
        NO2,
        CO,
        SO2
    FROM yusuyeon678.raw_data_test_youngjun;
    , parameters: None
[2024-06-14T08:45:19.290+0000] {sql.py:384} INFO - Rows affected: 325
[2024-06-14T08:45:19.383+0000] {python.py:183} INFO - Done. Returned value was: None
[2024-06-14T08:45:19.394+0000] {taskinstance.py:1350} INFO - Marking task as SUCCESS. dag_id=api_to_s3_to_redshift_v3, task_id=ELT.data_transformation.convert_date_format, execution_date=20240614T084457, start_date=20240614T084516, end_date=20240614T084519
[2024-06-14T08:45:19.455+0000] {local_task_job_runner.py:225} INFO - Task exited with return code 0
[2024-06-14T08:45:19.499+0000] {taskinstance.py:2653} INFO - 1 downstream tasks scheduled from follow-on schedule check
