[2024-07-19T08:38:30.759+0000] {taskinstance.py:1979} INFO - Dependencies all met for dep_context=non-requeueable deps ti=<TaskInstance: crawling_dag_v2.read_s3_and_add_size_color manual__2024-07-19T08:37:07.205922+00:00 [queued]>
[2024-07-19T08:38:30.776+0000] {taskinstance.py:1979} INFO - Dependencies all met for dep_context=requeueable deps ti=<TaskInstance: crawling_dag_v2.read_s3_and_add_size_color manual__2024-07-19T08:37:07.205922+00:00 [queued]>
[2024-07-19T08:38:30.776+0000] {taskinstance.py:2193} INFO - Starting attempt 1 of 2
[2024-07-19T08:38:30.813+0000] {taskinstance.py:2217} INFO - Executing <Task(PythonOperator): read_s3_and_add_size_color> on 2024-07-19 08:37:07.205922+00:00
[2024-07-19T08:38:30.828+0000] {standard_task_runner.py:60} INFO - Started process 1353 to run task
[2024-07-19T08:38:30.837+0000] {standard_task_runner.py:87} INFO - Running: ['***', 'tasks', 'run', 'crawling_dag_v2', 'read_s3_and_add_size_color', 'manual__2024-07-19T08:37:07.205922+00:00', '--job-id', '464', '--raw', '--subdir', 'DAGS_FOLDER/musinsa_dag.py', '--cfg-path', '/tmp/tmp03lrxskt']
[2024-07-19T08:38:30.848+0000] {standard_task_runner.py:88} INFO - Job 464: Subtask read_s3_and_add_size_color
[2024-07-19T08:38:30.968+0000] {task_command.py:423} INFO - Running <TaskInstance: crawling_dag_v2.read_s3_and_add_size_color manual__2024-07-19T08:37:07.205922+00:00 [running]> on host 9a455ef6c02c
[2024-07-19T08:38:31.127+0000] {taskinstance.py:2513} INFO - Exporting env vars: AIRFLOW_CTX_DAG_OWNER='***' AIRFLOW_CTX_DAG_ID='crawling_dag_v2' AIRFLOW_CTX_TASK_ID='read_s3_and_add_size_color' AIRFLOW_CTX_EXECUTION_DATE='2024-07-19T08:37:07.205922+00:00' AIRFLOW_CTX_TRY_NUMBER='1' AIRFLOW_CTX_DAG_RUN_ID='manual__2024-07-19T08:37:07.205922+00:00'
[2024-07-19T08:38:31.148+0000] {base.py:83} INFO - Using connection ID 'aws_s3' for task execution.
[2024-07-19T08:38:31.151+0000] {connection_wrapper.py:384} INFO - AWS Connection (conn_id='aws_s3', conn_type='aws') credentials retrieved from login and password.
[2024-07-19T08:38:38.385+0000] {logging_mixin.py:188} INFO - Visited: https://www.musinsa.com/app/goods/2612829
[2024-07-19T08:38:40.291+0000] {logging_mixin.py:188} INFO - Clicked button at div[35] on https://www.musinsa.com/app/goods/2612829
[2024-07-19T08:38:40.696+0000] {logging_mixin.py:188} INFO - Clicked button 1 at div[37] on https://www.musinsa.com/app/goods/2612829
[2024-07-19T08:38:41.473+0000] {logging_mixin.py:188} INFO - Clicked button 2 at div[37] on https://www.musinsa.com/app/goods/2612829
[2024-07-19T08:38:41.602+0000] {logging_mixin.py:188} INFO - test_option_1 for https://www.musinsa.com/app/goods/2612829: ['[베이직 ver.] 블랙', '[베이직 ver.] 크림(품절)', '[베이직 ver.] 그린(품절)', '[베이직 ver.] 인디핑크(품절)', '[베이직 ver.] 멜란지그레이(품절)', '[베이직 ver.] 마젠타(품절)', '[베이직 ver.] 네이비', '[베이직 ver.] 화이트', '[링거 ver.] 크림(품절)', '[링거 VER.] 크림(품절)', '[링거 ver.] 네이비(마지막 1개)', '[링거 VER.] 네이비(품절)']
[2024-07-19T08:38:41.602+0000] {logging_mixin.py:188} INFO - test_option_2 for https://www.musinsa.com/app/goods/2612829: ['S', 'M', 'L', 'XL']
[2024-07-19T08:38:50.542+0000] {logging_mixin.py:188} INFO - Visited: https://www.musinsa.com/app/goods/1191407
[2024-07-19T08:38:53.011+0000] {logging_mixin.py:188} INFO - Element click intercepted on https://www.musinsa.com/app/goods/1191407 at div[36], trying next element.
[2024-07-19T08:38:53.175+0000] {logging_mixin.py:188} INFO - No button found on https://www.musinsa.com/app/goods/1191407
[2024-07-19T08:39:01.901+0000] {logging_mixin.py:188} INFO - Visited: https://www.musinsa.com/app/goods/1599217
[2024-07-19T08:39:05.109+0000] {logging_mixin.py:188} INFO - Element click intercepted on https://www.musinsa.com/app/goods/1599217 at div[36], trying next element.
[2024-07-19T08:39:05.442+0000] {logging_mixin.py:188} INFO - No button found on https://www.musinsa.com/app/goods/1599217
[2024-07-19T08:39:20.558+0000] {logging_mixin.py:188} INFO - Visited: https://www.musinsa.com/app/goods/2139143
[2024-07-19T08:39:23.031+0000] {logging_mixin.py:188} INFO - Element click intercepted on https://www.musinsa.com/app/goods/2139143 at div[35], trying next element.
[2024-07-19T08:39:23.320+0000] {logging_mixin.py:188} INFO - No button found on https://www.musinsa.com/app/goods/2139143
[2024-07-19T08:39:33.452+0000] {logging_mixin.py:188} INFO - Visited: https://www.musinsa.com/app/goods/1027576
[2024-07-19T08:39:35.675+0000] {logging_mixin.py:188} INFO - Element click intercepted on https://www.musinsa.com/app/goods/1027576 at div[31], trying next element.
[2024-07-19T08:39:37.529+0000] {logging_mixin.py:188} INFO - Clicked button at div[38] on https://www.musinsa.com/app/goods/1027576
[2024-07-19T08:39:37.835+0000] {logging_mixin.py:188} INFO - Clicked button 1 at div[40] on https://www.musinsa.com/app/goods/1027576
[2024-07-19T08:39:38.551+0000] {logging_mixin.py:188} INFO - Clicked button at div[40] on https://www.musinsa.com/app/goods/1027576
[2024-07-19T08:39:38.753+0000] {logging_mixin.py:188} INFO - test_option_1 for https://www.musinsa.com/app/goods/1027576: ['XS(품절)', 'S(품절)', 'M', 'L', 'XL(4개 남음)']
[2024-07-19T08:39:38.754+0000] {logging_mixin.py:188} INFO - test_option_2 for https://www.musinsa.com/app/goods/1027576: ['0']
[2024-07-19T08:39:44.509+0000] {logging_mixin.py:188} INFO - Visited: https://www.musinsa.com/app/goods/746276
[2024-07-19T08:39:47.624+0000] {logging_mixin.py:188} INFO - Clicked button at div[36] on https://www.musinsa.com/app/goods/746276
[2024-07-19T08:39:48.057+0000] {logging_mixin.py:188} INFO - Clicked button 1 at div[38] on https://www.musinsa.com/app/goods/746276
[2024-07-19T08:39:50.089+0000] {logging_mixin.py:188} INFO - Element click intercepted on https://www.musinsa.com/app/goods/746276 at div[36], trying next element.
[2024-07-19T08:39:51.293+0000] {logging_mixin.py:188} INFO - Element not interactable on https://www.musinsa.com/app/goods/746276 at div[38], trying next element.
[2024-07-19T08:39:51.568+0000] {taskinstance.py:2731} ERROR - Task failed with exception
Traceback (most recent call last):
  File "/home/airflow/.local/lib/python3.8/site-packages/airflow/models/taskinstance.py", line 444, in _execute_task
    result = _execute_callable(context=context, **execute_callable_kwargs)
  File "/home/airflow/.local/lib/python3.8/site-packages/airflow/models/taskinstance.py", line 414, in _execute_callable
    return execute_callable(context=context, **execute_callable_kwargs)
  File "/home/airflow/.local/lib/python3.8/site-packages/airflow/operators/python.py", line 200, in execute
    return_value = self.execute_callable()
  File "/home/airflow/.local/lib/python3.8/site-packages/airflow/operators/python.py", line 217, in execute_callable
    return self.python_callable(*self.op_args, **self.op_kwargs)
  File "/opt/airflow/dags/code_test/airflow_size_color.py", line 123, in read_s3_and_add_size_color
    df.loc[df['description'] == desc, 'size_options'] = [size_options[i]]
IndexError: list index out of range
[2024-07-19T08:39:51.582+0000] {taskinstance.py:1149} INFO - Marking task as UP_FOR_RETRY. dag_id=crawling_dag_v2, task_id=read_s3_and_add_size_color, execution_date=20240719T083707, start_date=20240719T083830, end_date=20240719T083951
[2024-07-19T08:39:51.605+0000] {standard_task_runner.py:107} ERROR - Failed to execute job 464 for task read_s3_and_add_size_color (list index out of range; 1353)
[2024-07-19T08:39:51.640+0000] {local_task_job_runner.py:234} INFO - Task exited with return code 1
[2024-07-19T08:39:51.668+0000] {taskinstance.py:3312} INFO - 0 downstream tasks scheduled from follow-on schedule check
