[2024-07-20T14:11:00.093+0900] {processor.py:161} INFO - Started process (PID=12819) to work on /home/papalio/.local/lib/python3.10/site-packages/airflow/example_dags/example_dynamic_task_mapping_with_no_taskflow_operators.py
[2024-07-20T14:11:00.095+0900] {processor.py:830} INFO - Processing file /home/papalio/.local/lib/python3.10/site-packages/airflow/example_dags/example_dynamic_task_mapping_with_no_taskflow_operators.py for tasks to queue
[2024-07-20T14:11:00.101+0900] {logging_mixin.py:188} INFO - [2024-07-20T14:11:00.099+0900] {dagbag.py:545} INFO - Filling up the DagBag from /home/papalio/.local/lib/python3.10/site-packages/airflow/example_dags/example_dynamic_task_mapping_with_no_taskflow_operators.py
[2024-07-20T14:11:00.124+0900] {processor.py:840} INFO - DAG(s) 'example_dynamic_task_mapping_with_no_taskflow_operators' retrieved from /home/papalio/.local/lib/python3.10/site-packages/airflow/example_dags/example_dynamic_task_mapping_with_no_taskflow_operators.py
[2024-07-20T14:11:00.435+0900] {logging_mixin.py:188} INFO - [2024-07-20T14:11:00.434+0900] {dag.py:3096} INFO - Sync 1 DAGs
[2024-07-20T14:11:00.491+0900] {logging_mixin.py:188} INFO - [2024-07-20T14:11:00.491+0900] {dag.py:3954} INFO - Setting next_dagrun for example_dynamic_task_mapping_with_no_taskflow_operators to 2024-07-19 00:00:00+00:00, run_after=2024-07-20 00:00:00+00:00
[2024-07-20T14:11:00.571+0900] {processor.py:183} INFO - Processing /home/papalio/.local/lib/python3.10/site-packages/airflow/example_dags/example_dynamic_task_mapping_with_no_taskflow_operators.py took 0.496 seconds
[2024-07-20T14:12:19.241+0900] {processor.py:161} INFO - Started process (PID=13321) to work on /home/papalio/.local/lib/python3.10/site-packages/airflow/example_dags/example_dynamic_task_mapping_with_no_taskflow_operators.py
[2024-07-20T14:12:19.244+0900] {processor.py:830} INFO - Processing file /home/papalio/.local/lib/python3.10/site-packages/airflow/example_dags/example_dynamic_task_mapping_with_no_taskflow_operators.py for tasks to queue
[2024-07-20T14:12:19.250+0900] {logging_mixin.py:188} INFO - [2024-07-20T14:12:19.249+0900] {dagbag.py:545} INFO - Filling up the DagBag from /home/papalio/.local/lib/python3.10/site-packages/airflow/example_dags/example_dynamic_task_mapping_with_no_taskflow_operators.py
[2024-07-20T14:12:19.265+0900] {processor.py:840} INFO - DAG(s) 'example_dynamic_task_mapping_with_no_taskflow_operators' retrieved from /home/papalio/.local/lib/python3.10/site-packages/airflow/example_dags/example_dynamic_task_mapping_with_no_taskflow_operators.py
[2024-07-20T14:12:19.300+0900] {logging_mixin.py:188} INFO - [2024-07-20T14:12:19.299+0900] {dag.py:3096} INFO - Sync 1 DAGs
[2024-07-20T14:12:19.337+0900] {logging_mixin.py:188} INFO - [2024-07-20T14:12:19.337+0900] {dag.py:3954} INFO - Setting next_dagrun for example_dynamic_task_mapping_with_no_taskflow_operators to 2024-07-19 00:00:00+00:00, run_after=2024-07-20 00:00:00+00:00
[2024-07-20T14:12:19.394+0900] {processor.py:183} INFO - Processing /home/papalio/.local/lib/python3.10/site-packages/airflow/example_dags/example_dynamic_task_mapping_with_no_taskflow_operators.py took 0.171 seconds
[2024-07-20T14:13:43.660+0900] {processor.py:161} INFO - Started process (PID=13847) to work on /home/papalio/.local/lib/python3.10/site-packages/airflow/example_dags/example_dynamic_task_mapping_with_no_taskflow_operators.py
[2024-07-20T14:13:43.663+0900] {processor.py:830} INFO - Processing file /home/papalio/.local/lib/python3.10/site-packages/airflow/example_dags/example_dynamic_task_mapping_with_no_taskflow_operators.py for tasks to queue
[2024-07-20T14:13:43.666+0900] {logging_mixin.py:188} INFO - [2024-07-20T14:13:43.666+0900] {dagbag.py:545} INFO - Filling up the DagBag from /home/papalio/.local/lib/python3.10/site-packages/airflow/example_dags/example_dynamic_task_mapping_with_no_taskflow_operators.py
[2024-07-20T14:13:43.685+0900] {processor.py:840} INFO - DAG(s) 'example_dynamic_task_mapping_with_no_taskflow_operators' retrieved from /home/papalio/.local/lib/python3.10/site-packages/airflow/example_dags/example_dynamic_task_mapping_with_no_taskflow_operators.py
[2024-07-20T14:13:43.719+0900] {logging_mixin.py:188} INFO - [2024-07-20T14:13:43.718+0900] {dag.py:3096} INFO - Sync 1 DAGs
[2024-07-20T14:13:43.774+0900] {logging_mixin.py:188} INFO - [2024-07-20T14:13:43.773+0900] {dag.py:3954} INFO - Setting next_dagrun for example_dynamic_task_mapping_with_no_taskflow_operators to 2024-07-19 00:00:00+00:00, run_after=2024-07-20 00:00:00+00:00
[2024-07-20T14:13:43.837+0900] {processor.py:183} INFO - Processing /home/papalio/.local/lib/python3.10/site-packages/airflow/example_dags/example_dynamic_task_mapping_with_no_taskflow_operators.py took 0.192 seconds
[2024-07-20T14:15:05.856+0900] {processor.py:161} INFO - Started process (PID=14363) to work on /home/papalio/.local/lib/python3.10/site-packages/airflow/example_dags/example_dynamic_task_mapping_with_no_taskflow_operators.py
[2024-07-20T14:15:05.859+0900] {processor.py:830} INFO - Processing file /home/papalio/.local/lib/python3.10/site-packages/airflow/example_dags/example_dynamic_task_mapping_with_no_taskflow_operators.py for tasks to queue
[2024-07-20T14:15:05.864+0900] {logging_mixin.py:188} INFO - [2024-07-20T14:15:05.863+0900] {dagbag.py:545} INFO - Filling up the DagBag from /home/papalio/.local/lib/python3.10/site-packages/airflow/example_dags/example_dynamic_task_mapping_with_no_taskflow_operators.py
[2024-07-20T14:15:05.882+0900] {processor.py:840} INFO - DAG(s) 'example_dynamic_task_mapping_with_no_taskflow_operators' retrieved from /home/papalio/.local/lib/python3.10/site-packages/airflow/example_dags/example_dynamic_task_mapping_with_no_taskflow_operators.py
[2024-07-20T14:15:05.933+0900] {logging_mixin.py:188} INFO - [2024-07-20T14:15:05.932+0900] {dag.py:3096} INFO - Sync 1 DAGs
[2024-07-20T14:15:05.997+0900] {logging_mixin.py:188} INFO - [2024-07-20T14:15:05.996+0900] {dag.py:3954} INFO - Setting next_dagrun for example_dynamic_task_mapping_with_no_taskflow_operators to 2024-07-19 00:00:00+00:00, run_after=2024-07-20 00:00:00+00:00
[2024-07-20T14:15:06.075+0900] {processor.py:183} INFO - Processing /home/papalio/.local/lib/python3.10/site-packages/airflow/example_dags/example_dynamic_task_mapping_with_no_taskflow_operators.py took 0.234 seconds
[2024-07-20T14:16:24.504+0900] {processor.py:161} INFO - Started process (PID=14862) to work on /home/papalio/.local/lib/python3.10/site-packages/airflow/example_dags/example_dynamic_task_mapping_with_no_taskflow_operators.py
[2024-07-20T14:16:24.507+0900] {processor.py:830} INFO - Processing file /home/papalio/.local/lib/python3.10/site-packages/airflow/example_dags/example_dynamic_task_mapping_with_no_taskflow_operators.py for tasks to queue
[2024-07-20T14:16:24.510+0900] {logging_mixin.py:188} INFO - [2024-07-20T14:16:24.510+0900] {dagbag.py:545} INFO - Filling up the DagBag from /home/papalio/.local/lib/python3.10/site-packages/airflow/example_dags/example_dynamic_task_mapping_with_no_taskflow_operators.py
[2024-07-20T14:16:24.518+0900] {processor.py:840} INFO - DAG(s) 'example_dynamic_task_mapping_with_no_taskflow_operators' retrieved from /home/papalio/.local/lib/python3.10/site-packages/airflow/example_dags/example_dynamic_task_mapping_with_no_taskflow_operators.py
[2024-07-20T14:16:24.534+0900] {logging_mixin.py:188} INFO - [2024-07-20T14:16:24.534+0900] {dag.py:3096} INFO - Sync 1 DAGs
[2024-07-20T14:16:24.551+0900] {logging_mixin.py:188} INFO - [2024-07-20T14:16:24.551+0900] {dag.py:3954} INFO - Setting next_dagrun for example_dynamic_task_mapping_with_no_taskflow_operators to 2024-07-19 00:00:00+00:00, run_after=2024-07-20 00:00:00+00:00
[2024-07-20T14:16:24.576+0900] {processor.py:183} INFO - Processing /home/papalio/.local/lib/python3.10/site-packages/airflow/example_dags/example_dynamic_task_mapping_with_no_taskflow_operators.py took 0.080 seconds
[2024-07-20T14:17:45.144+0900] {processor.py:161} INFO - Started process (PID=15375) to work on /home/papalio/.local/lib/python3.10/site-packages/airflow/example_dags/example_dynamic_task_mapping_with_no_taskflow_operators.py
[2024-07-20T14:17:45.146+0900] {processor.py:830} INFO - Processing file /home/papalio/.local/lib/python3.10/site-packages/airflow/example_dags/example_dynamic_task_mapping_with_no_taskflow_operators.py for tasks to queue
[2024-07-20T14:17:45.150+0900] {logging_mixin.py:188} INFO - [2024-07-20T14:17:45.149+0900] {dagbag.py:545} INFO - Filling up the DagBag from /home/papalio/.local/lib/python3.10/site-packages/airflow/example_dags/example_dynamic_task_mapping_with_no_taskflow_operators.py
[2024-07-20T14:17:45.159+0900] {processor.py:840} INFO - DAG(s) 'example_dynamic_task_mapping_with_no_taskflow_operators' retrieved from /home/papalio/.local/lib/python3.10/site-packages/airflow/example_dags/example_dynamic_task_mapping_with_no_taskflow_operators.py
[2024-07-20T14:17:45.177+0900] {logging_mixin.py:188} INFO - [2024-07-20T14:17:45.177+0900] {dag.py:3096} INFO - Sync 1 DAGs
[2024-07-20T14:17:45.197+0900] {logging_mixin.py:188} INFO - [2024-07-20T14:17:45.197+0900] {dag.py:3954} INFO - Setting next_dagrun for example_dynamic_task_mapping_with_no_taskflow_operators to 2024-07-19 00:00:00+00:00, run_after=2024-07-20 00:00:00+00:00
[2024-07-20T14:17:45.229+0900] {processor.py:183} INFO - Processing /home/papalio/.local/lib/python3.10/site-packages/airflow/example_dags/example_dynamic_task_mapping_with_no_taskflow_operators.py took 0.099 seconds
[2024-07-20T14:19:07.961+0900] {processor.py:161} INFO - Started process (PID=15893) to work on /home/papalio/.local/lib/python3.10/site-packages/airflow/example_dags/example_dynamic_task_mapping_with_no_taskflow_operators.py
[2024-07-20T14:19:07.964+0900] {processor.py:830} INFO - Processing file /home/papalio/.local/lib/python3.10/site-packages/airflow/example_dags/example_dynamic_task_mapping_with_no_taskflow_operators.py for tasks to queue
[2024-07-20T14:19:07.967+0900] {logging_mixin.py:188} INFO - [2024-07-20T14:19:07.966+0900] {dagbag.py:545} INFO - Filling up the DagBag from /home/papalio/.local/lib/python3.10/site-packages/airflow/example_dags/example_dynamic_task_mapping_with_no_taskflow_operators.py
[2024-07-20T14:19:07.976+0900] {processor.py:840} INFO - DAG(s) 'example_dynamic_task_mapping_with_no_taskflow_operators' retrieved from /home/papalio/.local/lib/python3.10/site-packages/airflow/example_dags/example_dynamic_task_mapping_with_no_taskflow_operators.py
[2024-07-20T14:19:08.000+0900] {logging_mixin.py:188} INFO - [2024-07-20T14:19:07.999+0900] {dag.py:3096} INFO - Sync 1 DAGs
[2024-07-20T14:19:08.027+0900] {logging_mixin.py:188} INFO - [2024-07-20T14:19:08.026+0900] {dag.py:3954} INFO - Setting next_dagrun for example_dynamic_task_mapping_with_no_taskflow_operators to 2024-07-19 00:00:00+00:00, run_after=2024-07-20 00:00:00+00:00
[2024-07-20T14:19:08.084+0900] {processor.py:183} INFO - Processing /home/papalio/.local/lib/python3.10/site-packages/airflow/example_dags/example_dynamic_task_mapping_with_no_taskflow_operators.py took 0.134 seconds
[2024-07-20T14:20:25.110+0900] {processor.py:161} INFO - Started process (PID=16411) to work on /home/papalio/.local/lib/python3.10/site-packages/airflow/example_dags/example_dynamic_task_mapping_with_no_taskflow_operators.py
[2024-07-20T14:20:25.112+0900] {processor.py:830} INFO - Processing file /home/papalio/.local/lib/python3.10/site-packages/airflow/example_dags/example_dynamic_task_mapping_with_no_taskflow_operators.py for tasks to queue
[2024-07-20T14:20:25.115+0900] {logging_mixin.py:188} INFO - [2024-07-20T14:20:25.114+0900] {dagbag.py:545} INFO - Filling up the DagBag from /home/papalio/.local/lib/python3.10/site-packages/airflow/example_dags/example_dynamic_task_mapping_with_no_taskflow_operators.py
[2024-07-20T14:20:25.126+0900] {processor.py:840} INFO - DAG(s) 'example_dynamic_task_mapping_with_no_taskflow_operators' retrieved from /home/papalio/.local/lib/python3.10/site-packages/airflow/example_dags/example_dynamic_task_mapping_with_no_taskflow_operators.py
[2024-07-20T14:20:25.148+0900] {logging_mixin.py:188} INFO - [2024-07-20T14:20:25.147+0900] {dag.py:3096} INFO - Sync 1 DAGs
[2024-07-20T14:20:25.174+0900] {logging_mixin.py:188} INFO - [2024-07-20T14:20:25.174+0900] {dag.py:3954} INFO - Setting next_dagrun for example_dynamic_task_mapping_with_no_taskflow_operators to 2024-07-19 00:00:00+00:00, run_after=2024-07-20 00:00:00+00:00
[2024-07-20T14:20:25.224+0900] {processor.py:183} INFO - Processing /home/papalio/.local/lib/python3.10/site-packages/airflow/example_dags/example_dynamic_task_mapping_with_no_taskflow_operators.py took 0.128 seconds
[2024-07-20T14:22:09.077+0900] {processor.py:161} INFO - Started process (PID=17119) to work on /home/papalio/.local/lib/python3.10/site-packages/airflow/example_dags/example_dynamic_task_mapping_with_no_taskflow_operators.py
[2024-07-20T14:22:09.080+0900] {processor.py:830} INFO - Processing file /home/papalio/.local/lib/python3.10/site-packages/airflow/example_dags/example_dynamic_task_mapping_with_no_taskflow_operators.py for tasks to queue
[2024-07-20T14:22:09.083+0900] {logging_mixin.py:188} INFO - [2024-07-20T14:22:09.081+0900] {dagbag.py:545} INFO - Filling up the DagBag from /home/papalio/.local/lib/python3.10/site-packages/airflow/example_dags/example_dynamic_task_mapping_with_no_taskflow_operators.py
[2024-07-20T14:22:09.125+0900] {processor.py:840} INFO - DAG(s) 'example_dynamic_task_mapping_with_no_taskflow_operators' retrieved from /home/papalio/.local/lib/python3.10/site-packages/airflow/example_dags/example_dynamic_task_mapping_with_no_taskflow_operators.py
[2024-07-20T14:22:09.204+0900] {logging_mixin.py:188} INFO - [2024-07-20T14:22:09.204+0900] {dag.py:3096} INFO - Sync 1 DAGs
[2024-07-20T14:22:09.267+0900] {logging_mixin.py:188} INFO - [2024-07-20T14:22:09.266+0900] {dag.py:3954} INFO - Setting next_dagrun for example_dynamic_task_mapping_with_no_taskflow_operators to 2024-07-19 00:00:00+00:00, run_after=2024-07-20 00:00:00+00:00
[2024-07-20T14:22:09.341+0900] {processor.py:183} INFO - Processing /home/papalio/.local/lib/python3.10/site-packages/airflow/example_dags/example_dynamic_task_mapping_with_no_taskflow_operators.py took 0.277 seconds
[2024-07-20T14:23:48.236+0900] {processor.py:161} INFO - Started process (PID=17695) to work on /home/papalio/.local/lib/python3.10/site-packages/airflow/example_dags/example_dynamic_task_mapping_with_no_taskflow_operators.py
[2024-07-20T14:23:48.241+0900] {processor.py:830} INFO - Processing file /home/papalio/.local/lib/python3.10/site-packages/airflow/example_dags/example_dynamic_task_mapping_with_no_taskflow_operators.py for tasks to queue
[2024-07-20T14:23:48.250+0900] {logging_mixin.py:188} INFO - [2024-07-20T14:23:48.246+0900] {dagbag.py:545} INFO - Filling up the DagBag from /home/papalio/.local/lib/python3.10/site-packages/airflow/example_dags/example_dynamic_task_mapping_with_no_taskflow_operators.py
[2024-07-20T14:23:48.276+0900] {processor.py:840} INFO - DAG(s) 'example_dynamic_task_mapping_with_no_taskflow_operators' retrieved from /home/papalio/.local/lib/python3.10/site-packages/airflow/example_dags/example_dynamic_task_mapping_with_no_taskflow_operators.py
[2024-07-20T14:23:48.319+0900] {logging_mixin.py:188} INFO - [2024-07-20T14:23:48.319+0900] {dag.py:3096} INFO - Sync 1 DAGs
[2024-07-20T14:23:48.369+0900] {logging_mixin.py:188} INFO - [2024-07-20T14:23:48.368+0900] {dag.py:3954} INFO - Setting next_dagrun for example_dynamic_task_mapping_with_no_taskflow_operators to 2024-07-19 00:00:00+00:00, run_after=2024-07-20 00:00:00+00:00
[2024-07-20T14:23:48.440+0900] {processor.py:183} INFO - Processing /home/papalio/.local/lib/python3.10/site-packages/airflow/example_dags/example_dynamic_task_mapping_with_no_taskflow_operators.py took 0.221 seconds
[2024-07-20T14:25:15.412+0900] {processor.py:161} INFO - Started process (PID=18240) to work on /home/papalio/.local/lib/python3.10/site-packages/airflow/example_dags/example_dynamic_task_mapping_with_no_taskflow_operators.py
[2024-07-20T14:25:15.415+0900] {processor.py:830} INFO - Processing file /home/papalio/.local/lib/python3.10/site-packages/airflow/example_dags/example_dynamic_task_mapping_with_no_taskflow_operators.py for tasks to queue
[2024-07-20T14:25:15.417+0900] {logging_mixin.py:188} INFO - [2024-07-20T14:25:15.417+0900] {dagbag.py:545} INFO - Filling up the DagBag from /home/papalio/.local/lib/python3.10/site-packages/airflow/example_dags/example_dynamic_task_mapping_with_no_taskflow_operators.py
[2024-07-20T14:25:15.431+0900] {processor.py:840} INFO - DAG(s) 'example_dynamic_task_mapping_with_no_taskflow_operators' retrieved from /home/papalio/.local/lib/python3.10/site-packages/airflow/example_dags/example_dynamic_task_mapping_with_no_taskflow_operators.py
[2024-07-20T14:25:15.455+0900] {logging_mixin.py:188} INFO - [2024-07-20T14:25:15.455+0900] {dag.py:3096} INFO - Sync 1 DAGs
[2024-07-20T14:25:15.481+0900] {logging_mixin.py:188} INFO - [2024-07-20T14:25:15.480+0900] {dag.py:3954} INFO - Setting next_dagrun for example_dynamic_task_mapping_with_no_taskflow_operators to 2024-07-19 00:00:00+00:00, run_after=2024-07-20 00:00:00+00:00
[2024-07-20T14:25:15.522+0900] {processor.py:183} INFO - Processing /home/papalio/.local/lib/python3.10/site-packages/airflow/example_dags/example_dynamic_task_mapping_with_no_taskflow_operators.py took 0.125 seconds
[2024-07-20T14:27:05.180+0900] {processor.py:161} INFO - Started process (PID=18856) to work on /home/papalio/.local/lib/python3.10/site-packages/airflow/example_dags/example_dynamic_task_mapping_with_no_taskflow_operators.py
[2024-07-20T14:27:05.183+0900] {processor.py:830} INFO - Processing file /home/papalio/.local/lib/python3.10/site-packages/airflow/example_dags/example_dynamic_task_mapping_with_no_taskflow_operators.py for tasks to queue
[2024-07-20T14:27:05.184+0900] {logging_mixin.py:188} INFO - [2024-07-20T14:27:05.183+0900] {dagbag.py:545} INFO - Filling up the DagBag from /home/papalio/.local/lib/python3.10/site-packages/airflow/example_dags/example_dynamic_task_mapping_with_no_taskflow_operators.py
[2024-07-20T14:27:05.194+0900] {processor.py:840} INFO - DAG(s) 'example_dynamic_task_mapping_with_no_taskflow_operators' retrieved from /home/papalio/.local/lib/python3.10/site-packages/airflow/example_dags/example_dynamic_task_mapping_with_no_taskflow_operators.py
[2024-07-20T14:27:05.213+0900] {logging_mixin.py:188} INFO - [2024-07-20T14:27:05.213+0900] {dag.py:3096} INFO - Sync 1 DAGs
[2024-07-20T14:27:05.232+0900] {logging_mixin.py:188} INFO - [2024-07-20T14:27:05.232+0900] {dag.py:3954} INFO - Setting next_dagrun for example_dynamic_task_mapping_with_no_taskflow_operators to 2024-07-19 00:00:00+00:00, run_after=2024-07-20 00:00:00+00:00
[2024-07-20T14:27:05.282+0900] {processor.py:183} INFO - Processing /home/papalio/.local/lib/python3.10/site-packages/airflow/example_dags/example_dynamic_task_mapping_with_no_taskflow_operators.py took 0.110 seconds
[2024-07-20T14:28:22.302+0900] {processor.py:161} INFO - Started process (PID=19358) to work on /home/papalio/.local/lib/python3.10/site-packages/airflow/example_dags/example_dynamic_task_mapping_with_no_taskflow_operators.py
[2024-07-20T14:28:22.305+0900] {processor.py:830} INFO - Processing file /home/papalio/.local/lib/python3.10/site-packages/airflow/example_dags/example_dynamic_task_mapping_with_no_taskflow_operators.py for tasks to queue
[2024-07-20T14:28:22.306+0900] {logging_mixin.py:188} INFO - [2024-07-20T14:28:22.306+0900] {dagbag.py:545} INFO - Filling up the DagBag from /home/papalio/.local/lib/python3.10/site-packages/airflow/example_dags/example_dynamic_task_mapping_with_no_taskflow_operators.py
[2024-07-20T14:28:22.318+0900] {processor.py:840} INFO - DAG(s) 'example_dynamic_task_mapping_with_no_taskflow_operators' retrieved from /home/papalio/.local/lib/python3.10/site-packages/airflow/example_dags/example_dynamic_task_mapping_with_no_taskflow_operators.py
[2024-07-20T14:28:22.336+0900] {logging_mixin.py:188} INFO - [2024-07-20T14:28:22.336+0900] {dag.py:3096} INFO - Sync 1 DAGs
[2024-07-20T14:28:22.357+0900] {logging_mixin.py:188} INFO - [2024-07-20T14:28:22.357+0900] {dag.py:3954} INFO - Setting next_dagrun for example_dynamic_task_mapping_with_no_taskflow_operators to 2024-07-19 00:00:00+00:00, run_after=2024-07-20 00:00:00+00:00
[2024-07-20T14:28:22.399+0900] {processor.py:183} INFO - Processing /home/papalio/.local/lib/python3.10/site-packages/airflow/example_dags/example_dynamic_task_mapping_with_no_taskflow_operators.py took 0.105 seconds
[2024-07-20T14:29:42.204+0900] {processor.py:161} INFO - Started process (PID=19865) to work on /home/papalio/.local/lib/python3.10/site-packages/airflow/example_dags/example_dynamic_task_mapping_with_no_taskflow_operators.py
[2024-07-20T14:29:42.207+0900] {processor.py:830} INFO - Processing file /home/papalio/.local/lib/python3.10/site-packages/airflow/example_dags/example_dynamic_task_mapping_with_no_taskflow_operators.py for tasks to queue
[2024-07-20T14:29:42.209+0900] {logging_mixin.py:188} INFO - [2024-07-20T14:29:42.208+0900] {dagbag.py:545} INFO - Filling up the DagBag from /home/papalio/.local/lib/python3.10/site-packages/airflow/example_dags/example_dynamic_task_mapping_with_no_taskflow_operators.py
[2024-07-20T14:29:42.223+0900] {processor.py:840} INFO - DAG(s) 'example_dynamic_task_mapping_with_no_taskflow_operators' retrieved from /home/papalio/.local/lib/python3.10/site-packages/airflow/example_dags/example_dynamic_task_mapping_with_no_taskflow_operators.py
[2024-07-20T14:29:42.251+0900] {logging_mixin.py:188} INFO - [2024-07-20T14:29:42.251+0900] {dag.py:3096} INFO - Sync 1 DAGs
[2024-07-20T14:29:42.288+0900] {logging_mixin.py:188} INFO - [2024-07-20T14:29:42.288+0900] {dag.py:3954} INFO - Setting next_dagrun for example_dynamic_task_mapping_with_no_taskflow_operators to 2024-07-19 00:00:00+00:00, run_after=2024-07-20 00:00:00+00:00
[2024-07-20T14:29:42.351+0900] {processor.py:183} INFO - Processing /home/papalio/.local/lib/python3.10/site-packages/airflow/example_dags/example_dynamic_task_mapping_with_no_taskflow_operators.py took 0.159 seconds
[2024-07-20T14:31:04.061+0900] {processor.py:161} INFO - Started process (PID=20389) to work on /home/papalio/.local/lib/python3.10/site-packages/airflow/example_dags/example_dynamic_task_mapping_with_no_taskflow_operators.py
[2024-07-20T14:31:04.063+0900] {processor.py:830} INFO - Processing file /home/papalio/.local/lib/python3.10/site-packages/airflow/example_dags/example_dynamic_task_mapping_with_no_taskflow_operators.py for tasks to queue
[2024-07-20T14:31:04.066+0900] {logging_mixin.py:188} INFO - [2024-07-20T14:31:04.065+0900] {dagbag.py:545} INFO - Filling up the DagBag from /home/papalio/.local/lib/python3.10/site-packages/airflow/example_dags/example_dynamic_task_mapping_with_no_taskflow_operators.py
[2024-07-20T14:31:04.084+0900] {processor.py:840} INFO - DAG(s) 'example_dynamic_task_mapping_with_no_taskflow_operators' retrieved from /home/papalio/.local/lib/python3.10/site-packages/airflow/example_dags/example_dynamic_task_mapping_with_no_taskflow_operators.py
[2024-07-20T14:31:04.117+0900] {logging_mixin.py:188} INFO - [2024-07-20T14:31:04.116+0900] {dag.py:3096} INFO - Sync 1 DAGs
[2024-07-20T14:31:04.162+0900] {logging_mixin.py:188} INFO - [2024-07-20T14:31:04.161+0900] {dag.py:3954} INFO - Setting next_dagrun for example_dynamic_task_mapping_with_no_taskflow_operators to 2024-07-19 00:00:00+00:00, run_after=2024-07-20 00:00:00+00:00
[2024-07-20T14:31:04.213+0900] {processor.py:183} INFO - Processing /home/papalio/.local/lib/python3.10/site-packages/airflow/example_dags/example_dynamic_task_mapping_with_no_taskflow_operators.py took 0.166 seconds
[2024-07-20T14:32:20.886+0900] {processor.py:161} INFO - Started process (PID=20880) to work on /home/papalio/.local/lib/python3.10/site-packages/airflow/example_dags/example_dynamic_task_mapping_with_no_taskflow_operators.py
[2024-07-20T14:32:20.892+0900] {processor.py:830} INFO - Processing file /home/papalio/.local/lib/python3.10/site-packages/airflow/example_dags/example_dynamic_task_mapping_with_no_taskflow_operators.py for tasks to queue
[2024-07-20T14:32:20.895+0900] {logging_mixin.py:188} INFO - [2024-07-20T14:32:20.894+0900] {dagbag.py:545} INFO - Filling up the DagBag from /home/papalio/.local/lib/python3.10/site-packages/airflow/example_dags/example_dynamic_task_mapping_with_no_taskflow_operators.py
[2024-07-20T14:32:20.929+0900] {processor.py:840} INFO - DAG(s) 'example_dynamic_task_mapping_with_no_taskflow_operators' retrieved from /home/papalio/.local/lib/python3.10/site-packages/airflow/example_dags/example_dynamic_task_mapping_with_no_taskflow_operators.py
[2024-07-20T14:32:21.015+0900] {logging_mixin.py:188} INFO - [2024-07-20T14:32:21.014+0900] {dag.py:3096} INFO - Sync 1 DAGs
[2024-07-20T14:32:21.121+0900] {logging_mixin.py:188} INFO - [2024-07-20T14:32:21.119+0900] {dag.py:3954} INFO - Setting next_dagrun for example_dynamic_task_mapping_with_no_taskflow_operators to 2024-07-19 00:00:00+00:00, run_after=2024-07-20 00:00:00+00:00
[2024-07-20T14:32:21.231+0900] {processor.py:183} INFO - Processing /home/papalio/.local/lib/python3.10/site-packages/airflow/example_dags/example_dynamic_task_mapping_with_no_taskflow_operators.py took 0.377 seconds
[2024-07-20T14:33:58.048+0900] {processor.py:161} INFO - Started process (PID=21455) to work on /home/papalio/.local/lib/python3.10/site-packages/airflow/example_dags/example_dynamic_task_mapping_with_no_taskflow_operators.py
[2024-07-20T14:33:58.051+0900] {processor.py:830} INFO - Processing file /home/papalio/.local/lib/python3.10/site-packages/airflow/example_dags/example_dynamic_task_mapping_with_no_taskflow_operators.py for tasks to queue
[2024-07-20T14:33:58.054+0900] {logging_mixin.py:188} INFO - [2024-07-20T14:33:58.053+0900] {dagbag.py:545} INFO - Filling up the DagBag from /home/papalio/.local/lib/python3.10/site-packages/airflow/example_dags/example_dynamic_task_mapping_with_no_taskflow_operators.py
[2024-07-20T14:33:58.081+0900] {processor.py:840} INFO - DAG(s) 'example_dynamic_task_mapping_with_no_taskflow_operators' retrieved from /home/papalio/.local/lib/python3.10/site-packages/airflow/example_dags/example_dynamic_task_mapping_with_no_taskflow_operators.py
[2024-07-20T14:33:58.125+0900] {logging_mixin.py:188} INFO - [2024-07-20T14:33:58.124+0900] {dag.py:3096} INFO - Sync 1 DAGs
[2024-07-20T14:33:58.212+0900] {logging_mixin.py:188} INFO - [2024-07-20T14:33:58.211+0900] {dag.py:3954} INFO - Setting next_dagrun for example_dynamic_task_mapping_with_no_taskflow_operators to 2024-07-19 00:00:00+00:00, run_after=2024-07-20 00:00:00+00:00
[2024-07-20T14:33:58.297+0900] {processor.py:183} INFO - Processing /home/papalio/.local/lib/python3.10/site-packages/airflow/example_dags/example_dynamic_task_mapping_with_no_taskflow_operators.py took 0.272 seconds
[2024-07-20T14:35:19.593+0900] {processor.py:161} INFO - Started process (PID=21973) to work on /home/papalio/.local/lib/python3.10/site-packages/airflow/example_dags/example_dynamic_task_mapping_with_no_taskflow_operators.py
[2024-07-20T14:35:19.595+0900] {processor.py:830} INFO - Processing file /home/papalio/.local/lib/python3.10/site-packages/airflow/example_dags/example_dynamic_task_mapping_with_no_taskflow_operators.py for tasks to queue
[2024-07-20T14:35:19.597+0900] {logging_mixin.py:188} INFO - [2024-07-20T14:35:19.596+0900] {dagbag.py:545} INFO - Filling up the DagBag from /home/papalio/.local/lib/python3.10/site-packages/airflow/example_dags/example_dynamic_task_mapping_with_no_taskflow_operators.py
[2024-07-20T14:35:19.613+0900] {processor.py:840} INFO - DAG(s) 'example_dynamic_task_mapping_with_no_taskflow_operators' retrieved from /home/papalio/.local/lib/python3.10/site-packages/airflow/example_dags/example_dynamic_task_mapping_with_no_taskflow_operators.py
[2024-07-20T14:35:19.644+0900] {logging_mixin.py:188} INFO - [2024-07-20T14:35:19.643+0900] {dag.py:3096} INFO - Sync 1 DAGs
[2024-07-20T14:35:19.681+0900] {logging_mixin.py:188} INFO - [2024-07-20T14:35:19.681+0900] {dag.py:3954} INFO - Setting next_dagrun for example_dynamic_task_mapping_with_no_taskflow_operators to 2024-07-19 00:00:00+00:00, run_after=2024-07-20 00:00:00+00:00
[2024-07-20T14:35:19.744+0900] {processor.py:183} INFO - Processing /home/papalio/.local/lib/python3.10/site-packages/airflow/example_dags/example_dynamic_task_mapping_with_no_taskflow_operators.py took 0.165 seconds
[2024-07-20T14:36:41.081+0900] {processor.py:161} INFO - Started process (PID=22487) to work on /home/papalio/.local/lib/python3.10/site-packages/airflow/example_dags/example_dynamic_task_mapping_with_no_taskflow_operators.py
[2024-07-20T14:36:41.084+0900] {processor.py:830} INFO - Processing file /home/papalio/.local/lib/python3.10/site-packages/airflow/example_dags/example_dynamic_task_mapping_with_no_taskflow_operators.py for tasks to queue
[2024-07-20T14:36:41.087+0900] {logging_mixin.py:188} INFO - [2024-07-20T14:36:41.086+0900] {dagbag.py:545} INFO - Filling up the DagBag from /home/papalio/.local/lib/python3.10/site-packages/airflow/example_dags/example_dynamic_task_mapping_with_no_taskflow_operators.py
[2024-07-20T14:36:41.105+0900] {processor.py:840} INFO - DAG(s) 'example_dynamic_task_mapping_with_no_taskflow_operators' retrieved from /home/papalio/.local/lib/python3.10/site-packages/airflow/example_dags/example_dynamic_task_mapping_with_no_taskflow_operators.py
[2024-07-20T14:36:41.145+0900] {logging_mixin.py:188} INFO - [2024-07-20T14:36:41.144+0900] {dag.py:3096} INFO - Sync 1 DAGs
[2024-07-20T14:36:41.187+0900] {logging_mixin.py:188} INFO - [2024-07-20T14:36:41.186+0900] {dag.py:3954} INFO - Setting next_dagrun for example_dynamic_task_mapping_with_no_taskflow_operators to 2024-07-19 00:00:00+00:00, run_after=2024-07-20 00:00:00+00:00
[2024-07-20T14:36:41.237+0900] {processor.py:183} INFO - Processing /home/papalio/.local/lib/python3.10/site-packages/airflow/example_dags/example_dynamic_task_mapping_with_no_taskflow_operators.py took 0.173 seconds
[2024-07-20T14:38:07.538+0900] {processor.py:161} INFO - Started process (PID=23016) to work on /home/papalio/.local/lib/python3.10/site-packages/airflow/example_dags/example_dynamic_task_mapping_with_no_taskflow_operators.py
[2024-07-20T14:38:07.542+0900] {processor.py:830} INFO - Processing file /home/papalio/.local/lib/python3.10/site-packages/airflow/example_dags/example_dynamic_task_mapping_with_no_taskflow_operators.py for tasks to queue
[2024-07-20T14:38:07.543+0900] {logging_mixin.py:188} INFO - [2024-07-20T14:38:07.543+0900] {dagbag.py:545} INFO - Filling up the DagBag from /home/papalio/.local/lib/python3.10/site-packages/airflow/example_dags/example_dynamic_task_mapping_with_no_taskflow_operators.py
[2024-07-20T14:38:07.557+0900] {processor.py:840} INFO - DAG(s) 'example_dynamic_task_mapping_with_no_taskflow_operators' retrieved from /home/papalio/.local/lib/python3.10/site-packages/airflow/example_dags/example_dynamic_task_mapping_with_no_taskflow_operators.py
[2024-07-20T14:38:07.586+0900] {logging_mixin.py:188} INFO - [2024-07-20T14:38:07.586+0900] {dag.py:3096} INFO - Sync 1 DAGs
[2024-07-20T14:38:07.622+0900] {logging_mixin.py:188} INFO - [2024-07-20T14:38:07.622+0900] {dag.py:3954} INFO - Setting next_dagrun for example_dynamic_task_mapping_with_no_taskflow_operators to 2024-07-19 00:00:00+00:00, run_after=2024-07-20 00:00:00+00:00
[2024-07-20T14:38:07.670+0900] {processor.py:183} INFO - Processing /home/papalio/.local/lib/python3.10/site-packages/airflow/example_dags/example_dynamic_task_mapping_with_no_taskflow_operators.py took 0.144 seconds
[2024-07-20T14:39:31.990+0900] {processor.py:161} INFO - Started process (PID=23544) to work on /home/papalio/.local/lib/python3.10/site-packages/airflow/example_dags/example_dynamic_task_mapping_with_no_taskflow_operators.py
[2024-07-20T14:39:31.996+0900] {processor.py:830} INFO - Processing file /home/papalio/.local/lib/python3.10/site-packages/airflow/example_dags/example_dynamic_task_mapping_with_no_taskflow_operators.py for tasks to queue
[2024-07-20T14:39:31.999+0900] {logging_mixin.py:188} INFO - [2024-07-20T14:39:31.998+0900] {dagbag.py:545} INFO - Filling up the DagBag from /home/papalio/.local/lib/python3.10/site-packages/airflow/example_dags/example_dynamic_task_mapping_with_no_taskflow_operators.py
[2024-07-20T14:39:32.023+0900] {processor.py:840} INFO - DAG(s) 'example_dynamic_task_mapping_with_no_taskflow_operators' retrieved from /home/papalio/.local/lib/python3.10/site-packages/airflow/example_dags/example_dynamic_task_mapping_with_no_taskflow_operators.py
[2024-07-20T14:39:32.074+0900] {logging_mixin.py:188} INFO - [2024-07-20T14:39:32.073+0900] {dag.py:3096} INFO - Sync 1 DAGs
[2024-07-20T14:39:32.119+0900] {logging_mixin.py:188} INFO - [2024-07-20T14:39:32.118+0900] {dag.py:3954} INFO - Setting next_dagrun for example_dynamic_task_mapping_with_no_taskflow_operators to 2024-07-19 00:00:00+00:00, run_after=2024-07-20 00:00:00+00:00
[2024-07-20T14:39:32.173+0900] {processor.py:183} INFO - Processing /home/papalio/.local/lib/python3.10/site-packages/airflow/example_dags/example_dynamic_task_mapping_with_no_taskflow_operators.py took 0.229 seconds
[2024-07-20T14:40:56.696+0900] {processor.py:161} INFO - Started process (PID=24074) to work on /home/papalio/.local/lib/python3.10/site-packages/airflow/example_dags/example_dynamic_task_mapping_with_no_taskflow_operators.py
[2024-07-20T14:40:56.699+0900] {processor.py:830} INFO - Processing file /home/papalio/.local/lib/python3.10/site-packages/airflow/example_dags/example_dynamic_task_mapping_with_no_taskflow_operators.py for tasks to queue
[2024-07-20T14:40:56.701+0900] {logging_mixin.py:188} INFO - [2024-07-20T14:40:56.700+0900] {dagbag.py:545} INFO - Filling up the DagBag from /home/papalio/.local/lib/python3.10/site-packages/airflow/example_dags/example_dynamic_task_mapping_with_no_taskflow_operators.py
[2024-07-20T14:40:56.721+0900] {processor.py:840} INFO - DAG(s) 'example_dynamic_task_mapping_with_no_taskflow_operators' retrieved from /home/papalio/.local/lib/python3.10/site-packages/airflow/example_dags/example_dynamic_task_mapping_with_no_taskflow_operators.py
[2024-07-20T14:40:56.752+0900] {logging_mixin.py:188} INFO - [2024-07-20T14:40:56.752+0900] {dag.py:3096} INFO - Sync 1 DAGs
[2024-07-20T14:40:56.794+0900] {logging_mixin.py:188} INFO - [2024-07-20T14:40:56.793+0900] {dag.py:3954} INFO - Setting next_dagrun for example_dynamic_task_mapping_with_no_taskflow_operators to 2024-07-19 00:00:00+00:00, run_after=2024-07-20 00:00:00+00:00
[2024-07-20T14:40:56.860+0900] {processor.py:183} INFO - Processing /home/papalio/.local/lib/python3.10/site-packages/airflow/example_dags/example_dynamic_task_mapping_with_no_taskflow_operators.py took 0.179 seconds
[2024-07-20T14:42:33.627+0900] {processor.py:161} INFO - Started process (PID=24647) to work on /home/papalio/.local/lib/python3.10/site-packages/airflow/example_dags/example_dynamic_task_mapping_with_no_taskflow_operators.py
[2024-07-20T14:42:33.630+0900] {processor.py:830} INFO - Processing file /home/papalio/.local/lib/python3.10/site-packages/airflow/example_dags/example_dynamic_task_mapping_with_no_taskflow_operators.py for tasks to queue
[2024-07-20T14:42:33.631+0900] {logging_mixin.py:188} INFO - [2024-07-20T14:42:33.630+0900] {dagbag.py:545} INFO - Filling up the DagBag from /home/papalio/.local/lib/python3.10/site-packages/airflow/example_dags/example_dynamic_task_mapping_with_no_taskflow_operators.py
[2024-07-20T14:42:33.643+0900] {processor.py:840} INFO - DAG(s) 'example_dynamic_task_mapping_with_no_taskflow_operators' retrieved from /home/papalio/.local/lib/python3.10/site-packages/airflow/example_dags/example_dynamic_task_mapping_with_no_taskflow_operators.py
[2024-07-20T14:42:33.664+0900] {logging_mixin.py:188} INFO - [2024-07-20T14:42:33.664+0900] {dag.py:3096} INFO - Sync 1 DAGs
[2024-07-20T14:42:33.688+0900] {logging_mixin.py:188} INFO - [2024-07-20T14:42:33.688+0900] {dag.py:3954} INFO - Setting next_dagrun for example_dynamic_task_mapping_with_no_taskflow_operators to 2024-07-19 00:00:00+00:00, run_after=2024-07-20 00:00:00+00:00
[2024-07-20T14:42:33.735+0900] {processor.py:183} INFO - Processing /home/papalio/.local/lib/python3.10/site-packages/airflow/example_dags/example_dynamic_task_mapping_with_no_taskflow_operators.py took 0.116 seconds
[2024-07-20T14:43:57.063+0900] {processor.py:161} INFO - Started process (PID=25192) to work on /home/papalio/.local/lib/python3.10/site-packages/airflow/example_dags/example_dynamic_task_mapping_with_no_taskflow_operators.py
[2024-07-20T14:43:57.066+0900] {processor.py:830} INFO - Processing file /home/papalio/.local/lib/python3.10/site-packages/airflow/example_dags/example_dynamic_task_mapping_with_no_taskflow_operators.py for tasks to queue
[2024-07-20T14:43:57.068+0900] {logging_mixin.py:188} INFO - [2024-07-20T14:43:57.067+0900] {dagbag.py:545} INFO - Filling up the DagBag from /home/papalio/.local/lib/python3.10/site-packages/airflow/example_dags/example_dynamic_task_mapping_with_no_taskflow_operators.py
[2024-07-20T14:43:57.085+0900] {processor.py:840} INFO - DAG(s) 'example_dynamic_task_mapping_with_no_taskflow_operators' retrieved from /home/papalio/.local/lib/python3.10/site-packages/airflow/example_dags/example_dynamic_task_mapping_with_no_taskflow_operators.py
[2024-07-20T14:43:57.118+0900] {logging_mixin.py:188} INFO - [2024-07-20T14:43:57.117+0900] {dag.py:3096} INFO - Sync 1 DAGs
[2024-07-20T14:43:57.157+0900] {logging_mixin.py:188} INFO - [2024-07-20T14:43:57.156+0900] {dag.py:3954} INFO - Setting next_dagrun for example_dynamic_task_mapping_with_no_taskflow_operators to 2024-07-19 00:00:00+00:00, run_after=2024-07-20 00:00:00+00:00
[2024-07-20T14:43:57.219+0900] {processor.py:183} INFO - Processing /home/papalio/.local/lib/python3.10/site-packages/airflow/example_dags/example_dynamic_task_mapping_with_no_taskflow_operators.py took 0.168 seconds
