[2024-07-20T14:10:56.109+0900] {processor.py:161} INFO - Started process (PID=12801) to work on /home/papalio/.local/lib/python3.10/site-packages/airflow/example_dags/example_short_circuit_decorator.py
[2024-07-20T14:10:56.111+0900] {processor.py:830} INFO - Processing file /home/papalio/.local/lib/python3.10/site-packages/airflow/example_dags/example_short_circuit_decorator.py for tasks to queue
[2024-07-20T14:10:56.117+0900] {logging_mixin.py:188} INFO - [2024-07-20T14:10:56.115+0900] {dagbag.py:545} INFO - Filling up the DagBag from /home/papalio/.local/lib/python3.10/site-packages/airflow/example_dags/example_short_circuit_decorator.py
[2024-07-20T14:10:56.155+0900] {processor.py:840} INFO - DAG(s) 'example_short_circuit_decorator' retrieved from /home/papalio/.local/lib/python3.10/site-packages/airflow/example_dags/example_short_circuit_decorator.py
[2024-07-20T14:10:56.457+0900] {logging_mixin.py:188} INFO - [2024-07-20T14:10:56.456+0900] {dag.py:3096} INFO - Sync 1 DAGs
[2024-07-20T14:10:56.509+0900] {logging_mixin.py:188} INFO - [2024-07-20T14:10:56.508+0900] {dag.py:3954} INFO - Setting next_dagrun for example_short_circuit_decorator to 2024-07-19 00:00:00+00:00, run_after=2024-07-20 00:00:00+00:00
[2024-07-20T14:10:56.570+0900] {processor.py:183} INFO - Processing /home/papalio/.local/lib/python3.10/site-packages/airflow/example_dags/example_short_circuit_decorator.py took 0.483 seconds
[2024-07-20T14:12:14.611+0900] {processor.py:161} INFO - Started process (PID=13300) to work on /home/papalio/.local/lib/python3.10/site-packages/airflow/example_dags/example_short_circuit_decorator.py
[2024-07-20T14:12:14.616+0900] {processor.py:830} INFO - Processing file /home/papalio/.local/lib/python3.10/site-packages/airflow/example_dags/example_short_circuit_decorator.py for tasks to queue
[2024-07-20T14:12:14.624+0900] {logging_mixin.py:188} INFO - [2024-07-20T14:12:14.623+0900] {dagbag.py:545} INFO - Filling up the DagBag from /home/papalio/.local/lib/python3.10/site-packages/airflow/example_dags/example_short_circuit_decorator.py
[2024-07-20T14:12:14.655+0900] {processor.py:840} INFO - DAG(s) 'example_short_circuit_decorator' retrieved from /home/papalio/.local/lib/python3.10/site-packages/airflow/example_dags/example_short_circuit_decorator.py
[2024-07-20T14:12:14.764+0900] {logging_mixin.py:188} INFO - [2024-07-20T14:12:14.762+0900] {dag.py:3096} INFO - Sync 1 DAGs
[2024-07-20T14:12:14.855+0900] {logging_mixin.py:188} INFO - [2024-07-20T14:12:14.854+0900] {dag.py:3954} INFO - Setting next_dagrun for example_short_circuit_decorator to 2024-07-19 00:00:00+00:00, run_after=2024-07-20 00:00:00+00:00
[2024-07-20T14:12:14.987+0900] {processor.py:183} INFO - Processing /home/papalio/.local/lib/python3.10/site-packages/airflow/example_dags/example_short_circuit_decorator.py took 0.404 seconds
[2024-07-20T14:13:40.292+0900] {processor.py:161} INFO - Started process (PID=13831) to work on /home/papalio/.local/lib/python3.10/site-packages/airflow/example_dags/example_short_circuit_decorator.py
[2024-07-20T14:13:40.296+0900] {processor.py:830} INFO - Processing file /home/papalio/.local/lib/python3.10/site-packages/airflow/example_dags/example_short_circuit_decorator.py for tasks to queue
[2024-07-20T14:13:40.300+0900] {logging_mixin.py:188} INFO - [2024-07-20T14:13:40.299+0900] {dagbag.py:545} INFO - Filling up the DagBag from /home/papalio/.local/lib/python3.10/site-packages/airflow/example_dags/example_short_circuit_decorator.py
[2024-07-20T14:13:40.322+0900] {processor.py:840} INFO - DAG(s) 'example_short_circuit_decorator' retrieved from /home/papalio/.local/lib/python3.10/site-packages/airflow/example_dags/example_short_circuit_decorator.py
[2024-07-20T14:13:40.364+0900] {logging_mixin.py:188} INFO - [2024-07-20T14:13:40.363+0900] {dag.py:3096} INFO - Sync 1 DAGs
[2024-07-20T14:13:40.410+0900] {logging_mixin.py:188} INFO - [2024-07-20T14:13:40.410+0900] {dag.py:3954} INFO - Setting next_dagrun for example_short_circuit_decorator to 2024-07-19 00:00:00+00:00, run_after=2024-07-20 00:00:00+00:00
[2024-07-20T14:13:40.467+0900] {processor.py:183} INFO - Processing /home/papalio/.local/lib/python3.10/site-packages/airflow/example_dags/example_short_circuit_decorator.py took 0.187 seconds
[2024-07-20T14:15:03.513+0900] {processor.py:161} INFO - Started process (PID=14351) to work on /home/papalio/.local/lib/python3.10/site-packages/airflow/example_dags/example_short_circuit_decorator.py
[2024-07-20T14:15:03.517+0900] {processor.py:830} INFO - Processing file /home/papalio/.local/lib/python3.10/site-packages/airflow/example_dags/example_short_circuit_decorator.py for tasks to queue
[2024-07-20T14:15:03.521+0900] {logging_mixin.py:188} INFO - [2024-07-20T14:15:03.520+0900] {dagbag.py:545} INFO - Filling up the DagBag from /home/papalio/.local/lib/python3.10/site-packages/airflow/example_dags/example_short_circuit_decorator.py
[2024-07-20T14:15:03.557+0900] {processor.py:840} INFO - DAG(s) 'example_short_circuit_decorator' retrieved from /home/papalio/.local/lib/python3.10/site-packages/airflow/example_dags/example_short_circuit_decorator.py
[2024-07-20T14:15:03.616+0900] {logging_mixin.py:188} INFO - [2024-07-20T14:15:03.615+0900] {dag.py:3096} INFO - Sync 1 DAGs
[2024-07-20T14:15:03.677+0900] {logging_mixin.py:188} INFO - [2024-07-20T14:15:03.676+0900] {dag.py:3954} INFO - Setting next_dagrun for example_short_circuit_decorator to 2024-07-19 00:00:00+00:00, run_after=2024-07-20 00:00:00+00:00
[2024-07-20T14:15:03.762+0900] {processor.py:183} INFO - Processing /home/papalio/.local/lib/python3.10/site-packages/airflow/example_dags/example_short_circuit_decorator.py took 0.272 seconds
[2024-07-20T14:16:20.690+0900] {processor.py:161} INFO - Started process (PID=14845) to work on /home/papalio/.local/lib/python3.10/site-packages/airflow/example_dags/example_short_circuit_decorator.py
[2024-07-20T14:16:20.694+0900] {processor.py:830} INFO - Processing file /home/papalio/.local/lib/python3.10/site-packages/airflow/example_dags/example_short_circuit_decorator.py for tasks to queue
[2024-07-20T14:16:20.696+0900] {logging_mixin.py:188} INFO - [2024-07-20T14:16:20.696+0900] {dagbag.py:545} INFO - Filling up the DagBag from /home/papalio/.local/lib/python3.10/site-packages/airflow/example_dags/example_short_circuit_decorator.py
[2024-07-20T14:16:20.710+0900] {processor.py:840} INFO - DAG(s) 'example_short_circuit_decorator' retrieved from /home/papalio/.local/lib/python3.10/site-packages/airflow/example_dags/example_short_circuit_decorator.py
[2024-07-20T14:16:20.754+0900] {logging_mixin.py:188} INFO - [2024-07-20T14:16:20.753+0900] {dag.py:3096} INFO - Sync 1 DAGs
[2024-07-20T14:16:20.780+0900] {logging_mixin.py:188} INFO - [2024-07-20T14:16:20.780+0900] {dag.py:3954} INFO - Setting next_dagrun for example_short_circuit_decorator to 2024-07-19 00:00:00+00:00, run_after=2024-07-20 00:00:00+00:00
[2024-07-20T14:16:20.821+0900] {processor.py:183} INFO - Processing /home/papalio/.local/lib/python3.10/site-packages/airflow/example_dags/example_short_circuit_decorator.py took 0.140 seconds
[2024-07-20T14:17:42.335+0900] {processor.py:161} INFO - Started process (PID=15361) to work on /home/papalio/.local/lib/python3.10/site-packages/airflow/example_dags/example_short_circuit_decorator.py
[2024-07-20T14:17:42.347+0900] {processor.py:830} INFO - Processing file /home/papalio/.local/lib/python3.10/site-packages/airflow/example_dags/example_short_circuit_decorator.py for tasks to queue
[2024-07-20T14:17:42.350+0900] {logging_mixin.py:188} INFO - [2024-07-20T14:17:42.349+0900] {dagbag.py:545} INFO - Filling up the DagBag from /home/papalio/.local/lib/python3.10/site-packages/airflow/example_dags/example_short_circuit_decorator.py
[2024-07-20T14:17:42.363+0900] {processor.py:840} INFO - DAG(s) 'example_short_circuit_decorator' retrieved from /home/papalio/.local/lib/python3.10/site-packages/airflow/example_dags/example_short_circuit_decorator.py
[2024-07-20T14:17:42.392+0900] {logging_mixin.py:188} INFO - [2024-07-20T14:17:42.391+0900] {dag.py:3096} INFO - Sync 1 DAGs
[2024-07-20T14:17:42.421+0900] {logging_mixin.py:188} INFO - [2024-07-20T14:17:42.421+0900] {dag.py:3954} INFO - Setting next_dagrun for example_short_circuit_decorator to 2024-07-19 00:00:00+00:00, run_after=2024-07-20 00:00:00+00:00
[2024-07-20T14:17:42.471+0900] {processor.py:183} INFO - Processing /home/papalio/.local/lib/python3.10/site-packages/airflow/example_dags/example_short_circuit_decorator.py took 0.144 seconds
[2024-07-20T14:19:03.990+0900] {processor.py:161} INFO - Started process (PID=15875) to work on /home/papalio/.local/lib/python3.10/site-packages/airflow/example_dags/example_short_circuit_decorator.py
[2024-07-20T14:19:03.996+0900] {processor.py:830} INFO - Processing file /home/papalio/.local/lib/python3.10/site-packages/airflow/example_dags/example_short_circuit_decorator.py for tasks to queue
[2024-07-20T14:19:04.011+0900] {logging_mixin.py:188} INFO - [2024-07-20T14:19:04.000+0900] {dagbag.py:545} INFO - Filling up the DagBag from /home/papalio/.local/lib/python3.10/site-packages/airflow/example_dags/example_short_circuit_decorator.py
[2024-07-20T14:19:04.056+0900] {processor.py:840} INFO - DAG(s) 'example_short_circuit_decorator' retrieved from /home/papalio/.local/lib/python3.10/site-packages/airflow/example_dags/example_short_circuit_decorator.py
[2024-07-20T14:19:04.121+0900] {logging_mixin.py:188} INFO - [2024-07-20T14:19:04.119+0900] {dag.py:3096} INFO - Sync 1 DAGs
[2024-07-20T14:19:04.189+0900] {logging_mixin.py:188} INFO - [2024-07-20T14:19:04.189+0900] {dag.py:3954} INFO - Setting next_dagrun for example_short_circuit_decorator to 2024-07-19 00:00:00+00:00, run_after=2024-07-20 00:00:00+00:00
[2024-07-20T14:19:04.315+0900] {processor.py:183} INFO - Processing /home/papalio/.local/lib/python3.10/site-packages/airflow/example_dags/example_short_circuit_decorator.py took 0.350 seconds
[2024-07-20T14:20:21.413+0900] {processor.py:161} INFO - Started process (PID=16394) to work on /home/papalio/.local/lib/python3.10/site-packages/airflow/example_dags/example_short_circuit_decorator.py
[2024-07-20T14:20:21.417+0900] {processor.py:830} INFO - Processing file /home/papalio/.local/lib/python3.10/site-packages/airflow/example_dags/example_short_circuit_decorator.py for tasks to queue
[2024-07-20T14:20:21.421+0900] {logging_mixin.py:188} INFO - [2024-07-20T14:20:21.421+0900] {dagbag.py:545} INFO - Filling up the DagBag from /home/papalio/.local/lib/python3.10/site-packages/airflow/example_dags/example_short_circuit_decorator.py
[2024-07-20T14:20:21.442+0900] {processor.py:840} INFO - DAG(s) 'example_short_circuit_decorator' retrieved from /home/papalio/.local/lib/python3.10/site-packages/airflow/example_dags/example_short_circuit_decorator.py
[2024-07-20T14:20:21.478+0900] {logging_mixin.py:188} INFO - [2024-07-20T14:20:21.477+0900] {dag.py:3096} INFO - Sync 1 DAGs
[2024-07-20T14:20:21.515+0900] {logging_mixin.py:188} INFO - [2024-07-20T14:20:21.514+0900] {dag.py:3954} INFO - Setting next_dagrun for example_short_circuit_decorator to 2024-07-19 00:00:00+00:00, run_after=2024-07-20 00:00:00+00:00
[2024-07-20T14:20:21.571+0900] {processor.py:183} INFO - Processing /home/papalio/.local/lib/python3.10/site-packages/airflow/example_dags/example_short_circuit_decorator.py took 0.174 seconds
[2024-07-20T14:22:04.879+0900] {processor.py:161} INFO - Started process (PID=17100) to work on /home/papalio/.local/lib/python3.10/site-packages/airflow/example_dags/example_short_circuit_decorator.py
[2024-07-20T14:22:04.882+0900] {processor.py:830} INFO - Processing file /home/papalio/.local/lib/python3.10/site-packages/airflow/example_dags/example_short_circuit_decorator.py for tasks to queue
[2024-07-20T14:22:04.885+0900] {logging_mixin.py:188} INFO - [2024-07-20T14:22:04.884+0900] {dagbag.py:545} INFO - Filling up the DagBag from /home/papalio/.local/lib/python3.10/site-packages/airflow/example_dags/example_short_circuit_decorator.py
[2024-07-20T14:22:04.907+0900] {processor.py:840} INFO - DAG(s) 'example_short_circuit_decorator' retrieved from /home/papalio/.local/lib/python3.10/site-packages/airflow/example_dags/example_short_circuit_decorator.py
[2024-07-20T14:22:04.947+0900] {logging_mixin.py:188} INFO - [2024-07-20T14:22:04.947+0900] {dag.py:3096} INFO - Sync 1 DAGs
[2024-07-20T14:22:04.998+0900] {logging_mixin.py:188} INFO - [2024-07-20T14:22:04.997+0900] {dag.py:3954} INFO - Setting next_dagrun for example_short_circuit_decorator to 2024-07-19 00:00:00+00:00, run_after=2024-07-20 00:00:00+00:00
[2024-07-20T14:22:05.059+0900] {processor.py:183} INFO - Processing /home/papalio/.local/lib/python3.10/site-packages/airflow/example_dags/example_short_circuit_decorator.py took 0.192 seconds
[2024-07-20T14:23:45.052+0900] {processor.py:161} INFO - Started process (PID=17680) to work on /home/papalio/.local/lib/python3.10/site-packages/airflow/example_dags/example_short_circuit_decorator.py
[2024-07-20T14:23:45.069+0900] {processor.py:830} INFO - Processing file /home/papalio/.local/lib/python3.10/site-packages/airflow/example_dags/example_short_circuit_decorator.py for tasks to queue
[2024-07-20T14:23:45.072+0900] {logging_mixin.py:188} INFO - [2024-07-20T14:23:45.071+0900] {dagbag.py:545} INFO - Filling up the DagBag from /home/papalio/.local/lib/python3.10/site-packages/airflow/example_dags/example_short_circuit_decorator.py
[2024-07-20T14:23:45.106+0900] {processor.py:840} INFO - DAG(s) 'example_short_circuit_decorator' retrieved from /home/papalio/.local/lib/python3.10/site-packages/airflow/example_dags/example_short_circuit_decorator.py
[2024-07-20T14:23:45.156+0900] {logging_mixin.py:188} INFO - [2024-07-20T14:23:45.156+0900] {dag.py:3096} INFO - Sync 1 DAGs
[2024-07-20T14:23:45.233+0900] {logging_mixin.py:188} INFO - [2024-07-20T14:23:45.232+0900] {dag.py:3954} INFO - Setting next_dagrun for example_short_circuit_decorator to 2024-07-19 00:00:00+00:00, run_after=2024-07-20 00:00:00+00:00
[2024-07-20T14:23:45.328+0900] {processor.py:183} INFO - Processing /home/papalio/.local/lib/python3.10/site-packages/airflow/example_dags/example_short_circuit_decorator.py took 0.290 seconds
[2024-07-20T14:25:11.291+0900] {processor.py:161} INFO - Started process (PID=18221) to work on /home/papalio/.local/lib/python3.10/site-packages/airflow/example_dags/example_short_circuit_decorator.py
[2024-07-20T14:25:11.294+0900] {processor.py:830} INFO - Processing file /home/papalio/.local/lib/python3.10/site-packages/airflow/example_dags/example_short_circuit_decorator.py for tasks to queue
[2024-07-20T14:25:11.305+0900] {logging_mixin.py:188} INFO - [2024-07-20T14:25:11.296+0900] {dagbag.py:545} INFO - Filling up the DagBag from /home/papalio/.local/lib/python3.10/site-packages/airflow/example_dags/example_short_circuit_decorator.py
[2024-07-20T14:25:11.334+0900] {processor.py:840} INFO - DAG(s) 'example_short_circuit_decorator' retrieved from /home/papalio/.local/lib/python3.10/site-packages/airflow/example_dags/example_short_circuit_decorator.py
[2024-07-20T14:25:11.397+0900] {logging_mixin.py:188} INFO - [2024-07-20T14:25:11.396+0900] {dag.py:3096} INFO - Sync 1 DAGs
[2024-07-20T14:25:11.576+0900] {logging_mixin.py:188} INFO - [2024-07-20T14:25:11.575+0900] {dag.py:3954} INFO - Setting next_dagrun for example_short_circuit_decorator to 2024-07-19 00:00:00+00:00, run_after=2024-07-20 00:00:00+00:00
[2024-07-20T14:25:11.679+0900] {processor.py:183} INFO - Processing /home/papalio/.local/lib/python3.10/site-packages/airflow/example_dags/example_short_circuit_decorator.py took 0.409 seconds
[2024-07-20T14:27:02.194+0900] {processor.py:161} INFO - Started process (PID=18841) to work on /home/papalio/.local/lib/python3.10/site-packages/airflow/example_dags/example_short_circuit_decorator.py
[2024-07-20T14:27:02.196+0900] {processor.py:830} INFO - Processing file /home/papalio/.local/lib/python3.10/site-packages/airflow/example_dags/example_short_circuit_decorator.py for tasks to queue
[2024-07-20T14:27:02.198+0900] {logging_mixin.py:188} INFO - [2024-07-20T14:27:02.197+0900] {dagbag.py:545} INFO - Filling up the DagBag from /home/papalio/.local/lib/python3.10/site-packages/airflow/example_dags/example_short_circuit_decorator.py
[2024-07-20T14:27:02.215+0900] {processor.py:840} INFO - DAG(s) 'example_short_circuit_decorator' retrieved from /home/papalio/.local/lib/python3.10/site-packages/airflow/example_dags/example_short_circuit_decorator.py
[2024-07-20T14:27:02.246+0900] {logging_mixin.py:188} INFO - [2024-07-20T14:27:02.245+0900] {dag.py:3096} INFO - Sync 1 DAGs
[2024-07-20T14:27:02.288+0900] {logging_mixin.py:188} INFO - [2024-07-20T14:27:02.287+0900] {dag.py:3954} INFO - Setting next_dagrun for example_short_circuit_decorator to 2024-07-19 00:00:00+00:00, run_after=2024-07-20 00:00:00+00:00
[2024-07-20T14:27:02.332+0900] {processor.py:183} INFO - Processing /home/papalio/.local/lib/python3.10/site-packages/airflow/example_dags/example_short_circuit_decorator.py took 0.150 seconds
[2024-07-20T14:28:18.546+0900] {processor.py:161} INFO - Started process (PID=19338) to work on /home/papalio/.local/lib/python3.10/site-packages/airflow/example_dags/example_short_circuit_decorator.py
[2024-07-20T14:28:18.549+0900] {processor.py:830} INFO - Processing file /home/papalio/.local/lib/python3.10/site-packages/airflow/example_dags/example_short_circuit_decorator.py for tasks to queue
[2024-07-20T14:28:18.551+0900] {logging_mixin.py:188} INFO - [2024-07-20T14:28:18.550+0900] {dagbag.py:545} INFO - Filling up the DagBag from /home/papalio/.local/lib/python3.10/site-packages/airflow/example_dags/example_short_circuit_decorator.py
[2024-07-20T14:28:18.574+0900] {processor.py:840} INFO - DAG(s) 'example_short_circuit_decorator' retrieved from /home/papalio/.local/lib/python3.10/site-packages/airflow/example_dags/example_short_circuit_decorator.py
[2024-07-20T14:28:18.604+0900] {logging_mixin.py:188} INFO - [2024-07-20T14:28:18.603+0900] {dag.py:3096} INFO - Sync 1 DAGs
[2024-07-20T14:28:18.634+0900] {logging_mixin.py:188} INFO - [2024-07-20T14:28:18.634+0900] {dag.py:3954} INFO - Setting next_dagrun for example_short_circuit_decorator to 2024-07-19 00:00:00+00:00, run_after=2024-07-20 00:00:00+00:00
[2024-07-20T14:28:18.678+0900] {processor.py:183} INFO - Processing /home/papalio/.local/lib/python3.10/site-packages/airflow/example_dags/example_short_circuit_decorator.py took 0.152 seconds
[2024-07-20T14:29:38.731+0900] {processor.py:161} INFO - Started process (PID=19849) to work on /home/papalio/.local/lib/python3.10/site-packages/airflow/example_dags/example_short_circuit_decorator.py
[2024-07-20T14:29:38.743+0900] {processor.py:830} INFO - Processing file /home/papalio/.local/lib/python3.10/site-packages/airflow/example_dags/example_short_circuit_decorator.py for tasks to queue
[2024-07-20T14:29:38.745+0900] {logging_mixin.py:188} INFO - [2024-07-20T14:29:38.744+0900] {dagbag.py:545} INFO - Filling up the DagBag from /home/papalio/.local/lib/python3.10/site-packages/airflow/example_dags/example_short_circuit_decorator.py
[2024-07-20T14:29:38.767+0900] {processor.py:840} INFO - DAG(s) 'example_short_circuit_decorator' retrieved from /home/papalio/.local/lib/python3.10/site-packages/airflow/example_dags/example_short_circuit_decorator.py
[2024-07-20T14:29:38.821+0900] {logging_mixin.py:188} INFO - [2024-07-20T14:29:38.821+0900] {dag.py:3096} INFO - Sync 1 DAGs
[2024-07-20T14:29:38.875+0900] {logging_mixin.py:188} INFO - [2024-07-20T14:29:38.875+0900] {dag.py:3954} INFO - Setting next_dagrun for example_short_circuit_decorator to 2024-07-19 00:00:00+00:00, run_after=2024-07-20 00:00:00+00:00
[2024-07-20T14:29:38.928+0900] {processor.py:183} INFO - Processing /home/papalio/.local/lib/python3.10/site-packages/airflow/example_dags/example_short_circuit_decorator.py took 0.208 seconds
[2024-07-20T14:31:00.687+0900] {processor.py:161} INFO - Started process (PID=20373) to work on /home/papalio/.local/lib/python3.10/site-packages/airflow/example_dags/example_short_circuit_decorator.py
[2024-07-20T14:31:00.689+0900] {processor.py:830} INFO - Processing file /home/papalio/.local/lib/python3.10/site-packages/airflow/example_dags/example_short_circuit_decorator.py for tasks to queue
[2024-07-20T14:31:00.691+0900] {logging_mixin.py:188} INFO - [2024-07-20T14:31:00.690+0900] {dagbag.py:545} INFO - Filling up the DagBag from /home/papalio/.local/lib/python3.10/site-packages/airflow/example_dags/example_short_circuit_decorator.py
[2024-07-20T14:31:00.705+0900] {processor.py:840} INFO - DAG(s) 'example_short_circuit_decorator' retrieved from /home/papalio/.local/lib/python3.10/site-packages/airflow/example_dags/example_short_circuit_decorator.py
[2024-07-20T14:31:00.734+0900] {logging_mixin.py:188} INFO - [2024-07-20T14:31:00.734+0900] {dag.py:3096} INFO - Sync 1 DAGs
[2024-07-20T14:31:00.764+0900] {logging_mixin.py:188} INFO - [2024-07-20T14:31:00.763+0900] {dag.py:3954} INFO - Setting next_dagrun for example_short_circuit_decorator to 2024-07-19 00:00:00+00:00, run_after=2024-07-20 00:00:00+00:00
[2024-07-20T14:31:00.802+0900] {processor.py:183} INFO - Processing /home/papalio/.local/lib/python3.10/site-packages/airflow/example_dags/example_short_circuit_decorator.py took 0.125 seconds
[2024-07-20T14:32:15.692+0900] {processor.py:161} INFO - Started process (PID=20858) to work on /home/papalio/.local/lib/python3.10/site-packages/airflow/example_dags/example_short_circuit_decorator.py
[2024-07-20T14:32:15.697+0900] {processor.py:830} INFO - Processing file /home/papalio/.local/lib/python3.10/site-packages/airflow/example_dags/example_short_circuit_decorator.py for tasks to queue
[2024-07-20T14:32:15.701+0900] {logging_mixin.py:188} INFO - [2024-07-20T14:32:15.699+0900] {dagbag.py:545} INFO - Filling up the DagBag from /home/papalio/.local/lib/python3.10/site-packages/airflow/example_dags/example_short_circuit_decorator.py
[2024-07-20T14:32:15.742+0900] {processor.py:840} INFO - DAG(s) 'example_short_circuit_decorator' retrieved from /home/papalio/.local/lib/python3.10/site-packages/airflow/example_dags/example_short_circuit_decorator.py
[2024-07-20T14:32:15.830+0900] {logging_mixin.py:188} INFO - [2024-07-20T14:32:15.829+0900] {dag.py:3096} INFO - Sync 1 DAGs
[2024-07-20T14:32:15.943+0900] {logging_mixin.py:188} INFO - [2024-07-20T14:32:15.941+0900] {dag.py:3954} INFO - Setting next_dagrun for example_short_circuit_decorator to 2024-07-19 00:00:00+00:00, run_after=2024-07-20 00:00:00+00:00
[2024-07-20T14:32:16.068+0900] {processor.py:183} INFO - Processing /home/papalio/.local/lib/python3.10/site-packages/airflow/example_dags/example_short_circuit_decorator.py took 0.398 seconds
[2024-07-20T14:33:54.047+0900] {processor.py:161} INFO - Started process (PID=21437) to work on /home/papalio/.local/lib/python3.10/site-packages/airflow/example_dags/example_short_circuit_decorator.py
[2024-07-20T14:33:54.049+0900] {processor.py:830} INFO - Processing file /home/papalio/.local/lib/python3.10/site-packages/airflow/example_dags/example_short_circuit_decorator.py for tasks to queue
[2024-07-20T14:33:54.050+0900] {logging_mixin.py:188} INFO - [2024-07-20T14:33:54.050+0900] {dagbag.py:545} INFO - Filling up the DagBag from /home/papalio/.local/lib/python3.10/site-packages/airflow/example_dags/example_short_circuit_decorator.py
[2024-07-20T14:33:54.068+0900] {processor.py:840} INFO - DAG(s) 'example_short_circuit_decorator' retrieved from /home/papalio/.local/lib/python3.10/site-packages/airflow/example_dags/example_short_circuit_decorator.py
[2024-07-20T14:33:54.106+0900] {logging_mixin.py:188} INFO - [2024-07-20T14:33:54.105+0900] {dag.py:3096} INFO - Sync 1 DAGs
[2024-07-20T14:33:54.154+0900] {logging_mixin.py:188} INFO - [2024-07-20T14:33:54.153+0900] {dag.py:3954} INFO - Setting next_dagrun for example_short_circuit_decorator to 2024-07-19 00:00:00+00:00, run_after=2024-07-20 00:00:00+00:00
[2024-07-20T14:33:54.238+0900] {processor.py:183} INFO - Processing /home/papalio/.local/lib/python3.10/site-packages/airflow/example_dags/example_short_circuit_decorator.py took 0.203 seconds
[2024-07-20T14:35:16.726+0900] {processor.py:161} INFO - Started process (PID=21959) to work on /home/papalio/.local/lib/python3.10/site-packages/airflow/example_dags/example_short_circuit_decorator.py
[2024-07-20T14:35:16.729+0900] {processor.py:830} INFO - Processing file /home/papalio/.local/lib/python3.10/site-packages/airflow/example_dags/example_short_circuit_decorator.py for tasks to queue
[2024-07-20T14:35:16.733+0900] {logging_mixin.py:188} INFO - [2024-07-20T14:35:16.732+0900] {dagbag.py:545} INFO - Filling up the DagBag from /home/papalio/.local/lib/python3.10/site-packages/airflow/example_dags/example_short_circuit_decorator.py
[2024-07-20T14:35:16.769+0900] {processor.py:840} INFO - DAG(s) 'example_short_circuit_decorator' retrieved from /home/papalio/.local/lib/python3.10/site-packages/airflow/example_dags/example_short_circuit_decorator.py
[2024-07-20T14:35:16.873+0900] {logging_mixin.py:188} INFO - [2024-07-20T14:35:16.872+0900] {dag.py:3096} INFO - Sync 1 DAGs
[2024-07-20T14:35:16.970+0900] {logging_mixin.py:188} INFO - [2024-07-20T14:35:16.969+0900] {dag.py:3954} INFO - Setting next_dagrun for example_short_circuit_decorator to 2024-07-19 00:00:00+00:00, run_after=2024-07-20 00:00:00+00:00
[2024-07-20T14:35:17.061+0900] {processor.py:183} INFO - Processing /home/papalio/.local/lib/python3.10/site-packages/airflow/example_dags/example_short_circuit_decorator.py took 0.351 seconds
[2024-07-20T14:36:38.523+0900] {processor.py:161} INFO - Started process (PID=22474) to work on /home/papalio/.local/lib/python3.10/site-packages/airflow/example_dags/example_short_circuit_decorator.py
[2024-07-20T14:36:38.526+0900] {processor.py:830} INFO - Processing file /home/papalio/.local/lib/python3.10/site-packages/airflow/example_dags/example_short_circuit_decorator.py for tasks to queue
[2024-07-20T14:36:38.530+0900] {logging_mixin.py:188} INFO - [2024-07-20T14:36:38.529+0900] {dagbag.py:545} INFO - Filling up the DagBag from /home/papalio/.local/lib/python3.10/site-packages/airflow/example_dags/example_short_circuit_decorator.py
[2024-07-20T14:36:38.545+0900] {processor.py:840} INFO - DAG(s) 'example_short_circuit_decorator' retrieved from /home/papalio/.local/lib/python3.10/site-packages/airflow/example_dags/example_short_circuit_decorator.py
[2024-07-20T14:36:38.568+0900] {logging_mixin.py:188} INFO - [2024-07-20T14:36:38.568+0900] {dag.py:3096} INFO - Sync 1 DAGs
[2024-07-20T14:36:38.594+0900] {logging_mixin.py:188} INFO - [2024-07-20T14:36:38.593+0900] {dag.py:3954} INFO - Setting next_dagrun for example_short_circuit_decorator to 2024-07-19 00:00:00+00:00, run_after=2024-07-20 00:00:00+00:00
[2024-07-20T14:36:38.645+0900] {processor.py:183} INFO - Processing /home/papalio/.local/lib/python3.10/site-packages/airflow/example_dags/example_short_circuit_decorator.py took 0.135 seconds
[2024-07-20T14:38:03.495+0900] {processor.py:161} INFO - Started process (PID=22997) to work on /home/papalio/.local/lib/python3.10/site-packages/airflow/example_dags/example_short_circuit_decorator.py
[2024-07-20T14:38:03.681+0900] {processor.py:830} INFO - Processing file /home/papalio/.local/lib/python3.10/site-packages/airflow/example_dags/example_short_circuit_decorator.py for tasks to queue
[2024-07-20T14:38:03.683+0900] {logging_mixin.py:188} INFO - [2024-07-20T14:38:03.682+0900] {dagbag.py:545} INFO - Filling up the DagBag from /home/papalio/.local/lib/python3.10/site-packages/airflow/example_dags/example_short_circuit_decorator.py
[2024-07-20T14:38:03.720+0900] {processor.py:840} INFO - DAG(s) 'example_short_circuit_decorator' retrieved from /home/papalio/.local/lib/python3.10/site-packages/airflow/example_dags/example_short_circuit_decorator.py
[2024-07-20T14:38:03.747+0900] {logging_mixin.py:188} INFO - [2024-07-20T14:38:03.747+0900] {dag.py:3096} INFO - Sync 1 DAGs
[2024-07-20T14:38:03.779+0900] {logging_mixin.py:188} INFO - [2024-07-20T14:38:03.779+0900] {dag.py:3954} INFO - Setting next_dagrun for example_short_circuit_decorator to 2024-07-19 00:00:00+00:00, run_after=2024-07-20 00:00:00+00:00
[2024-07-20T14:38:03.827+0900] {processor.py:183} INFO - Processing /home/papalio/.local/lib/python3.10/site-packages/airflow/example_dags/example_short_circuit_decorator.py took 0.340 seconds
[2024-07-20T14:39:27.844+0900] {processor.py:161} INFO - Started process (PID=23523) to work on /home/papalio/.local/lib/python3.10/site-packages/airflow/example_dags/example_short_circuit_decorator.py
[2024-07-20T14:39:27.848+0900] {processor.py:830} INFO - Processing file /home/papalio/.local/lib/python3.10/site-packages/airflow/example_dags/example_short_circuit_decorator.py for tasks to queue
[2024-07-20T14:39:27.851+0900] {logging_mixin.py:188} INFO - [2024-07-20T14:39:27.850+0900] {dagbag.py:545} INFO - Filling up the DagBag from /home/papalio/.local/lib/python3.10/site-packages/airflow/example_dags/example_short_circuit_decorator.py
[2024-07-20T14:39:27.885+0900] {processor.py:840} INFO - DAG(s) 'example_short_circuit_decorator' retrieved from /home/papalio/.local/lib/python3.10/site-packages/airflow/example_dags/example_short_circuit_decorator.py
[2024-07-20T14:39:27.945+0900] {logging_mixin.py:188} INFO - [2024-07-20T14:39:27.944+0900] {dag.py:3096} INFO - Sync 1 DAGs
[2024-07-20T14:39:28.015+0900] {logging_mixin.py:188} INFO - [2024-07-20T14:39:28.014+0900] {dag.py:3954} INFO - Setting next_dagrun for example_short_circuit_decorator to 2024-07-19 00:00:00+00:00, run_after=2024-07-20 00:00:00+00:00
[2024-07-20T14:39:28.105+0900] {processor.py:183} INFO - Processing /home/papalio/.local/lib/python3.10/site-packages/airflow/example_dags/example_short_circuit_decorator.py took 0.279 seconds
[2024-07-20T14:40:53.514+0900] {processor.py:161} INFO - Started process (PID=24059) to work on /home/papalio/.local/lib/python3.10/site-packages/airflow/example_dags/example_short_circuit_decorator.py
[2024-07-20T14:40:53.518+0900] {processor.py:830} INFO - Processing file /home/papalio/.local/lib/python3.10/site-packages/airflow/example_dags/example_short_circuit_decorator.py for tasks to queue
[2024-07-20T14:40:53.522+0900] {logging_mixin.py:188} INFO - [2024-07-20T14:40:53.520+0900] {dagbag.py:545} INFO - Filling up the DagBag from /home/papalio/.local/lib/python3.10/site-packages/airflow/example_dags/example_short_circuit_decorator.py
[2024-07-20T14:40:53.544+0900] {processor.py:840} INFO - DAG(s) 'example_short_circuit_decorator' retrieved from /home/papalio/.local/lib/python3.10/site-packages/airflow/example_dags/example_short_circuit_decorator.py
[2024-07-20T14:40:53.583+0900] {logging_mixin.py:188} INFO - [2024-07-20T14:40:53.582+0900] {dag.py:3096} INFO - Sync 1 DAGs
[2024-07-20T14:40:53.622+0900] {logging_mixin.py:188} INFO - [2024-07-20T14:40:53.622+0900] {dag.py:3954} INFO - Setting next_dagrun for example_short_circuit_decorator to 2024-07-19 00:00:00+00:00, run_after=2024-07-20 00:00:00+00:00
[2024-07-20T14:40:53.686+0900] {processor.py:183} INFO - Processing /home/papalio/.local/lib/python3.10/site-packages/airflow/example_dags/example_short_circuit_decorator.py took 0.187 seconds
[2024-07-20T14:42:30.067+0900] {processor.py:161} INFO - Started process (PID=24630) to work on /home/papalio/.local/lib/python3.10/site-packages/airflow/example_dags/example_short_circuit_decorator.py
[2024-07-20T14:42:30.068+0900] {processor.py:830} INFO - Processing file /home/papalio/.local/lib/python3.10/site-packages/airflow/example_dags/example_short_circuit_decorator.py for tasks to queue
[2024-07-20T14:42:30.069+0900] {logging_mixin.py:188} INFO - [2024-07-20T14:42:30.069+0900] {dagbag.py:545} INFO - Filling up the DagBag from /home/papalio/.local/lib/python3.10/site-packages/airflow/example_dags/example_short_circuit_decorator.py
[2024-07-20T14:42:30.079+0900] {processor.py:840} INFO - DAG(s) 'example_short_circuit_decorator' retrieved from /home/papalio/.local/lib/python3.10/site-packages/airflow/example_dags/example_short_circuit_decorator.py
[2024-07-20T14:42:30.101+0900] {logging_mixin.py:188} INFO - [2024-07-20T14:42:30.101+0900] {dag.py:3096} INFO - Sync 1 DAGs
[2024-07-20T14:42:30.119+0900] {logging_mixin.py:188} INFO - [2024-07-20T14:42:30.119+0900] {dag.py:3954} INFO - Setting next_dagrun for example_short_circuit_decorator to 2024-07-19 00:00:00+00:00, run_after=2024-07-20 00:00:00+00:00
[2024-07-20T14:42:30.147+0900] {processor.py:183} INFO - Processing /home/papalio/.local/lib/python3.10/site-packages/airflow/example_dags/example_short_circuit_decorator.py took 0.086 seconds
[2024-07-20T14:43:53.692+0900] {processor.py:161} INFO - Started process (PID=25176) to work on /home/papalio/.local/lib/python3.10/site-packages/airflow/example_dags/example_short_circuit_decorator.py
[2024-07-20T14:43:53.694+0900] {processor.py:830} INFO - Processing file /home/papalio/.local/lib/python3.10/site-packages/airflow/example_dags/example_short_circuit_decorator.py for tasks to queue
[2024-07-20T14:43:53.696+0900] {logging_mixin.py:188} INFO - [2024-07-20T14:43:53.695+0900] {dagbag.py:545} INFO - Filling up the DagBag from /home/papalio/.local/lib/python3.10/site-packages/airflow/example_dags/example_short_circuit_decorator.py
[2024-07-20T14:43:53.712+0900] {processor.py:840} INFO - DAG(s) 'example_short_circuit_decorator' retrieved from /home/papalio/.local/lib/python3.10/site-packages/airflow/example_dags/example_short_circuit_decorator.py
[2024-07-20T14:43:53.738+0900] {logging_mixin.py:188} INFO - [2024-07-20T14:43:53.738+0900] {dag.py:3096} INFO - Sync 1 DAGs
[2024-07-20T14:43:53.775+0900] {logging_mixin.py:188} INFO - [2024-07-20T14:43:53.774+0900] {dag.py:3954} INFO - Setting next_dagrun for example_short_circuit_decorator to 2024-07-19 00:00:00+00:00, run_after=2024-07-20 00:00:00+00:00
[2024-07-20T14:43:53.825+0900] {processor.py:183} INFO - Processing /home/papalio/.local/lib/python3.10/site-packages/airflow/example_dags/example_short_circuit_decorator.py took 0.143 seconds
