[2024-07-20T14:10:05.296+0900] {processor.py:161} INFO - Started process (PID=12567) to work on /home/papalio/.local/lib/python3.10/site-packages/airflow/example_dags/example_branch_day_of_week_operator.py
[2024-07-20T14:10:05.298+0900] {processor.py:830} INFO - Processing file /home/papalio/.local/lib/python3.10/site-packages/airflow/example_dags/example_branch_day_of_week_operator.py for tasks to queue
[2024-07-20T14:10:05.300+0900] {logging_mixin.py:188} INFO - [2024-07-20T14:10:05.300+0900] {dagbag.py:545} INFO - Filling up the DagBag from /home/papalio/.local/lib/python3.10/site-packages/airflow/example_dags/example_branch_day_of_week_operator.py
[2024-07-20T14:10:05.316+0900] {processor.py:840} INFO - DAG(s) 'example_weekday_branch_operator' retrieved from /home/papalio/.local/lib/python3.10/site-packages/airflow/example_dags/example_branch_day_of_week_operator.py
[2024-07-20T14:10:05.483+0900] {logging_mixin.py:188} INFO - [2024-07-20T14:10:05.483+0900] {dag.py:3096} INFO - Sync 1 DAGs
[2024-07-20T14:10:05.513+0900] {logging_mixin.py:188} INFO - [2024-07-20T14:10:05.512+0900] {dag.py:3954} INFO - Setting next_dagrun for example_weekday_branch_operator to 2024-07-19 00:00:00+00:00, run_after=2024-07-20 00:00:00+00:00
[2024-07-20T14:10:05.550+0900] {processor.py:183} INFO - Processing /home/papalio/.local/lib/python3.10/site-packages/airflow/example_dags/example_branch_day_of_week_operator.py took 0.266 seconds
[2024-07-20T14:11:23.770+0900] {processor.py:161} INFO - Started process (PID=13002) to work on /home/papalio/.local/lib/python3.10/site-packages/airflow/example_dags/example_branch_day_of_week_operator.py
[2024-07-20T14:11:23.772+0900] {processor.py:830} INFO - Processing file /home/papalio/.local/lib/python3.10/site-packages/airflow/example_dags/example_branch_day_of_week_operator.py for tasks to queue
[2024-07-20T14:11:23.775+0900] {logging_mixin.py:188} INFO - [2024-07-20T14:11:23.775+0900] {dagbag.py:545} INFO - Filling up the DagBag from /home/papalio/.local/lib/python3.10/site-packages/airflow/example_dags/example_branch_day_of_week_operator.py
[2024-07-20T14:11:23.790+0900] {processor.py:840} INFO - DAG(s) 'example_weekday_branch_operator' retrieved from /home/papalio/.local/lib/python3.10/site-packages/airflow/example_dags/example_branch_day_of_week_operator.py
[2024-07-20T14:11:23.816+0900] {logging_mixin.py:188} INFO - [2024-07-20T14:11:23.815+0900] {dag.py:3096} INFO - Sync 1 DAGs
[2024-07-20T14:11:23.850+0900] {logging_mixin.py:188} INFO - [2024-07-20T14:11:23.850+0900] {dag.py:3954} INFO - Setting next_dagrun for example_weekday_branch_operator to 2024-07-19 00:00:00+00:00, run_after=2024-07-20 00:00:00+00:00
[2024-07-20T14:11:23.891+0900] {processor.py:183} INFO - Processing /home/papalio/.local/lib/python3.10/site-packages/airflow/example_dags/example_branch_day_of_week_operator.py took 0.135 seconds
[2024-07-20T14:12:42.571+0900] {processor.py:161} INFO - Started process (PID=13503) to work on /home/papalio/.local/lib/python3.10/site-packages/airflow/example_dags/example_branch_day_of_week_operator.py
[2024-07-20T14:12:42.583+0900] {processor.py:830} INFO - Processing file /home/papalio/.local/lib/python3.10/site-packages/airflow/example_dags/example_branch_day_of_week_operator.py for tasks to queue
[2024-07-20T14:12:42.585+0900] {logging_mixin.py:188} INFO - [2024-07-20T14:12:42.585+0900] {dagbag.py:545} INFO - Filling up the DagBag from /home/papalio/.local/lib/python3.10/site-packages/airflow/example_dags/example_branch_day_of_week_operator.py
[2024-07-20T14:12:42.598+0900] {processor.py:840} INFO - DAG(s) 'example_weekday_branch_operator' retrieved from /home/papalio/.local/lib/python3.10/site-packages/airflow/example_dags/example_branch_day_of_week_operator.py
[2024-07-20T14:12:42.624+0900] {logging_mixin.py:188} INFO - [2024-07-20T14:12:42.623+0900] {dag.py:3096} INFO - Sync 1 DAGs
[2024-07-20T14:12:42.657+0900] {logging_mixin.py:188} INFO - [2024-07-20T14:12:42.656+0900] {dag.py:3954} INFO - Setting next_dagrun for example_weekday_branch_operator to 2024-07-19 00:00:00+00:00, run_after=2024-07-20 00:00:00+00:00
[2024-07-20T14:12:42.705+0900] {processor.py:183} INFO - Processing /home/papalio/.local/lib/python3.10/site-packages/airflow/example_dags/example_branch_day_of_week_operator.py took 0.143 seconds
[2024-07-20T14:13:24.285+0900] {processor.py:161} INFO - Started process (PID=13756) to work on /home/papalio/.local/lib/python3.10/site-packages/airflow/example_dags/example_branch_day_of_week_operator.py
[2024-07-20T14:13:24.606+0900] {processor.py:830} INFO - Processing file /home/papalio/.local/lib/python3.10/site-packages/airflow/example_dags/example_branch_day_of_week_operator.py for tasks to queue
[2024-07-20T14:13:24.610+0900] {logging_mixin.py:188} INFO - [2024-07-20T14:13:24.609+0900] {dagbag.py:545} INFO - Filling up the DagBag from /home/papalio/.local/lib/python3.10/site-packages/airflow/example_dags/example_branch_day_of_week_operator.py
[2024-07-20T14:13:24.652+0900] {processor.py:840} INFO - DAG(s) 'example_weekday_branch_operator' retrieved from /home/papalio/.local/lib/python3.10/site-packages/airflow/example_dags/example_branch_day_of_week_operator.py
[2024-07-20T14:13:24.687+0900] {logging_mixin.py:188} INFO - [2024-07-20T14:13:24.687+0900] {dag.py:3096} INFO - Sync 1 DAGs
[2024-07-20T14:13:24.737+0900] {logging_mixin.py:188} INFO - [2024-07-20T14:13:24.737+0900] {dag.py:3954} INFO - Setting next_dagrun for example_weekday_branch_operator to 2024-07-19 00:00:00+00:00, run_after=2024-07-20 00:00:00+00:00
[2024-07-20T14:13:24.786+0900] {processor.py:183} INFO - Processing /home/papalio/.local/lib/python3.10/site-packages/airflow/example_dags/example_branch_day_of_week_operator.py took 0.511 seconds
[2024-07-20T14:14:08.240+0900] {processor.py:161} INFO - Started process (PID=14031) to work on /home/papalio/.local/lib/python3.10/site-packages/airflow/example_dags/example_branch_day_of_week_operator.py
[2024-07-20T14:14:08.241+0900] {processor.py:830} INFO - Processing file /home/papalio/.local/lib/python3.10/site-packages/airflow/example_dags/example_branch_day_of_week_operator.py for tasks to queue
[2024-07-20T14:14:08.245+0900] {logging_mixin.py:188} INFO - [2024-07-20T14:14:08.244+0900] {dagbag.py:545} INFO - Filling up the DagBag from /home/papalio/.local/lib/python3.10/site-packages/airflow/example_dags/example_branch_day_of_week_operator.py
[2024-07-20T14:14:08.263+0900] {processor.py:840} INFO - DAG(s) 'example_weekday_branch_operator' retrieved from /home/papalio/.local/lib/python3.10/site-packages/airflow/example_dags/example_branch_day_of_week_operator.py
[2024-07-20T14:14:08.290+0900] {logging_mixin.py:188} INFO - [2024-07-20T14:14:08.289+0900] {dag.py:3096} INFO - Sync 1 DAGs
[2024-07-20T14:14:08.317+0900] {logging_mixin.py:188} INFO - [2024-07-20T14:14:08.317+0900] {dag.py:3954} INFO - Setting next_dagrun for example_weekday_branch_operator to 2024-07-19 00:00:00+00:00, run_after=2024-07-20 00:00:00+00:00
[2024-07-20T14:14:08.350+0900] {processor.py:183} INFO - Processing /home/papalio/.local/lib/python3.10/site-packages/airflow/example_dags/example_branch_day_of_week_operator.py took 0.119 seconds
[2024-07-20T14:14:49.037+0900] {processor.py:161} INFO - Started process (PID=14283) to work on /home/papalio/.local/lib/python3.10/site-packages/airflow/example_dags/example_branch_day_of_week_operator.py
[2024-07-20T14:14:49.040+0900] {processor.py:830} INFO - Processing file /home/papalio/.local/lib/python3.10/site-packages/airflow/example_dags/example_branch_day_of_week_operator.py for tasks to queue
[2024-07-20T14:14:49.042+0900] {logging_mixin.py:188} INFO - [2024-07-20T14:14:49.041+0900] {dagbag.py:545} INFO - Filling up the DagBag from /home/papalio/.local/lib/python3.10/site-packages/airflow/example_dags/example_branch_day_of_week_operator.py
[2024-07-20T14:14:49.052+0900] {processor.py:840} INFO - DAG(s) 'example_weekday_branch_operator' retrieved from /home/papalio/.local/lib/python3.10/site-packages/airflow/example_dags/example_branch_day_of_week_operator.py
[2024-07-20T14:14:49.081+0900] {logging_mixin.py:188} INFO - [2024-07-20T14:14:49.080+0900] {dag.py:3096} INFO - Sync 1 DAGs
[2024-07-20T14:14:49.115+0900] {logging_mixin.py:188} INFO - [2024-07-20T14:14:49.114+0900] {dag.py:3954} INFO - Setting next_dagrun for example_weekday_branch_operator to 2024-07-19 00:00:00+00:00, run_after=2024-07-20 00:00:00+00:00
[2024-07-20T14:14:49.153+0900] {processor.py:183} INFO - Processing /home/papalio/.local/lib/python3.10/site-packages/airflow/example_dags/example_branch_day_of_week_operator.py took 0.124 seconds
[2024-07-20T14:16:06.369+0900] {processor.py:161} INFO - Started process (PID=14777) to work on /home/papalio/.local/lib/python3.10/site-packages/airflow/example_dags/example_branch_day_of_week_operator.py
[2024-07-20T14:16:06.372+0900] {processor.py:830} INFO - Processing file /home/papalio/.local/lib/python3.10/site-packages/airflow/example_dags/example_branch_day_of_week_operator.py for tasks to queue
[2024-07-20T14:16:06.379+0900] {logging_mixin.py:188} INFO - [2024-07-20T14:16:06.379+0900] {dagbag.py:545} INFO - Filling up the DagBag from /home/papalio/.local/lib/python3.10/site-packages/airflow/example_dags/example_branch_day_of_week_operator.py
[2024-07-20T14:16:06.392+0900] {processor.py:840} INFO - DAG(s) 'example_weekday_branch_operator' retrieved from /home/papalio/.local/lib/python3.10/site-packages/airflow/example_dags/example_branch_day_of_week_operator.py
[2024-07-20T14:16:06.415+0900] {logging_mixin.py:188} INFO - [2024-07-20T14:16:06.415+0900] {dag.py:3096} INFO - Sync 1 DAGs
[2024-07-20T14:16:06.440+0900] {logging_mixin.py:188} INFO - [2024-07-20T14:16:06.440+0900] {dag.py:3954} INFO - Setting next_dagrun for example_weekday_branch_operator to 2024-07-19 00:00:00+00:00, run_after=2024-07-20 00:00:00+00:00
[2024-07-20T14:16:06.493+0900] {processor.py:183} INFO - Processing /home/papalio/.local/lib/python3.10/site-packages/airflow/example_dags/example_branch_day_of_week_operator.py took 0.143 seconds
[2024-07-20T14:17:27.398+0900] {processor.py:161} INFO - Started process (PID=15290) to work on /home/papalio/.local/lib/python3.10/site-packages/airflow/example_dags/example_branch_day_of_week_operator.py
[2024-07-20T14:17:27.401+0900] {processor.py:830} INFO - Processing file /home/papalio/.local/lib/python3.10/site-packages/airflow/example_dags/example_branch_day_of_week_operator.py for tasks to queue
[2024-07-20T14:17:27.407+0900] {logging_mixin.py:188} INFO - [2024-07-20T14:17:27.405+0900] {dagbag.py:545} INFO - Filling up the DagBag from /home/papalio/.local/lib/python3.10/site-packages/airflow/example_dags/example_branch_day_of_week_operator.py
[2024-07-20T14:17:27.426+0900] {processor.py:840} INFO - DAG(s) 'example_weekday_branch_operator' retrieved from /home/papalio/.local/lib/python3.10/site-packages/airflow/example_dags/example_branch_day_of_week_operator.py
[2024-07-20T14:17:27.462+0900] {logging_mixin.py:188} INFO - [2024-07-20T14:17:27.461+0900] {dag.py:3096} INFO - Sync 1 DAGs
[2024-07-20T14:17:27.507+0900] {logging_mixin.py:188} INFO - [2024-07-20T14:17:27.507+0900] {dag.py:3954} INFO - Setting next_dagrun for example_weekday_branch_operator to 2024-07-19 00:00:00+00:00, run_after=2024-07-20 00:00:00+00:00
[2024-07-20T14:17:27.563+0900] {processor.py:183} INFO - Processing /home/papalio/.local/lib/python3.10/site-packages/airflow/example_dags/example_branch_day_of_week_operator.py took 0.185 seconds
[2024-07-20T14:18:47.499+0900] {processor.py:161} INFO - Started process (PID=15797) to work on /home/papalio/.local/lib/python3.10/site-packages/airflow/example_dags/example_branch_day_of_week_operator.py
[2024-07-20T14:18:47.502+0900] {processor.py:830} INFO - Processing file /home/papalio/.local/lib/python3.10/site-packages/airflow/example_dags/example_branch_day_of_week_operator.py for tasks to queue
[2024-07-20T14:18:47.506+0900] {logging_mixin.py:188} INFO - [2024-07-20T14:18:47.505+0900] {dagbag.py:545} INFO - Filling up the DagBag from /home/papalio/.local/lib/python3.10/site-packages/airflow/example_dags/example_branch_day_of_week_operator.py
[2024-07-20T14:18:47.526+0900] {processor.py:840} INFO - DAG(s) 'example_weekday_branch_operator' retrieved from /home/papalio/.local/lib/python3.10/site-packages/airflow/example_dags/example_branch_day_of_week_operator.py
[2024-07-20T14:18:47.589+0900] {logging_mixin.py:188} INFO - [2024-07-20T14:18:47.584+0900] {dag.py:3096} INFO - Sync 1 DAGs
[2024-07-20T14:18:47.660+0900] {logging_mixin.py:188} INFO - [2024-07-20T14:18:47.659+0900] {dag.py:3954} INFO - Setting next_dagrun for example_weekday_branch_operator to 2024-07-19 00:00:00+00:00, run_after=2024-07-20 00:00:00+00:00
[2024-07-20T14:18:47.738+0900] {processor.py:183} INFO - Processing /home/papalio/.local/lib/python3.10/site-packages/airflow/example_dags/example_branch_day_of_week_operator.py took 0.265 seconds
[2024-07-20T14:19:26.876+0900] {processor.py:161} INFO - Started process (PID=16059) to work on /home/papalio/.local/lib/python3.10/site-packages/airflow/example_dags/example_branch_day_of_week_operator.py
[2024-07-20T14:19:26.881+0900] {processor.py:830} INFO - Processing file /home/papalio/.local/lib/python3.10/site-packages/airflow/example_dags/example_branch_day_of_week_operator.py for tasks to queue
[2024-07-20T14:19:26.884+0900] {logging_mixin.py:188} INFO - [2024-07-20T14:19:26.884+0900] {dagbag.py:545} INFO - Filling up the DagBag from /home/papalio/.local/lib/python3.10/site-packages/airflow/example_dags/example_branch_day_of_week_operator.py
[2024-07-20T14:19:26.899+0900] {processor.py:840} INFO - DAG(s) 'example_weekday_branch_operator' retrieved from /home/papalio/.local/lib/python3.10/site-packages/airflow/example_dags/example_branch_day_of_week_operator.py
[2024-07-20T14:19:26.925+0900] {logging_mixin.py:188} INFO - [2024-07-20T14:19:26.924+0900] {dag.py:3096} INFO - Sync 1 DAGs
[2024-07-20T14:19:26.954+0900] {logging_mixin.py:188} INFO - [2024-07-20T14:19:26.953+0900] {dag.py:3954} INFO - Setting next_dagrun for example_weekday_branch_operator to 2024-07-19 00:00:00+00:00, run_after=2024-07-20 00:00:00+00:00
[2024-07-20T14:19:26.992+0900] {processor.py:183} INFO - Processing /home/papalio/.local/lib/python3.10/site-packages/airflow/example_dags/example_branch_day_of_week_operator.py took 0.126 seconds
[2024-07-20T14:20:55.914+0900] {processor.py:161} INFO - Started process (PID=16675) to work on /home/papalio/.local/lib/python3.10/site-packages/airflow/example_dags/example_branch_day_of_week_operator.py
[2024-07-20T14:20:55.922+0900] {processor.py:830} INFO - Processing file /home/papalio/.local/lib/python3.10/site-packages/airflow/example_dags/example_branch_day_of_week_operator.py for tasks to queue
[2024-07-20T14:20:55.925+0900] {logging_mixin.py:188} INFO - [2024-07-20T14:20:55.924+0900] {dagbag.py:545} INFO - Filling up the DagBag from /home/papalio/.local/lib/python3.10/site-packages/airflow/example_dags/example_branch_day_of_week_operator.py
[2024-07-20T14:20:55.937+0900] {processor.py:840} INFO - DAG(s) 'example_weekday_branch_operator' retrieved from /home/papalio/.local/lib/python3.10/site-packages/airflow/example_dags/example_branch_day_of_week_operator.py
[2024-07-20T14:20:55.965+0900] {logging_mixin.py:188} INFO - [2024-07-20T14:20:55.964+0900] {dag.py:3096} INFO - Sync 1 DAGs
[2024-07-20T14:20:55.994+0900] {logging_mixin.py:188} INFO - [2024-07-20T14:20:55.993+0900] {dag.py:3954} INFO - Setting next_dagrun for example_weekday_branch_operator to 2024-07-19 00:00:00+00:00, run_after=2024-07-20 00:00:00+00:00
[2024-07-20T14:20:56.034+0900] {processor.py:183} INFO - Processing /home/papalio/.local/lib/python3.10/site-packages/airflow/example_dags/example_branch_day_of_week_operator.py took 0.129 seconds
[2024-07-20T14:21:46.372+0900] {processor.py:161} INFO - Started process (PID=16966) to work on /home/papalio/.local/lib/python3.10/site-packages/airflow/example_dags/example_branch_day_of_week_operator.py
[2024-07-20T14:21:46.375+0900] {processor.py:830} INFO - Processing file /home/papalio/.local/lib/python3.10/site-packages/airflow/example_dags/example_branch_day_of_week_operator.py for tasks to queue
[2024-07-20T14:21:46.382+0900] {logging_mixin.py:188} INFO - [2024-07-20T14:21:46.379+0900] {dagbag.py:545} INFO - Filling up the DagBag from /home/papalio/.local/lib/python3.10/site-packages/airflow/example_dags/example_branch_day_of_week_operator.py
[2024-07-20T14:21:46.409+0900] {processor.py:840} INFO - DAG(s) 'example_weekday_branch_operator' retrieved from /home/papalio/.local/lib/python3.10/site-packages/airflow/example_dags/example_branch_day_of_week_operator.py
[2024-07-20T14:21:46.447+0900] {logging_mixin.py:188} INFO - [2024-07-20T14:21:46.445+0900] {dag.py:3096} INFO - Sync 1 DAGs
[2024-07-20T14:21:46.491+0900] {logging_mixin.py:188} INFO - [2024-07-20T14:21:46.491+0900] {dag.py:3954} INFO - Setting next_dagrun for example_weekday_branch_operator to 2024-07-19 00:00:00+00:00, run_after=2024-07-20 00:00:00+00:00
[2024-07-20T14:21:46.558+0900] {processor.py:183} INFO - Processing /home/papalio/.local/lib/python3.10/site-packages/airflow/example_dags/example_branch_day_of_week_operator.py took 0.203 seconds
[2024-07-20T14:22:32.325+0900] {processor.py:161} INFO - Started process (PID=17299) to work on /home/papalio/.local/lib/python3.10/site-packages/airflow/example_dags/example_branch_day_of_week_operator.py
[2024-07-20T14:22:32.329+0900] {processor.py:830} INFO - Processing file /home/papalio/.local/lib/python3.10/site-packages/airflow/example_dags/example_branch_day_of_week_operator.py for tasks to queue
[2024-07-20T14:22:32.331+0900] {logging_mixin.py:188} INFO - [2024-07-20T14:22:32.330+0900] {dagbag.py:545} INFO - Filling up the DagBag from /home/papalio/.local/lib/python3.10/site-packages/airflow/example_dags/example_branch_day_of_week_operator.py
[2024-07-20T14:22:32.344+0900] {processor.py:840} INFO - DAG(s) 'example_weekday_branch_operator' retrieved from /home/papalio/.local/lib/python3.10/site-packages/airflow/example_dags/example_branch_day_of_week_operator.py
[2024-07-20T14:22:32.375+0900] {logging_mixin.py:188} INFO - [2024-07-20T14:22:32.374+0900] {dag.py:3096} INFO - Sync 1 DAGs
[2024-07-20T14:22:32.414+0900] {logging_mixin.py:188} INFO - [2024-07-20T14:22:32.414+0900] {dag.py:3954} INFO - Setting next_dagrun for example_weekday_branch_operator to 2024-07-19 00:00:00+00:00, run_after=2024-07-20 00:00:00+00:00
[2024-07-20T14:22:32.468+0900] {processor.py:183} INFO - Processing /home/papalio/.local/lib/python3.10/site-packages/airflow/example_dags/example_branch_day_of_week_operator.py took 0.153 seconds
[2024-07-20T14:23:22.038+0900] {processor.py:161} INFO - Started process (PID=17576) to work on /home/papalio/.local/lib/python3.10/site-packages/airflow/example_dags/example_branch_day_of_week_operator.py
[2024-07-20T14:23:22.042+0900] {processor.py:830} INFO - Processing file /home/papalio/.local/lib/python3.10/site-packages/airflow/example_dags/example_branch_day_of_week_operator.py for tasks to queue
[2024-07-20T14:23:22.044+0900] {logging_mixin.py:188} INFO - [2024-07-20T14:23:22.043+0900] {dagbag.py:545} INFO - Filling up the DagBag from /home/papalio/.local/lib/python3.10/site-packages/airflow/example_dags/example_branch_day_of_week_operator.py
[2024-07-20T14:23:22.066+0900] {processor.py:840} INFO - DAG(s) 'example_weekday_branch_operator' retrieved from /home/papalio/.local/lib/python3.10/site-packages/airflow/example_dags/example_branch_day_of_week_operator.py
[2024-07-20T14:23:22.127+0900] {logging_mixin.py:188} INFO - [2024-07-20T14:23:22.126+0900] {dag.py:3096} INFO - Sync 1 DAGs
[2024-07-20T14:23:22.201+0900] {logging_mixin.py:188} INFO - [2024-07-20T14:23:22.200+0900] {dag.py:3954} INFO - Setting next_dagrun for example_weekday_branch_operator to 2024-07-19 00:00:00+00:00, run_after=2024-07-20 00:00:00+00:00
[2024-07-20T14:23:22.278+0900] {processor.py:183} INFO - Processing /home/papalio/.local/lib/python3.10/site-packages/airflow/example_dags/example_branch_day_of_week_operator.py took 0.255 seconds
[2024-07-20T14:24:11.762+0900] {processor.py:161} INFO - Started process (PID=17874) to work on /home/papalio/.local/lib/python3.10/site-packages/airflow/example_dags/example_branch_day_of_week_operator.py
[2024-07-20T14:24:11.764+0900] {processor.py:830} INFO - Processing file /home/papalio/.local/lib/python3.10/site-packages/airflow/example_dags/example_branch_day_of_week_operator.py for tasks to queue
[2024-07-20T14:24:11.766+0900] {logging_mixin.py:188} INFO - [2024-07-20T14:24:11.765+0900] {dagbag.py:545} INFO - Filling up the DagBag from /home/papalio/.local/lib/python3.10/site-packages/airflow/example_dags/example_branch_day_of_week_operator.py
[2024-07-20T14:24:11.783+0900] {processor.py:840} INFO - DAG(s) 'example_weekday_branch_operator' retrieved from /home/papalio/.local/lib/python3.10/site-packages/airflow/example_dags/example_branch_day_of_week_operator.py
[2024-07-20T14:24:11.808+0900] {logging_mixin.py:188} INFO - [2024-07-20T14:24:11.807+0900] {dag.py:3096} INFO - Sync 1 DAGs
[2024-07-20T14:24:11.836+0900] {logging_mixin.py:188} INFO - [2024-07-20T14:24:11.835+0900] {dag.py:3954} INFO - Setting next_dagrun for example_weekday_branch_operator to 2024-07-19 00:00:00+00:00, run_after=2024-07-20 00:00:00+00:00
[2024-07-20T14:24:11.872+0900] {processor.py:183} INFO - Processing /home/papalio/.local/lib/python3.10/site-packages/airflow/example_dags/example_branch_day_of_week_operator.py took 0.126 seconds
[2024-07-20T14:24:55.354+0900] {processor.py:161} INFO - Started process (PID=18140) to work on /home/papalio/.local/lib/python3.10/site-packages/airflow/example_dags/example_branch_day_of_week_operator.py
[2024-07-20T14:24:55.357+0900] {processor.py:830} INFO - Processing file /home/papalio/.local/lib/python3.10/site-packages/airflow/example_dags/example_branch_day_of_week_operator.py for tasks to queue
[2024-07-20T14:24:55.358+0900] {logging_mixin.py:188} INFO - [2024-07-20T14:24:55.358+0900] {dagbag.py:545} INFO - Filling up the DagBag from /home/papalio/.local/lib/python3.10/site-packages/airflow/example_dags/example_branch_day_of_week_operator.py
[2024-07-20T14:24:55.372+0900] {processor.py:840} INFO - DAG(s) 'example_weekday_branch_operator' retrieved from /home/papalio/.local/lib/python3.10/site-packages/airflow/example_dags/example_branch_day_of_week_operator.py
[2024-07-20T14:24:55.403+0900] {logging_mixin.py:188} INFO - [2024-07-20T14:24:55.402+0900] {dag.py:3096} INFO - Sync 1 DAGs
[2024-07-20T14:24:55.431+0900] {logging_mixin.py:188} INFO - [2024-07-20T14:24:55.431+0900] {dag.py:3954} INFO - Setting next_dagrun for example_weekday_branch_operator to 2024-07-19 00:00:00+00:00, run_after=2024-07-20 00:00:00+00:00
[2024-07-20T14:24:55.472+0900] {processor.py:183} INFO - Processing /home/papalio/.local/lib/python3.10/site-packages/airflow/example_dags/example_branch_day_of_week_operator.py took 0.132 seconds
[2024-07-20T14:25:49.529+0900] {processor.py:161} INFO - Started process (PID=18462) to work on /home/papalio/.local/lib/python3.10/site-packages/airflow/example_dags/example_branch_day_of_week_operator.py
[2024-07-20T14:25:49.532+0900] {processor.py:830} INFO - Processing file /home/papalio/.local/lib/python3.10/site-packages/airflow/example_dags/example_branch_day_of_week_operator.py for tasks to queue
[2024-07-20T14:25:49.533+0900] {logging_mixin.py:188} INFO - [2024-07-20T14:25:49.533+0900] {dagbag.py:545} INFO - Filling up the DagBag from /home/papalio/.local/lib/python3.10/site-packages/airflow/example_dags/example_branch_day_of_week_operator.py
[2024-07-20T14:25:49.562+0900] {processor.py:840} INFO - DAG(s) 'example_weekday_branch_operator' retrieved from /home/papalio/.local/lib/python3.10/site-packages/airflow/example_dags/example_branch_day_of_week_operator.py
[2024-07-20T14:25:49.629+0900] {logging_mixin.py:188} INFO - [2024-07-20T14:25:49.620+0900] {dag.py:3096} INFO - Sync 1 DAGs
[2024-07-20T14:25:49.691+0900] {logging_mixin.py:188} INFO - [2024-07-20T14:25:49.691+0900] {dag.py:3954} INFO - Setting next_dagrun for example_weekday_branch_operator to 2024-07-19 00:00:00+00:00, run_after=2024-07-20 00:00:00+00:00
[2024-07-20T14:25:49.771+0900] {processor.py:183} INFO - Processing /home/papalio/.local/lib/python3.10/site-packages/airflow/example_dags/example_branch_day_of_week_operator.py took 0.266 seconds
[2024-07-20T14:26:39.130+0900] {processor.py:161} INFO - Started process (PID=18744) to work on /home/papalio/.local/lib/python3.10/site-packages/airflow/example_dags/example_branch_day_of_week_operator.py
[2024-07-20T14:26:39.133+0900] {processor.py:830} INFO - Processing file /home/papalio/.local/lib/python3.10/site-packages/airflow/example_dags/example_branch_day_of_week_operator.py for tasks to queue
[2024-07-20T14:26:39.135+0900] {logging_mixin.py:188} INFO - [2024-07-20T14:26:39.134+0900] {dagbag.py:545} INFO - Filling up the DagBag from /home/papalio/.local/lib/python3.10/site-packages/airflow/example_dags/example_branch_day_of_week_operator.py
[2024-07-20T14:26:39.154+0900] {processor.py:840} INFO - DAG(s) 'example_weekday_branch_operator' retrieved from /home/papalio/.local/lib/python3.10/site-packages/airflow/example_dags/example_branch_day_of_week_operator.py
[2024-07-20T14:26:39.191+0900] {logging_mixin.py:188} INFO - [2024-07-20T14:26:39.190+0900] {dag.py:3096} INFO - Sync 1 DAGs
[2024-07-20T14:26:39.238+0900] {logging_mixin.py:188} INFO - [2024-07-20T14:26:39.237+0900] {dag.py:3954} INFO - Setting next_dagrun for example_weekday_branch_operator to 2024-07-19 00:00:00+00:00, run_after=2024-07-20 00:00:00+00:00
[2024-07-20T14:26:39.302+0900] {processor.py:183} INFO - Processing /home/papalio/.local/lib/python3.10/site-packages/airflow/example_dags/example_branch_day_of_week_operator.py took 0.185 seconds
[2024-07-20T14:27:23.633+0900] {processor.py:161} INFO - Started process (PID=19020) to work on /home/papalio/.local/lib/python3.10/site-packages/airflow/example_dags/example_branch_day_of_week_operator.py
[2024-07-20T14:27:23.635+0900] {processor.py:830} INFO - Processing file /home/papalio/.local/lib/python3.10/site-packages/airflow/example_dags/example_branch_day_of_week_operator.py for tasks to queue
[2024-07-20T14:27:23.636+0900] {logging_mixin.py:188} INFO - [2024-07-20T14:27:23.636+0900] {dagbag.py:545} INFO - Filling up the DagBag from /home/papalio/.local/lib/python3.10/site-packages/airflow/example_dags/example_branch_day_of_week_operator.py
[2024-07-20T14:27:23.651+0900] {processor.py:840} INFO - DAG(s) 'example_weekday_branch_operator' retrieved from /home/papalio/.local/lib/python3.10/site-packages/airflow/example_dags/example_branch_day_of_week_operator.py
[2024-07-20T14:27:23.679+0900] {logging_mixin.py:188} INFO - [2024-07-20T14:27:23.678+0900] {dag.py:3096} INFO - Sync 1 DAGs
[2024-07-20T14:27:23.714+0900] {logging_mixin.py:188} INFO - [2024-07-20T14:27:23.713+0900] {dag.py:3954} INFO - Setting next_dagrun for example_weekday_branch_operator to 2024-07-19 00:00:00+00:00, run_after=2024-07-20 00:00:00+00:00
[2024-07-20T14:27:23.762+0900] {processor.py:183} INFO - Processing /home/papalio/.local/lib/python3.10/site-packages/airflow/example_dags/example_branch_day_of_week_operator.py took 0.140 seconds
[2024-07-20T14:28:05.386+0900] {processor.py:161} INFO - Started process (PID=19274) to work on /home/papalio/.local/lib/python3.10/site-packages/airflow/example_dags/example_branch_day_of_week_operator.py
[2024-07-20T14:28:05.390+0900] {processor.py:830} INFO - Processing file /home/papalio/.local/lib/python3.10/site-packages/airflow/example_dags/example_branch_day_of_week_operator.py for tasks to queue
[2024-07-20T14:28:05.394+0900] {logging_mixin.py:188} INFO - [2024-07-20T14:28:05.392+0900] {dagbag.py:545} INFO - Filling up the DagBag from /home/papalio/.local/lib/python3.10/site-packages/airflow/example_dags/example_branch_day_of_week_operator.py
[2024-07-20T14:28:05.431+0900] {processor.py:840} INFO - DAG(s) 'example_weekday_branch_operator' retrieved from /home/papalio/.local/lib/python3.10/site-packages/airflow/example_dags/example_branch_day_of_week_operator.py
[2024-07-20T14:28:05.497+0900] {logging_mixin.py:188} INFO - [2024-07-20T14:28:05.496+0900] {dag.py:3096} INFO - Sync 1 DAGs
[2024-07-20T14:28:05.575+0900] {logging_mixin.py:188} INFO - [2024-07-20T14:28:05.574+0900] {dag.py:3954} INFO - Setting next_dagrun for example_weekday_branch_operator to 2024-07-19 00:00:00+00:00, run_after=2024-07-20 00:00:00+00:00
[2024-07-20T14:28:05.674+0900] {processor.py:183} INFO - Processing /home/papalio/.local/lib/python3.10/site-packages/airflow/example_dags/example_branch_day_of_week_operator.py took 0.317 seconds
[2024-07-20T14:29:25.478+0900] {processor.py:161} INFO - Started process (PID=19787) to work on /home/papalio/.local/lib/python3.10/site-packages/airflow/example_dags/example_branch_day_of_week_operator.py
[2024-07-20T14:29:25.480+0900] {processor.py:830} INFO - Processing file /home/papalio/.local/lib/python3.10/site-packages/airflow/example_dags/example_branch_day_of_week_operator.py for tasks to queue
[2024-07-20T14:29:25.483+0900] {logging_mixin.py:188} INFO - [2024-07-20T14:29:25.482+0900] {dagbag.py:545} INFO - Filling up the DagBag from /home/papalio/.local/lib/python3.10/site-packages/airflow/example_dags/example_branch_day_of_week_operator.py
[2024-07-20T14:29:25.500+0900] {processor.py:840} INFO - DAG(s) 'example_weekday_branch_operator' retrieved from /home/papalio/.local/lib/python3.10/site-packages/airflow/example_dags/example_branch_day_of_week_operator.py
[2024-07-20T14:29:25.536+0900] {logging_mixin.py:188} INFO - [2024-07-20T14:29:25.535+0900] {dag.py:3096} INFO - Sync 1 DAGs
[2024-07-20T14:29:25.573+0900] {logging_mixin.py:188} INFO - [2024-07-20T14:29:25.572+0900] {dag.py:3954} INFO - Setting next_dagrun for example_weekday_branch_operator to 2024-07-19 00:00:00+00:00, run_after=2024-07-20 00:00:00+00:00
[2024-07-20T14:29:25.629+0900] {processor.py:183} INFO - Processing /home/papalio/.local/lib/python3.10/site-packages/airflow/example_dags/example_branch_day_of_week_operator.py took 0.165 seconds
[2024-07-20T14:30:45.090+0900] {processor.py:161} INFO - Started process (PID=20299) to work on /home/papalio/.local/lib/python3.10/site-packages/airflow/example_dags/example_branch_day_of_week_operator.py
[2024-07-20T14:30:45.094+0900] {processor.py:830} INFO - Processing file /home/papalio/.local/lib/python3.10/site-packages/airflow/example_dags/example_branch_day_of_week_operator.py for tasks to queue
[2024-07-20T14:30:45.096+0900] {logging_mixin.py:188} INFO - [2024-07-20T14:30:45.095+0900] {dagbag.py:545} INFO - Filling up the DagBag from /home/papalio/.local/lib/python3.10/site-packages/airflow/example_dags/example_branch_day_of_week_operator.py
[2024-07-20T14:30:45.112+0900] {processor.py:840} INFO - DAG(s) 'example_weekday_branch_operator' retrieved from /home/papalio/.local/lib/python3.10/site-packages/airflow/example_dags/example_branch_day_of_week_operator.py
[2024-07-20T14:30:45.143+0900] {logging_mixin.py:188} INFO - [2024-07-20T14:30:45.142+0900] {dag.py:3096} INFO - Sync 1 DAGs
[2024-07-20T14:30:45.179+0900] {logging_mixin.py:188} INFO - [2024-07-20T14:30:45.179+0900] {dag.py:3954} INFO - Setting next_dagrun for example_weekday_branch_operator to 2024-07-19 00:00:00+00:00, run_after=2024-07-20 00:00:00+00:00
[2024-07-20T14:30:45.229+0900] {processor.py:183} INFO - Processing /home/papalio/.local/lib/python3.10/site-packages/airflow/example_dags/example_branch_day_of_week_operator.py took 0.150 seconds
[2024-07-20T14:31:23.537+0900] {processor.py:161} INFO - Started process (PID=20556) to work on /home/papalio/.local/lib/python3.10/site-packages/airflow/example_dags/example_branch_day_of_week_operator.py
[2024-07-20T14:31:23.540+0900] {processor.py:830} INFO - Processing file /home/papalio/.local/lib/python3.10/site-packages/airflow/example_dags/example_branch_day_of_week_operator.py for tasks to queue
[2024-07-20T14:31:23.541+0900] {logging_mixin.py:188} INFO - [2024-07-20T14:31:23.541+0900] {dagbag.py:545} INFO - Filling up the DagBag from /home/papalio/.local/lib/python3.10/site-packages/airflow/example_dags/example_branch_day_of_week_operator.py
[2024-07-20T14:31:23.558+0900] {processor.py:840} INFO - DAG(s) 'example_weekday_branch_operator' retrieved from /home/papalio/.local/lib/python3.10/site-packages/airflow/example_dags/example_branch_day_of_week_operator.py
[2024-07-20T14:31:23.584+0900] {logging_mixin.py:188} INFO - [2024-07-20T14:31:23.583+0900] {dag.py:3096} INFO - Sync 1 DAGs
[2024-07-20T14:31:23.617+0900] {logging_mixin.py:188} INFO - [2024-07-20T14:31:23.616+0900] {dag.py:3954} INFO - Setting next_dagrun for example_weekday_branch_operator to 2024-07-19 00:00:00+00:00, run_after=2024-07-20 00:00:00+00:00
[2024-07-20T14:31:23.667+0900] {processor.py:183} INFO - Processing /home/papalio/.local/lib/python3.10/site-packages/airflow/example_dags/example_branch_day_of_week_operator.py took 0.146 seconds
[2024-07-20T14:32:48.955+0900] {processor.py:161} INFO - Started process (PID=21078) to work on /home/papalio/.local/lib/python3.10/site-packages/airflow/example_dags/example_branch_day_of_week_operator.py
[2024-07-20T14:32:48.960+0900] {processor.py:830} INFO - Processing file /home/papalio/.local/lib/python3.10/site-packages/airflow/example_dags/example_branch_day_of_week_operator.py for tasks to queue
[2024-07-20T14:32:48.962+0900] {logging_mixin.py:188} INFO - [2024-07-20T14:32:48.961+0900] {dagbag.py:545} INFO - Filling up the DagBag from /home/papalio/.local/lib/python3.10/site-packages/airflow/example_dags/example_branch_day_of_week_operator.py
[2024-07-20T14:32:48.976+0900] {processor.py:840} INFO - DAG(s) 'example_weekday_branch_operator' retrieved from /home/papalio/.local/lib/python3.10/site-packages/airflow/example_dags/example_branch_day_of_week_operator.py
[2024-07-20T14:32:49.015+0900] {logging_mixin.py:188} INFO - [2024-07-20T14:32:49.015+0900] {dag.py:3096} INFO - Sync 1 DAGs
[2024-07-20T14:32:49.066+0900] {logging_mixin.py:188} INFO - [2024-07-20T14:32:49.065+0900] {dag.py:3954} INFO - Setting next_dagrun for example_weekday_branch_operator to 2024-07-19 00:00:00+00:00, run_after=2024-07-20 00:00:00+00:00
[2024-07-20T14:32:49.113+0900] {processor.py:183} INFO - Processing /home/papalio/.local/lib/python3.10/site-packages/airflow/example_dags/example_branch_day_of_week_operator.py took 0.172 seconds
[2024-07-20T14:33:38.221+0900] {processor.py:161} INFO - Started process (PID=21361) to work on /home/papalio/.local/lib/python3.10/site-packages/airflow/example_dags/example_branch_day_of_week_operator.py
[2024-07-20T14:33:38.225+0900] {processor.py:830} INFO - Processing file /home/papalio/.local/lib/python3.10/site-packages/airflow/example_dags/example_branch_day_of_week_operator.py for tasks to queue
[2024-07-20T14:33:38.226+0900] {logging_mixin.py:188} INFO - [2024-07-20T14:33:38.225+0900] {dagbag.py:545} INFO - Filling up the DagBag from /home/papalio/.local/lib/python3.10/site-packages/airflow/example_dags/example_branch_day_of_week_operator.py
[2024-07-20T14:33:38.239+0900] {processor.py:840} INFO - DAG(s) 'example_weekday_branch_operator' retrieved from /home/papalio/.local/lib/python3.10/site-packages/airflow/example_dags/example_branch_day_of_week_operator.py
[2024-07-20T14:33:38.272+0900] {logging_mixin.py:188} INFO - [2024-07-20T14:33:38.271+0900] {dag.py:3096} INFO - Sync 1 DAGs
[2024-07-20T14:33:38.307+0900] {logging_mixin.py:188} INFO - [2024-07-20T14:33:38.307+0900] {dag.py:3954} INFO - Setting next_dagrun for example_weekday_branch_operator to 2024-07-19 00:00:00+00:00, run_after=2024-07-20 00:00:00+00:00
[2024-07-20T14:33:38.352+0900] {processor.py:183} INFO - Processing /home/papalio/.local/lib/python3.10/site-packages/airflow/example_dags/example_branch_day_of_week_operator.py took 0.141 seconds
[2024-07-20T14:34:22.286+0900] {processor.py:161} INFO - Started process (PID=21642) to work on /home/papalio/.local/lib/python3.10/site-packages/airflow/example_dags/example_branch_day_of_week_operator.py
[2024-07-20T14:34:22.289+0900] {processor.py:830} INFO - Processing file /home/papalio/.local/lib/python3.10/site-packages/airflow/example_dags/example_branch_day_of_week_operator.py for tasks to queue
[2024-07-20T14:34:22.290+0900] {logging_mixin.py:188} INFO - [2024-07-20T14:34:22.290+0900] {dagbag.py:545} INFO - Filling up the DagBag from /home/papalio/.local/lib/python3.10/site-packages/airflow/example_dags/example_branch_day_of_week_operator.py
[2024-07-20T14:34:22.306+0900] {processor.py:840} INFO - DAG(s) 'example_weekday_branch_operator' retrieved from /home/papalio/.local/lib/python3.10/site-packages/airflow/example_dags/example_branch_day_of_week_operator.py
[2024-07-20T14:34:22.338+0900] {logging_mixin.py:188} INFO - [2024-07-20T14:34:22.337+0900] {dag.py:3096} INFO - Sync 1 DAGs
[2024-07-20T14:34:22.376+0900] {logging_mixin.py:188} INFO - [2024-07-20T14:34:22.375+0900] {dag.py:3954} INFO - Setting next_dagrun for example_weekday_branch_operator to 2024-07-19 00:00:00+00:00, run_after=2024-07-20 00:00:00+00:00
[2024-07-20T14:34:22.441+0900] {processor.py:183} INFO - Processing /home/papalio/.local/lib/python3.10/site-packages/airflow/example_dags/example_branch_day_of_week_operator.py took 0.167 seconds
[2024-07-20T14:35:02.592+0900] {processor.py:161} INFO - Started process (PID=21892) to work on /home/papalio/.local/lib/python3.10/site-packages/airflow/example_dags/example_branch_day_of_week_operator.py
[2024-07-20T14:35:02.595+0900] {processor.py:830} INFO - Processing file /home/papalio/.local/lib/python3.10/site-packages/airflow/example_dags/example_branch_day_of_week_operator.py for tasks to queue
[2024-07-20T14:35:02.597+0900] {logging_mixin.py:188} INFO - [2024-07-20T14:35:02.596+0900] {dagbag.py:545} INFO - Filling up the DagBag from /home/papalio/.local/lib/python3.10/site-packages/airflow/example_dags/example_branch_day_of_week_operator.py
[2024-07-20T14:35:02.614+0900] {processor.py:840} INFO - DAG(s) 'example_weekday_branch_operator' retrieved from /home/papalio/.local/lib/python3.10/site-packages/airflow/example_dags/example_branch_day_of_week_operator.py
[2024-07-20T14:35:02.647+0900] {logging_mixin.py:188} INFO - [2024-07-20T14:35:02.647+0900] {dag.py:3096} INFO - Sync 1 DAGs
[2024-07-20T14:35:02.687+0900] {logging_mixin.py:188} INFO - [2024-07-20T14:35:02.687+0900] {dag.py:3954} INFO - Setting next_dagrun for example_weekday_branch_operator to 2024-07-19 00:00:00+00:00, run_after=2024-07-20 00:00:00+00:00
[2024-07-20T14:35:02.735+0900] {processor.py:183} INFO - Processing /home/papalio/.local/lib/python3.10/site-packages/airflow/example_dags/example_branch_day_of_week_operator.py took 0.155 seconds
[2024-07-20T14:36:23.293+0900] {processor.py:161} INFO - Started process (PID=22404) to work on /home/papalio/.local/lib/python3.10/site-packages/airflow/example_dags/example_branch_day_of_week_operator.py
[2024-07-20T14:36:23.296+0900] {processor.py:830} INFO - Processing file /home/papalio/.local/lib/python3.10/site-packages/airflow/example_dags/example_branch_day_of_week_operator.py for tasks to queue
[2024-07-20T14:36:23.297+0900] {logging_mixin.py:188} INFO - [2024-07-20T14:36:23.296+0900] {dagbag.py:545} INFO - Filling up the DagBag from /home/papalio/.local/lib/python3.10/site-packages/airflow/example_dags/example_branch_day_of_week_operator.py
[2024-07-20T14:36:23.318+0900] {processor.py:840} INFO - DAG(s) 'example_weekday_branch_operator' retrieved from /home/papalio/.local/lib/python3.10/site-packages/airflow/example_dags/example_branch_day_of_week_operator.py
[2024-07-20T14:36:23.371+0900] {logging_mixin.py:188} INFO - [2024-07-20T14:36:23.371+0900] {dag.py:3096} INFO - Sync 1 DAGs
[2024-07-20T14:36:23.428+0900] {logging_mixin.py:188} INFO - [2024-07-20T14:36:23.427+0900] {dag.py:3954} INFO - Setting next_dagrun for example_weekday_branch_operator to 2024-07-19 00:00:00+00:00, run_after=2024-07-20 00:00:00+00:00
[2024-07-20T14:36:23.478+0900] {processor.py:183} INFO - Processing /home/papalio/.local/lib/python3.10/site-packages/airflow/example_dags/example_branch_day_of_week_operator.py took 0.203 seconds
[2024-07-20T14:37:03.099+0900] {processor.py:161} INFO - Started process (PID=22663) to work on /home/papalio/.local/lib/python3.10/site-packages/airflow/example_dags/example_branch_day_of_week_operator.py
[2024-07-20T14:37:03.104+0900] {processor.py:830} INFO - Processing file /home/papalio/.local/lib/python3.10/site-packages/airflow/example_dags/example_branch_day_of_week_operator.py for tasks to queue
[2024-07-20T14:37:03.109+0900] {logging_mixin.py:188} INFO - [2024-07-20T14:37:03.107+0900] {dagbag.py:545} INFO - Filling up the DagBag from /home/papalio/.local/lib/python3.10/site-packages/airflow/example_dags/example_branch_day_of_week_operator.py
[2024-07-20T14:37:03.156+0900] {processor.py:840} INFO - DAG(s) 'example_weekday_branch_operator' retrieved from /home/papalio/.local/lib/python3.10/site-packages/airflow/example_dags/example_branch_day_of_week_operator.py
[2024-07-20T14:37:03.231+0900] {logging_mixin.py:188} INFO - [2024-07-20T14:37:03.230+0900] {dag.py:3096} INFO - Sync 1 DAGs
[2024-07-20T14:37:03.293+0900] {logging_mixin.py:188} INFO - [2024-07-20T14:37:03.292+0900] {dag.py:3954} INFO - Setting next_dagrun for example_weekday_branch_operator to 2024-07-19 00:00:00+00:00, run_after=2024-07-20 00:00:00+00:00
[2024-07-20T14:37:03.369+0900] {processor.py:183} INFO - Processing /home/papalio/.local/lib/python3.10/site-packages/airflow/example_dags/example_branch_day_of_week_operator.py took 0.302 seconds
[2024-07-20T14:37:47.959+0900] {processor.py:161} INFO - Started process (PID=22925) to work on /home/papalio/.local/lib/python3.10/site-packages/airflow/example_dags/example_branch_day_of_week_operator.py
[2024-07-20T14:37:47.967+0900] {processor.py:830} INFO - Processing file /home/papalio/.local/lib/python3.10/site-packages/airflow/example_dags/example_branch_day_of_week_operator.py for tasks to queue
[2024-07-20T14:37:47.969+0900] {logging_mixin.py:188} INFO - [2024-07-20T14:37:47.968+0900] {dagbag.py:545} INFO - Filling up the DagBag from /home/papalio/.local/lib/python3.10/site-packages/airflow/example_dags/example_branch_day_of_week_operator.py
[2024-07-20T14:37:47.998+0900] {processor.py:840} INFO - DAG(s) 'example_weekday_branch_operator' retrieved from /home/papalio/.local/lib/python3.10/site-packages/airflow/example_dags/example_branch_day_of_week_operator.py
[2024-07-20T14:37:48.061+0900] {logging_mixin.py:188} INFO - [2024-07-20T14:37:48.061+0900] {dag.py:3096} INFO - Sync 1 DAGs
[2024-07-20T14:37:48.138+0900] {logging_mixin.py:188} INFO - [2024-07-20T14:37:48.136+0900] {dag.py:3954} INFO - Setting next_dagrun for example_weekday_branch_operator to 2024-07-19 00:00:00+00:00, run_after=2024-07-20 00:00:00+00:00
[2024-07-20T14:37:48.220+0900] {processor.py:183} INFO - Processing /home/papalio/.local/lib/python3.10/site-packages/airflow/example_dags/example_branch_day_of_week_operator.py took 0.284 seconds
[2024-07-20T14:38:25.313+0900] {processor.py:161} INFO - Started process (PID=23176) to work on /home/papalio/.local/lib/python3.10/site-packages/airflow/example_dags/example_branch_day_of_week_operator.py
[2024-07-20T14:38:25.316+0900] {processor.py:830} INFO - Processing file /home/papalio/.local/lib/python3.10/site-packages/airflow/example_dags/example_branch_day_of_week_operator.py for tasks to queue
[2024-07-20T14:38:25.317+0900] {logging_mixin.py:188} INFO - [2024-07-20T14:38:25.317+0900] {dagbag.py:545} INFO - Filling up the DagBag from /home/papalio/.local/lib/python3.10/site-packages/airflow/example_dags/example_branch_day_of_week_operator.py
[2024-07-20T14:38:25.330+0900] {processor.py:840} INFO - DAG(s) 'example_weekday_branch_operator' retrieved from /home/papalio/.local/lib/python3.10/site-packages/airflow/example_dags/example_branch_day_of_week_operator.py
[2024-07-20T14:38:25.357+0900] {logging_mixin.py:188} INFO - [2024-07-20T14:38:25.356+0900] {dag.py:3096} INFO - Sync 1 DAGs
[2024-07-20T14:38:25.388+0900] {logging_mixin.py:188} INFO - [2024-07-20T14:38:25.387+0900] {dag.py:3954} INFO - Setting next_dagrun for example_weekday_branch_operator to 2024-07-19 00:00:00+00:00, run_after=2024-07-20 00:00:00+00:00
[2024-07-20T14:38:25.436+0900] {processor.py:183} INFO - Processing /home/papalio/.local/lib/python3.10/site-packages/airflow/example_dags/example_branch_day_of_week_operator.py took 0.133 seconds
[2024-07-20T14:39:09.701+0900] {processor.py:161} INFO - Started process (PID=23439) to work on /home/papalio/.local/lib/python3.10/site-packages/airflow/example_dags/example_branch_day_of_week_operator.py
[2024-07-20T14:39:09.704+0900] {processor.py:830} INFO - Processing file /home/papalio/.local/lib/python3.10/site-packages/airflow/example_dags/example_branch_day_of_week_operator.py for tasks to queue
[2024-07-20T14:39:09.705+0900] {logging_mixin.py:188} INFO - [2024-07-20T14:39:09.704+0900] {dagbag.py:545} INFO - Filling up the DagBag from /home/papalio/.local/lib/python3.10/site-packages/airflow/example_dags/example_branch_day_of_week_operator.py
[2024-07-20T14:39:09.718+0900] {processor.py:840} INFO - DAG(s) 'example_weekday_branch_operator' retrieved from /home/papalio/.local/lib/python3.10/site-packages/airflow/example_dags/example_branch_day_of_week_operator.py
[2024-07-20T14:39:09.743+0900] {logging_mixin.py:188} INFO - [2024-07-20T14:39:09.743+0900] {dag.py:3096} INFO - Sync 1 DAGs
[2024-07-20T14:39:09.772+0900] {logging_mixin.py:188} INFO - [2024-07-20T14:39:09.772+0900] {dag.py:3954} INFO - Setting next_dagrun for example_weekday_branch_operator to 2024-07-19 00:00:00+00:00, run_after=2024-07-20 00:00:00+00:00
[2024-07-20T14:39:09.824+0900] {processor.py:183} INFO - Processing /home/papalio/.local/lib/python3.10/site-packages/airflow/example_dags/example_branch_day_of_week_operator.py took 0.137 seconds
[2024-07-20T14:39:56.536+0900] {processor.py:161} INFO - Started process (PID=23731) to work on /home/papalio/.local/lib/python3.10/site-packages/airflow/example_dags/example_branch_day_of_week_operator.py
[2024-07-20T14:39:56.538+0900] {processor.py:830} INFO - Processing file /home/papalio/.local/lib/python3.10/site-packages/airflow/example_dags/example_branch_day_of_week_operator.py for tasks to queue
[2024-07-20T14:39:56.539+0900] {logging_mixin.py:188} INFO - [2024-07-20T14:39:56.539+0900] {dagbag.py:545} INFO - Filling up the DagBag from /home/papalio/.local/lib/python3.10/site-packages/airflow/example_dags/example_branch_day_of_week_operator.py
[2024-07-20T14:39:56.550+0900] {processor.py:840} INFO - DAG(s) 'example_weekday_branch_operator' retrieved from /home/papalio/.local/lib/python3.10/site-packages/airflow/example_dags/example_branch_day_of_week_operator.py
[2024-07-20T14:39:56.574+0900] {logging_mixin.py:188} INFO - [2024-07-20T14:39:56.573+0900] {dag.py:3096} INFO - Sync 1 DAGs
[2024-07-20T14:39:56.600+0900] {logging_mixin.py:188} INFO - [2024-07-20T14:39:56.600+0900] {dag.py:3954} INFO - Setting next_dagrun for example_weekday_branch_operator to 2024-07-19 00:00:00+00:00, run_after=2024-07-20 00:00:00+00:00
[2024-07-20T14:39:56.655+0900] {processor.py:183} INFO - Processing /home/papalio/.local/lib/python3.10/site-packages/airflow/example_dags/example_branch_day_of_week_operator.py took 0.130 seconds
[2024-07-20T14:40:38.190+0900] {processor.py:161} INFO - Started process (PID=23986) to work on /home/papalio/.local/lib/python3.10/site-packages/airflow/example_dags/example_branch_day_of_week_operator.py
[2024-07-20T14:40:38.194+0900] {processor.py:830} INFO - Processing file /home/papalio/.local/lib/python3.10/site-packages/airflow/example_dags/example_branch_day_of_week_operator.py for tasks to queue
[2024-07-20T14:40:38.195+0900] {logging_mixin.py:188} INFO - [2024-07-20T14:40:38.195+0900] {dagbag.py:545} INFO - Filling up the DagBag from /home/papalio/.local/lib/python3.10/site-packages/airflow/example_dags/example_branch_day_of_week_operator.py
[2024-07-20T14:40:38.217+0900] {processor.py:840} INFO - DAG(s) 'example_weekday_branch_operator' retrieved from /home/papalio/.local/lib/python3.10/site-packages/airflow/example_dags/example_branch_day_of_week_operator.py
[2024-07-20T14:40:38.266+0900] {logging_mixin.py:188} INFO - [2024-07-20T14:40:38.265+0900] {dag.py:3096} INFO - Sync 1 DAGs
[2024-07-20T14:40:38.307+0900] {logging_mixin.py:188} INFO - [2024-07-20T14:40:38.306+0900] {dag.py:3954} INFO - Setting next_dagrun for example_weekday_branch_operator to 2024-07-19 00:00:00+00:00, run_after=2024-07-20 00:00:00+00:00
[2024-07-20T14:40:38.365+0900] {processor.py:183} INFO - Processing /home/papalio/.local/lib/python3.10/site-packages/airflow/example_dags/example_branch_day_of_week_operator.py took 0.187 seconds
[2024-07-20T14:41:25.030+0900] {processor.py:161} INFO - Started process (PID=24271) to work on /home/papalio/.local/lib/python3.10/site-packages/airflow/example_dags/example_branch_day_of_week_operator.py
[2024-07-20T14:41:25.033+0900] {processor.py:830} INFO - Processing file /home/papalio/.local/lib/python3.10/site-packages/airflow/example_dags/example_branch_day_of_week_operator.py for tasks to queue
[2024-07-20T14:41:25.036+0900] {logging_mixin.py:188} INFO - [2024-07-20T14:41:25.035+0900] {dagbag.py:545} INFO - Filling up the DagBag from /home/papalio/.local/lib/python3.10/site-packages/airflow/example_dags/example_branch_day_of_week_operator.py
[2024-07-20T14:41:25.055+0900] {processor.py:840} INFO - DAG(s) 'example_weekday_branch_operator' retrieved from /home/papalio/.local/lib/python3.10/site-packages/airflow/example_dags/example_branch_day_of_week_operator.py
[2024-07-20T14:41:25.107+0900] {logging_mixin.py:188} INFO - [2024-07-20T14:41:25.106+0900] {dag.py:3096} INFO - Sync 1 DAGs
[2024-07-20T14:41:25.161+0900] {logging_mixin.py:188} INFO - [2024-07-20T14:41:25.161+0900] {dag.py:3954} INFO - Setting next_dagrun for example_weekday_branch_operator to 2024-07-19 00:00:00+00:00, run_after=2024-07-20 00:00:00+00:00
[2024-07-20T14:41:25.210+0900] {processor.py:183} INFO - Processing /home/papalio/.local/lib/python3.10/site-packages/airflow/example_dags/example_branch_day_of_week_operator.py took 0.196 seconds
[2024-07-20T14:42:13.120+0900] {processor.py:161} INFO - Started process (PID=24549) to work on /home/papalio/.local/lib/python3.10/site-packages/airflow/example_dags/example_branch_day_of_week_operator.py
[2024-07-20T14:42:13.122+0900] {processor.py:830} INFO - Processing file /home/papalio/.local/lib/python3.10/site-packages/airflow/example_dags/example_branch_day_of_week_operator.py for tasks to queue
[2024-07-20T14:42:13.123+0900] {logging_mixin.py:188} INFO - [2024-07-20T14:42:13.122+0900] {dagbag.py:545} INFO - Filling up the DagBag from /home/papalio/.local/lib/python3.10/site-packages/airflow/example_dags/example_branch_day_of_week_operator.py
[2024-07-20T14:42:13.135+0900] {processor.py:840} INFO - DAG(s) 'example_weekday_branch_operator' retrieved from /home/papalio/.local/lib/python3.10/site-packages/airflow/example_dags/example_branch_day_of_week_operator.py
[2024-07-20T14:42:13.160+0900] {logging_mixin.py:188} INFO - [2024-07-20T14:42:13.160+0900] {dag.py:3096} INFO - Sync 1 DAGs
[2024-07-20T14:42:13.186+0900] {logging_mixin.py:188} INFO - [2024-07-20T14:42:13.186+0900] {dag.py:3954} INFO - Setting next_dagrun for example_weekday_branch_operator to 2024-07-19 00:00:00+00:00, run_after=2024-07-20 00:00:00+00:00
[2024-07-20T14:42:13.232+0900] {processor.py:183} INFO - Processing /home/papalio/.local/lib/python3.10/site-packages/airflow/example_dags/example_branch_day_of_week_operator.py took 0.131 seconds
[2024-07-20T14:42:53.786+0900] {processor.py:161} INFO - Started process (PID=24816) to work on /home/papalio/.local/lib/python3.10/site-packages/airflow/example_dags/example_branch_day_of_week_operator.py
[2024-07-20T14:42:53.789+0900] {processor.py:830} INFO - Processing file /home/papalio/.local/lib/python3.10/site-packages/airflow/example_dags/example_branch_day_of_week_operator.py for tasks to queue
[2024-07-20T14:42:53.790+0900] {logging_mixin.py:188} INFO - [2024-07-20T14:42:53.789+0900] {dagbag.py:545} INFO - Filling up the DagBag from /home/papalio/.local/lib/python3.10/site-packages/airflow/example_dags/example_branch_day_of_week_operator.py
[2024-07-20T14:42:53.802+0900] {processor.py:840} INFO - DAG(s) 'example_weekday_branch_operator' retrieved from /home/papalio/.local/lib/python3.10/site-packages/airflow/example_dags/example_branch_day_of_week_operator.py
[2024-07-20T14:42:53.841+0900] {logging_mixin.py:188} INFO - [2024-07-20T14:42:53.840+0900] {dag.py:3096} INFO - Sync 1 DAGs
[2024-07-20T14:42:53.890+0900] {logging_mixin.py:188} INFO - [2024-07-20T14:42:53.889+0900] {dag.py:3954} INFO - Setting next_dagrun for example_weekday_branch_operator to 2024-07-19 00:00:00+00:00, run_after=2024-07-20 00:00:00+00:00
[2024-07-20T14:42:53.947+0900] {processor.py:183} INFO - Processing /home/papalio/.local/lib/python3.10/site-packages/airflow/example_dags/example_branch_day_of_week_operator.py took 0.172 seconds
[2024-07-20T14:43:37.063+0900] {processor.py:161} INFO - Started process (PID=25097) to work on /home/papalio/.local/lib/python3.10/site-packages/airflow/example_dags/example_branch_day_of_week_operator.py
[2024-07-20T14:43:37.065+0900] {processor.py:830} INFO - Processing file /home/papalio/.local/lib/python3.10/site-packages/airflow/example_dags/example_branch_day_of_week_operator.py for tasks to queue
[2024-07-20T14:43:37.066+0900] {logging_mixin.py:188} INFO - [2024-07-20T14:43:37.066+0900] {dagbag.py:545} INFO - Filling up the DagBag from /home/papalio/.local/lib/python3.10/site-packages/airflow/example_dags/example_branch_day_of_week_operator.py
[2024-07-20T14:43:37.078+0900] {processor.py:840} INFO - DAG(s) 'example_weekday_branch_operator' retrieved from /home/papalio/.local/lib/python3.10/site-packages/airflow/example_dags/example_branch_day_of_week_operator.py
[2024-07-20T14:43:37.108+0900] {logging_mixin.py:188} INFO - [2024-07-20T14:43:37.107+0900] {dag.py:3096} INFO - Sync 1 DAGs
[2024-07-20T14:43:37.143+0900] {logging_mixin.py:188} INFO - [2024-07-20T14:43:37.143+0900] {dag.py:3954} INFO - Setting next_dagrun for example_weekday_branch_operator to 2024-07-19 00:00:00+00:00, run_after=2024-07-20 00:00:00+00:00
[2024-07-20T14:43:37.187+0900] {processor.py:183} INFO - Processing /home/papalio/.local/lib/python3.10/site-packages/airflow/example_dags/example_branch_day_of_week_operator.py took 0.135 seconds
[2024-07-20T14:44:23.331+0900] {processor.py:161} INFO - Started process (PID=25383) to work on /home/papalio/.local/lib/python3.10/site-packages/airflow/example_dags/example_branch_day_of_week_operator.py
[2024-07-20T14:44:23.334+0900] {processor.py:830} INFO - Processing file /home/papalio/.local/lib/python3.10/site-packages/airflow/example_dags/example_branch_day_of_week_operator.py for tasks to queue
[2024-07-20T14:44:23.336+0900] {logging_mixin.py:188} INFO - [2024-07-20T14:44:23.335+0900] {dagbag.py:545} INFO - Filling up the DagBag from /home/papalio/.local/lib/python3.10/site-packages/airflow/example_dags/example_branch_day_of_week_operator.py
[2024-07-20T14:44:23.351+0900] {processor.py:840} INFO - DAG(s) 'example_weekday_branch_operator' retrieved from /home/papalio/.local/lib/python3.10/site-packages/airflow/example_dags/example_branch_day_of_week_operator.py
[2024-07-20T14:44:23.388+0900] {logging_mixin.py:188} INFO - [2024-07-20T14:44:23.387+0900] {dag.py:3096} INFO - Sync 1 DAGs
[2024-07-20T14:44:23.435+0900] {logging_mixin.py:188} INFO - [2024-07-20T14:44:23.435+0900] {dag.py:3954} INFO - Setting next_dagrun for example_weekday_branch_operator to 2024-07-19 00:00:00+00:00, run_after=2024-07-20 00:00:00+00:00
[2024-07-20T14:44:23.495+0900] {processor.py:183} INFO - Processing /home/papalio/.local/lib/python3.10/site-packages/airflow/example_dags/example_branch_day_of_week_operator.py took 0.176 seconds
[2024-07-20T14:45:02.430+0900] {processor.py:161} INFO - Started process (PID=25625) to work on /home/papalio/.local/lib/python3.10/site-packages/airflow/example_dags/example_branch_day_of_week_operator.py
[2024-07-20T14:45:02.432+0900] {processor.py:830} INFO - Processing file /home/papalio/.local/lib/python3.10/site-packages/airflow/example_dags/example_branch_day_of_week_operator.py for tasks to queue
[2024-07-20T14:45:02.433+0900] {logging_mixin.py:188} INFO - [2024-07-20T14:45:02.432+0900] {dagbag.py:545} INFO - Filling up the DagBag from /home/papalio/.local/lib/python3.10/site-packages/airflow/example_dags/example_branch_day_of_week_operator.py
[2024-07-20T14:45:02.450+0900] {processor.py:840} INFO - DAG(s) 'example_weekday_branch_operator' retrieved from /home/papalio/.local/lib/python3.10/site-packages/airflow/example_dags/example_branch_day_of_week_operator.py
[2024-07-20T14:45:02.486+0900] {logging_mixin.py:188} INFO - [2024-07-20T14:45:02.486+0900] {dag.py:3096} INFO - Sync 1 DAGs
[2024-07-20T14:45:02.520+0900] {logging_mixin.py:188} INFO - [2024-07-20T14:45:02.519+0900] {dag.py:3954} INFO - Setting next_dagrun for example_weekday_branch_operator to 2024-07-19 00:00:00+00:00, run_after=2024-07-20 00:00:00+00:00
[2024-07-20T14:45:02.568+0900] {processor.py:183} INFO - Processing /home/papalio/.local/lib/python3.10/site-packages/airflow/example_dags/example_branch_day_of_week_operator.py took 0.150 seconds
