[2024-07-20T14:10:31.845+0900] {processor.py:161} INFO - Started process (PID=12687) to work on /home/papalio/.local/lib/python3.10/site-packages/airflow/example_dags/example_time_delta_sensor_async.py
[2024-07-20T14:10:31.846+0900] {processor.py:830} INFO - Processing file /home/papalio/.local/lib/python3.10/site-packages/airflow/example_dags/example_time_delta_sensor_async.py for tasks to queue
[2024-07-20T14:10:31.851+0900] {logging_mixin.py:188} INFO - [2024-07-20T14:10:31.851+0900] {dagbag.py:545} INFO - Filling up the DagBag from /home/papalio/.local/lib/python3.10/site-packages/airflow/example_dags/example_time_delta_sensor_async.py
[2024-07-20T14:10:31.868+0900] {processor.py:840} INFO - DAG(s) 'example_time_delta_sensor_async' retrieved from /home/papalio/.local/lib/python3.10/site-packages/airflow/example_dags/example_time_delta_sensor_async.py
[2024-07-20T14:10:32.013+0900] {logging_mixin.py:188} INFO - [2024-07-20T14:10:32.012+0900] {dag.py:3096} INFO - Sync 1 DAGs
[2024-07-20T14:10:32.028+0900] {logging_mixin.py:188} INFO - [2024-07-20T14:10:32.028+0900] {dag.py:3954} INFO - Setting next_dagrun for example_time_delta_sensor_async to None, run_after=None
[2024-07-20T14:10:32.068+0900] {processor.py:183} INFO - Processing /home/papalio/.local/lib/python3.10/site-packages/airflow/example_dags/example_time_delta_sensor_async.py took 0.240 seconds
[2024-07-20T14:11:43.608+0900] {processor.py:161} INFO - Started process (PID=13097) to work on /home/papalio/.local/lib/python3.10/site-packages/airflow/example_dags/example_time_delta_sensor_async.py
[2024-07-20T14:11:43.619+0900] {processor.py:830} INFO - Processing file /home/papalio/.local/lib/python3.10/site-packages/airflow/example_dags/example_time_delta_sensor_async.py for tasks to queue
[2024-07-20T14:11:43.623+0900] {logging_mixin.py:188} INFO - [2024-07-20T14:11:43.622+0900] {dagbag.py:545} INFO - Filling up the DagBag from /home/papalio/.local/lib/python3.10/site-packages/airflow/example_dags/example_time_delta_sensor_async.py
[2024-07-20T14:11:43.630+0900] {processor.py:840} INFO - DAG(s) 'example_time_delta_sensor_async' retrieved from /home/papalio/.local/lib/python3.10/site-packages/airflow/example_dags/example_time_delta_sensor_async.py
[2024-07-20T14:11:43.653+0900] {logging_mixin.py:188} INFO - [2024-07-20T14:11:43.653+0900] {dag.py:3096} INFO - Sync 1 DAGs
[2024-07-20T14:11:43.670+0900] {logging_mixin.py:188} INFO - [2024-07-20T14:11:43.669+0900] {dag.py:3954} INFO - Setting next_dagrun for example_time_delta_sensor_async to None, run_after=None
[2024-07-20T14:11:43.730+0900] {processor.py:183} INFO - Processing /home/papalio/.local/lib/python3.10/site-packages/airflow/example_dags/example_time_delta_sensor_async.py took 0.130 seconds
[2024-07-20T14:13:05.043+0900] {processor.py:161} INFO - Started process (PID=13608) to work on /home/papalio/.local/lib/python3.10/site-packages/airflow/example_dags/example_time_delta_sensor_async.py
[2024-07-20T14:13:05.045+0900] {processor.py:830} INFO - Processing file /home/papalio/.local/lib/python3.10/site-packages/airflow/example_dags/example_time_delta_sensor_async.py for tasks to queue
[2024-07-20T14:13:05.049+0900] {logging_mixin.py:188} INFO - [2024-07-20T14:13:05.048+0900] {dagbag.py:545} INFO - Filling up the DagBag from /home/papalio/.local/lib/python3.10/site-packages/airflow/example_dags/example_time_delta_sensor_async.py
[2024-07-20T14:13:05.059+0900] {processor.py:840} INFO - DAG(s) 'example_time_delta_sensor_async' retrieved from /home/papalio/.local/lib/python3.10/site-packages/airflow/example_dags/example_time_delta_sensor_async.py
[2024-07-20T14:13:05.096+0900] {logging_mixin.py:188} INFO - [2024-07-20T14:13:05.095+0900] {dag.py:3096} INFO - Sync 1 DAGs
[2024-07-20T14:13:05.120+0900] {logging_mixin.py:188} INFO - [2024-07-20T14:13:05.120+0900] {dag.py:3954} INFO - Setting next_dagrun for example_time_delta_sensor_async to None, run_after=None
[2024-07-20T14:13:05.175+0900] {processor.py:183} INFO - Processing /home/papalio/.local/lib/python3.10/site-packages/airflow/example_dags/example_time_delta_sensor_async.py took 0.147 seconds
[2024-07-20T14:14:29.289+0900] {processor.py:161} INFO - Started process (PID=14133) to work on /home/papalio/.local/lib/python3.10/site-packages/airflow/example_dags/example_time_delta_sensor_async.py
[2024-07-20T14:14:29.291+0900] {processor.py:830} INFO - Processing file /home/papalio/.local/lib/python3.10/site-packages/airflow/example_dags/example_time_delta_sensor_async.py for tasks to queue
[2024-07-20T14:14:29.294+0900] {logging_mixin.py:188} INFO - [2024-07-20T14:14:29.293+0900] {dagbag.py:545} INFO - Filling up the DagBag from /home/papalio/.local/lib/python3.10/site-packages/airflow/example_dags/example_time_delta_sensor_async.py
[2024-07-20T14:14:29.302+0900] {processor.py:840} INFO - DAG(s) 'example_time_delta_sensor_async' retrieved from /home/papalio/.local/lib/python3.10/site-packages/airflow/example_dags/example_time_delta_sensor_async.py
[2024-07-20T14:14:29.326+0900] {logging_mixin.py:188} INFO - [2024-07-20T14:14:29.325+0900] {dag.py:3096} INFO - Sync 1 DAGs
[2024-07-20T14:14:29.345+0900] {logging_mixin.py:188} INFO - [2024-07-20T14:14:29.345+0900] {dag.py:3954} INFO - Setting next_dagrun for example_time_delta_sensor_async to None, run_after=None
[2024-07-20T14:14:29.406+0900] {processor.py:183} INFO - Processing /home/papalio/.local/lib/python3.10/site-packages/airflow/example_dags/example_time_delta_sensor_async.py took 0.127 seconds
[2024-07-20T14:15:47.791+0900] {processor.py:161} INFO - Started process (PID=14631) to work on /home/papalio/.local/lib/python3.10/site-packages/airflow/example_dags/example_time_delta_sensor_async.py
[2024-07-20T14:15:47.794+0900] {processor.py:830} INFO - Processing file /home/papalio/.local/lib/python3.10/site-packages/airflow/example_dags/example_time_delta_sensor_async.py for tasks to queue
[2024-07-20T14:15:47.797+0900] {logging_mixin.py:188} INFO - [2024-07-20T14:15:47.796+0900] {dagbag.py:545} INFO - Filling up the DagBag from /home/papalio/.local/lib/python3.10/site-packages/airflow/example_dags/example_time_delta_sensor_async.py
[2024-07-20T14:15:47.803+0900] {processor.py:840} INFO - DAG(s) 'example_time_delta_sensor_async' retrieved from /home/papalio/.local/lib/python3.10/site-packages/airflow/example_dags/example_time_delta_sensor_async.py
[2024-07-20T14:15:47.827+0900] {logging_mixin.py:188} INFO - [2024-07-20T14:15:47.827+0900] {dag.py:3096} INFO - Sync 1 DAGs
[2024-07-20T14:15:47.846+0900] {logging_mixin.py:188} INFO - [2024-07-20T14:15:47.846+0900] {dag.py:3954} INFO - Setting next_dagrun for example_time_delta_sensor_async to None, run_after=None
[2024-07-20T14:15:47.904+0900] {processor.py:183} INFO - Processing /home/papalio/.local/lib/python3.10/site-packages/airflow/example_dags/example_time_delta_sensor_async.py took 0.120 seconds
[2024-07-20T14:17:04.085+0900] {processor.py:161} INFO - Started process (PID=15127) to work on /home/papalio/.local/lib/python3.10/site-packages/airflow/example_dags/example_time_delta_sensor_async.py
[2024-07-20T14:17:04.088+0900] {processor.py:830} INFO - Processing file /home/papalio/.local/lib/python3.10/site-packages/airflow/example_dags/example_time_delta_sensor_async.py for tasks to queue
[2024-07-20T14:17:04.091+0900] {logging_mixin.py:188} INFO - [2024-07-20T14:17:04.090+0900] {dagbag.py:545} INFO - Filling up the DagBag from /home/papalio/.local/lib/python3.10/site-packages/airflow/example_dags/example_time_delta_sensor_async.py
[2024-07-20T14:17:04.099+0900] {processor.py:840} INFO - DAG(s) 'example_time_delta_sensor_async' retrieved from /home/papalio/.local/lib/python3.10/site-packages/airflow/example_dags/example_time_delta_sensor_async.py
[2024-07-20T14:17:04.125+0900] {logging_mixin.py:188} INFO - [2024-07-20T14:17:04.124+0900] {dag.py:3096} INFO - Sync 1 DAGs
[2024-07-20T14:17:04.142+0900] {logging_mixin.py:188} INFO - [2024-07-20T14:17:04.142+0900] {dag.py:3954} INFO - Setting next_dagrun for example_time_delta_sensor_async to None, run_after=None
[2024-07-20T14:17:04.181+0900] {processor.py:183} INFO - Processing /home/papalio/.local/lib/python3.10/site-packages/airflow/example_dags/example_time_delta_sensor_async.py took 0.105 seconds
[2024-07-20T14:18:23.060+0900] {processor.py:161} INFO - Started process (PID=15632) to work on /home/papalio/.local/lib/python3.10/site-packages/airflow/example_dags/example_time_delta_sensor_async.py
[2024-07-20T14:18:23.063+0900] {processor.py:830} INFO - Processing file /home/papalio/.local/lib/python3.10/site-packages/airflow/example_dags/example_time_delta_sensor_async.py for tasks to queue
[2024-07-20T14:18:23.067+0900] {logging_mixin.py:188} INFO - [2024-07-20T14:18:23.066+0900] {dagbag.py:545} INFO - Filling up the DagBag from /home/papalio/.local/lib/python3.10/site-packages/airflow/example_dags/example_time_delta_sensor_async.py
[2024-07-20T14:18:23.078+0900] {processor.py:840} INFO - DAG(s) 'example_time_delta_sensor_async' retrieved from /home/papalio/.local/lib/python3.10/site-packages/airflow/example_dags/example_time_delta_sensor_async.py
[2024-07-20T14:18:23.109+0900] {logging_mixin.py:188} INFO - [2024-07-20T14:18:23.108+0900] {dag.py:3096} INFO - Sync 1 DAGs
[2024-07-20T14:18:23.129+0900] {logging_mixin.py:188} INFO - [2024-07-20T14:18:23.129+0900] {dag.py:3954} INFO - Setting next_dagrun for example_time_delta_sensor_async to None, run_after=None
[2024-07-20T14:18:23.170+0900] {processor.py:183} INFO - Processing /home/papalio/.local/lib/python3.10/site-packages/airflow/example_dags/example_time_delta_sensor_async.py took 0.122 seconds
[2024-07-20T14:19:45.975+0900] {processor.py:161} INFO - Started process (PID=16151) to work on /home/papalio/.local/lib/python3.10/site-packages/airflow/example_dags/example_time_delta_sensor_async.py
[2024-07-20T14:19:45.978+0900] {processor.py:830} INFO - Processing file /home/papalio/.local/lib/python3.10/site-packages/airflow/example_dags/example_time_delta_sensor_async.py for tasks to queue
[2024-07-20T14:19:45.981+0900] {logging_mixin.py:188} INFO - [2024-07-20T14:19:45.980+0900] {dagbag.py:545} INFO - Filling up the DagBag from /home/papalio/.local/lib/python3.10/site-packages/airflow/example_dags/example_time_delta_sensor_async.py
[2024-07-20T14:19:45.992+0900] {processor.py:840} INFO - DAG(s) 'example_time_delta_sensor_async' retrieved from /home/papalio/.local/lib/python3.10/site-packages/airflow/example_dags/example_time_delta_sensor_async.py
[2024-07-20T14:19:46.023+0900] {logging_mixin.py:188} INFO - [2024-07-20T14:19:46.022+0900] {dag.py:3096} INFO - Sync 1 DAGs
[2024-07-20T14:19:46.041+0900] {logging_mixin.py:188} INFO - [2024-07-20T14:19:46.041+0900] {dag.py:3954} INFO - Setting next_dagrun for example_time_delta_sensor_async to None, run_after=None
[2024-07-20T14:19:46.080+0900] {processor.py:183} INFO - Processing /home/papalio/.local/lib/python3.10/site-packages/airflow/example_dags/example_time_delta_sensor_async.py took 0.119 seconds
[2024-07-20T14:21:17.475+0900] {processor.py:161} INFO - Started process (PID=16780) to work on /home/papalio/.local/lib/python3.10/site-packages/airflow/example_dags/example_time_delta_sensor_async.py
[2024-07-20T14:21:17.477+0900] {processor.py:830} INFO - Processing file /home/papalio/.local/lib/python3.10/site-packages/airflow/example_dags/example_time_delta_sensor_async.py for tasks to queue
[2024-07-20T14:21:17.481+0900] {logging_mixin.py:188} INFO - [2024-07-20T14:21:17.481+0900] {dagbag.py:545} INFO - Filling up the DagBag from /home/papalio/.local/lib/python3.10/site-packages/airflow/example_dags/example_time_delta_sensor_async.py
[2024-07-20T14:21:17.494+0900] {processor.py:840} INFO - DAG(s) 'example_time_delta_sensor_async' retrieved from /home/papalio/.local/lib/python3.10/site-packages/airflow/example_dags/example_time_delta_sensor_async.py
[2024-07-20T14:21:17.540+0900] {logging_mixin.py:188} INFO - [2024-07-20T14:21:17.539+0900] {dag.py:3096} INFO - Sync 1 DAGs
[2024-07-20T14:21:17.589+0900] {logging_mixin.py:188} INFO - [2024-07-20T14:21:17.588+0900] {dag.py:3954} INFO - Setting next_dagrun for example_time_delta_sensor_async to None, run_after=None
[2024-07-20T14:21:17.672+0900] {processor.py:183} INFO - Processing /home/papalio/.local/lib/python3.10/site-packages/airflow/example_dags/example_time_delta_sensor_async.py took 0.210 seconds
[2024-07-20T14:22:51.491+0900] {processor.py:161} INFO - Started process (PID=17385) to work on /home/papalio/.local/lib/python3.10/site-packages/airflow/example_dags/example_time_delta_sensor_async.py
[2024-07-20T14:22:51.502+0900] {processor.py:830} INFO - Processing file /home/papalio/.local/lib/python3.10/site-packages/airflow/example_dags/example_time_delta_sensor_async.py for tasks to queue
[2024-07-20T14:22:51.506+0900] {logging_mixin.py:188} INFO - [2024-07-20T14:22:51.504+0900] {dagbag.py:545} INFO - Filling up the DagBag from /home/papalio/.local/lib/python3.10/site-packages/airflow/example_dags/example_time_delta_sensor_async.py
[2024-07-20T14:22:51.527+0900] {processor.py:840} INFO - DAG(s) 'example_time_delta_sensor_async' retrieved from /home/papalio/.local/lib/python3.10/site-packages/airflow/example_dags/example_time_delta_sensor_async.py
[2024-07-20T14:22:51.611+0900] {logging_mixin.py:188} INFO - [2024-07-20T14:22:51.609+0900] {dag.py:3096} INFO - Sync 1 DAGs
[2024-07-20T14:22:51.676+0900] {logging_mixin.py:188} INFO - [2024-07-20T14:22:51.675+0900] {dag.py:3954} INFO - Setting next_dagrun for example_time_delta_sensor_async to None, run_after=None
[2024-07-20T14:22:51.796+0900] {processor.py:183} INFO - Processing /home/papalio/.local/lib/python3.10/site-packages/airflow/example_dags/example_time_delta_sensor_async.py took 0.345 seconds
[2024-07-20T14:24:32.460+0900] {processor.py:161} INFO - Started process (PID=17975) to work on /home/papalio/.local/lib/python3.10/site-packages/airflow/example_dags/example_time_delta_sensor_async.py
[2024-07-20T14:24:32.463+0900] {processor.py:830} INFO - Processing file /home/papalio/.local/lib/python3.10/site-packages/airflow/example_dags/example_time_delta_sensor_async.py for tasks to queue
[2024-07-20T14:24:32.465+0900] {logging_mixin.py:188} INFO - [2024-07-20T14:24:32.464+0900] {dagbag.py:545} INFO - Filling up the DagBag from /home/papalio/.local/lib/python3.10/site-packages/airflow/example_dags/example_time_delta_sensor_async.py
[2024-07-20T14:24:32.473+0900] {processor.py:840} INFO - DAG(s) 'example_time_delta_sensor_async' retrieved from /home/papalio/.local/lib/python3.10/site-packages/airflow/example_dags/example_time_delta_sensor_async.py
[2024-07-20T14:24:32.499+0900] {logging_mixin.py:188} INFO - [2024-07-20T14:24:32.498+0900] {dag.py:3096} INFO - Sync 1 DAGs
[2024-07-20T14:24:32.520+0900] {logging_mixin.py:188} INFO - [2024-07-20T14:24:32.519+0900] {dag.py:3954} INFO - Setting next_dagrun for example_time_delta_sensor_async to None, run_after=None
[2024-07-20T14:24:32.562+0900] {processor.py:183} INFO - Processing /home/papalio/.local/lib/python3.10/site-packages/airflow/example_dags/example_time_delta_sensor_async.py took 0.112 seconds
[2024-07-20T14:26:10.557+0900] {processor.py:161} INFO - Started process (PID=18558) to work on /home/papalio/.local/lib/python3.10/site-packages/airflow/example_dags/example_time_delta_sensor_async.py
[2024-07-20T14:26:10.561+0900] {processor.py:830} INFO - Processing file /home/papalio/.local/lib/python3.10/site-packages/airflow/example_dags/example_time_delta_sensor_async.py for tasks to queue
[2024-07-20T14:26:10.564+0900] {logging_mixin.py:188} INFO - [2024-07-20T14:26:10.563+0900] {dagbag.py:545} INFO - Filling up the DagBag from /home/papalio/.local/lib/python3.10/site-packages/airflow/example_dags/example_time_delta_sensor_async.py
[2024-07-20T14:26:10.645+0900] {processor.py:840} INFO - DAG(s) 'example_time_delta_sensor_async' retrieved from /home/papalio/.local/lib/python3.10/site-packages/airflow/example_dags/example_time_delta_sensor_async.py
[2024-07-20T14:26:11.132+0900] {logging_mixin.py:188} INFO - [2024-07-20T14:26:11.131+0900] {dag.py:3096} INFO - Sync 1 DAGs
[2024-07-20T14:26:11.300+0900] {logging_mixin.py:188} INFO - [2024-07-20T14:26:11.299+0900] {dag.py:3954} INFO - Setting next_dagrun for example_time_delta_sensor_async to None, run_after=None
[2024-07-20T14:26:11.505+0900] {processor.py:183} INFO - Processing /home/papalio/.local/lib/python3.10/site-packages/airflow/example_dags/example_time_delta_sensor_async.py took 1.103 seconds
[2024-07-20T14:27:43.574+0900] {processor.py:161} INFO - Started process (PID=19115) to work on /home/papalio/.local/lib/python3.10/site-packages/airflow/example_dags/example_time_delta_sensor_async.py
[2024-07-20T14:27:43.578+0900] {processor.py:830} INFO - Processing file /home/papalio/.local/lib/python3.10/site-packages/airflow/example_dags/example_time_delta_sensor_async.py for tasks to queue
[2024-07-20T14:27:43.580+0900] {logging_mixin.py:188} INFO - [2024-07-20T14:27:43.579+0900] {dagbag.py:545} INFO - Filling up the DagBag from /home/papalio/.local/lib/python3.10/site-packages/airflow/example_dags/example_time_delta_sensor_async.py
[2024-07-20T14:27:43.589+0900] {processor.py:840} INFO - DAG(s) 'example_time_delta_sensor_async' retrieved from /home/papalio/.local/lib/python3.10/site-packages/airflow/example_dags/example_time_delta_sensor_async.py
[2024-07-20T14:27:43.627+0900] {logging_mixin.py:188} INFO - [2024-07-20T14:27:43.627+0900] {dag.py:3096} INFO - Sync 1 DAGs
[2024-07-20T14:27:43.648+0900] {logging_mixin.py:188} INFO - [2024-07-20T14:27:43.648+0900] {dag.py:3954} INFO - Setting next_dagrun for example_time_delta_sensor_async to None, run_after=None
[2024-07-20T14:27:43.699+0900] {processor.py:183} INFO - Processing /home/papalio/.local/lib/python3.10/site-packages/airflow/example_dags/example_time_delta_sensor_async.py took 0.137 seconds
[2024-07-20T14:29:00.865+0900] {processor.py:161} INFO - Started process (PID=19613) to work on /home/papalio/.local/lib/python3.10/site-packages/airflow/example_dags/example_time_delta_sensor_async.py
[2024-07-20T14:29:00.867+0900] {processor.py:830} INFO - Processing file /home/papalio/.local/lib/python3.10/site-packages/airflow/example_dags/example_time_delta_sensor_async.py for tasks to queue
[2024-07-20T14:29:00.869+0900] {logging_mixin.py:188} INFO - [2024-07-20T14:29:00.868+0900] {dagbag.py:545} INFO - Filling up the DagBag from /home/papalio/.local/lib/python3.10/site-packages/airflow/example_dags/example_time_delta_sensor_async.py
[2024-07-20T14:29:00.879+0900] {processor.py:840} INFO - DAG(s) 'example_time_delta_sensor_async' retrieved from /home/papalio/.local/lib/python3.10/site-packages/airflow/example_dags/example_time_delta_sensor_async.py
[2024-07-20T14:29:00.908+0900] {logging_mixin.py:188} INFO - [2024-07-20T14:29:00.907+0900] {dag.py:3096} INFO - Sync 1 DAGs
[2024-07-20T14:29:00.927+0900] {logging_mixin.py:188} INFO - [2024-07-20T14:29:00.926+0900] {dag.py:3954} INFO - Setting next_dagrun for example_time_delta_sensor_async to None, run_after=None
[2024-07-20T14:29:00.979+0900] {processor.py:183} INFO - Processing /home/papalio/.local/lib/python3.10/site-packages/airflow/example_dags/example_time_delta_sensor_async.py took 0.127 seconds
[2024-07-20T14:30:22.572+0900] {processor.py:161} INFO - Started process (PID=20134) to work on /home/papalio/.local/lib/python3.10/site-packages/airflow/example_dags/example_time_delta_sensor_async.py
[2024-07-20T14:30:22.575+0900] {processor.py:830} INFO - Processing file /home/papalio/.local/lib/python3.10/site-packages/airflow/example_dags/example_time_delta_sensor_async.py for tasks to queue
[2024-07-20T14:30:22.577+0900] {logging_mixin.py:188} INFO - [2024-07-20T14:30:22.576+0900] {dagbag.py:545} INFO - Filling up the DagBag from /home/papalio/.local/lib/python3.10/site-packages/airflow/example_dags/example_time_delta_sensor_async.py
[2024-07-20T14:30:22.589+0900] {processor.py:840} INFO - DAG(s) 'example_time_delta_sensor_async' retrieved from /home/papalio/.local/lib/python3.10/site-packages/airflow/example_dags/example_time_delta_sensor_async.py
[2024-07-20T14:30:22.631+0900] {logging_mixin.py:188} INFO - [2024-07-20T14:30:22.630+0900] {dag.py:3096} INFO - Sync 1 DAGs
[2024-07-20T14:30:22.664+0900] {logging_mixin.py:188} INFO - [2024-07-20T14:30:22.663+0900] {dag.py:3954} INFO - Setting next_dagrun for example_time_delta_sensor_async to None, run_after=None
[2024-07-20T14:30:22.737+0900] {processor.py:183} INFO - Processing /home/papalio/.local/lib/python3.10/site-packages/airflow/example_dags/example_time_delta_sensor_async.py took 0.178 seconds
[2024-07-20T14:31:39.248+0900] {processor.py:161} INFO - Started process (PID=20631) to work on /home/papalio/.local/lib/python3.10/site-packages/airflow/example_dags/example_time_delta_sensor_async.py
[2024-07-20T14:31:39.260+0900] {processor.py:830} INFO - Processing file /home/papalio/.local/lib/python3.10/site-packages/airflow/example_dags/example_time_delta_sensor_async.py for tasks to queue
[2024-07-20T14:31:39.261+0900] {logging_mixin.py:188} INFO - [2024-07-20T14:31:39.261+0900] {dagbag.py:545} INFO - Filling up the DagBag from /home/papalio/.local/lib/python3.10/site-packages/airflow/example_dags/example_time_delta_sensor_async.py
[2024-07-20T14:31:39.271+0900] {processor.py:840} INFO - DAG(s) 'example_time_delta_sensor_async' retrieved from /home/papalio/.local/lib/python3.10/site-packages/airflow/example_dags/example_time_delta_sensor_async.py
[2024-07-20T14:31:39.311+0900] {logging_mixin.py:188} INFO - [2024-07-20T14:31:39.310+0900] {dag.py:3096} INFO - Sync 1 DAGs
[2024-07-20T14:31:39.339+0900] {logging_mixin.py:188} INFO - [2024-07-20T14:31:39.339+0900] {dag.py:3954} INFO - Setting next_dagrun for example_time_delta_sensor_async to None, run_after=None
[2024-07-20T14:31:39.399+0900] {processor.py:183} INFO - Processing /home/papalio/.local/lib/python3.10/site-packages/airflow/example_dags/example_time_delta_sensor_async.py took 0.164 seconds
[2024-07-20T14:33:11.679+0900] {processor.py:161} INFO - Started process (PID=21183) to work on /home/papalio/.local/lib/python3.10/site-packages/airflow/example_dags/example_time_delta_sensor_async.py
[2024-07-20T14:33:11.684+0900] {processor.py:830} INFO - Processing file /home/papalio/.local/lib/python3.10/site-packages/airflow/example_dags/example_time_delta_sensor_async.py for tasks to queue
[2024-07-20T14:33:11.686+0900] {logging_mixin.py:188} INFO - [2024-07-20T14:33:11.685+0900] {dagbag.py:545} INFO - Filling up the DagBag from /home/papalio/.local/lib/python3.10/site-packages/airflow/example_dags/example_time_delta_sensor_async.py
[2024-07-20T14:33:11.699+0900] {processor.py:840} INFO - DAG(s) 'example_time_delta_sensor_async' retrieved from /home/papalio/.local/lib/python3.10/site-packages/airflow/example_dags/example_time_delta_sensor_async.py
[2024-07-20T14:33:11.745+0900] {logging_mixin.py:188} INFO - [2024-07-20T14:33:11.744+0900] {dag.py:3096} INFO - Sync 1 DAGs
[2024-07-20T14:33:11.778+0900] {logging_mixin.py:188} INFO - [2024-07-20T14:33:11.777+0900] {dag.py:3954} INFO - Setting next_dagrun for example_time_delta_sensor_async to None, run_after=None
[2024-07-20T14:33:11.818+0900] {processor.py:183} INFO - Processing /home/papalio/.local/lib/python3.10/site-packages/airflow/example_dags/example_time_delta_sensor_async.py took 0.155 seconds
[2024-07-20T14:34:40.010+0900] {processor.py:161} INFO - Started process (PID=21726) to work on /home/papalio/.local/lib/python3.10/site-packages/airflow/example_dags/example_time_delta_sensor_async.py
[2024-07-20T14:34:40.014+0900] {processor.py:830} INFO - Processing file /home/papalio/.local/lib/python3.10/site-packages/airflow/example_dags/example_time_delta_sensor_async.py for tasks to queue
[2024-07-20T14:34:40.016+0900] {logging_mixin.py:188} INFO - [2024-07-20T14:34:40.015+0900] {dagbag.py:545} INFO - Filling up the DagBag from /home/papalio/.local/lib/python3.10/site-packages/airflow/example_dags/example_time_delta_sensor_async.py
[2024-07-20T14:34:40.031+0900] {processor.py:840} INFO - DAG(s) 'example_time_delta_sensor_async' retrieved from /home/papalio/.local/lib/python3.10/site-packages/airflow/example_dags/example_time_delta_sensor_async.py
[2024-07-20T14:34:40.076+0900] {logging_mixin.py:188} INFO - [2024-07-20T14:34:40.075+0900] {dag.py:3096} INFO - Sync 1 DAGs
[2024-07-20T14:34:40.115+0900] {logging_mixin.py:188} INFO - [2024-07-20T14:34:40.114+0900] {dag.py:3954} INFO - Setting next_dagrun for example_time_delta_sensor_async to None, run_after=None
[2024-07-20T14:34:40.184+0900] {processor.py:183} INFO - Processing /home/papalio/.local/lib/python3.10/site-packages/airflow/example_dags/example_time_delta_sensor_async.py took 0.189 seconds
[2024-07-20T14:35:57.745+0900] {processor.py:161} INFO - Started process (PID=22225) to work on /home/papalio/.local/lib/python3.10/site-packages/airflow/example_dags/example_time_delta_sensor_async.py
[2024-07-20T14:35:57.748+0900] {processor.py:830} INFO - Processing file /home/papalio/.local/lib/python3.10/site-packages/airflow/example_dags/example_time_delta_sensor_async.py for tasks to queue
[2024-07-20T14:35:57.750+0900] {logging_mixin.py:188} INFO - [2024-07-20T14:35:57.749+0900] {dagbag.py:545} INFO - Filling up the DagBag from /home/papalio/.local/lib/python3.10/site-packages/airflow/example_dags/example_time_delta_sensor_async.py
[2024-07-20T14:35:57.758+0900] {processor.py:840} INFO - DAG(s) 'example_time_delta_sensor_async' retrieved from /home/papalio/.local/lib/python3.10/site-packages/airflow/example_dags/example_time_delta_sensor_async.py
[2024-07-20T14:35:57.790+0900] {logging_mixin.py:188} INFO - [2024-07-20T14:35:57.789+0900] {dag.py:3096} INFO - Sync 1 DAGs
[2024-07-20T14:35:57.808+0900] {logging_mixin.py:188} INFO - [2024-07-20T14:35:57.808+0900] {dag.py:3954} INFO - Setting next_dagrun for example_time_delta_sensor_async to None, run_after=None
[2024-07-20T14:35:57.853+0900] {processor.py:183} INFO - Processing /home/papalio/.local/lib/python3.10/site-packages/airflow/example_dags/example_time_delta_sensor_async.py took 0.122 seconds
[2024-07-20T14:37:20.389+0900] {processor.py:161} INFO - Started process (PID=22743) to work on /home/papalio/.local/lib/python3.10/site-packages/airflow/example_dags/example_time_delta_sensor_async.py
[2024-07-20T14:37:20.701+0900] {processor.py:830} INFO - Processing file /home/papalio/.local/lib/python3.10/site-packages/airflow/example_dags/example_time_delta_sensor_async.py for tasks to queue
[2024-07-20T14:37:20.702+0900] {logging_mixin.py:188} INFO - [2024-07-20T14:37:20.702+0900] {dagbag.py:545} INFO - Filling up the DagBag from /home/papalio/.local/lib/python3.10/site-packages/airflow/example_dags/example_time_delta_sensor_async.py
[2024-07-20T14:37:20.712+0900] {processor.py:840} INFO - DAG(s) 'example_time_delta_sensor_async' retrieved from /home/papalio/.local/lib/python3.10/site-packages/airflow/example_dags/example_time_delta_sensor_async.py
[2024-07-20T14:37:20.731+0900] {logging_mixin.py:188} INFO - [2024-07-20T14:37:20.730+0900] {dag.py:3096} INFO - Sync 1 DAGs
[2024-07-20T14:37:20.743+0900] {logging_mixin.py:188} INFO - [2024-07-20T14:37:20.743+0900] {dag.py:3954} INFO - Setting next_dagrun for example_time_delta_sensor_async to None, run_after=None
[2024-07-20T14:37:20.774+0900] {processor.py:183} INFO - Processing /home/papalio/.local/lib/python3.10/site-packages/airflow/example_dags/example_time_delta_sensor_async.py took 0.398 seconds
[2024-07-20T14:38:42.657+0900] {processor.py:161} INFO - Started process (PID=23257) to work on /home/papalio/.local/lib/python3.10/site-packages/airflow/example_dags/example_time_delta_sensor_async.py
[2024-07-20T14:38:42.660+0900] {processor.py:830} INFO - Processing file /home/papalio/.local/lib/python3.10/site-packages/airflow/example_dags/example_time_delta_sensor_async.py for tasks to queue
[2024-07-20T14:38:42.663+0900] {logging_mixin.py:188} INFO - [2024-07-20T14:38:42.662+0900] {dagbag.py:545} INFO - Filling up the DagBag from /home/papalio/.local/lib/python3.10/site-packages/airflow/example_dags/example_time_delta_sensor_async.py
[2024-07-20T14:38:42.678+0900] {processor.py:840} INFO - DAG(s) 'example_time_delta_sensor_async' retrieved from /home/papalio/.local/lib/python3.10/site-packages/airflow/example_dags/example_time_delta_sensor_async.py
[2024-07-20T14:38:42.719+0900] {logging_mixin.py:188} INFO - [2024-07-20T14:38:42.718+0900] {dag.py:3096} INFO - Sync 1 DAGs
[2024-07-20T14:38:42.748+0900] {logging_mixin.py:188} INFO - [2024-07-20T14:38:42.748+0900] {dag.py:3954} INFO - Setting next_dagrun for example_time_delta_sensor_async to None, run_after=None
[2024-07-20T14:38:42.820+0900] {processor.py:183} INFO - Processing /home/papalio/.local/lib/python3.10/site-packages/airflow/example_dags/example_time_delta_sensor_async.py took 0.179 seconds
[2024-07-20T14:40:12.606+0900] {processor.py:161} INFO - Started process (PID=23808) to work on /home/papalio/.local/lib/python3.10/site-packages/airflow/example_dags/example_time_delta_sensor_async.py
[2024-07-20T14:40:12.608+0900] {processor.py:830} INFO - Processing file /home/papalio/.local/lib/python3.10/site-packages/airflow/example_dags/example_time_delta_sensor_async.py for tasks to queue
[2024-07-20T14:40:12.609+0900] {logging_mixin.py:188} INFO - [2024-07-20T14:40:12.609+0900] {dagbag.py:545} INFO - Filling up the DagBag from /home/papalio/.local/lib/python3.10/site-packages/airflow/example_dags/example_time_delta_sensor_async.py
[2024-07-20T14:40:12.614+0900] {processor.py:840} INFO - DAG(s) 'example_time_delta_sensor_async' retrieved from /home/papalio/.local/lib/python3.10/site-packages/airflow/example_dags/example_time_delta_sensor_async.py
[2024-07-20T14:40:12.628+0900] {logging_mixin.py:188} INFO - [2024-07-20T14:40:12.628+0900] {dag.py:3096} INFO - Sync 1 DAGs
[2024-07-20T14:40:12.639+0900] {logging_mixin.py:188} INFO - [2024-07-20T14:40:12.638+0900] {dag.py:3954} INFO - Setting next_dagrun for example_time_delta_sensor_async to None, run_after=None
[2024-07-20T14:40:12.670+0900] {processor.py:183} INFO - Processing /home/papalio/.local/lib/python3.10/site-packages/airflow/example_dags/example_time_delta_sensor_async.py took 0.071 seconds
[2024-07-20T14:41:46.269+0900] {processor.py:161} INFO - Started process (PID=24368) to work on /home/papalio/.local/lib/python3.10/site-packages/airflow/example_dags/example_time_delta_sensor_async.py
[2024-07-20T14:41:46.274+0900] {processor.py:830} INFO - Processing file /home/papalio/.local/lib/python3.10/site-packages/airflow/example_dags/example_time_delta_sensor_async.py for tasks to queue
[2024-07-20T14:41:46.276+0900] {logging_mixin.py:188} INFO - [2024-07-20T14:41:46.275+0900] {dagbag.py:545} INFO - Filling up the DagBag from /home/papalio/.local/lib/python3.10/site-packages/airflow/example_dags/example_time_delta_sensor_async.py
[2024-07-20T14:41:46.287+0900] {processor.py:840} INFO - DAG(s) 'example_time_delta_sensor_async' retrieved from /home/papalio/.local/lib/python3.10/site-packages/airflow/example_dags/example_time_delta_sensor_async.py
[2024-07-20T14:41:46.325+0900] {logging_mixin.py:188} INFO - [2024-07-20T14:41:46.324+0900] {dag.py:3096} INFO - Sync 1 DAGs
[2024-07-20T14:41:46.354+0900] {logging_mixin.py:188} INFO - [2024-07-20T14:41:46.353+0900] {dag.py:3954} INFO - Setting next_dagrun for example_time_delta_sensor_async to None, run_after=None
[2024-07-20T14:41:46.420+0900] {processor.py:183} INFO - Processing /home/papalio/.local/lib/python3.10/site-packages/airflow/example_dags/example_time_delta_sensor_async.py took 0.166 seconds
[2024-07-20T14:43:08.664+0900] {processor.py:161} INFO - Started process (PID=24909) to work on /home/papalio/.local/lib/python3.10/site-packages/airflow/example_dags/example_time_delta_sensor_async.py
[2024-07-20T14:43:08.668+0900] {processor.py:830} INFO - Processing file /home/papalio/.local/lib/python3.10/site-packages/airflow/example_dags/example_time_delta_sensor_async.py for tasks to queue
[2024-07-20T14:43:08.669+0900] {logging_mixin.py:188} INFO - [2024-07-20T14:43:08.669+0900] {dagbag.py:545} INFO - Filling up the DagBag from /home/papalio/.local/lib/python3.10/site-packages/airflow/example_dags/example_time_delta_sensor_async.py
[2024-07-20T14:43:08.678+0900] {processor.py:840} INFO - DAG(s) 'example_time_delta_sensor_async' retrieved from /home/papalio/.local/lib/python3.10/site-packages/airflow/example_dags/example_time_delta_sensor_async.py
[2024-07-20T14:43:08.705+0900] {logging_mixin.py:188} INFO - [2024-07-20T14:43:08.705+0900] {dag.py:3096} INFO - Sync 1 DAGs
[2024-07-20T14:43:08.727+0900] {logging_mixin.py:188} INFO - [2024-07-20T14:43:08.727+0900] {dag.py:3954} INFO - Setting next_dagrun for example_time_delta_sensor_async to None, run_after=None
[2024-07-20T14:43:08.781+0900] {processor.py:183} INFO - Processing /home/papalio/.local/lib/python3.10/site-packages/airflow/example_dags/example_time_delta_sensor_async.py took 0.137 seconds
[2024-07-20T14:44:41.641+0900] {processor.py:161} INFO - Started process (PID=25467) to work on /home/papalio/.local/lib/python3.10/site-packages/airflow/example_dags/example_time_delta_sensor_async.py
[2024-07-20T14:44:41.653+0900] {processor.py:830} INFO - Processing file /home/papalio/.local/lib/python3.10/site-packages/airflow/example_dags/example_time_delta_sensor_async.py for tasks to queue
[2024-07-20T14:44:41.655+0900] {logging_mixin.py:188} INFO - [2024-07-20T14:44:41.655+0900] {dagbag.py:545} INFO - Filling up the DagBag from /home/papalio/.local/lib/python3.10/site-packages/airflow/example_dags/example_time_delta_sensor_async.py
[2024-07-20T14:44:41.666+0900] {processor.py:840} INFO - DAG(s) 'example_time_delta_sensor_async' retrieved from /home/papalio/.local/lib/python3.10/site-packages/airflow/example_dags/example_time_delta_sensor_async.py
[2024-07-20T14:44:41.702+0900] {logging_mixin.py:188} INFO - [2024-07-20T14:44:41.702+0900] {dag.py:3096} INFO - Sync 1 DAGs
[2024-07-20T14:44:41.728+0900] {logging_mixin.py:188} INFO - [2024-07-20T14:44:41.727+0900] {dag.py:3954} INFO - Setting next_dagrun for example_time_delta_sensor_async to None, run_after=None
[2024-07-20T14:44:41.772+0900] {processor.py:183} INFO - Processing /home/papalio/.local/lib/python3.10/site-packages/airflow/example_dags/example_time_delta_sensor_async.py took 0.143 seconds
