[2024-07-20T14:11:01.810+0900] {processor.py:161} INFO - Started process (PID=12827) to work on /home/papalio/.local/lib/python3.10/site-packages/airflow/example_dags/example_dag_decorator.py
[2024-07-20T14:11:01.812+0900] {processor.py:830} INFO - Processing file /home/papalio/.local/lib/python3.10/site-packages/airflow/example_dags/example_dag_decorator.py for tasks to queue
[2024-07-20T14:11:01.817+0900] {logging_mixin.py:188} INFO - [2024-07-20T14:11:01.816+0900] {dagbag.py:545} INFO - Filling up the DagBag from /home/papalio/.local/lib/python3.10/site-packages/airflow/example_dags/example_dag_decorator.py
[2024-07-20T14:11:02.107+0900] {processor.py:840} INFO - DAG(s) 'example_dag_decorator' retrieved from /home/papalio/.local/lib/python3.10/site-packages/airflow/example_dags/example_dag_decorator.py
[2024-07-20T14:11:02.306+0900] {logging_mixin.py:188} INFO - [2024-07-20T14:11:02.305+0900] {dag.py:3096} INFO - Sync 1 DAGs
[2024-07-20T14:11:02.326+0900] {logging_mixin.py:188} INFO - [2024-07-20T14:11:02.325+0900] {dag.py:3954} INFO - Setting next_dagrun for example_dag_decorator to None, run_after=None
[2024-07-20T14:11:02.361+0900] {processor.py:183} INFO - Processing /home/papalio/.local/lib/python3.10/site-packages/airflow/example_dags/example_dag_decorator.py took 0.566 seconds
[2024-07-20T14:12:20.479+0900] {processor.py:161} INFO - Started process (PID=13326) to work on /home/papalio/.local/lib/python3.10/site-packages/airflow/example_dags/example_dag_decorator.py
[2024-07-20T14:12:20.481+0900] {processor.py:830} INFO - Processing file /home/papalio/.local/lib/python3.10/site-packages/airflow/example_dags/example_dag_decorator.py for tasks to queue
[2024-07-20T14:12:20.486+0900] {logging_mixin.py:188} INFO - [2024-07-20T14:12:20.485+0900] {dagbag.py:545} INFO - Filling up the DagBag from /home/papalio/.local/lib/python3.10/site-packages/airflow/example_dags/example_dag_decorator.py
[2024-07-20T14:12:20.740+0900] {processor.py:840} INFO - DAG(s) 'example_dag_decorator' retrieved from /home/papalio/.local/lib/python3.10/site-packages/airflow/example_dags/example_dag_decorator.py
[2024-07-20T14:12:21.049+0900] {logging_mixin.py:188} INFO - [2024-07-20T14:12:21.048+0900] {dag.py:3096} INFO - Sync 1 DAGs
[2024-07-20T14:12:21.075+0900] {logging_mixin.py:188} INFO - [2024-07-20T14:12:21.074+0900] {dag.py:3954} INFO - Setting next_dagrun for example_dag_decorator to None, run_after=None
[2024-07-20T14:12:21.149+0900] {processor.py:183} INFO - Processing /home/papalio/.local/lib/python3.10/site-packages/airflow/example_dags/example_dag_decorator.py took 0.679 seconds
[2024-07-20T14:13:44.612+0900] {processor.py:161} INFO - Started process (PID=13852) to work on /home/papalio/.local/lib/python3.10/site-packages/airflow/example_dags/example_dag_decorator.py
[2024-07-20T14:13:44.616+0900] {processor.py:830} INFO - Processing file /home/papalio/.local/lib/python3.10/site-packages/airflow/example_dags/example_dag_decorator.py for tasks to queue
[2024-07-20T14:13:44.621+0900] {logging_mixin.py:188} INFO - [2024-07-20T14:13:44.620+0900] {dagbag.py:545} INFO - Filling up the DagBag from /home/papalio/.local/lib/python3.10/site-packages/airflow/example_dags/example_dag_decorator.py
[2024-07-20T14:13:45.095+0900] {processor.py:840} INFO - DAG(s) 'example_dag_decorator' retrieved from /home/papalio/.local/lib/python3.10/site-packages/airflow/example_dags/example_dag_decorator.py
[2024-07-20T14:13:45.448+0900] {logging_mixin.py:188} INFO - [2024-07-20T14:13:45.447+0900] {dag.py:3096} INFO - Sync 1 DAGs
[2024-07-20T14:13:45.482+0900] {logging_mixin.py:188} INFO - [2024-07-20T14:13:45.481+0900] {dag.py:3954} INFO - Setting next_dagrun for example_dag_decorator to None, run_after=None
[2024-07-20T14:13:45.557+0900] {processor.py:183} INFO - Processing /home/papalio/.local/lib/python3.10/site-packages/airflow/example_dags/example_dag_decorator.py took 0.963 seconds
[2024-07-20T14:15:07.293+0900] {processor.py:161} INFO - Started process (PID=14369) to work on /home/papalio/.local/lib/python3.10/site-packages/airflow/example_dags/example_dag_decorator.py
[2024-07-20T14:15:07.298+0900] {processor.py:830} INFO - Processing file /home/papalio/.local/lib/python3.10/site-packages/airflow/example_dags/example_dag_decorator.py for tasks to queue
[2024-07-20T14:15:07.303+0900] {logging_mixin.py:188} INFO - [2024-07-20T14:15:07.302+0900] {dagbag.py:545} INFO - Filling up the DagBag from /home/papalio/.local/lib/python3.10/site-packages/airflow/example_dags/example_dag_decorator.py
[2024-07-20T14:15:07.716+0900] {processor.py:840} INFO - DAG(s) 'example_dag_decorator' retrieved from /home/papalio/.local/lib/python3.10/site-packages/airflow/example_dags/example_dag_decorator.py
[2024-07-20T14:15:07.945+0900] {logging_mixin.py:188} INFO - [2024-07-20T14:15:07.944+0900] {dag.py:3096} INFO - Sync 1 DAGs
[2024-07-20T14:15:07.970+0900] {logging_mixin.py:188} INFO - [2024-07-20T14:15:07.969+0900] {dag.py:3954} INFO - Setting next_dagrun for example_dag_decorator to None, run_after=None
[2024-07-20T14:15:08.045+0900] {processor.py:183} INFO - Processing /home/papalio/.local/lib/python3.10/site-packages/airflow/example_dags/example_dag_decorator.py took 0.770 seconds
[2024-07-20T14:16:25.644+0900] {processor.py:161} INFO - Started process (PID=14868) to work on /home/papalio/.local/lib/python3.10/site-packages/airflow/example_dags/example_dag_decorator.py
[2024-07-20T14:16:25.655+0900] {processor.py:830} INFO - Processing file /home/papalio/.local/lib/python3.10/site-packages/airflow/example_dags/example_dag_decorator.py for tasks to queue
[2024-07-20T14:16:25.658+0900] {logging_mixin.py:188} INFO - [2024-07-20T14:16:25.658+0900] {dagbag.py:545} INFO - Filling up the DagBag from /home/papalio/.local/lib/python3.10/site-packages/airflow/example_dags/example_dag_decorator.py
[2024-07-20T14:16:25.775+0900] {processor.py:840} INFO - DAG(s) 'example_dag_decorator' retrieved from /home/papalio/.local/lib/python3.10/site-packages/airflow/example_dags/example_dag_decorator.py
[2024-07-20T14:16:25.845+0900] {logging_mixin.py:188} INFO - [2024-07-20T14:16:25.845+0900] {dag.py:3096} INFO - Sync 1 DAGs
[2024-07-20T14:16:25.853+0900] {logging_mixin.py:188} INFO - [2024-07-20T14:16:25.852+0900] {dag.py:3954} INFO - Setting next_dagrun for example_dag_decorator to None, run_after=None
[2024-07-20T14:16:25.878+0900] {processor.py:183} INFO - Processing /home/papalio/.local/lib/python3.10/site-packages/airflow/example_dags/example_dag_decorator.py took 0.242 seconds
[2024-07-20T14:17:46.387+0900] {processor.py:161} INFO - Started process (PID=15381) to work on /home/papalio/.local/lib/python3.10/site-packages/airflow/example_dags/example_dag_decorator.py
[2024-07-20T14:17:46.389+0900] {processor.py:830} INFO - Processing file /home/papalio/.local/lib/python3.10/site-packages/airflow/example_dags/example_dag_decorator.py for tasks to queue
[2024-07-20T14:17:46.391+0900] {logging_mixin.py:188} INFO - [2024-07-20T14:17:46.391+0900] {dagbag.py:545} INFO - Filling up the DagBag from /home/papalio/.local/lib/python3.10/site-packages/airflow/example_dags/example_dag_decorator.py
[2024-07-20T14:17:46.549+0900] {processor.py:840} INFO - DAG(s) 'example_dag_decorator' retrieved from /home/papalio/.local/lib/python3.10/site-packages/airflow/example_dags/example_dag_decorator.py
[2024-07-20T14:17:46.666+0900] {logging_mixin.py:188} INFO - [2024-07-20T14:17:46.665+0900] {dag.py:3096} INFO - Sync 1 DAGs
[2024-07-20T14:17:46.679+0900] {logging_mixin.py:188} INFO - [2024-07-20T14:17:46.679+0900] {dag.py:3954} INFO - Setting next_dagrun for example_dag_decorator to None, run_after=None
[2024-07-20T14:17:46.718+0900] {processor.py:183} INFO - Processing /home/papalio/.local/lib/python3.10/site-packages/airflow/example_dags/example_dag_decorator.py took 0.341 seconds
[2024-07-20T14:19:09.222+0900] {processor.py:161} INFO - Started process (PID=15901) to work on /home/papalio/.local/lib/python3.10/site-packages/airflow/example_dags/example_dag_decorator.py
[2024-07-20T14:19:09.226+0900] {processor.py:830} INFO - Processing file /home/papalio/.local/lib/python3.10/site-packages/airflow/example_dags/example_dag_decorator.py for tasks to queue
[2024-07-20T14:19:09.229+0900] {logging_mixin.py:188} INFO - [2024-07-20T14:19:09.229+0900] {dagbag.py:545} INFO - Filling up the DagBag from /home/papalio/.local/lib/python3.10/site-packages/airflow/example_dags/example_dag_decorator.py
[2024-07-20T14:19:09.502+0900] {processor.py:840} INFO - DAG(s) 'example_dag_decorator' retrieved from /home/papalio/.local/lib/python3.10/site-packages/airflow/example_dags/example_dag_decorator.py
[2024-07-20T14:19:09.760+0900] {logging_mixin.py:188} INFO - [2024-07-20T14:19:09.759+0900] {dag.py:3096} INFO - Sync 1 DAGs
[2024-07-20T14:19:09.781+0900] {logging_mixin.py:188} INFO - [2024-07-20T14:19:09.781+0900] {dag.py:3954} INFO - Setting next_dagrun for example_dag_decorator to None, run_after=None
[2024-07-20T14:19:09.883+0900] {processor.py:183} INFO - Processing /home/papalio/.local/lib/python3.10/site-packages/airflow/example_dags/example_dag_decorator.py took 0.672 seconds
[2024-07-20T14:20:26.356+0900] {processor.py:161} INFO - Started process (PID=16442) to work on /home/papalio/.local/lib/python3.10/site-packages/airflow/example_dags/example_dag_decorator.py
[2024-07-20T14:20:26.358+0900] {processor.py:830} INFO - Processing file /home/papalio/.local/lib/python3.10/site-packages/airflow/example_dags/example_dag_decorator.py for tasks to queue
[2024-07-20T14:20:26.360+0900] {logging_mixin.py:188} INFO - [2024-07-20T14:20:26.360+0900] {dagbag.py:545} INFO - Filling up the DagBag from /home/papalio/.local/lib/python3.10/site-packages/airflow/example_dags/example_dag_decorator.py
[2024-07-20T14:20:26.557+0900] {processor.py:840} INFO - DAG(s) 'example_dag_decorator' retrieved from /home/papalio/.local/lib/python3.10/site-packages/airflow/example_dags/example_dag_decorator.py
[2024-07-20T14:20:26.701+0900] {logging_mixin.py:188} INFO - [2024-07-20T14:20:26.700+0900] {dag.py:3096} INFO - Sync 1 DAGs
[2024-07-20T14:20:26.913+0900] {logging_mixin.py:188} INFO - [2024-07-20T14:20:26.912+0900] {dag.py:3954} INFO - Setting next_dagrun for example_dag_decorator to None, run_after=None
[2024-07-20T14:20:26.984+0900] {processor.py:183} INFO - Processing /home/papalio/.local/lib/python3.10/site-packages/airflow/example_dags/example_dag_decorator.py took 0.637 seconds
[2024-07-20T14:22:10.185+0900] {processor.py:161} INFO - Started process (PID=17124) to work on /home/papalio/.local/lib/python3.10/site-packages/airflow/example_dags/example_dag_decorator.py
[2024-07-20T14:22:10.188+0900] {processor.py:830} INFO - Processing file /home/papalio/.local/lib/python3.10/site-packages/airflow/example_dags/example_dag_decorator.py for tasks to queue
[2024-07-20T14:22:10.190+0900] {logging_mixin.py:188} INFO - [2024-07-20T14:22:10.189+0900] {dagbag.py:545} INFO - Filling up the DagBag from /home/papalio/.local/lib/python3.10/site-packages/airflow/example_dags/example_dag_decorator.py
[2024-07-20T14:22:10.804+0900] {processor.py:840} INFO - DAG(s) 'example_dag_decorator' retrieved from /home/papalio/.local/lib/python3.10/site-packages/airflow/example_dags/example_dag_decorator.py
[2024-07-20T14:22:11.267+0900] {logging_mixin.py:188} INFO - [2024-07-20T14:22:11.265+0900] {dag.py:3096} INFO - Sync 1 DAGs
[2024-07-20T14:22:11.313+0900] {logging_mixin.py:188} INFO - [2024-07-20T14:22:11.312+0900] {dag.py:3954} INFO - Setting next_dagrun for example_dag_decorator to None, run_after=None
[2024-07-20T14:22:11.403+0900] {processor.py:183} INFO - Processing /home/papalio/.local/lib/python3.10/site-packages/airflow/example_dags/example_dag_decorator.py took 1.235 seconds
[2024-07-20T14:23:49.076+0900] {processor.py:161} INFO - Started process (PID=17699) to work on /home/papalio/.local/lib/python3.10/site-packages/airflow/example_dags/example_dag_decorator.py
[2024-07-20T14:23:49.080+0900] {processor.py:830} INFO - Processing file /home/papalio/.local/lib/python3.10/site-packages/airflow/example_dags/example_dag_decorator.py for tasks to queue
[2024-07-20T14:23:49.082+0900] {logging_mixin.py:188} INFO - [2024-07-20T14:23:49.081+0900] {dagbag.py:545} INFO - Filling up the DagBag from /home/papalio/.local/lib/python3.10/site-packages/airflow/example_dags/example_dag_decorator.py
[2024-07-20T14:23:49.515+0900] {processor.py:840} INFO - DAG(s) 'example_dag_decorator' retrieved from /home/papalio/.local/lib/python3.10/site-packages/airflow/example_dags/example_dag_decorator.py
[2024-07-20T14:23:49.561+0900] {logging_mixin.py:188} INFO - [2024-07-20T14:23:49.561+0900] {dag.py:3096} INFO - Sync 1 DAGs
[2024-07-20T14:23:49.584+0900] {logging_mixin.py:188} INFO - [2024-07-20T14:23:49.583+0900] {dag.py:3954} INFO - Setting next_dagrun for example_dag_decorator to None, run_after=None
[2024-07-20T14:23:49.660+0900] {processor.py:183} INFO - Processing /home/papalio/.local/lib/python3.10/site-packages/airflow/example_dags/example_dag_decorator.py took 0.608 seconds
[2024-07-20T14:25:15.826+0900] {processor.py:161} INFO - Started process (PID=18242) to work on /home/papalio/.local/lib/python3.10/site-packages/airflow/example_dags/example_dag_decorator.py
[2024-07-20T14:25:15.828+0900] {processor.py:830} INFO - Processing file /home/papalio/.local/lib/python3.10/site-packages/airflow/example_dags/example_dag_decorator.py for tasks to queue
[2024-07-20T14:25:15.830+0900] {logging_mixin.py:188} INFO - [2024-07-20T14:25:15.829+0900] {dagbag.py:545} INFO - Filling up the DagBag from /home/papalio/.local/lib/python3.10/site-packages/airflow/example_dags/example_dag_decorator.py
[2024-07-20T14:25:16.270+0900] {processor.py:840} INFO - DAG(s) 'example_dag_decorator' retrieved from /home/papalio/.local/lib/python3.10/site-packages/airflow/example_dags/example_dag_decorator.py
[2024-07-20T14:25:17.337+0900] {logging_mixin.py:188} INFO - [2024-07-20T14:25:17.336+0900] {dag.py:3096} INFO - Sync 1 DAGs
[2024-07-20T14:25:17.375+0900] {logging_mixin.py:188} INFO - [2024-07-20T14:25:17.375+0900] {dag.py:3954} INFO - Setting next_dagrun for example_dag_decorator to None, run_after=None
[2024-07-20T14:25:17.498+0900] {processor.py:183} INFO - Processing /home/papalio/.local/lib/python3.10/site-packages/airflow/example_dags/example_dag_decorator.py took 1.685 seconds
[2024-07-20T14:27:06.202+0900] {processor.py:161} INFO - Started process (PID=18861) to work on /home/papalio/.local/lib/python3.10/site-packages/airflow/example_dags/example_dag_decorator.py
[2024-07-20T14:27:06.205+0900] {processor.py:830} INFO - Processing file /home/papalio/.local/lib/python3.10/site-packages/airflow/example_dags/example_dag_decorator.py for tasks to queue
[2024-07-20T14:27:06.206+0900] {logging_mixin.py:188} INFO - [2024-07-20T14:27:06.206+0900] {dagbag.py:545} INFO - Filling up the DagBag from /home/papalio/.local/lib/python3.10/site-packages/airflow/example_dags/example_dag_decorator.py
[2024-07-20T14:27:06.496+0900] {processor.py:840} INFO - DAG(s) 'example_dag_decorator' retrieved from /home/papalio/.local/lib/python3.10/site-packages/airflow/example_dags/example_dag_decorator.py
[2024-07-20T14:27:06.894+0900] {logging_mixin.py:188} INFO - [2024-07-20T14:27:06.893+0900] {dag.py:3096} INFO - Sync 1 DAGs
[2024-07-20T14:27:06.916+0900] {logging_mixin.py:188} INFO - [2024-07-20T14:27:06.915+0900] {dag.py:3954} INFO - Setting next_dagrun for example_dag_decorator to None, run_after=None
[2024-07-20T14:27:06.969+0900] {processor.py:183} INFO - Processing /home/papalio/.local/lib/python3.10/site-packages/airflow/example_dags/example_dag_decorator.py took 0.779 seconds
[2024-07-20T14:28:23.553+0900] {processor.py:161} INFO - Started process (PID=19364) to work on /home/papalio/.local/lib/python3.10/site-packages/airflow/example_dags/example_dag_decorator.py
[2024-07-20T14:28:23.555+0900] {processor.py:830} INFO - Processing file /home/papalio/.local/lib/python3.10/site-packages/airflow/example_dags/example_dag_decorator.py for tasks to queue
[2024-07-20T14:28:23.557+0900] {logging_mixin.py:188} INFO - [2024-07-20T14:28:23.556+0900] {dagbag.py:545} INFO - Filling up the DagBag from /home/papalio/.local/lib/python3.10/site-packages/airflow/example_dags/example_dag_decorator.py
[2024-07-20T14:28:23.855+0900] {processor.py:840} INFO - DAG(s) 'example_dag_decorator' retrieved from /home/papalio/.local/lib/python3.10/site-packages/airflow/example_dags/example_dag_decorator.py
[2024-07-20T14:28:24.245+0900] {logging_mixin.py:188} INFO - [2024-07-20T14:28:24.244+0900] {dag.py:3096} INFO - Sync 1 DAGs
[2024-07-20T14:28:24.266+0900] {logging_mixin.py:188} INFO - [2024-07-20T14:28:24.266+0900] {dag.py:3954} INFO - Setting next_dagrun for example_dag_decorator to None, run_after=None
[2024-07-20T14:28:24.327+0900] {processor.py:183} INFO - Processing /home/papalio/.local/lib/python3.10/site-packages/airflow/example_dags/example_dag_decorator.py took 0.785 seconds
[2024-07-20T14:29:43.469+0900] {processor.py:161} INFO - Started process (PID=19871) to work on /home/papalio/.local/lib/python3.10/site-packages/airflow/example_dags/example_dag_decorator.py
[2024-07-20T14:29:43.473+0900] {processor.py:830} INFO - Processing file /home/papalio/.local/lib/python3.10/site-packages/airflow/example_dags/example_dag_decorator.py for tasks to queue
[2024-07-20T14:29:43.474+0900] {logging_mixin.py:188} INFO - [2024-07-20T14:29:43.473+0900] {dagbag.py:545} INFO - Filling up the DagBag from /home/papalio/.local/lib/python3.10/site-packages/airflow/example_dags/example_dag_decorator.py
[2024-07-20T14:29:43.671+0900] {processor.py:840} INFO - DAG(s) 'example_dag_decorator' retrieved from /home/papalio/.local/lib/python3.10/site-packages/airflow/example_dags/example_dag_decorator.py
[2024-07-20T14:29:43.699+0900] {logging_mixin.py:188} INFO - [2024-07-20T14:29:43.699+0900] {dag.py:3096} INFO - Sync 1 DAGs
[2024-07-20T14:29:43.721+0900] {logging_mixin.py:188} INFO - [2024-07-20T14:29:43.720+0900] {dag.py:3954} INFO - Setting next_dagrun for example_dag_decorator to None, run_after=None
[2024-07-20T14:29:44.032+0900] {processor.py:183} INFO - Processing /home/papalio/.local/lib/python3.10/site-packages/airflow/example_dags/example_dag_decorator.py took 0.573 seconds
[2024-07-20T14:31:05.312+0900] {processor.py:161} INFO - Started process (PID=20395) to work on /home/papalio/.local/lib/python3.10/site-packages/airflow/example_dags/example_dag_decorator.py
[2024-07-20T14:31:05.316+0900] {processor.py:830} INFO - Processing file /home/papalio/.local/lib/python3.10/site-packages/airflow/example_dags/example_dag_decorator.py for tasks to queue
[2024-07-20T14:31:05.317+0900] {logging_mixin.py:188} INFO - [2024-07-20T14:31:05.317+0900] {dagbag.py:545} INFO - Filling up the DagBag from /home/papalio/.local/lib/python3.10/site-packages/airflow/example_dags/example_dag_decorator.py
[2024-07-20T14:31:05.523+0900] {processor.py:840} INFO - DAG(s) 'example_dag_decorator' retrieved from /home/papalio/.local/lib/python3.10/site-packages/airflow/example_dags/example_dag_decorator.py
[2024-07-20T14:31:05.779+0900] {logging_mixin.py:188} INFO - [2024-07-20T14:31:05.778+0900] {dag.py:3096} INFO - Sync 1 DAGs
[2024-07-20T14:31:05.790+0900] {logging_mixin.py:188} INFO - [2024-07-20T14:31:05.790+0900] {dag.py:3954} INFO - Setting next_dagrun for example_dag_decorator to None, run_after=None
[2024-07-20T14:31:05.842+0900] {processor.py:183} INFO - Processing /home/papalio/.local/lib/python3.10/site-packages/airflow/example_dags/example_dag_decorator.py took 0.540 seconds
[2024-07-20T14:32:22.364+0900] {processor.py:161} INFO - Started process (PID=20887) to work on /home/papalio/.local/lib/python3.10/site-packages/airflow/example_dags/example_dag_decorator.py
[2024-07-20T14:32:22.369+0900] {processor.py:830} INFO - Processing file /home/papalio/.local/lib/python3.10/site-packages/airflow/example_dags/example_dag_decorator.py for tasks to queue
[2024-07-20T14:32:22.372+0900] {logging_mixin.py:188} INFO - [2024-07-20T14:32:22.370+0900] {dagbag.py:545} INFO - Filling up the DagBag from /home/papalio/.local/lib/python3.10/site-packages/airflow/example_dags/example_dag_decorator.py
[2024-07-20T14:32:22.942+0900] {processor.py:840} INFO - DAG(s) 'example_dag_decorator' retrieved from /home/papalio/.local/lib/python3.10/site-packages/airflow/example_dags/example_dag_decorator.py
[2024-07-20T14:32:23.611+0900] {logging_mixin.py:188} INFO - [2024-07-20T14:32:23.610+0900] {dag.py:3096} INFO - Sync 1 DAGs
[2024-07-20T14:32:23.650+0900] {logging_mixin.py:188} INFO - [2024-07-20T14:32:23.649+0900] {dag.py:3954} INFO - Setting next_dagrun for example_dag_decorator to None, run_after=None
[2024-07-20T14:32:23.725+0900] {processor.py:183} INFO - Processing /home/papalio/.local/lib/python3.10/site-packages/airflow/example_dags/example_dag_decorator.py took 1.384 seconds
[2024-07-20T14:33:59.440+0900] {processor.py:161} INFO - Started process (PID=21461) to work on /home/papalio/.local/lib/python3.10/site-packages/airflow/example_dags/example_dag_decorator.py
[2024-07-20T14:33:59.442+0900] {processor.py:830} INFO - Processing file /home/papalio/.local/lib/python3.10/site-packages/airflow/example_dags/example_dag_decorator.py for tasks to queue
[2024-07-20T14:33:59.444+0900] {logging_mixin.py:188} INFO - [2024-07-20T14:33:59.443+0900] {dagbag.py:545} INFO - Filling up the DagBag from /home/papalio/.local/lib/python3.10/site-packages/airflow/example_dags/example_dag_decorator.py
[2024-07-20T14:33:59.732+0900] {processor.py:840} INFO - DAG(s) 'example_dag_decorator' retrieved from /home/papalio/.local/lib/python3.10/site-packages/airflow/example_dags/example_dag_decorator.py
[2024-07-20T14:34:00.121+0900] {logging_mixin.py:188} INFO - [2024-07-20T14:34:00.120+0900] {dag.py:3096} INFO - Sync 1 DAGs
[2024-07-20T14:34:00.145+0900] {logging_mixin.py:188} INFO - [2024-07-20T14:34:00.145+0900] {dag.py:3954} INFO - Setting next_dagrun for example_dag_decorator to None, run_after=None
[2024-07-20T14:34:00.207+0900] {processor.py:183} INFO - Processing /home/papalio/.local/lib/python3.10/site-packages/airflow/example_dags/example_dag_decorator.py took 0.787 seconds
[2024-07-20T14:35:20.845+0900] {processor.py:161} INFO - Started process (PID=21979) to work on /home/papalio/.local/lib/python3.10/site-packages/airflow/example_dags/example_dag_decorator.py
[2024-07-20T14:35:20.857+0900] {processor.py:830} INFO - Processing file /home/papalio/.local/lib/python3.10/site-packages/airflow/example_dags/example_dag_decorator.py for tasks to queue
[2024-07-20T14:35:20.858+0900] {logging_mixin.py:188} INFO - [2024-07-20T14:35:20.858+0900] {dagbag.py:545} INFO - Filling up the DagBag from /home/papalio/.local/lib/python3.10/site-packages/airflow/example_dags/example_dag_decorator.py
[2024-07-20T14:35:21.068+0900] {processor.py:840} INFO - DAG(s) 'example_dag_decorator' retrieved from /home/papalio/.local/lib/python3.10/site-packages/airflow/example_dags/example_dag_decorator.py
[2024-07-20T14:35:21.535+0900] {logging_mixin.py:188} INFO - [2024-07-20T14:35:21.534+0900] {dag.py:3096} INFO - Sync 1 DAGs
[2024-07-20T14:35:21.550+0900] {logging_mixin.py:188} INFO - [2024-07-20T14:35:21.550+0900] {dag.py:3954} INFO - Setting next_dagrun for example_dag_decorator to None, run_after=None
[2024-07-20T14:35:21.611+0900] {processor.py:183} INFO - Processing /home/papalio/.local/lib/python3.10/site-packages/airflow/example_dags/example_dag_decorator.py took 0.778 seconds
[2024-07-20T14:36:42.334+0900] {processor.py:161} INFO - Started process (PID=22493) to work on /home/papalio/.local/lib/python3.10/site-packages/airflow/example_dags/example_dag_decorator.py
[2024-07-20T14:36:42.337+0900] {processor.py:830} INFO - Processing file /home/papalio/.local/lib/python3.10/site-packages/airflow/example_dags/example_dag_decorator.py for tasks to queue
[2024-07-20T14:36:42.339+0900] {logging_mixin.py:188} INFO - [2024-07-20T14:36:42.338+0900] {dagbag.py:545} INFO - Filling up the DagBag from /home/papalio/.local/lib/python3.10/site-packages/airflow/example_dags/example_dag_decorator.py
[2024-07-20T14:36:42.624+0900] {processor.py:840} INFO - DAG(s) 'example_dag_decorator' retrieved from /home/papalio/.local/lib/python3.10/site-packages/airflow/example_dags/example_dag_decorator.py
[2024-07-20T14:36:43.048+0900] {logging_mixin.py:188} INFO - [2024-07-20T14:36:43.048+0900] {dag.py:3096} INFO - Sync 1 DAGs
[2024-07-20T14:36:43.070+0900] {logging_mixin.py:188} INFO - [2024-07-20T14:36:43.069+0900] {dag.py:3954} INFO - Setting next_dagrun for example_dag_decorator to None, run_after=None
[2024-07-20T14:36:43.124+0900] {processor.py:183} INFO - Processing /home/papalio/.local/lib/python3.10/site-packages/airflow/example_dags/example_dag_decorator.py took 0.801 seconds
[2024-07-20T14:38:07.794+0900] {processor.py:161} INFO - Started process (PID=23018) to work on /home/papalio/.local/lib/python3.10/site-packages/airflow/example_dags/example_dag_decorator.py
[2024-07-20T14:38:07.798+0900] {processor.py:830} INFO - Processing file /home/papalio/.local/lib/python3.10/site-packages/airflow/example_dags/example_dag_decorator.py for tasks to queue
[2024-07-20T14:38:07.799+0900] {logging_mixin.py:188} INFO - [2024-07-20T14:38:07.799+0900] {dagbag.py:545} INFO - Filling up the DagBag from /home/papalio/.local/lib/python3.10/site-packages/airflow/example_dags/example_dag_decorator.py
[2024-07-20T14:38:08.246+0900] {processor.py:840} INFO - DAG(s) 'example_dag_decorator' retrieved from /home/papalio/.local/lib/python3.10/site-packages/airflow/example_dags/example_dag_decorator.py
[2024-07-20T14:38:08.370+0900] {logging_mixin.py:188} INFO - [2024-07-20T14:38:08.369+0900] {dag.py:3096} INFO - Sync 1 DAGs
[2024-07-20T14:38:08.388+0900] {logging_mixin.py:188} INFO - [2024-07-20T14:38:08.388+0900] {dag.py:3954} INFO - Setting next_dagrun for example_dag_decorator to None, run_after=None
[2024-07-20T14:38:08.435+0900] {processor.py:183} INFO - Processing /home/papalio/.local/lib/python3.10/site-packages/airflow/example_dags/example_dag_decorator.py took 0.653 seconds
[2024-07-20T14:39:33.312+0900] {processor.py:161} INFO - Started process (PID=23550) to work on /home/papalio/.local/lib/python3.10/site-packages/airflow/example_dags/example_dag_decorator.py
[2024-07-20T14:39:33.323+0900] {processor.py:830} INFO - Processing file /home/papalio/.local/lib/python3.10/site-packages/airflow/example_dags/example_dag_decorator.py for tasks to queue
[2024-07-20T14:39:33.325+0900] {logging_mixin.py:188} INFO - [2024-07-20T14:39:33.324+0900] {dagbag.py:545} INFO - Filling up the DagBag from /home/papalio/.local/lib/python3.10/site-packages/airflow/example_dags/example_dag_decorator.py
[2024-07-20T14:39:33.709+0900] {processor.py:840} INFO - DAG(s) 'example_dag_decorator' retrieved from /home/papalio/.local/lib/python3.10/site-packages/airflow/example_dags/example_dag_decorator.py
[2024-07-20T14:39:33.835+0900] {logging_mixin.py:188} INFO - [2024-07-20T14:39:33.834+0900] {dag.py:3096} INFO - Sync 1 DAGs
[2024-07-20T14:39:33.848+0900] {logging_mixin.py:188} INFO - [2024-07-20T14:39:33.848+0900] {dag.py:3954} INFO - Setting next_dagrun for example_dag_decorator to None, run_after=None
[2024-07-20T14:39:33.894+0900] {processor.py:183} INFO - Processing /home/papalio/.local/lib/python3.10/site-packages/airflow/example_dags/example_dag_decorator.py took 0.591 seconds
[2024-07-20T14:40:58.018+0900] {processor.py:161} INFO - Started process (PID=24080) to work on /home/papalio/.local/lib/python3.10/site-packages/airflow/example_dags/example_dag_decorator.py
[2024-07-20T14:40:58.024+0900] {processor.py:830} INFO - Processing file /home/papalio/.local/lib/python3.10/site-packages/airflow/example_dags/example_dag_decorator.py for tasks to queue
[2024-07-20T14:40:58.027+0900] {logging_mixin.py:188} INFO - [2024-07-20T14:40:58.026+0900] {dagbag.py:545} INFO - Filling up the DagBag from /home/papalio/.local/lib/python3.10/site-packages/airflow/example_dags/example_dag_decorator.py
[2024-07-20T14:40:58.463+0900] {processor.py:840} INFO - DAG(s) 'example_dag_decorator' retrieved from /home/papalio/.local/lib/python3.10/site-packages/airflow/example_dags/example_dag_decorator.py
[2024-07-20T14:40:58.613+0900] {logging_mixin.py:188} INFO - [2024-07-20T14:40:58.612+0900] {dag.py:3096} INFO - Sync 1 DAGs
[2024-07-20T14:40:58.626+0900] {logging_mixin.py:188} INFO - [2024-07-20T14:40:58.625+0900] {dag.py:3954} INFO - Setting next_dagrun for example_dag_decorator to None, run_after=None
[2024-07-20T14:40:58.670+0900] {processor.py:183} INFO - Processing /home/papalio/.local/lib/python3.10/site-packages/airflow/example_dags/example_dag_decorator.py took 0.671 seconds
[2024-07-20T14:42:34.882+0900] {processor.py:161} INFO - Started process (PID=24652) to work on /home/papalio/.local/lib/python3.10/site-packages/airflow/example_dags/example_dag_decorator.py
[2024-07-20T14:42:34.885+0900] {processor.py:830} INFO - Processing file /home/papalio/.local/lib/python3.10/site-packages/airflow/example_dags/example_dag_decorator.py for tasks to queue
[2024-07-20T14:42:34.887+0900] {logging_mixin.py:188} INFO - [2024-07-20T14:42:34.886+0900] {dagbag.py:545} INFO - Filling up the DagBag from /home/papalio/.local/lib/python3.10/site-packages/airflow/example_dags/example_dag_decorator.py
[2024-07-20T14:42:35.262+0900] {processor.py:840} INFO - DAG(s) 'example_dag_decorator' retrieved from /home/papalio/.local/lib/python3.10/site-packages/airflow/example_dags/example_dag_decorator.py
[2024-07-20T14:42:35.405+0900] {logging_mixin.py:188} INFO - [2024-07-20T14:42:35.404+0900] {dag.py:3096} INFO - Sync 1 DAGs
[2024-07-20T14:42:35.416+0900] {logging_mixin.py:188} INFO - [2024-07-20T14:42:35.416+0900] {dag.py:3954} INFO - Setting next_dagrun for example_dag_decorator to None, run_after=None
[2024-07-20T14:42:35.464+0900] {processor.py:183} INFO - Processing /home/papalio/.local/lib/python3.10/site-packages/airflow/example_dags/example_dag_decorator.py took 0.595 seconds
[2024-07-20T14:43:58.374+0900] {processor.py:161} INFO - Started process (PID=25198) to work on /home/papalio/.local/lib/python3.10/site-packages/airflow/example_dags/example_dag_decorator.py
[2024-07-20T14:43:58.376+0900] {processor.py:830} INFO - Processing file /home/papalio/.local/lib/python3.10/site-packages/airflow/example_dags/example_dag_decorator.py for tasks to queue
[2024-07-20T14:43:58.378+0900] {logging_mixin.py:188} INFO - [2024-07-20T14:43:58.377+0900] {dagbag.py:545} INFO - Filling up the DagBag from /home/papalio/.local/lib/python3.10/site-packages/airflow/example_dags/example_dag_decorator.py
[2024-07-20T14:43:58.875+0900] {processor.py:840} INFO - DAG(s) 'example_dag_decorator' retrieved from /home/papalio/.local/lib/python3.10/site-packages/airflow/example_dags/example_dag_decorator.py
[2024-07-20T14:43:59.074+0900] {logging_mixin.py:188} INFO - [2024-07-20T14:43:59.073+0900] {dag.py:3096} INFO - Sync 1 DAGs
[2024-07-20T14:43:59.097+0900] {logging_mixin.py:188} INFO - [2024-07-20T14:43:59.096+0900] {dag.py:3954} INFO - Setting next_dagrun for example_dag_decorator to None, run_after=None
[2024-07-20T14:43:59.162+0900] {processor.py:183} INFO - Processing /home/papalio/.local/lib/python3.10/site-packages/airflow/example_dags/example_dag_decorator.py took 0.799 seconds
