[2024-07-20T14:10:47.148+0900] {processor.py:161} INFO - Started process (PID=12758) to work on /home/papalio/.local/lib/python3.10/site-packages/airflow/example_dags/example_branch_datetime_operator.py
[2024-07-20T14:10:47.150+0900] {processor.py:830} INFO - Processing file /home/papalio/.local/lib/python3.10/site-packages/airflow/example_dags/example_branch_datetime_operator.py for tasks to queue
[2024-07-20T14:10:47.155+0900] {logging_mixin.py:188} INFO - [2024-07-20T14:10:47.154+0900] {dagbag.py:545} INFO - Filling up the DagBag from /home/papalio/.local/lib/python3.10/site-packages/airflow/example_dags/example_branch_datetime_operator.py
[2024-07-20T14:10:47.182+0900] {processor.py:840} INFO - DAG(s) 'example_branch_datetime_operator_2', 'example_branch_datetime_operator_3', 'example_branch_datetime_operator' retrieved from /home/papalio/.local/lib/python3.10/site-packages/airflow/example_dags/example_branch_datetime_operator.py
[2024-07-20T14:10:47.501+0900] {logging_mixin.py:188} INFO - [2024-07-20T14:10:47.500+0900] {dag.py:3096} INFO - Sync 3 DAGs
[2024-07-20T14:10:47.564+0900] {logging_mixin.py:188} INFO - [2024-07-20T14:10:47.563+0900] {dag.py:3954} INFO - Setting next_dagrun for example_branch_datetime_operator to 2024-07-19 00:00:00+00:00, run_after=2024-07-20 00:00:00+00:00
[2024-07-20T14:10:47.581+0900] {logging_mixin.py:188} INFO - [2024-07-20T14:10:47.580+0900] {dag.py:3954} INFO - Setting next_dagrun for example_branch_datetime_operator_2 to 2024-07-19 00:00:00+00:00, run_after=2024-07-20 00:00:00+00:00
[2024-07-20T14:10:47.587+0900] {logging_mixin.py:188} INFO - [2024-07-20T14:10:47.587+0900] {dag.py:3954} INFO - Setting next_dagrun for example_branch_datetime_operator_3 to 2024-07-19 00:00:00+00:00, run_after=2024-07-20 00:00:00+00:00
[2024-07-20T14:10:47.658+0900] {processor.py:183} INFO - Processing /home/papalio/.local/lib/python3.10/site-packages/airflow/example_dags/example_branch_datetime_operator.py took 0.535 seconds
[2024-07-20T14:12:05.526+0900] {processor.py:161} INFO - Started process (PID=13258) to work on /home/papalio/.local/lib/python3.10/site-packages/airflow/example_dags/example_branch_datetime_operator.py
[2024-07-20T14:12:05.536+0900] {processor.py:830} INFO - Processing file /home/papalio/.local/lib/python3.10/site-packages/airflow/example_dags/example_branch_datetime_operator.py for tasks to queue
[2024-07-20T14:12:05.538+0900] {logging_mixin.py:188} INFO - [2024-07-20T14:12:05.538+0900] {dagbag.py:545} INFO - Filling up the DagBag from /home/papalio/.local/lib/python3.10/site-packages/airflow/example_dags/example_branch_datetime_operator.py
[2024-07-20T14:12:05.550+0900] {processor.py:840} INFO - DAG(s) 'example_branch_datetime_operator_3', 'example_branch_datetime_operator', 'example_branch_datetime_operator_2' retrieved from /home/papalio/.local/lib/python3.10/site-packages/airflow/example_dags/example_branch_datetime_operator.py
[2024-07-20T14:12:05.575+0900] {logging_mixin.py:188} INFO - [2024-07-20T14:12:05.574+0900] {dag.py:3096} INFO - Sync 3 DAGs
[2024-07-20T14:12:05.600+0900] {logging_mixin.py:188} INFO - [2024-07-20T14:12:05.600+0900] {dag.py:3954} INFO - Setting next_dagrun for example_branch_datetime_operator to 2024-07-19 00:00:00+00:00, run_after=2024-07-20 00:00:00+00:00
[2024-07-20T14:12:05.608+0900] {logging_mixin.py:188} INFO - [2024-07-20T14:12:05.607+0900] {dag.py:3954} INFO - Setting next_dagrun for example_branch_datetime_operator_2 to 2024-07-19 00:00:00+00:00, run_after=2024-07-20 00:00:00+00:00
[2024-07-20T14:12:05.611+0900] {logging_mixin.py:188} INFO - [2024-07-20T14:12:05.610+0900] {dag.py:3954} INFO - Setting next_dagrun for example_branch_datetime_operator_3 to 2024-07-19 00:00:00+00:00, run_after=2024-07-20 00:00:00+00:00
[2024-07-20T14:12:05.643+0900] {processor.py:183} INFO - Processing /home/papalio/.local/lib/python3.10/site-packages/airflow/example_dags/example_branch_datetime_operator.py took 0.124 seconds
[2024-07-20T14:13:30.039+0900] {processor.py:161} INFO - Started process (PID=13783) to work on /home/papalio/.local/lib/python3.10/site-packages/airflow/example_dags/example_branch_datetime_operator.py
[2024-07-20T14:13:30.050+0900] {processor.py:830} INFO - Processing file /home/papalio/.local/lib/python3.10/site-packages/airflow/example_dags/example_branch_datetime_operator.py for tasks to queue
[2024-07-20T14:13:30.053+0900] {logging_mixin.py:188} INFO - [2024-07-20T14:13:30.053+0900] {dagbag.py:545} INFO - Filling up the DagBag from /home/papalio/.local/lib/python3.10/site-packages/airflow/example_dags/example_branch_datetime_operator.py
[2024-07-20T14:13:30.069+0900] {processor.py:840} INFO - DAG(s) 'example_branch_datetime_operator_2', 'example_branch_datetime_operator_3', 'example_branch_datetime_operator' retrieved from /home/papalio/.local/lib/python3.10/site-packages/airflow/example_dags/example_branch_datetime_operator.py
[2024-07-20T14:13:30.098+0900] {logging_mixin.py:188} INFO - [2024-07-20T14:13:30.097+0900] {dag.py:3096} INFO - Sync 3 DAGs
[2024-07-20T14:13:30.125+0900] {logging_mixin.py:188} INFO - [2024-07-20T14:13:30.125+0900] {dag.py:3954} INFO - Setting next_dagrun for example_branch_datetime_operator to 2024-07-19 00:00:00+00:00, run_after=2024-07-20 00:00:00+00:00
[2024-07-20T14:13:30.133+0900] {logging_mixin.py:188} INFO - [2024-07-20T14:13:30.133+0900] {dag.py:3954} INFO - Setting next_dagrun for example_branch_datetime_operator_2 to 2024-07-19 00:00:00+00:00, run_after=2024-07-20 00:00:00+00:00
[2024-07-20T14:13:30.136+0900] {logging_mixin.py:188} INFO - [2024-07-20T14:13:30.136+0900] {dag.py:3954} INFO - Setting next_dagrun for example_branch_datetime_operator_3 to 2024-07-19 00:00:00+00:00, run_after=2024-07-20 00:00:00+00:00
[2024-07-20T14:13:30.167+0900] {processor.py:183} INFO - Processing /home/papalio/.local/lib/python3.10/site-packages/airflow/example_dags/example_branch_datetime_operator.py took 0.138 seconds
[2024-07-20T14:14:53.665+0900] {processor.py:161} INFO - Started process (PID=14305) to work on /home/papalio/.local/lib/python3.10/site-packages/airflow/example_dags/example_branch_datetime_operator.py
[2024-07-20T14:14:53.677+0900] {processor.py:830} INFO - Processing file /home/papalio/.local/lib/python3.10/site-packages/airflow/example_dags/example_branch_datetime_operator.py for tasks to queue
[2024-07-20T14:14:53.680+0900] {logging_mixin.py:188} INFO - [2024-07-20T14:14:53.679+0900] {dagbag.py:545} INFO - Filling up the DagBag from /home/papalio/.local/lib/python3.10/site-packages/airflow/example_dags/example_branch_datetime_operator.py
[2024-07-20T14:14:53.694+0900] {processor.py:840} INFO - DAG(s) 'example_branch_datetime_operator_2', 'example_branch_datetime_operator', 'example_branch_datetime_operator_3' retrieved from /home/papalio/.local/lib/python3.10/site-packages/airflow/example_dags/example_branch_datetime_operator.py
[2024-07-20T14:14:53.714+0900] {logging_mixin.py:188} INFO - [2024-07-20T14:14:53.713+0900] {dag.py:3096} INFO - Sync 3 DAGs
[2024-07-20T14:14:53.731+0900] {logging_mixin.py:188} INFO - [2024-07-20T14:14:53.731+0900] {dag.py:3954} INFO - Setting next_dagrun for example_branch_datetime_operator to 2024-07-19 00:00:00+00:00, run_after=2024-07-20 00:00:00+00:00
[2024-07-20T14:14:53.735+0900] {logging_mixin.py:188} INFO - [2024-07-20T14:14:53.735+0900] {dag.py:3954} INFO - Setting next_dagrun for example_branch_datetime_operator_2 to 2024-07-19 00:00:00+00:00, run_after=2024-07-20 00:00:00+00:00
[2024-07-20T14:14:53.737+0900] {logging_mixin.py:188} INFO - [2024-07-20T14:14:53.737+0900] {dag.py:3954} INFO - Setting next_dagrun for example_branch_datetime_operator_3 to 2024-07-19 00:00:00+00:00, run_after=2024-07-20 00:00:00+00:00
[2024-07-20T14:14:53.763+0900] {processor.py:183} INFO - Processing /home/papalio/.local/lib/python3.10/site-packages/airflow/example_dags/example_branch_datetime_operator.py took 0.104 seconds
[2024-07-20T14:16:11.524+0900] {processor.py:161} INFO - Started process (PID=14801) to work on /home/papalio/.local/lib/python3.10/site-packages/airflow/example_dags/example_branch_datetime_operator.py
[2024-07-20T14:16:11.528+0900] {processor.py:830} INFO - Processing file /home/papalio/.local/lib/python3.10/site-packages/airflow/example_dags/example_branch_datetime_operator.py for tasks to queue
[2024-07-20T14:16:11.531+0900] {logging_mixin.py:188} INFO - [2024-07-20T14:16:11.530+0900] {dagbag.py:545} INFO - Filling up the DagBag from /home/papalio/.local/lib/python3.10/site-packages/airflow/example_dags/example_branch_datetime_operator.py
[2024-07-20T14:16:11.546+0900] {processor.py:840} INFO - DAG(s) 'example_branch_datetime_operator_2', 'example_branch_datetime_operator_3', 'example_branch_datetime_operator' retrieved from /home/papalio/.local/lib/python3.10/site-packages/airflow/example_dags/example_branch_datetime_operator.py
[2024-07-20T14:16:11.583+0900] {logging_mixin.py:188} INFO - [2024-07-20T14:16:11.582+0900] {dag.py:3096} INFO - Sync 3 DAGs
[2024-07-20T14:16:11.616+0900] {logging_mixin.py:188} INFO - [2024-07-20T14:16:11.616+0900] {dag.py:3954} INFO - Setting next_dagrun for example_branch_datetime_operator to 2024-07-19 00:00:00+00:00, run_after=2024-07-20 00:00:00+00:00
[2024-07-20T14:16:11.622+0900] {logging_mixin.py:188} INFO - [2024-07-20T14:16:11.622+0900] {dag.py:3954} INFO - Setting next_dagrun for example_branch_datetime_operator_2 to 2024-07-19 00:00:00+00:00, run_after=2024-07-20 00:00:00+00:00
[2024-07-20T14:16:11.627+0900] {logging_mixin.py:188} INFO - [2024-07-20T14:16:11.627+0900] {dag.py:3954} INFO - Setting next_dagrun for example_branch_datetime_operator_3 to 2024-07-19 00:00:00+00:00, run_after=2024-07-20 00:00:00+00:00
[2024-07-20T14:16:11.669+0900] {processor.py:183} INFO - Processing /home/papalio/.local/lib/python3.10/site-packages/airflow/example_dags/example_branch_datetime_operator.py took 0.156 seconds
[2024-07-20T14:17:33.247+0900] {processor.py:161} INFO - Started process (PID=15318) to work on /home/papalio/.local/lib/python3.10/site-packages/airflow/example_dags/example_branch_datetime_operator.py
[2024-07-20T14:17:33.251+0900] {processor.py:830} INFO - Processing file /home/papalio/.local/lib/python3.10/site-packages/airflow/example_dags/example_branch_datetime_operator.py for tasks to queue
[2024-07-20T14:17:33.254+0900] {logging_mixin.py:188} INFO - [2024-07-20T14:17:33.253+0900] {dagbag.py:545} INFO - Filling up the DagBag from /home/papalio/.local/lib/python3.10/site-packages/airflow/example_dags/example_branch_datetime_operator.py
[2024-07-20T14:17:33.276+0900] {processor.py:840} INFO - DAG(s) 'example_branch_datetime_operator_3', 'example_branch_datetime_operator_2', 'example_branch_datetime_operator' retrieved from /home/papalio/.local/lib/python3.10/site-packages/airflow/example_dags/example_branch_datetime_operator.py
[2024-07-20T14:17:33.319+0900] {logging_mixin.py:188} INFO - [2024-07-20T14:17:33.318+0900] {dag.py:3096} INFO - Sync 3 DAGs
[2024-07-20T14:17:33.361+0900] {logging_mixin.py:188} INFO - [2024-07-20T14:17:33.360+0900] {dag.py:3954} INFO - Setting next_dagrun for example_branch_datetime_operator to 2024-07-19 00:00:00+00:00, run_after=2024-07-20 00:00:00+00:00
[2024-07-20T14:17:33.370+0900] {logging_mixin.py:188} INFO - [2024-07-20T14:17:33.370+0900] {dag.py:3954} INFO - Setting next_dagrun for example_branch_datetime_operator_2 to 2024-07-19 00:00:00+00:00, run_after=2024-07-20 00:00:00+00:00
[2024-07-20T14:17:33.373+0900] {logging_mixin.py:188} INFO - [2024-07-20T14:17:33.373+0900] {dag.py:3954} INFO - Setting next_dagrun for example_branch_datetime_operator_3 to 2024-07-19 00:00:00+00:00, run_after=2024-07-20 00:00:00+00:00
[2024-07-20T14:17:33.533+0900] {processor.py:183} INFO - Processing /home/papalio/.local/lib/python3.10/site-packages/airflow/example_dags/example_branch_datetime_operator.py took 0.298 seconds
[2024-07-20T14:18:54.635+0900] {processor.py:161} INFO - Started process (PID=15829) to work on /home/papalio/.local/lib/python3.10/site-packages/airflow/example_dags/example_branch_datetime_operator.py
[2024-07-20T14:18:54.648+0900] {processor.py:830} INFO - Processing file /home/papalio/.local/lib/python3.10/site-packages/airflow/example_dags/example_branch_datetime_operator.py for tasks to queue
[2024-07-20T14:18:54.653+0900] {logging_mixin.py:188} INFO - [2024-07-20T14:18:54.651+0900] {dagbag.py:545} INFO - Filling up the DagBag from /home/papalio/.local/lib/python3.10/site-packages/airflow/example_dags/example_branch_datetime_operator.py
[2024-07-20T14:18:54.686+0900] {processor.py:840} INFO - DAG(s) 'example_branch_datetime_operator_3', 'example_branch_datetime_operator', 'example_branch_datetime_operator_2' retrieved from /home/papalio/.local/lib/python3.10/site-packages/airflow/example_dags/example_branch_datetime_operator.py
[2024-07-20T14:18:54.737+0900] {logging_mixin.py:188} INFO - [2024-07-20T14:18:54.736+0900] {dag.py:3096} INFO - Sync 3 DAGs
[2024-07-20T14:18:54.783+0900] {logging_mixin.py:188} INFO - [2024-07-20T14:18:54.782+0900] {dag.py:3954} INFO - Setting next_dagrun for example_branch_datetime_operator to 2024-07-19 00:00:00+00:00, run_after=2024-07-20 00:00:00+00:00
[2024-07-20T14:18:54.793+0900] {logging_mixin.py:188} INFO - [2024-07-20T14:18:54.793+0900] {dag.py:3954} INFO - Setting next_dagrun for example_branch_datetime_operator_2 to 2024-07-19 00:00:00+00:00, run_after=2024-07-20 00:00:00+00:00
[2024-07-20T14:18:54.797+0900] {logging_mixin.py:188} INFO - [2024-07-20T14:18:54.797+0900] {dag.py:3954} INFO - Setting next_dagrun for example_branch_datetime_operator_3 to 2024-07-19 00:00:00+00:00, run_after=2024-07-20 00:00:00+00:00
[2024-07-20T14:18:54.848+0900] {processor.py:183} INFO - Processing /home/papalio/.local/lib/python3.10/site-packages/airflow/example_dags/example_branch_datetime_operator.py took 0.228 seconds
[2024-07-20T14:20:11.148+0900] {processor.py:161} INFO - Started process (PID=16326) to work on /home/papalio/.local/lib/python3.10/site-packages/airflow/example_dags/example_branch_datetime_operator.py
[2024-07-20T14:20:11.153+0900] {processor.py:830} INFO - Processing file /home/papalio/.local/lib/python3.10/site-packages/airflow/example_dags/example_branch_datetime_operator.py for tasks to queue
[2024-07-20T14:20:11.158+0900] {logging_mixin.py:188} INFO - [2024-07-20T14:20:11.157+0900] {dagbag.py:545} INFO - Filling up the DagBag from /home/papalio/.local/lib/python3.10/site-packages/airflow/example_dags/example_branch_datetime_operator.py
[2024-07-20T14:20:11.200+0900] {processor.py:840} INFO - DAG(s) 'example_branch_datetime_operator_3', 'example_branch_datetime_operator', 'example_branch_datetime_operator_2' retrieved from /home/papalio/.local/lib/python3.10/site-packages/airflow/example_dags/example_branch_datetime_operator.py
[2024-07-20T14:20:11.281+0900] {logging_mixin.py:188} INFO - [2024-07-20T14:20:11.280+0900] {dag.py:3096} INFO - Sync 3 DAGs
[2024-07-20T14:20:11.381+0900] {logging_mixin.py:188} INFO - [2024-07-20T14:20:11.380+0900] {dag.py:3954} INFO - Setting next_dagrun for example_branch_datetime_operator to 2024-07-19 00:00:00+00:00, run_after=2024-07-20 00:00:00+00:00
[2024-07-20T14:20:11.414+0900] {logging_mixin.py:188} INFO - [2024-07-20T14:20:11.412+0900] {dag.py:3954} INFO - Setting next_dagrun for example_branch_datetime_operator_2 to 2024-07-19 00:00:00+00:00, run_after=2024-07-20 00:00:00+00:00
[2024-07-20T14:20:11.423+0900] {logging_mixin.py:188} INFO - [2024-07-20T14:20:11.423+0900] {dag.py:3954} INFO - Setting next_dagrun for example_branch_datetime_operator_3 to 2024-07-19 00:00:00+00:00, run_after=2024-07-20 00:00:00+00:00
[2024-07-20T14:20:11.511+0900] {processor.py:183} INFO - Processing /home/papalio/.local/lib/python3.10/site-packages/airflow/example_dags/example_branch_datetime_operator.py took 0.385 seconds
[2024-07-20T14:21:56.914+0900] {processor.py:161} INFO - Started process (PID=17016) to work on /home/papalio/.local/lib/python3.10/site-packages/airflow/example_dags/example_branch_datetime_operator.py
[2024-07-20T14:21:56.917+0900] {processor.py:830} INFO - Processing file /home/papalio/.local/lib/python3.10/site-packages/airflow/example_dags/example_branch_datetime_operator.py for tasks to queue
[2024-07-20T14:21:56.920+0900] {logging_mixin.py:188} INFO - [2024-07-20T14:21:56.919+0900] {dagbag.py:545} INFO - Filling up the DagBag from /home/papalio/.local/lib/python3.10/site-packages/airflow/example_dags/example_branch_datetime_operator.py
[2024-07-20T14:21:56.948+0900] {processor.py:840} INFO - DAG(s) 'example_branch_datetime_operator_2', 'example_branch_datetime_operator_3', 'example_branch_datetime_operator' retrieved from /home/papalio/.local/lib/python3.10/site-packages/airflow/example_dags/example_branch_datetime_operator.py
[2024-07-20T14:21:56.987+0900] {logging_mixin.py:188} INFO - [2024-07-20T14:21:56.986+0900] {dag.py:3096} INFO - Sync 3 DAGs
[2024-07-20T14:21:57.019+0900] {logging_mixin.py:188} INFO - [2024-07-20T14:21:57.018+0900] {dag.py:3954} INFO - Setting next_dagrun for example_branch_datetime_operator to 2024-07-19 00:00:00+00:00, run_after=2024-07-20 00:00:00+00:00
[2024-07-20T14:21:57.027+0900] {logging_mixin.py:188} INFO - [2024-07-20T14:21:57.026+0900] {dag.py:3954} INFO - Setting next_dagrun for example_branch_datetime_operator_2 to 2024-07-19 00:00:00+00:00, run_after=2024-07-20 00:00:00+00:00
[2024-07-20T14:21:57.030+0900] {logging_mixin.py:188} INFO - [2024-07-20T14:21:57.030+0900] {dag.py:3954} INFO - Setting next_dagrun for example_branch_datetime_operator_3 to 2024-07-19 00:00:00+00:00, run_after=2024-07-20 00:00:00+00:00
[2024-07-20T14:21:57.073+0900] {processor.py:183} INFO - Processing /home/papalio/.local/lib/python3.10/site-packages/airflow/example_dags/example_branch_datetime_operator.py took 0.178 seconds
[2024-07-20T14:23:34.035+0900] {processor.py:161} INFO - Started process (PID=17631) to work on /home/papalio/.local/lib/python3.10/site-packages/airflow/example_dags/example_branch_datetime_operator.py
[2024-07-20T14:23:34.039+0900] {processor.py:830} INFO - Processing file /home/papalio/.local/lib/python3.10/site-packages/airflow/example_dags/example_branch_datetime_operator.py for tasks to queue
[2024-07-20T14:23:34.041+0900] {logging_mixin.py:188} INFO - [2024-07-20T14:23:34.040+0900] {dagbag.py:545} INFO - Filling up the DagBag from /home/papalio/.local/lib/python3.10/site-packages/airflow/example_dags/example_branch_datetime_operator.py
[2024-07-20T14:23:34.076+0900] {processor.py:840} INFO - DAG(s) 'example_branch_datetime_operator_2', 'example_branch_datetime_operator_3', 'example_branch_datetime_operator' retrieved from /home/papalio/.local/lib/python3.10/site-packages/airflow/example_dags/example_branch_datetime_operator.py
[2024-07-20T14:23:34.160+0900] {logging_mixin.py:188} INFO - [2024-07-20T14:23:34.159+0900] {dag.py:3096} INFO - Sync 3 DAGs
[2024-07-20T14:23:34.251+0900] {logging_mixin.py:188} INFO - [2024-07-20T14:23:34.250+0900] {dag.py:3954} INFO - Setting next_dagrun for example_branch_datetime_operator to 2024-07-19 00:00:00+00:00, run_after=2024-07-20 00:00:00+00:00
[2024-07-20T14:23:34.265+0900] {logging_mixin.py:188} INFO - [2024-07-20T14:23:34.265+0900] {dag.py:3954} INFO - Setting next_dagrun for example_branch_datetime_operator_2 to 2024-07-19 00:00:00+00:00, run_after=2024-07-20 00:00:00+00:00
[2024-07-20T14:23:34.274+0900] {logging_mixin.py:188} INFO - [2024-07-20T14:23:34.273+0900] {dag.py:3954} INFO - Setting next_dagrun for example_branch_datetime_operator_3 to 2024-07-19 00:00:00+00:00, run_after=2024-07-20 00:00:00+00:00
[2024-07-20T14:23:34.362+0900] {processor.py:183} INFO - Processing /home/papalio/.local/lib/python3.10/site-packages/airflow/example_dags/example_branch_datetime_operator.py took 0.344 seconds
[2024-07-20T14:25:00.906+0900] {processor.py:161} INFO - Started process (PID=18168) to work on /home/papalio/.local/lib/python3.10/site-packages/airflow/example_dags/example_branch_datetime_operator.py
[2024-07-20T14:25:00.909+0900] {processor.py:830} INFO - Processing file /home/papalio/.local/lib/python3.10/site-packages/airflow/example_dags/example_branch_datetime_operator.py for tasks to queue
[2024-07-20T14:25:00.913+0900] {logging_mixin.py:188} INFO - [2024-07-20T14:25:00.911+0900] {dagbag.py:545} INFO - Filling up the DagBag from /home/papalio/.local/lib/python3.10/site-packages/airflow/example_dags/example_branch_datetime_operator.py
[2024-07-20T14:25:00.936+0900] {processor.py:840} INFO - DAG(s) 'example_branch_datetime_operator_2', 'example_branch_datetime_operator', 'example_branch_datetime_operator_3' retrieved from /home/papalio/.local/lib/python3.10/site-packages/airflow/example_dags/example_branch_datetime_operator.py
[2024-07-20T14:25:00.970+0900] {logging_mixin.py:188} INFO - [2024-07-20T14:25:00.970+0900] {dag.py:3096} INFO - Sync 3 DAGs
[2024-07-20T14:25:01.014+0900] {logging_mixin.py:188} INFO - [2024-07-20T14:25:01.014+0900] {dag.py:3954} INFO - Setting next_dagrun for example_branch_datetime_operator to 2024-07-19 00:00:00+00:00, run_after=2024-07-20 00:00:00+00:00
[2024-07-20T14:25:01.030+0900] {logging_mixin.py:188} INFO - [2024-07-20T14:25:01.030+0900] {dag.py:3954} INFO - Setting next_dagrun for example_branch_datetime_operator_2 to 2024-07-19 00:00:00+00:00, run_after=2024-07-20 00:00:00+00:00
[2024-07-20T14:25:01.034+0900] {logging_mixin.py:188} INFO - [2024-07-20T14:25:01.033+0900] {dag.py:3954} INFO - Setting next_dagrun for example_branch_datetime_operator_3 to 2024-07-19 00:00:00+00:00, run_after=2024-07-20 00:00:00+00:00
[2024-07-20T14:25:01.100+0900] {processor.py:183} INFO - Processing /home/papalio/.local/lib/python3.10/site-packages/airflow/example_dags/example_branch_datetime_operator.py took 0.203 seconds
[2024-07-20T14:26:49.391+0900] {processor.py:161} INFO - Started process (PID=18787) to work on /home/papalio/.local/lib/python3.10/site-packages/airflow/example_dags/example_branch_datetime_operator.py
[2024-07-20T14:26:49.398+0900] {processor.py:830} INFO - Processing file /home/papalio/.local/lib/python3.10/site-packages/airflow/example_dags/example_branch_datetime_operator.py for tasks to queue
[2024-07-20T14:26:49.416+0900] {logging_mixin.py:188} INFO - [2024-07-20T14:26:49.413+0900] {dagbag.py:545} INFO - Filling up the DagBag from /home/papalio/.local/lib/python3.10/site-packages/airflow/example_dags/example_branch_datetime_operator.py
[2024-07-20T14:26:49.642+0900] {processor.py:840} INFO - DAG(s) 'example_branch_datetime_operator_3', 'example_branch_datetime_operator_2', 'example_branch_datetime_operator' retrieved from /home/papalio/.local/lib/python3.10/site-packages/airflow/example_dags/example_branch_datetime_operator.py
[2024-07-20T14:26:49.798+0900] {logging_mixin.py:188} INFO - [2024-07-20T14:26:49.796+0900] {dag.py:3096} INFO - Sync 3 DAGs
[2024-07-20T14:26:50.223+0900] {logging_mixin.py:188} INFO - [2024-07-20T14:26:50.222+0900] {dag.py:3954} INFO - Setting next_dagrun for example_branch_datetime_operator to 2024-07-19 00:00:00+00:00, run_after=2024-07-20 00:00:00+00:00
[2024-07-20T14:26:50.278+0900] {logging_mixin.py:188} INFO - [2024-07-20T14:26:50.266+0900] {dag.py:3954} INFO - Setting next_dagrun for example_branch_datetime_operator_2 to 2024-07-19 00:00:00+00:00, run_after=2024-07-20 00:00:00+00:00
[2024-07-20T14:26:50.312+0900] {logging_mixin.py:188} INFO - [2024-07-20T14:26:50.310+0900] {dag.py:3954} INFO - Setting next_dagrun for example_branch_datetime_operator_3 to 2024-07-19 00:00:00+00:00, run_after=2024-07-20 00:00:00+00:00
[2024-07-20T14:26:50.597+0900] {processor.py:183} INFO - Processing /home/papalio/.local/lib/python3.10/site-packages/airflow/example_dags/example_branch_datetime_operator.py took 1.257 seconds
[2024-07-20T14:28:09.472+0900] {processor.py:161} INFO - Started process (PID=19293) to work on /home/papalio/.local/lib/python3.10/site-packages/airflow/example_dags/example_branch_datetime_operator.py
[2024-07-20T14:28:09.478+0900] {processor.py:830} INFO - Processing file /home/papalio/.local/lib/python3.10/site-packages/airflow/example_dags/example_branch_datetime_operator.py for tasks to queue
[2024-07-20T14:28:09.479+0900] {logging_mixin.py:188} INFO - [2024-07-20T14:28:09.478+0900] {dagbag.py:545} INFO - Filling up the DagBag from /home/papalio/.local/lib/python3.10/site-packages/airflow/example_dags/example_branch_datetime_operator.py
[2024-07-20T14:28:09.491+0900] {processor.py:840} INFO - DAG(s) 'example_branch_datetime_operator_3', 'example_branch_datetime_operator_2', 'example_branch_datetime_operator' retrieved from /home/papalio/.local/lib/python3.10/site-packages/airflow/example_dags/example_branch_datetime_operator.py
[2024-07-20T14:28:09.516+0900] {logging_mixin.py:188} INFO - [2024-07-20T14:28:09.515+0900] {dag.py:3096} INFO - Sync 3 DAGs
[2024-07-20T14:28:09.538+0900] {logging_mixin.py:188} INFO - [2024-07-20T14:28:09.538+0900] {dag.py:3954} INFO - Setting next_dagrun for example_branch_datetime_operator to 2024-07-19 00:00:00+00:00, run_after=2024-07-20 00:00:00+00:00
[2024-07-20T14:28:09.542+0900] {logging_mixin.py:188} INFO - [2024-07-20T14:28:09.542+0900] {dag.py:3954} INFO - Setting next_dagrun for example_branch_datetime_operator_2 to 2024-07-19 00:00:00+00:00, run_after=2024-07-20 00:00:00+00:00
[2024-07-20T14:28:09.545+0900] {logging_mixin.py:188} INFO - [2024-07-20T14:28:09.544+0900] {dag.py:3954} INFO - Setting next_dagrun for example_branch_datetime_operator_3 to 2024-07-19 00:00:00+00:00, run_after=2024-07-20 00:00:00+00:00
[2024-07-20T14:28:09.579+0900] {processor.py:183} INFO - Processing /home/papalio/.local/lib/python3.10/site-packages/airflow/example_dags/example_branch_datetime_operator.py took 0.115 seconds
[2024-07-20T14:29:29.307+0900] {processor.py:161} INFO - Started process (PID=19805) to work on /home/papalio/.local/lib/python3.10/site-packages/airflow/example_dags/example_branch_datetime_operator.py
[2024-07-20T14:29:29.309+0900] {processor.py:830} INFO - Processing file /home/papalio/.local/lib/python3.10/site-packages/airflow/example_dags/example_branch_datetime_operator.py for tasks to queue
[2024-07-20T14:29:29.311+0900] {logging_mixin.py:188} INFO - [2024-07-20T14:29:29.311+0900] {dagbag.py:545} INFO - Filling up the DagBag from /home/papalio/.local/lib/python3.10/site-packages/airflow/example_dags/example_branch_datetime_operator.py
[2024-07-20T14:29:29.331+0900] {processor.py:840} INFO - DAG(s) 'example_branch_datetime_operator_3', 'example_branch_datetime_operator_2', 'example_branch_datetime_operator' retrieved from /home/papalio/.local/lib/python3.10/site-packages/airflow/example_dags/example_branch_datetime_operator.py
[2024-07-20T14:29:29.375+0900] {logging_mixin.py:188} INFO - [2024-07-20T14:29:29.375+0900] {dag.py:3096} INFO - Sync 3 DAGs
[2024-07-20T14:29:29.427+0900] {logging_mixin.py:188} INFO - [2024-07-20T14:29:29.426+0900] {dag.py:3954} INFO - Setting next_dagrun for example_branch_datetime_operator to 2024-07-19 00:00:00+00:00, run_after=2024-07-20 00:00:00+00:00
[2024-07-20T14:29:29.439+0900] {logging_mixin.py:188} INFO - [2024-07-20T14:29:29.438+0900] {dag.py:3954} INFO - Setting next_dagrun for example_branch_datetime_operator_2 to 2024-07-19 00:00:00+00:00, run_after=2024-07-20 00:00:00+00:00
[2024-07-20T14:29:29.443+0900] {logging_mixin.py:188} INFO - [2024-07-20T14:29:29.443+0900] {dag.py:3954} INFO - Setting next_dagrun for example_branch_datetime_operator_3 to 2024-07-19 00:00:00+00:00, run_after=2024-07-20 00:00:00+00:00
[2024-07-20T14:29:29.490+0900] {processor.py:183} INFO - Processing /home/papalio/.local/lib/python3.10/site-packages/airflow/example_dags/example_branch_datetime_operator.py took 0.197 seconds
[2024-07-20T14:30:51.504+0900] {processor.py:161} INFO - Started process (PID=20330) to work on /home/papalio/.local/lib/python3.10/site-packages/airflow/example_dags/example_branch_datetime_operator.py
[2024-07-20T14:30:51.507+0900] {processor.py:830} INFO - Processing file /home/papalio/.local/lib/python3.10/site-packages/airflow/example_dags/example_branch_datetime_operator.py for tasks to queue
[2024-07-20T14:30:51.509+0900] {logging_mixin.py:188} INFO - [2024-07-20T14:30:51.508+0900] {dagbag.py:545} INFO - Filling up the DagBag from /home/papalio/.local/lib/python3.10/site-packages/airflow/example_dags/example_branch_datetime_operator.py
[2024-07-20T14:30:51.533+0900] {processor.py:840} INFO - DAG(s) 'example_branch_datetime_operator_3', 'example_branch_datetime_operator_2', 'example_branch_datetime_operator' retrieved from /home/papalio/.local/lib/python3.10/site-packages/airflow/example_dags/example_branch_datetime_operator.py
[2024-07-20T14:30:51.584+0900] {logging_mixin.py:188} INFO - [2024-07-20T14:30:51.583+0900] {dag.py:3096} INFO - Sync 3 DAGs
[2024-07-20T14:30:51.621+0900] {logging_mixin.py:188} INFO - [2024-07-20T14:30:51.620+0900] {dag.py:3954} INFO - Setting next_dagrun for example_branch_datetime_operator to 2024-07-19 00:00:00+00:00, run_after=2024-07-20 00:00:00+00:00
[2024-07-20T14:30:51.630+0900] {logging_mixin.py:188} INFO - [2024-07-20T14:30:51.630+0900] {dag.py:3954} INFO - Setting next_dagrun for example_branch_datetime_operator_2 to 2024-07-19 00:00:00+00:00, run_after=2024-07-20 00:00:00+00:00
[2024-07-20T14:30:51.635+0900] {logging_mixin.py:188} INFO - [2024-07-20T14:30:51.635+0900] {dag.py:3954} INFO - Setting next_dagrun for example_branch_datetime_operator_3 to 2024-07-19 00:00:00+00:00, run_after=2024-07-20 00:00:00+00:00
[2024-07-20T14:30:51.679+0900] {processor.py:183} INFO - Processing /home/papalio/.local/lib/python3.10/site-packages/airflow/example_dags/example_branch_datetime_operator.py took 0.187 seconds
[2024-07-20T14:32:04.604+0900] {processor.py:161} INFO - Started process (PID=20808) to work on /home/papalio/.local/lib/python3.10/site-packages/airflow/example_dags/example_branch_datetime_operator.py
[2024-07-20T14:32:04.612+0900] {processor.py:830} INFO - Processing file /home/papalio/.local/lib/python3.10/site-packages/airflow/example_dags/example_branch_datetime_operator.py for tasks to queue
[2024-07-20T14:32:04.622+0900] {logging_mixin.py:188} INFO - [2024-07-20T14:32:04.617+0900] {dagbag.py:545} INFO - Filling up the DagBag from /home/papalio/.local/lib/python3.10/site-packages/airflow/example_dags/example_branch_datetime_operator.py
[2024-07-20T14:32:04.750+0900] {processor.py:840} INFO - DAG(s) 'example_branch_datetime_operator', 'example_branch_datetime_operator_3', 'example_branch_datetime_operator_2' retrieved from /home/papalio/.local/lib/python3.10/site-packages/airflow/example_dags/example_branch_datetime_operator.py
[2024-07-20T14:32:05.101+0900] {logging_mixin.py:188} INFO - [2024-07-20T14:32:05.100+0900] {dag.py:3096} INFO - Sync 3 DAGs
[2024-07-20T14:32:05.360+0900] {logging_mixin.py:188} INFO - [2024-07-20T14:32:05.359+0900] {dag.py:3954} INFO - Setting next_dagrun for example_branch_datetime_operator to 2024-07-19 00:00:00+00:00, run_after=2024-07-20 00:00:00+00:00
[2024-07-20T14:32:05.394+0900] {logging_mixin.py:188} INFO - [2024-07-20T14:32:05.392+0900] {dag.py:3954} INFO - Setting next_dagrun for example_branch_datetime_operator_2 to 2024-07-19 00:00:00+00:00, run_after=2024-07-20 00:00:00+00:00
[2024-07-20T14:32:05.416+0900] {logging_mixin.py:188} INFO - [2024-07-20T14:32:05.415+0900] {dag.py:3954} INFO - Setting next_dagrun for example_branch_datetime_operator_3 to 2024-07-19 00:00:00+00:00, run_after=2024-07-20 00:00:00+00:00
[2024-07-20T14:32:05.538+0900] {processor.py:183} INFO - Processing /home/papalio/.local/lib/python3.10/site-packages/airflow/example_dags/example_branch_datetime_operator.py took 1.042 seconds
[2024-07-20T14:33:25.830+0900] {processor.py:161} INFO - Started process (PID=21248) to work on /home/papalio/.local/lib/python3.10/site-packages/airflow/example_dags/example_branch_datetime_operator.py
[2024-07-20T14:33:25.835+0900] {processor.py:830} INFO - Processing file /home/papalio/.local/lib/python3.10/site-packages/airflow/example_dags/example_branch_datetime_operator.py for tasks to queue
[2024-07-20T14:33:25.840+0900] {logging_mixin.py:188} INFO - [2024-07-20T14:33:25.839+0900] {dagbag.py:545} INFO - Filling up the DagBag from /home/papalio/.local/lib/python3.10/site-packages/airflow/example_dags/example_branch_datetime_operator.py
[2024-07-20T14:33:25.890+0900] {processor.py:840} INFO - DAG(s) 'example_branch_datetime_operator_2', 'example_branch_datetime_operator', 'example_branch_datetime_operator_3' retrieved from /home/papalio/.local/lib/python3.10/site-packages/airflow/example_dags/example_branch_datetime_operator.py
[2024-07-20T14:33:25.960+0900] {logging_mixin.py:188} INFO - [2024-07-20T14:33:25.959+0900] {dag.py:3096} INFO - Sync 3 DAGs
[2024-07-20T14:33:26.020+0900] {logging_mixin.py:188} INFO - [2024-07-20T14:33:26.019+0900] {dag.py:3954} INFO - Setting next_dagrun for example_branch_datetime_operator to 2024-07-19 00:00:00+00:00, run_after=2024-07-20 00:00:00+00:00
[2024-07-20T14:33:26.034+0900] {logging_mixin.py:188} INFO - [2024-07-20T14:33:26.034+0900] {dag.py:3954} INFO - Setting next_dagrun for example_branch_datetime_operator_2 to 2024-07-19 00:00:00+00:00, run_after=2024-07-20 00:00:00+00:00
[2024-07-20T14:33:26.042+0900] {logging_mixin.py:188} INFO - [2024-07-20T14:33:26.042+0900] {dag.py:3954} INFO - Setting next_dagrun for example_branch_datetime_operator_3 to 2024-07-19 00:00:00+00:00, run_after=2024-07-20 00:00:00+00:00
[2024-07-20T14:33:26.102+0900] {processor.py:183} INFO - Processing /home/papalio/.local/lib/python3.10/site-packages/airflow/example_dags/example_branch_datetime_operator.py took 0.292 seconds
[2024-07-20T14:34:52.803+0900] {processor.py:161} INFO - Started process (PID=21789) to work on /home/papalio/.local/lib/python3.10/site-packages/airflow/example_dags/example_branch_datetime_operator.py
[2024-07-20T14:34:52.805+0900] {processor.py:830} INFO - Processing file /home/papalio/.local/lib/python3.10/site-packages/airflow/example_dags/example_branch_datetime_operator.py for tasks to queue
[2024-07-20T14:34:52.807+0900] {logging_mixin.py:188} INFO - [2024-07-20T14:34:52.806+0900] {dagbag.py:545} INFO - Filling up the DagBag from /home/papalio/.local/lib/python3.10/site-packages/airflow/example_dags/example_branch_datetime_operator.py
[2024-07-20T14:34:52.832+0900] {processor.py:840} INFO - DAG(s) 'example_branch_datetime_operator_2', 'example_branch_datetime_operator_3', 'example_branch_datetime_operator' retrieved from /home/papalio/.local/lib/python3.10/site-packages/airflow/example_dags/example_branch_datetime_operator.py
[2024-07-20T14:34:52.881+0900] {logging_mixin.py:188} INFO - [2024-07-20T14:34:52.880+0900] {dag.py:3096} INFO - Sync 3 DAGs
[2024-07-20T14:34:52.926+0900] {logging_mixin.py:188} INFO - [2024-07-20T14:34:52.925+0900] {dag.py:3954} INFO - Setting next_dagrun for example_branch_datetime_operator to 2024-07-19 00:00:00+00:00, run_after=2024-07-20 00:00:00+00:00
[2024-07-20T14:34:52.937+0900] {logging_mixin.py:188} INFO - [2024-07-20T14:34:52.937+0900] {dag.py:3954} INFO - Setting next_dagrun for example_branch_datetime_operator_2 to 2024-07-19 00:00:00+00:00, run_after=2024-07-20 00:00:00+00:00
[2024-07-20T14:34:52.941+0900] {logging_mixin.py:188} INFO - [2024-07-20T14:34:52.941+0900] {dag.py:3954} INFO - Setting next_dagrun for example_branch_datetime_operator_3 to 2024-07-19 00:00:00+00:00, run_after=2024-07-20 00:00:00+00:00
[2024-07-20T14:34:52.979+0900] {processor.py:183} INFO - Processing /home/papalio/.local/lib/python3.10/site-packages/airflow/example_dags/example_branch_datetime_operator.py took 0.187 seconds
[2024-07-20T14:36:13.111+0900] {processor.py:161} INFO - Started process (PID=22298) to work on /home/papalio/.local/lib/python3.10/site-packages/airflow/example_dags/example_branch_datetime_operator.py
[2024-07-20T14:36:13.116+0900] {processor.py:830} INFO - Processing file /home/papalio/.local/lib/python3.10/site-packages/airflow/example_dags/example_branch_datetime_operator.py for tasks to queue
[2024-07-20T14:36:13.117+0900] {logging_mixin.py:188} INFO - [2024-07-20T14:36:13.117+0900] {dagbag.py:545} INFO - Filling up the DagBag from /home/papalio/.local/lib/python3.10/site-packages/airflow/example_dags/example_branch_datetime_operator.py
[2024-07-20T14:36:13.136+0900] {processor.py:840} INFO - DAG(s) 'example_branch_datetime_operator_3', 'example_branch_datetime_operator_2', 'example_branch_datetime_operator' retrieved from /home/papalio/.local/lib/python3.10/site-packages/airflow/example_dags/example_branch_datetime_operator.py
[2024-07-20T14:36:13.178+0900] {logging_mixin.py:188} INFO - [2024-07-20T14:36:13.177+0900] {dag.py:3096} INFO - Sync 3 DAGs
[2024-07-20T14:36:13.220+0900] {logging_mixin.py:188} INFO - [2024-07-20T14:36:13.220+0900] {dag.py:3954} INFO - Setting next_dagrun for example_branch_datetime_operator to 2024-07-19 00:00:00+00:00, run_after=2024-07-20 00:00:00+00:00
[2024-07-20T14:36:13.228+0900] {logging_mixin.py:188} INFO - [2024-07-20T14:36:13.227+0900] {dag.py:3954} INFO - Setting next_dagrun for example_branch_datetime_operator_2 to 2024-07-19 00:00:00+00:00, run_after=2024-07-20 00:00:00+00:00
[2024-07-20T14:36:13.234+0900] {logging_mixin.py:188} INFO - [2024-07-20T14:36:13.233+0900] {dag.py:3954} INFO - Setting next_dagrun for example_branch_datetime_operator_3 to 2024-07-19 00:00:00+00:00, run_after=2024-07-20 00:00:00+00:00
[2024-07-20T14:36:13.280+0900] {processor.py:183} INFO - Processing /home/papalio/.local/lib/python3.10/site-packages/airflow/example_dags/example_branch_datetime_operator.py took 0.180 seconds
[2024-07-20T14:37:32.945+0900] {processor.py:161} INFO - Started process (PID=22803) to work on /home/papalio/.local/lib/python3.10/site-packages/airflow/example_dags/example_branch_datetime_operator.py
[2024-07-20T14:37:32.954+0900] {processor.py:830} INFO - Processing file /home/papalio/.local/lib/python3.10/site-packages/airflow/example_dags/example_branch_datetime_operator.py for tasks to queue
[2024-07-20T14:37:32.971+0900] {logging_mixin.py:188} INFO - [2024-07-20T14:37:32.959+0900] {dagbag.py:545} INFO - Filling up the DagBag from /home/papalio/.local/lib/python3.10/site-packages/airflow/example_dags/example_branch_datetime_operator.py
[2024-07-20T14:37:33.080+0900] {processor.py:840} INFO - DAG(s) 'example_branch_datetime_operator_3', 'example_branch_datetime_operator', 'example_branch_datetime_operator_2' retrieved from /home/papalio/.local/lib/python3.10/site-packages/airflow/example_dags/example_branch_datetime_operator.py
[2024-07-20T14:37:33.194+0900] {logging_mixin.py:188} INFO - [2024-07-20T14:37:33.193+0900] {dag.py:3096} INFO - Sync 3 DAGs
[2024-07-20T14:37:33.302+0900] {logging_mixin.py:188} INFO - [2024-07-20T14:37:33.300+0900] {dag.py:3954} INFO - Setting next_dagrun for example_branch_datetime_operator to 2024-07-19 00:00:00+00:00, run_after=2024-07-20 00:00:00+00:00
[2024-07-20T14:37:33.319+0900] {logging_mixin.py:188} INFO - [2024-07-20T14:37:33.318+0900] {dag.py:3954} INFO - Setting next_dagrun for example_branch_datetime_operator_2 to 2024-07-19 00:00:00+00:00, run_after=2024-07-20 00:00:00+00:00
[2024-07-20T14:37:33.330+0900] {logging_mixin.py:188} INFO - [2024-07-20T14:37:33.329+0900] {dag.py:3954} INFO - Setting next_dagrun for example_branch_datetime_operator_3 to 2024-07-19 00:00:00+00:00, run_after=2024-07-20 00:00:00+00:00
[2024-07-20T14:37:33.402+0900] {processor.py:183} INFO - Processing /home/papalio/.local/lib/python3.10/site-packages/airflow/example_dags/example_branch_datetime_operator.py took 0.488 seconds
[2024-07-20T14:38:58.207+0900] {processor.py:161} INFO - Started process (PID=23329) to work on /home/papalio/.local/lib/python3.10/site-packages/airflow/example_dags/example_branch_datetime_operator.py
[2024-07-20T14:38:58.210+0900] {processor.py:830} INFO - Processing file /home/papalio/.local/lib/python3.10/site-packages/airflow/example_dags/example_branch_datetime_operator.py for tasks to queue
[2024-07-20T14:38:58.213+0900] {logging_mixin.py:188} INFO - [2024-07-20T14:38:58.212+0900] {dagbag.py:545} INFO - Filling up the DagBag from /home/papalio/.local/lib/python3.10/site-packages/airflow/example_dags/example_branch_datetime_operator.py
[2024-07-20T14:38:58.234+0900] {processor.py:840} INFO - DAG(s) 'example_branch_datetime_operator', 'example_branch_datetime_operator_3', 'example_branch_datetime_operator_2' retrieved from /home/papalio/.local/lib/python3.10/site-packages/airflow/example_dags/example_branch_datetime_operator.py
[2024-07-20T14:38:58.274+0900] {logging_mixin.py:188} INFO - [2024-07-20T14:38:58.273+0900] {dag.py:3096} INFO - Sync 3 DAGs
[2024-07-20T14:38:58.308+0900] {logging_mixin.py:188} INFO - [2024-07-20T14:38:58.308+0900] {dag.py:3954} INFO - Setting next_dagrun for example_branch_datetime_operator to 2024-07-19 00:00:00+00:00, run_after=2024-07-20 00:00:00+00:00
[2024-07-20T14:38:58.316+0900] {logging_mixin.py:188} INFO - [2024-07-20T14:38:58.315+0900] {dag.py:3954} INFO - Setting next_dagrun for example_branch_datetime_operator_2 to 2024-07-19 00:00:00+00:00, run_after=2024-07-20 00:00:00+00:00
[2024-07-20T14:38:58.320+0900] {logging_mixin.py:188} INFO - [2024-07-20T14:38:58.319+0900] {dag.py:3954} INFO - Setting next_dagrun for example_branch_datetime_operator_3 to 2024-07-19 00:00:00+00:00, run_after=2024-07-20 00:00:00+00:00
[2024-07-20T14:38:58.364+0900] {processor.py:183} INFO - Processing /home/papalio/.local/lib/python3.10/site-packages/airflow/example_dags/example_branch_datetime_operator.py took 0.180 seconds
[2024-07-20T14:40:27.212+0900] {processor.py:161} INFO - Started process (PID=23875) to work on /home/papalio/.local/lib/python3.10/site-packages/airflow/example_dags/example_branch_datetime_operator.py
[2024-07-20T14:40:27.214+0900] {processor.py:830} INFO - Processing file /home/papalio/.local/lib/python3.10/site-packages/airflow/example_dags/example_branch_datetime_operator.py for tasks to queue
[2024-07-20T14:40:27.216+0900] {logging_mixin.py:188} INFO - [2024-07-20T14:40:27.215+0900] {dagbag.py:545} INFO - Filling up the DagBag from /home/papalio/.local/lib/python3.10/site-packages/airflow/example_dags/example_branch_datetime_operator.py
[2024-07-20T14:40:27.234+0900] {processor.py:840} INFO - DAG(s) 'example_branch_datetime_operator_2', 'example_branch_datetime_operator', 'example_branch_datetime_operator_3' retrieved from /home/papalio/.local/lib/python3.10/site-packages/airflow/example_dags/example_branch_datetime_operator.py
[2024-07-20T14:40:27.268+0900] {logging_mixin.py:188} INFO - [2024-07-20T14:40:27.267+0900] {dag.py:3096} INFO - Sync 3 DAGs
[2024-07-20T14:40:27.298+0900] {logging_mixin.py:188} INFO - [2024-07-20T14:40:27.298+0900] {dag.py:3954} INFO - Setting next_dagrun for example_branch_datetime_operator to 2024-07-19 00:00:00+00:00, run_after=2024-07-20 00:00:00+00:00
[2024-07-20T14:40:27.307+0900] {logging_mixin.py:188} INFO - [2024-07-20T14:40:27.306+0900] {dag.py:3954} INFO - Setting next_dagrun for example_branch_datetime_operator_2 to 2024-07-19 00:00:00+00:00, run_after=2024-07-20 00:00:00+00:00
[2024-07-20T14:40:27.315+0900] {logging_mixin.py:188} INFO - [2024-07-20T14:40:27.315+0900] {dag.py:3954} INFO - Setting next_dagrun for example_branch_datetime_operator_3 to 2024-07-19 00:00:00+00:00, run_after=2024-07-20 00:00:00+00:00
[2024-07-20T14:40:27.426+0900] {processor.py:183} INFO - Processing /home/papalio/.local/lib/python3.10/site-packages/airflow/example_dags/example_branch_datetime_operator.py took 0.228 seconds
[2024-07-20T14:42:02.040+0900] {processor.py:161} INFO - Started process (PID=24439) to work on /home/papalio/.local/lib/python3.10/site-packages/airflow/example_dags/example_branch_datetime_operator.py
[2024-07-20T14:42:02.043+0900] {processor.py:830} INFO - Processing file /home/papalio/.local/lib/python3.10/site-packages/airflow/example_dags/example_branch_datetime_operator.py for tasks to queue
[2024-07-20T14:42:02.045+0900] {logging_mixin.py:188} INFO - [2024-07-20T14:42:02.044+0900] {dagbag.py:545} INFO - Filling up the DagBag from /home/papalio/.local/lib/python3.10/site-packages/airflow/example_dags/example_branch_datetime_operator.py
[2024-07-20T14:42:02.065+0900] {processor.py:840} INFO - DAG(s) 'example_branch_datetime_operator_2', 'example_branch_datetime_operator_3', 'example_branch_datetime_operator' retrieved from /home/papalio/.local/lib/python3.10/site-packages/airflow/example_dags/example_branch_datetime_operator.py
[2024-07-20T14:42:02.112+0900] {logging_mixin.py:188} INFO - [2024-07-20T14:42:02.111+0900] {dag.py:3096} INFO - Sync 3 DAGs
[2024-07-20T14:42:02.154+0900] {logging_mixin.py:188} INFO - [2024-07-20T14:42:02.153+0900] {dag.py:3954} INFO - Setting next_dagrun for example_branch_datetime_operator to 2024-07-19 00:00:00+00:00, run_after=2024-07-20 00:00:00+00:00
[2024-07-20T14:42:02.162+0900] {logging_mixin.py:188} INFO - [2024-07-20T14:42:02.160+0900] {dag.py:3954} INFO - Setting next_dagrun for example_branch_datetime_operator_2 to 2024-07-19 00:00:00+00:00, run_after=2024-07-20 00:00:00+00:00
[2024-07-20T14:42:02.167+0900] {logging_mixin.py:188} INFO - [2024-07-20T14:42:02.167+0900] {dag.py:3954} INFO - Setting next_dagrun for example_branch_datetime_operator_3 to 2024-07-19 00:00:00+00:00, run_after=2024-07-20 00:00:00+00:00
[2024-07-20T14:42:02.216+0900] {processor.py:183} INFO - Processing /home/papalio/.local/lib/python3.10/site-packages/airflow/example_dags/example_branch_datetime_operator.py took 0.191 seconds
[2024-07-20T14:43:24.758+0900] {processor.py:161} INFO - Started process (PID=24981) to work on /home/papalio/.local/lib/python3.10/site-packages/airflow/example_dags/example_branch_datetime_operator.py
[2024-07-20T14:43:24.772+0900] {processor.py:830} INFO - Processing file /home/papalio/.local/lib/python3.10/site-packages/airflow/example_dags/example_branch_datetime_operator.py for tasks to queue
[2024-07-20T14:43:24.781+0900] {logging_mixin.py:188} INFO - [2024-07-20T14:43:24.777+0900] {dagbag.py:545} INFO - Filling up the DagBag from /home/papalio/.local/lib/python3.10/site-packages/airflow/example_dags/example_branch_datetime_operator.py
[2024-07-20T14:43:24.853+0900] {processor.py:840} INFO - DAG(s) 'example_branch_datetime_operator', 'example_branch_datetime_operator_2', 'example_branch_datetime_operator_3' retrieved from /home/papalio/.local/lib/python3.10/site-packages/airflow/example_dags/example_branch_datetime_operator.py
[2024-07-20T14:43:25.077+0900] {logging_mixin.py:188} INFO - [2024-07-20T14:43:25.077+0900] {dag.py:3096} INFO - Sync 3 DAGs
[2024-07-20T14:43:25.186+0900] {logging_mixin.py:188} INFO - [2024-07-20T14:43:25.186+0900] {dag.py:3954} INFO - Setting next_dagrun for example_branch_datetime_operator to 2024-07-19 00:00:00+00:00, run_after=2024-07-20 00:00:00+00:00
[2024-07-20T14:43:25.200+0900] {logging_mixin.py:188} INFO - [2024-07-20T14:43:25.199+0900] {dag.py:3954} INFO - Setting next_dagrun for example_branch_datetime_operator_2 to 2024-07-19 00:00:00+00:00, run_after=2024-07-20 00:00:00+00:00
[2024-07-20T14:43:25.214+0900] {logging_mixin.py:188} INFO - [2024-07-20T14:43:25.214+0900] {dag.py:3954} INFO - Setting next_dagrun for example_branch_datetime_operator_3 to 2024-07-19 00:00:00+00:00, run_after=2024-07-20 00:00:00+00:00
[2024-07-20T14:43:25.311+0900] {processor.py:183} INFO - Processing /home/papalio/.local/lib/python3.10/site-packages/airflow/example_dags/example_branch_datetime_operator.py took 0.667 seconds
[2024-07-20T14:44:53.375+0900] {processor.py:161} INFO - Started process (PID=25524) to work on /home/papalio/.local/lib/python3.10/site-packages/airflow/example_dags/example_branch_datetime_operator.py
[2024-07-20T14:44:53.377+0900] {processor.py:830} INFO - Processing file /home/papalio/.local/lib/python3.10/site-packages/airflow/example_dags/example_branch_datetime_operator.py for tasks to queue
[2024-07-20T14:44:53.379+0900] {logging_mixin.py:188} INFO - [2024-07-20T14:44:53.378+0900] {dagbag.py:545} INFO - Filling up the DagBag from /home/papalio/.local/lib/python3.10/site-packages/airflow/example_dags/example_branch_datetime_operator.py
[2024-07-20T14:44:53.397+0900] {processor.py:840} INFO - DAG(s) 'example_branch_datetime_operator_2', 'example_branch_datetime_operator', 'example_branch_datetime_operator_3' retrieved from /home/papalio/.local/lib/python3.10/site-packages/airflow/example_dags/example_branch_datetime_operator.py
[2024-07-20T14:44:53.430+0900] {logging_mixin.py:188} INFO - [2024-07-20T14:44:53.430+0900] {dag.py:3096} INFO - Sync 3 DAGs
[2024-07-20T14:44:53.459+0900] {logging_mixin.py:188} INFO - [2024-07-20T14:44:53.459+0900] {dag.py:3954} INFO - Setting next_dagrun for example_branch_datetime_operator to 2024-07-19 00:00:00+00:00, run_after=2024-07-20 00:00:00+00:00
[2024-07-20T14:44:53.465+0900] {logging_mixin.py:188} INFO - [2024-07-20T14:44:53.465+0900] {dag.py:3954} INFO - Setting next_dagrun for example_branch_datetime_operator_2 to 2024-07-19 00:00:00+00:00, run_after=2024-07-20 00:00:00+00:00
[2024-07-20T14:44:53.469+0900] {logging_mixin.py:188} INFO - [2024-07-20T14:44:53.469+0900] {dag.py:3954} INFO - Setting next_dagrun for example_branch_datetime_operator_3 to 2024-07-19 00:00:00+00:00, run_after=2024-07-20 00:00:00+00:00
[2024-07-20T14:44:53.507+0900] {processor.py:183} INFO - Processing /home/papalio/.local/lib/python3.10/site-packages/airflow/example_dags/example_branch_datetime_operator.py took 0.144 seconds
