[2024-07-20T14:10:24.625+0900] {processor.py:161} INFO - Started process (PID=12653) to work on /home/papalio/.local/lib/python3.10/site-packages/airflow/example_dags/example_bash_operator.py
[2024-07-20T14:10:24.627+0900] {processor.py:830} INFO - Processing file /home/papalio/.local/lib/python3.10/site-packages/airflow/example_dags/example_bash_operator.py for tasks to queue
[2024-07-20T14:10:24.630+0900] {logging_mixin.py:188} INFO - [2024-07-20T14:10:24.629+0900] {dagbag.py:545} INFO - Filling up the DagBag from /home/papalio/.local/lib/python3.10/site-packages/airflow/example_dags/example_bash_operator.py
[2024-07-20T14:10:24.655+0900] {processor.py:840} INFO - DAG(s) 'example_bash_operator' retrieved from /home/papalio/.local/lib/python3.10/site-packages/airflow/example_dags/example_bash_operator.py
[2024-07-20T14:10:24.819+0900] {logging_mixin.py:188} INFO - [2024-07-20T14:10:24.818+0900] {dag.py:3096} INFO - Sync 1 DAGs
[2024-07-20T14:10:24.863+0900] {logging_mixin.py:188} INFO - [2024-07-20T14:10:24.863+0900] {dag.py:3954} INFO - Setting next_dagrun for example_bash_operator to 2024-07-19 00:00:00+00:00, run_after=2024-07-20 00:00:00+00:00
[2024-07-20T14:10:24.902+0900] {processor.py:183} INFO - Processing /home/papalio/.local/lib/python3.10/site-packages/airflow/example_dags/example_bash_operator.py took 0.288 seconds
[2024-07-20T14:11:38.059+0900] {processor.py:161} INFO - Started process (PID=13069) to work on /home/papalio/.local/lib/python3.10/site-packages/airflow/example_dags/example_bash_operator.py
[2024-07-20T14:11:38.062+0900] {processor.py:830} INFO - Processing file /home/papalio/.local/lib/python3.10/site-packages/airflow/example_dags/example_bash_operator.py for tasks to queue
[2024-07-20T14:11:38.065+0900] {logging_mixin.py:188} INFO - [2024-07-20T14:11:38.064+0900] {dagbag.py:545} INFO - Filling up the DagBag from /home/papalio/.local/lib/python3.10/site-packages/airflow/example_dags/example_bash_operator.py
[2024-07-20T14:11:38.083+0900] {processor.py:840} INFO - DAG(s) 'example_bash_operator' retrieved from /home/papalio/.local/lib/python3.10/site-packages/airflow/example_dags/example_bash_operator.py
[2024-07-20T14:11:38.136+0900] {logging_mixin.py:188} INFO - [2024-07-20T14:11:38.136+0900] {dag.py:3096} INFO - Sync 1 DAGs
[2024-07-20T14:11:38.170+0900] {logging_mixin.py:188} INFO - [2024-07-20T14:11:38.170+0900] {dag.py:3954} INFO - Setting next_dagrun for example_bash_operator to 2024-07-19 00:00:00+00:00, run_after=2024-07-20 00:00:00+00:00
[2024-07-20T14:11:38.218+0900] {processor.py:183} INFO - Processing /home/papalio/.local/lib/python3.10/site-packages/airflow/example_dags/example_bash_operator.py took 0.168 seconds
[2024-07-20T14:12:57.829+0900] {processor.py:161} INFO - Started process (PID=13574) to work on /home/papalio/.local/lib/python3.10/site-packages/airflow/example_dags/example_bash_operator.py
[2024-07-20T14:12:57.839+0900] {processor.py:830} INFO - Processing file /home/papalio/.local/lib/python3.10/site-packages/airflow/example_dags/example_bash_operator.py for tasks to queue
[2024-07-20T14:12:57.842+0900] {logging_mixin.py:188} INFO - [2024-07-20T14:12:57.842+0900] {dagbag.py:545} INFO - Filling up the DagBag from /home/papalio/.local/lib/python3.10/site-packages/airflow/example_dags/example_bash_operator.py
[2024-07-20T14:12:57.859+0900] {processor.py:840} INFO - DAG(s) 'example_bash_operator' retrieved from /home/papalio/.local/lib/python3.10/site-packages/airflow/example_dags/example_bash_operator.py
[2024-07-20T14:12:57.890+0900] {logging_mixin.py:188} INFO - [2024-07-20T14:12:57.889+0900] {dag.py:3096} INFO - Sync 1 DAGs
[2024-07-20T14:12:57.920+0900] {logging_mixin.py:188} INFO - [2024-07-20T14:12:57.920+0900] {dag.py:3954} INFO - Setting next_dagrun for example_bash_operator to 2024-07-19 00:00:00+00:00, run_after=2024-07-20 00:00:00+00:00
[2024-07-20T14:12:57.965+0900] {processor.py:183} INFO - Processing /home/papalio/.local/lib/python3.10/site-packages/airflow/example_dags/example_bash_operator.py took 0.145 seconds
[2024-07-20T14:14:22.211+0900] {processor.py:161} INFO - Started process (PID=14099) to work on /home/papalio/.local/lib/python3.10/site-packages/airflow/example_dags/example_bash_operator.py
[2024-07-20T14:14:22.214+0900] {processor.py:830} INFO - Processing file /home/papalio/.local/lib/python3.10/site-packages/airflow/example_dags/example_bash_operator.py for tasks to queue
[2024-07-20T14:14:22.217+0900] {logging_mixin.py:188} INFO - [2024-07-20T14:14:22.216+0900] {dagbag.py:545} INFO - Filling up the DagBag from /home/papalio/.local/lib/python3.10/site-packages/airflow/example_dags/example_bash_operator.py
[2024-07-20T14:14:22.234+0900] {processor.py:840} INFO - DAG(s) 'example_bash_operator' retrieved from /home/papalio/.local/lib/python3.10/site-packages/airflow/example_dags/example_bash_operator.py
[2024-07-20T14:14:22.267+0900] {logging_mixin.py:188} INFO - [2024-07-20T14:14:22.267+0900] {dag.py:3096} INFO - Sync 1 DAGs
[2024-07-20T14:14:22.302+0900] {logging_mixin.py:188} INFO - [2024-07-20T14:14:22.302+0900] {dag.py:3954} INFO - Setting next_dagrun for example_bash_operator to 2024-07-19 00:00:00+00:00, run_after=2024-07-20 00:00:00+00:00
[2024-07-20T14:14:22.345+0900] {processor.py:183} INFO - Processing /home/papalio/.local/lib/python3.10/site-packages/airflow/example_dags/example_bash_operator.py took 0.143 seconds
[2024-07-20T14:15:40.599+0900] {processor.py:161} INFO - Started process (PID=14598) to work on /home/papalio/.local/lib/python3.10/site-packages/airflow/example_dags/example_bash_operator.py
[2024-07-20T14:15:40.603+0900] {processor.py:830} INFO - Processing file /home/papalio/.local/lib/python3.10/site-packages/airflow/example_dags/example_bash_operator.py for tasks to queue
[2024-07-20T14:15:40.609+0900] {logging_mixin.py:188} INFO - [2024-07-20T14:15:40.608+0900] {dagbag.py:545} INFO - Filling up the DagBag from /home/papalio/.local/lib/python3.10/site-packages/airflow/example_dags/example_bash_operator.py
[2024-07-20T14:15:40.641+0900] {processor.py:840} INFO - DAG(s) 'example_bash_operator' retrieved from /home/papalio/.local/lib/python3.10/site-packages/airflow/example_dags/example_bash_operator.py
[2024-07-20T14:15:40.694+0900] {logging_mixin.py:188} INFO - [2024-07-20T14:15:40.693+0900] {dag.py:3096} INFO - Sync 1 DAGs
[2024-07-20T14:15:40.747+0900] {logging_mixin.py:188} INFO - [2024-07-20T14:15:40.747+0900] {dag.py:3954} INFO - Setting next_dagrun for example_bash_operator to 2024-07-19 00:00:00+00:00, run_after=2024-07-20 00:00:00+00:00
[2024-07-20T14:15:40.820+0900] {processor.py:183} INFO - Processing /home/papalio/.local/lib/python3.10/site-packages/airflow/example_dags/example_bash_operator.py took 0.237 seconds
[2024-07-20T14:16:57.775+0900] {processor.py:161} INFO - Started process (PID=15094) to work on /home/papalio/.local/lib/python3.10/site-packages/airflow/example_dags/example_bash_operator.py
[2024-07-20T14:16:57.777+0900] {processor.py:830} INFO - Processing file /home/papalio/.local/lib/python3.10/site-packages/airflow/example_dags/example_bash_operator.py for tasks to queue
[2024-07-20T14:16:57.779+0900] {logging_mixin.py:188} INFO - [2024-07-20T14:16:57.778+0900] {dagbag.py:545} INFO - Filling up the DagBag from /home/papalio/.local/lib/python3.10/site-packages/airflow/example_dags/example_bash_operator.py
[2024-07-20T14:16:57.795+0900] {processor.py:840} INFO - DAG(s) 'example_bash_operator' retrieved from /home/papalio/.local/lib/python3.10/site-packages/airflow/example_dags/example_bash_operator.py
[2024-07-20T14:16:57.825+0900] {logging_mixin.py:188} INFO - [2024-07-20T14:16:57.825+0900] {dag.py:3096} INFO - Sync 1 DAGs
[2024-07-20T14:16:57.884+0900] {logging_mixin.py:188} INFO - [2024-07-20T14:16:57.883+0900] {dag.py:3954} INFO - Setting next_dagrun for example_bash_operator to 2024-07-19 00:00:00+00:00, run_after=2024-07-20 00:00:00+00:00
[2024-07-20T14:16:57.924+0900] {processor.py:183} INFO - Processing /home/papalio/.local/lib/python3.10/site-packages/airflow/example_dags/example_bash_operator.py took 0.158 seconds
[2024-07-20T14:18:17.369+0900] {processor.py:161} INFO - Started process (PID=15604) to work on /home/papalio/.local/lib/python3.10/site-packages/airflow/example_dags/example_bash_operator.py
[2024-07-20T14:18:17.372+0900] {processor.py:830} INFO - Processing file /home/papalio/.local/lib/python3.10/site-packages/airflow/example_dags/example_bash_operator.py for tasks to queue
[2024-07-20T14:18:17.375+0900] {logging_mixin.py:188} INFO - [2024-07-20T14:18:17.374+0900] {dagbag.py:545} INFO - Filling up the DagBag from /home/papalio/.local/lib/python3.10/site-packages/airflow/example_dags/example_bash_operator.py
[2024-07-20T14:18:17.390+0900] {processor.py:840} INFO - DAG(s) 'example_bash_operator' retrieved from /home/papalio/.local/lib/python3.10/site-packages/airflow/example_dags/example_bash_operator.py
[2024-07-20T14:18:17.418+0900] {logging_mixin.py:188} INFO - [2024-07-20T14:18:17.417+0900] {dag.py:3096} INFO - Sync 1 DAGs
[2024-07-20T14:18:17.444+0900] {logging_mixin.py:188} INFO - [2024-07-20T14:18:17.443+0900] {dag.py:3954} INFO - Setting next_dagrun for example_bash_operator to 2024-07-19 00:00:00+00:00, run_after=2024-07-20 00:00:00+00:00
[2024-07-20T14:18:17.488+0900] {processor.py:183} INFO - Processing /home/papalio/.local/lib/python3.10/site-packages/airflow/example_dags/example_bash_operator.py took 0.127 seconds
[2024-07-20T14:19:39.469+0900] {processor.py:161} INFO - Started process (PID=16119) to work on /home/papalio/.local/lib/python3.10/site-packages/airflow/example_dags/example_bash_operator.py
[2024-07-20T14:19:39.471+0900] {processor.py:830} INFO - Processing file /home/papalio/.local/lib/python3.10/site-packages/airflow/example_dags/example_bash_operator.py for tasks to queue
[2024-07-20T14:19:39.473+0900] {logging_mixin.py:188} INFO - [2024-07-20T14:19:39.472+0900] {dagbag.py:545} INFO - Filling up the DagBag from /home/papalio/.local/lib/python3.10/site-packages/airflow/example_dags/example_bash_operator.py
[2024-07-20T14:19:39.485+0900] {processor.py:840} INFO - DAG(s) 'example_bash_operator' retrieved from /home/papalio/.local/lib/python3.10/site-packages/airflow/example_dags/example_bash_operator.py
[2024-07-20T14:19:39.503+0900] {logging_mixin.py:188} INFO - [2024-07-20T14:19:39.503+0900] {dag.py:3096} INFO - Sync 1 DAGs
[2024-07-20T14:19:39.519+0900] {logging_mixin.py:188} INFO - [2024-07-20T14:19:39.519+0900] {dag.py:3954} INFO - Setting next_dagrun for example_bash_operator to 2024-07-19 00:00:00+00:00, run_after=2024-07-20 00:00:00+00:00
[2024-07-20T14:19:39.546+0900] {processor.py:183} INFO - Processing /home/papalio/.local/lib/python3.10/site-packages/airflow/example_dags/example_bash_operator.py took 0.083 seconds
[2024-07-20T14:21:09.993+0900] {processor.py:161} INFO - Started process (PID=16743) to work on /home/papalio/.local/lib/python3.10/site-packages/airflow/example_dags/example_bash_operator.py
[2024-07-20T14:21:09.996+0900] {processor.py:830} INFO - Processing file /home/papalio/.local/lib/python3.10/site-packages/airflow/example_dags/example_bash_operator.py for tasks to queue
[2024-07-20T14:21:10.000+0900] {logging_mixin.py:188} INFO - [2024-07-20T14:21:09.999+0900] {dagbag.py:545} INFO - Filling up the DagBag from /home/papalio/.local/lib/python3.10/site-packages/airflow/example_dags/example_bash_operator.py
[2024-07-20T14:21:10.044+0900] {processor.py:840} INFO - DAG(s) 'example_bash_operator' retrieved from /home/papalio/.local/lib/python3.10/site-packages/airflow/example_dags/example_bash_operator.py
[2024-07-20T14:21:10.097+0900] {logging_mixin.py:188} INFO - [2024-07-20T14:21:10.097+0900] {dag.py:3096} INFO - Sync 1 DAGs
[2024-07-20T14:21:10.134+0900] {logging_mixin.py:188} INFO - [2024-07-20T14:21:10.133+0900] {dag.py:3954} INFO - Setting next_dagrun for example_bash_operator to 2024-07-19 00:00:00+00:00, run_after=2024-07-20 00:00:00+00:00
[2024-07-20T14:21:10.186+0900] {processor.py:183} INFO - Processing /home/papalio/.local/lib/python3.10/site-packages/airflow/example_dags/example_bash_operator.py took 0.208 seconds
[2024-07-20T14:22:43.073+0900] {processor.py:161} INFO - Started process (PID=17349) to work on /home/papalio/.local/lib/python3.10/site-packages/airflow/example_dags/example_bash_operator.py
[2024-07-20T14:22:43.077+0900] {processor.py:830} INFO - Processing file /home/papalio/.local/lib/python3.10/site-packages/airflow/example_dags/example_bash_operator.py for tasks to queue
[2024-07-20T14:22:43.083+0900] {logging_mixin.py:188} INFO - [2024-07-20T14:22:43.080+0900] {dagbag.py:545} INFO - Filling up the DagBag from /home/papalio/.local/lib/python3.10/site-packages/airflow/example_dags/example_bash_operator.py
[2024-07-20T14:22:43.123+0900] {processor.py:840} INFO - DAG(s) 'example_bash_operator' retrieved from /home/papalio/.local/lib/python3.10/site-packages/airflow/example_dags/example_bash_operator.py
[2024-07-20T14:22:43.235+0900] {logging_mixin.py:188} INFO - [2024-07-20T14:22:43.233+0900] {dag.py:3096} INFO - Sync 1 DAGs
[2024-07-20T14:22:43.309+0900] {logging_mixin.py:188} INFO - [2024-07-20T14:22:43.308+0900] {dag.py:3954} INFO - Setting next_dagrun for example_bash_operator to 2024-07-19 00:00:00+00:00, run_after=2024-07-20 00:00:00+00:00
[2024-07-20T14:22:43.389+0900] {processor.py:183} INFO - Processing /home/papalio/.local/lib/python3.10/site-packages/airflow/example_dags/example_bash_operator.py took 0.334 seconds
[2024-07-20T14:24:25.841+0900] {processor.py:161} INFO - Started process (PID=17943) to work on /home/papalio/.local/lib/python3.10/site-packages/airflow/example_dags/example_bash_operator.py
[2024-07-20T14:24:25.845+0900] {processor.py:830} INFO - Processing file /home/papalio/.local/lib/python3.10/site-packages/airflow/example_dags/example_bash_operator.py for tasks to queue
[2024-07-20T14:24:25.847+0900] {logging_mixin.py:188} INFO - [2024-07-20T14:24:25.846+0900] {dagbag.py:545} INFO - Filling up the DagBag from /home/papalio/.local/lib/python3.10/site-packages/airflow/example_dags/example_bash_operator.py
[2024-07-20T14:24:25.865+0900] {processor.py:840} INFO - DAG(s) 'example_bash_operator' retrieved from /home/papalio/.local/lib/python3.10/site-packages/airflow/example_dags/example_bash_operator.py
[2024-07-20T14:24:25.885+0900] {logging_mixin.py:188} INFO - [2024-07-20T14:24:25.885+0900] {dag.py:3096} INFO - Sync 1 DAGs
[2024-07-20T14:24:25.901+0900] {logging_mixin.py:188} INFO - [2024-07-20T14:24:25.901+0900] {dag.py:3954} INFO - Setting next_dagrun for example_bash_operator to 2024-07-19 00:00:00+00:00, run_after=2024-07-20 00:00:00+00:00
[2024-07-20T14:24:25.924+0900] {processor.py:183} INFO - Processing /home/papalio/.local/lib/python3.10/site-packages/airflow/example_dags/example_bash_operator.py took 0.093 seconds
[2024-07-20T14:26:01.776+0900] {processor.py:161} INFO - Started process (PID=18519) to work on /home/papalio/.local/lib/python3.10/site-packages/airflow/example_dags/example_bash_operator.py
[2024-07-20T14:26:01.778+0900] {processor.py:830} INFO - Processing file /home/papalio/.local/lib/python3.10/site-packages/airflow/example_dags/example_bash_operator.py for tasks to queue
[2024-07-20T14:26:01.780+0900] {logging_mixin.py:188} INFO - [2024-07-20T14:26:01.779+0900] {dagbag.py:545} INFO - Filling up the DagBag from /home/papalio/.local/lib/python3.10/site-packages/airflow/example_dags/example_bash_operator.py
[2024-07-20T14:26:01.806+0900] {processor.py:840} INFO - DAG(s) 'example_bash_operator' retrieved from /home/papalio/.local/lib/python3.10/site-packages/airflow/example_dags/example_bash_operator.py
[2024-07-20T14:26:01.874+0900] {logging_mixin.py:188} INFO - [2024-07-20T14:26:01.874+0900] {dag.py:3096} INFO - Sync 1 DAGs
[2024-07-20T14:26:01.927+0900] {logging_mixin.py:188} INFO - [2024-07-20T14:26:01.925+0900] {dag.py:3954} INFO - Setting next_dagrun for example_bash_operator to 2024-07-19 00:00:00+00:00, run_after=2024-07-20 00:00:00+00:00
[2024-07-20T14:26:01.983+0900] {processor.py:183} INFO - Processing /home/papalio/.local/lib/python3.10/site-packages/airflow/example_dags/example_bash_operator.py took 0.219 seconds
[2024-07-20T14:27:37.936+0900] {processor.py:161} INFO - Started process (PID=19087) to work on /home/papalio/.local/lib/python3.10/site-packages/airflow/example_dags/example_bash_operator.py
[2024-07-20T14:27:37.940+0900] {processor.py:830} INFO - Processing file /home/papalio/.local/lib/python3.10/site-packages/airflow/example_dags/example_bash_operator.py for tasks to queue
[2024-07-20T14:27:37.942+0900] {logging_mixin.py:188} INFO - [2024-07-20T14:27:37.941+0900] {dagbag.py:545} INFO - Filling up the DagBag from /home/papalio/.local/lib/python3.10/site-packages/airflow/example_dags/example_bash_operator.py
[2024-07-20T14:27:37.959+0900] {processor.py:840} INFO - DAG(s) 'example_bash_operator' retrieved from /home/papalio/.local/lib/python3.10/site-packages/airflow/example_dags/example_bash_operator.py
[2024-07-20T14:27:37.997+0900] {logging_mixin.py:188} INFO - [2024-07-20T14:27:37.996+0900] {dag.py:3096} INFO - Sync 1 DAGs
[2024-07-20T14:27:38.031+0900] {logging_mixin.py:188} INFO - [2024-07-20T14:27:38.030+0900] {dag.py:3954} INFO - Setting next_dagrun for example_bash_operator to 2024-07-19 00:00:00+00:00, run_after=2024-07-20 00:00:00+00:00
[2024-07-20T14:27:38.084+0900] {processor.py:183} INFO - Processing /home/papalio/.local/lib/python3.10/site-packages/airflow/example_dags/example_bash_operator.py took 0.157 seconds
[2024-07-20T14:28:54.328+0900] {processor.py:161} INFO - Started process (PID=19581) to work on /home/papalio/.local/lib/python3.10/site-packages/airflow/example_dags/example_bash_operator.py
[2024-07-20T14:28:54.332+0900] {processor.py:830} INFO - Processing file /home/papalio/.local/lib/python3.10/site-packages/airflow/example_dags/example_bash_operator.py for tasks to queue
[2024-07-20T14:28:54.334+0900] {logging_mixin.py:188} INFO - [2024-07-20T14:28:54.333+0900] {dagbag.py:545} INFO - Filling up the DagBag from /home/papalio/.local/lib/python3.10/site-packages/airflow/example_dags/example_bash_operator.py
[2024-07-20T14:28:54.355+0900] {processor.py:840} INFO - DAG(s) 'example_bash_operator' retrieved from /home/papalio/.local/lib/python3.10/site-packages/airflow/example_dags/example_bash_operator.py
[2024-07-20T14:28:54.399+0900] {logging_mixin.py:188} INFO - [2024-07-20T14:28:54.398+0900] {dag.py:3096} INFO - Sync 1 DAGs
[2024-07-20T14:28:54.430+0900] {logging_mixin.py:188} INFO - [2024-07-20T14:28:54.430+0900] {dag.py:3954} INFO - Setting next_dagrun for example_bash_operator to 2024-07-19 00:00:00+00:00, run_after=2024-07-20 00:00:00+00:00
[2024-07-20T14:28:54.470+0900] {processor.py:183} INFO - Processing /home/papalio/.local/lib/python3.10/site-packages/airflow/example_dags/example_bash_operator.py took 0.152 seconds
[2024-07-20T14:30:14.596+0900] {processor.py:161} INFO - Started process (PID=20098) to work on /home/papalio/.local/lib/python3.10/site-packages/airflow/example_dags/example_bash_operator.py
[2024-07-20T14:30:14.599+0900] {processor.py:830} INFO - Processing file /home/papalio/.local/lib/python3.10/site-packages/airflow/example_dags/example_bash_operator.py for tasks to queue
[2024-07-20T14:30:14.601+0900] {logging_mixin.py:188} INFO - [2024-07-20T14:30:14.600+0900] {dagbag.py:545} INFO - Filling up the DagBag from /home/papalio/.local/lib/python3.10/site-packages/airflow/example_dags/example_bash_operator.py
[2024-07-20T14:30:14.645+0900] {processor.py:840} INFO - DAG(s) 'example_bash_operator' retrieved from /home/papalio/.local/lib/python3.10/site-packages/airflow/example_dags/example_bash_operator.py
[2024-07-20T14:30:14.741+0900] {logging_mixin.py:188} INFO - [2024-07-20T14:30:14.740+0900] {dag.py:3096} INFO - Sync 1 DAGs
[2024-07-20T14:30:14.818+0900] {logging_mixin.py:188} INFO - [2024-07-20T14:30:14.817+0900] {dag.py:3954} INFO - Setting next_dagrun for example_bash_operator to 2024-07-19 00:00:00+00:00, run_after=2024-07-20 00:00:00+00:00
[2024-07-20T14:30:14.917+0900] {processor.py:183} INFO - Processing /home/papalio/.local/lib/python3.10/site-packages/airflow/example_dags/example_bash_operator.py took 0.369 seconds
[2024-07-20T14:31:33.483+0900] {processor.py:161} INFO - Started process (PID=20603) to work on /home/papalio/.local/lib/python3.10/site-packages/airflow/example_dags/example_bash_operator.py
[2024-07-20T14:31:33.487+0900] {processor.py:830} INFO - Processing file /home/papalio/.local/lib/python3.10/site-packages/airflow/example_dags/example_bash_operator.py for tasks to queue
[2024-07-20T14:31:33.488+0900] {logging_mixin.py:188} INFO - [2024-07-20T14:31:33.488+0900] {dagbag.py:545} INFO - Filling up the DagBag from /home/papalio/.local/lib/python3.10/site-packages/airflow/example_dags/example_bash_operator.py
[2024-07-20T14:31:33.510+0900] {processor.py:840} INFO - DAG(s) 'example_bash_operator' retrieved from /home/papalio/.local/lib/python3.10/site-packages/airflow/example_dags/example_bash_operator.py
[2024-07-20T14:31:33.550+0900] {logging_mixin.py:188} INFO - [2024-07-20T14:31:33.549+0900] {dag.py:3096} INFO - Sync 1 DAGs
[2024-07-20T14:31:33.583+0900] {logging_mixin.py:188} INFO - [2024-07-20T14:31:33.582+0900] {dag.py:3954} INFO - Setting next_dagrun for example_bash_operator to 2024-07-19 00:00:00+00:00, run_after=2024-07-20 00:00:00+00:00
[2024-07-20T14:31:33.622+0900] {processor.py:183} INFO - Processing /home/papalio/.local/lib/python3.10/site-packages/airflow/example_dags/example_bash_operator.py took 0.149 seconds
[2024-07-20T14:33:04.534+0900] {processor.py:161} INFO - Started process (PID=21150) to work on /home/papalio/.local/lib/python3.10/site-packages/airflow/example_dags/example_bash_operator.py
[2024-07-20T14:33:04.537+0900] {processor.py:830} INFO - Processing file /home/papalio/.local/lib/python3.10/site-packages/airflow/example_dags/example_bash_operator.py for tasks to queue
[2024-07-20T14:33:04.539+0900] {logging_mixin.py:188} INFO - [2024-07-20T14:33:04.538+0900] {dagbag.py:545} INFO - Filling up the DagBag from /home/papalio/.local/lib/python3.10/site-packages/airflow/example_dags/example_bash_operator.py
[2024-07-20T14:33:04.563+0900] {processor.py:840} INFO - DAG(s) 'example_bash_operator' retrieved from /home/papalio/.local/lib/python3.10/site-packages/airflow/example_dags/example_bash_operator.py
[2024-07-20T14:33:04.608+0900] {logging_mixin.py:188} INFO - [2024-07-20T14:33:04.607+0900] {dag.py:3096} INFO - Sync 1 DAGs
[2024-07-20T14:33:04.647+0900] {logging_mixin.py:188} INFO - [2024-07-20T14:33:04.647+0900] {dag.py:3954} INFO - Setting next_dagrun for example_bash_operator to 2024-07-19 00:00:00+00:00, run_after=2024-07-20 00:00:00+00:00
[2024-07-20T14:33:04.704+0900] {processor.py:183} INFO - Processing /home/papalio/.local/lib/python3.10/site-packages/airflow/example_dags/example_bash_operator.py took 0.183 seconds
[2024-07-20T14:34:32.232+0900] {processor.py:161} INFO - Started process (PID=21691) to work on /home/papalio/.local/lib/python3.10/site-packages/airflow/example_dags/example_bash_operator.py
[2024-07-20T14:34:32.241+0900] {processor.py:830} INFO - Processing file /home/papalio/.local/lib/python3.10/site-packages/airflow/example_dags/example_bash_operator.py for tasks to queue
[2024-07-20T14:34:32.244+0900] {logging_mixin.py:188} INFO - [2024-07-20T14:34:32.243+0900] {dagbag.py:545} INFO - Filling up the DagBag from /home/papalio/.local/lib/python3.10/site-packages/airflow/example_dags/example_bash_operator.py
[2024-07-20T14:34:32.289+0900] {processor.py:840} INFO - DAG(s) 'example_bash_operator' retrieved from /home/papalio/.local/lib/python3.10/site-packages/airflow/example_dags/example_bash_operator.py
[2024-07-20T14:34:32.456+0900] {logging_mixin.py:188} INFO - [2024-07-20T14:34:32.455+0900] {dag.py:3096} INFO - Sync 1 DAGs
[2024-07-20T14:34:32.548+0900] {logging_mixin.py:188} INFO - [2024-07-20T14:34:32.547+0900] {dag.py:3954} INFO - Setting next_dagrun for example_bash_operator to 2024-07-19 00:00:00+00:00, run_after=2024-07-20 00:00:00+00:00
[2024-07-20T14:34:32.641+0900] {processor.py:183} INFO - Processing /home/papalio/.local/lib/python3.10/site-packages/airflow/example_dags/example_bash_operator.py took 0.433 seconds
[2024-07-20T14:35:51.581+0900] {processor.py:161} INFO - Started process (PID=22195) to work on /home/papalio/.local/lib/python3.10/site-packages/airflow/example_dags/example_bash_operator.py
[2024-07-20T14:35:51.587+0900] {processor.py:830} INFO - Processing file /home/papalio/.local/lib/python3.10/site-packages/airflow/example_dags/example_bash_operator.py for tasks to queue
[2024-07-20T14:35:51.588+0900] {logging_mixin.py:188} INFO - [2024-07-20T14:35:51.588+0900] {dagbag.py:545} INFO - Filling up the DagBag from /home/papalio/.local/lib/python3.10/site-packages/airflow/example_dags/example_bash_operator.py
[2024-07-20T14:35:51.616+0900] {processor.py:840} INFO - DAG(s) 'example_bash_operator' retrieved from /home/papalio/.local/lib/python3.10/site-packages/airflow/example_dags/example_bash_operator.py
[2024-07-20T14:35:51.678+0900] {logging_mixin.py:188} INFO - [2024-07-20T14:35:51.678+0900] {dag.py:3096} INFO - Sync 1 DAGs
[2024-07-20T14:35:51.746+0900] {logging_mixin.py:188} INFO - [2024-07-20T14:35:51.745+0900] {dag.py:3954} INFO - Setting next_dagrun for example_bash_operator to 2024-07-19 00:00:00+00:00, run_after=2024-07-20 00:00:00+00:00
[2024-07-20T14:35:51.810+0900] {processor.py:183} INFO - Processing /home/papalio/.local/lib/python3.10/site-packages/airflow/example_dags/example_bash_operator.py took 0.243 seconds
[2024-07-20T14:37:12.808+0900] {processor.py:161} INFO - Started process (PID=22708) to work on /home/papalio/.local/lib/python3.10/site-packages/airflow/example_dags/example_bash_operator.py
[2024-07-20T14:37:12.809+0900] {processor.py:830} INFO - Processing file /home/papalio/.local/lib/python3.10/site-packages/airflow/example_dags/example_bash_operator.py for tasks to queue
[2024-07-20T14:37:12.811+0900] {logging_mixin.py:188} INFO - [2024-07-20T14:37:12.810+0900] {dagbag.py:545} INFO - Filling up the DagBag from /home/papalio/.local/lib/python3.10/site-packages/airflow/example_dags/example_bash_operator.py
[2024-07-20T14:37:12.824+0900] {processor.py:840} INFO - DAG(s) 'example_bash_operator' retrieved from /home/papalio/.local/lib/python3.10/site-packages/airflow/example_dags/example_bash_operator.py
[2024-07-20T14:37:12.851+0900] {logging_mixin.py:188} INFO - [2024-07-20T14:37:12.850+0900] {dag.py:3096} INFO - Sync 1 DAGs
[2024-07-20T14:37:12.879+0900] {logging_mixin.py:188} INFO - [2024-07-20T14:37:12.879+0900] {dag.py:3954} INFO - Setting next_dagrun for example_bash_operator to 2024-07-19 00:00:00+00:00, run_after=2024-07-20 00:00:00+00:00
[2024-07-20T14:37:12.922+0900] {processor.py:183} INFO - Processing /home/papalio/.local/lib/python3.10/site-packages/airflow/example_dags/example_bash_operator.py took 0.121 seconds
[2024-07-20T14:38:36.091+0900] {processor.py:161} INFO - Started process (PID=23225) to work on /home/papalio/.local/lib/python3.10/site-packages/airflow/example_dags/example_bash_operator.py
[2024-07-20T14:38:36.094+0900] {processor.py:830} INFO - Processing file /home/papalio/.local/lib/python3.10/site-packages/airflow/example_dags/example_bash_operator.py for tasks to queue
[2024-07-20T14:38:36.096+0900] {logging_mixin.py:188} INFO - [2024-07-20T14:38:36.095+0900] {dagbag.py:545} INFO - Filling up the DagBag from /home/papalio/.local/lib/python3.10/site-packages/airflow/example_dags/example_bash_operator.py
[2024-07-20T14:38:36.115+0900] {processor.py:840} INFO - DAG(s) 'example_bash_operator' retrieved from /home/papalio/.local/lib/python3.10/site-packages/airflow/example_dags/example_bash_operator.py
[2024-07-20T14:38:36.147+0900] {logging_mixin.py:188} INFO - [2024-07-20T14:38:36.146+0900] {dag.py:3096} INFO - Sync 1 DAGs
[2024-07-20T14:38:36.186+0900] {logging_mixin.py:188} INFO - [2024-07-20T14:38:36.186+0900] {dag.py:3954} INFO - Setting next_dagrun for example_bash_operator to 2024-07-19 00:00:00+00:00, run_after=2024-07-20 00:00:00+00:00
[2024-07-20T14:38:36.229+0900] {processor.py:183} INFO - Processing /home/papalio/.local/lib/python3.10/site-packages/airflow/example_dags/example_bash_operator.py took 0.151 seconds
[2024-07-20T14:40:06.402+0900] {processor.py:161} INFO - Started process (PID=23778) to work on /home/papalio/.local/lib/python3.10/site-packages/airflow/example_dags/example_bash_operator.py
[2024-07-20T14:40:06.404+0900] {processor.py:830} INFO - Processing file /home/papalio/.local/lib/python3.10/site-packages/airflow/example_dags/example_bash_operator.py for tasks to queue
[2024-07-20T14:40:06.406+0900] {logging_mixin.py:188} INFO - [2024-07-20T14:40:06.406+0900] {dagbag.py:545} INFO - Filling up the DagBag from /home/papalio/.local/lib/python3.10/site-packages/airflow/example_dags/example_bash_operator.py
[2024-07-20T14:40:06.428+0900] {processor.py:840} INFO - DAG(s) 'example_bash_operator' retrieved from /home/papalio/.local/lib/python3.10/site-packages/airflow/example_dags/example_bash_operator.py
[2024-07-20T14:40:06.469+0900] {logging_mixin.py:188} INFO - [2024-07-20T14:40:06.469+0900] {dag.py:3096} INFO - Sync 1 DAGs
[2024-07-20T14:40:06.500+0900] {logging_mixin.py:188} INFO - [2024-07-20T14:40:06.500+0900] {dag.py:3954} INFO - Setting next_dagrun for example_bash_operator to 2024-07-19 00:00:00+00:00, run_after=2024-07-20 00:00:00+00:00
[2024-07-20T14:40:06.544+0900] {processor.py:183} INFO - Processing /home/papalio/.local/lib/python3.10/site-packages/airflow/example_dags/example_bash_operator.py took 0.154 seconds
[2024-07-20T14:41:38.337+0900] {processor.py:161} INFO - Started process (PID=24332) to work on /home/papalio/.local/lib/python3.10/site-packages/airflow/example_dags/example_bash_operator.py
[2024-07-20T14:41:38.346+0900] {processor.py:830} INFO - Processing file /home/papalio/.local/lib/python3.10/site-packages/airflow/example_dags/example_bash_operator.py for tasks to queue
[2024-07-20T14:41:38.350+0900] {logging_mixin.py:188} INFO - [2024-07-20T14:41:38.349+0900] {dagbag.py:545} INFO - Filling up the DagBag from /home/papalio/.local/lib/python3.10/site-packages/airflow/example_dags/example_bash_operator.py
[2024-07-20T14:41:38.410+0900] {processor.py:840} INFO - DAG(s) 'example_bash_operator' retrieved from /home/papalio/.local/lib/python3.10/site-packages/airflow/example_dags/example_bash_operator.py
[2024-07-20T14:41:38.511+0900] {logging_mixin.py:188} INFO - [2024-07-20T14:41:38.508+0900] {dag.py:3096} INFO - Sync 1 DAGs
[2024-07-20T14:41:38.605+0900] {logging_mixin.py:188} INFO - [2024-07-20T14:41:38.604+0900] {dag.py:3954} INFO - Setting next_dagrun for example_bash_operator to 2024-07-19 00:00:00+00:00, run_after=2024-07-20 00:00:00+00:00
[2024-07-20T14:41:38.690+0900] {processor.py:183} INFO - Processing /home/papalio/.local/lib/python3.10/site-packages/airflow/example_dags/example_bash_operator.py took 0.382 seconds
[2024-07-20T14:43:01.952+0900] {processor.py:161} INFO - Started process (PID=24878) to work on /home/papalio/.local/lib/python3.10/site-packages/airflow/example_dags/example_bash_operator.py
[2024-07-20T14:43:01.955+0900] {processor.py:830} INFO - Processing file /home/papalio/.local/lib/python3.10/site-packages/airflow/example_dags/example_bash_operator.py for tasks to queue
[2024-07-20T14:43:01.957+0900] {logging_mixin.py:188} INFO - [2024-07-20T14:43:01.956+0900] {dagbag.py:545} INFO - Filling up the DagBag from /home/papalio/.local/lib/python3.10/site-packages/airflow/example_dags/example_bash_operator.py
[2024-07-20T14:43:01.981+0900] {processor.py:840} INFO - DAG(s) 'example_bash_operator' retrieved from /home/papalio/.local/lib/python3.10/site-packages/airflow/example_dags/example_bash_operator.py
[2024-07-20T14:43:02.023+0900] {logging_mixin.py:188} INFO - [2024-07-20T14:43:02.023+0900] {dag.py:3096} INFO - Sync 1 DAGs
[2024-07-20T14:43:02.063+0900] {logging_mixin.py:188} INFO - [2024-07-20T14:43:02.063+0900] {dag.py:3954} INFO - Setting next_dagrun for example_bash_operator to 2024-07-19 00:00:00+00:00, run_after=2024-07-20 00:00:00+00:00
[2024-07-20T14:43:02.104+0900] {processor.py:183} INFO - Processing /home/papalio/.local/lib/python3.10/site-packages/airflow/example_dags/example_bash_operator.py took 0.166 seconds
[2024-07-20T14:44:34.750+0900] {processor.py:161} INFO - Started process (PID=25434) to work on /home/papalio/.local/lib/python3.10/site-packages/airflow/example_dags/example_bash_operator.py
[2024-07-20T14:44:34.762+0900] {processor.py:830} INFO - Processing file /home/papalio/.local/lib/python3.10/site-packages/airflow/example_dags/example_bash_operator.py for tasks to queue
[2024-07-20T14:44:34.763+0900] {logging_mixin.py:188} INFO - [2024-07-20T14:44:34.763+0900] {dagbag.py:545} INFO - Filling up the DagBag from /home/papalio/.local/lib/python3.10/site-packages/airflow/example_dags/example_bash_operator.py
[2024-07-20T14:44:34.783+0900] {processor.py:840} INFO - DAG(s) 'example_bash_operator' retrieved from /home/papalio/.local/lib/python3.10/site-packages/airflow/example_dags/example_bash_operator.py
[2024-07-20T14:44:34.817+0900] {logging_mixin.py:188} INFO - [2024-07-20T14:44:34.817+0900] {dag.py:3096} INFO - Sync 1 DAGs
[2024-07-20T14:44:34.837+0900] {logging_mixin.py:188} INFO - [2024-07-20T14:44:34.837+0900] {dag.py:3954} INFO - Setting next_dagrun for example_bash_operator to 2024-07-19 00:00:00+00:00, run_after=2024-07-20 00:00:00+00:00
[2024-07-20T14:44:34.866+0900] {processor.py:183} INFO - Processing /home/papalio/.local/lib/python3.10/site-packages/airflow/example_dags/example_bash_operator.py took 0.126 seconds
