[2024-07-20T14:10:30.680+0900] {processor.py:161} INFO - Started process (PID=12681) to work on /home/papalio/.local/lib/python3.10/site-packages/airflow/example_dags/example_trigger_controller_dag.py
[2024-07-20T14:10:30.681+0900] {processor.py:830} INFO - Processing file /home/papalio/.local/lib/python3.10/site-packages/airflow/example_dags/example_trigger_controller_dag.py for tasks to queue
[2024-07-20T14:10:30.684+0900] {logging_mixin.py:188} INFO - [2024-07-20T14:10:30.683+0900] {dagbag.py:545} INFO - Filling up the DagBag from /home/papalio/.local/lib/python3.10/site-packages/airflow/example_dags/example_trigger_controller_dag.py
[2024-07-20T14:10:30.696+0900] {processor.py:840} INFO - DAG(s) 'example_trigger_controller_dag' retrieved from /home/papalio/.local/lib/python3.10/site-packages/airflow/example_dags/example_trigger_controller_dag.py
[2024-07-20T14:10:30.844+0900] {logging_mixin.py:188} INFO - [2024-07-20T14:10:30.843+0900] {dag.py:3096} INFO - Sync 1 DAGs
[2024-07-20T14:10:30.873+0900] {logging_mixin.py:188} INFO - [2024-07-20T14:10:30.873+0900] {dag.py:3954} INFO - Setting next_dagrun for example_trigger_controller_dag to 2021-01-01 00:00:00+00:00, run_after=2021-01-01 00:00:00+00:00
[2024-07-20T14:10:30.913+0900] {processor.py:183} INFO - Processing /home/papalio/.local/lib/python3.10/site-packages/airflow/example_dags/example_trigger_controller_dag.py took 0.246 seconds
[2024-07-20T14:11:42.363+0900] {processor.py:161} INFO - Started process (PID=13091) to work on /home/papalio/.local/lib/python3.10/site-packages/airflow/example_dags/example_trigger_controller_dag.py
[2024-07-20T14:11:42.375+0900] {processor.py:830} INFO - Processing file /home/papalio/.local/lib/python3.10/site-packages/airflow/example_dags/example_trigger_controller_dag.py for tasks to queue
[2024-07-20T14:11:42.378+0900] {logging_mixin.py:188} INFO - [2024-07-20T14:11:42.378+0900] {dagbag.py:545} INFO - Filling up the DagBag from /home/papalio/.local/lib/python3.10/site-packages/airflow/example_dags/example_trigger_controller_dag.py
[2024-07-20T14:11:42.388+0900] {processor.py:840} INFO - DAG(s) 'example_trigger_controller_dag' retrieved from /home/papalio/.local/lib/python3.10/site-packages/airflow/example_dags/example_trigger_controller_dag.py
[2024-07-20T14:11:42.411+0900] {logging_mixin.py:188} INFO - [2024-07-20T14:11:42.410+0900] {dag.py:3096} INFO - Sync 1 DAGs
[2024-07-20T14:11:42.435+0900] {logging_mixin.py:188} INFO - [2024-07-20T14:11:42.435+0900] {dag.py:3954} INFO - Setting next_dagrun for example_trigger_controller_dag to 2021-01-01 00:00:00+00:00, run_after=2021-01-01 00:00:00+00:00
[2024-07-20T14:11:42.477+0900] {processor.py:183} INFO - Processing /home/papalio/.local/lib/python3.10/site-packages/airflow/example_dags/example_trigger_controller_dag.py took 0.124 seconds
[2024-07-20T14:13:03.658+0900] {processor.py:161} INFO - Started process (PID=13601) to work on /home/papalio/.local/lib/python3.10/site-packages/airflow/example_dags/example_trigger_controller_dag.py
[2024-07-20T14:13:03.663+0900] {processor.py:830} INFO - Processing file /home/papalio/.local/lib/python3.10/site-packages/airflow/example_dags/example_trigger_controller_dag.py for tasks to queue
[2024-07-20T14:13:03.666+0900] {logging_mixin.py:188} INFO - [2024-07-20T14:13:03.665+0900] {dagbag.py:545} INFO - Filling up the DagBag from /home/papalio/.local/lib/python3.10/site-packages/airflow/example_dags/example_trigger_controller_dag.py
[2024-07-20T14:13:03.708+0900] {processor.py:840} INFO - DAG(s) 'example_trigger_controller_dag' retrieved from /home/papalio/.local/lib/python3.10/site-packages/airflow/example_dags/example_trigger_controller_dag.py
[2024-07-20T14:13:03.749+0900] {logging_mixin.py:188} INFO - [2024-07-20T14:13:03.748+0900] {dag.py:3096} INFO - Sync 1 DAGs
[2024-07-20T14:13:03.800+0900] {logging_mixin.py:188} INFO - [2024-07-20T14:13:03.800+0900] {dag.py:3954} INFO - Setting next_dagrun for example_trigger_controller_dag to 2021-01-01 00:00:00+00:00, run_after=2021-01-01 00:00:00+00:00
[2024-07-20T14:13:03.874+0900] {processor.py:183} INFO - Processing /home/papalio/.local/lib/python3.10/site-packages/airflow/example_dags/example_trigger_controller_dag.py took 0.232 seconds
[2024-07-20T14:14:28.015+0900] {processor.py:161} INFO - Started process (PID=14127) to work on /home/papalio/.local/lib/python3.10/site-packages/airflow/example_dags/example_trigger_controller_dag.py
[2024-07-20T14:14:28.019+0900] {processor.py:830} INFO - Processing file /home/papalio/.local/lib/python3.10/site-packages/airflow/example_dags/example_trigger_controller_dag.py for tasks to queue
[2024-07-20T14:14:28.022+0900] {logging_mixin.py:188} INFO - [2024-07-20T14:14:28.021+0900] {dagbag.py:545} INFO - Filling up the DagBag from /home/papalio/.local/lib/python3.10/site-packages/airflow/example_dags/example_trigger_controller_dag.py
[2024-07-20T14:14:28.033+0900] {processor.py:840} INFO - DAG(s) 'example_trigger_controller_dag' retrieved from /home/papalio/.local/lib/python3.10/site-packages/airflow/example_dags/example_trigger_controller_dag.py
[2024-07-20T14:14:28.056+0900] {logging_mixin.py:188} INFO - [2024-07-20T14:14:28.056+0900] {dag.py:3096} INFO - Sync 1 DAGs
[2024-07-20T14:14:28.087+0900] {logging_mixin.py:188} INFO - [2024-07-20T14:14:28.086+0900] {dag.py:3954} INFO - Setting next_dagrun for example_trigger_controller_dag to 2021-01-01 00:00:00+00:00, run_after=2021-01-01 00:00:00+00:00
[2024-07-20T14:14:28.126+0900] {processor.py:183} INFO - Processing /home/papalio/.local/lib/python3.10/site-packages/airflow/example_dags/example_trigger_controller_dag.py took 0.127 seconds
[2024-07-20T14:15:46.550+0900] {processor.py:161} INFO - Started process (PID=14625) to work on /home/papalio/.local/lib/python3.10/site-packages/airflow/example_dags/example_trigger_controller_dag.py
[2024-07-20T14:15:46.551+0900] {processor.py:830} INFO - Processing file /home/papalio/.local/lib/python3.10/site-packages/airflow/example_dags/example_trigger_controller_dag.py for tasks to queue
[2024-07-20T14:15:46.553+0900] {logging_mixin.py:188} INFO - [2024-07-20T14:15:46.553+0900] {dagbag.py:545} INFO - Filling up the DagBag from /home/papalio/.local/lib/python3.10/site-packages/airflow/example_dags/example_trigger_controller_dag.py
[2024-07-20T14:15:46.560+0900] {processor.py:840} INFO - DAG(s) 'example_trigger_controller_dag' retrieved from /home/papalio/.local/lib/python3.10/site-packages/airflow/example_dags/example_trigger_controller_dag.py
[2024-07-20T14:15:46.579+0900] {logging_mixin.py:188} INFO - [2024-07-20T14:15:46.578+0900] {dag.py:3096} INFO - Sync 1 DAGs
[2024-07-20T14:15:46.610+0900] {logging_mixin.py:188} INFO - [2024-07-20T14:15:46.609+0900] {dag.py:3954} INFO - Setting next_dagrun for example_trigger_controller_dag to 2021-01-01 00:00:00+00:00, run_after=2021-01-01 00:00:00+00:00
[2024-07-20T14:15:46.655+0900] {processor.py:183} INFO - Processing /home/papalio/.local/lib/python3.10/site-packages/airflow/example_dags/example_trigger_controller_dag.py took 0.119 seconds
[2024-07-20T14:17:02.929+0900] {processor.py:161} INFO - Started process (PID=15122) to work on /home/papalio/.local/lib/python3.10/site-packages/airflow/example_dags/example_trigger_controller_dag.py
[2024-07-20T14:17:02.931+0900] {processor.py:830} INFO - Processing file /home/papalio/.local/lib/python3.10/site-packages/airflow/example_dags/example_trigger_controller_dag.py for tasks to queue
[2024-07-20T14:17:02.933+0900] {logging_mixin.py:188} INFO - [2024-07-20T14:17:02.933+0900] {dagbag.py:545} INFO - Filling up the DagBag from /home/papalio/.local/lib/python3.10/site-packages/airflow/example_dags/example_trigger_controller_dag.py
[2024-07-20T14:17:02.940+0900] {processor.py:840} INFO - DAG(s) 'example_trigger_controller_dag' retrieved from /home/papalio/.local/lib/python3.10/site-packages/airflow/example_dags/example_trigger_controller_dag.py
[2024-07-20T14:17:02.967+0900] {logging_mixin.py:188} INFO - [2024-07-20T14:17:02.966+0900] {dag.py:3096} INFO - Sync 1 DAGs
[2024-07-20T14:17:02.998+0900] {logging_mixin.py:188} INFO - [2024-07-20T14:17:02.998+0900] {dag.py:3954} INFO - Setting next_dagrun for example_trigger_controller_dag to 2021-01-01 00:00:00+00:00, run_after=2021-01-01 00:00:00+00:00
[2024-07-20T14:17:03.033+0900] {processor.py:183} INFO - Processing /home/papalio/.local/lib/python3.10/site-packages/airflow/example_dags/example_trigger_controller_dag.py took 0.112 seconds
[2024-07-20T14:18:22.660+0900] {processor.py:161} INFO - Started process (PID=15629) to work on /home/papalio/.local/lib/python3.10/site-packages/airflow/example_dags/example_trigger_controller_dag.py
[2024-07-20T14:18:22.662+0900] {processor.py:830} INFO - Processing file /home/papalio/.local/lib/python3.10/site-packages/airflow/example_dags/example_trigger_controller_dag.py for tasks to queue
[2024-07-20T14:18:22.665+0900] {logging_mixin.py:188} INFO - [2024-07-20T14:18:22.664+0900] {dagbag.py:545} INFO - Filling up the DagBag from /home/papalio/.local/lib/python3.10/site-packages/airflow/example_dags/example_trigger_controller_dag.py
[2024-07-20T14:18:22.674+0900] {processor.py:840} INFO - DAG(s) 'example_trigger_controller_dag' retrieved from /home/papalio/.local/lib/python3.10/site-packages/airflow/example_dags/example_trigger_controller_dag.py
[2024-07-20T14:18:22.700+0900] {logging_mixin.py:188} INFO - [2024-07-20T14:18:22.699+0900] {dag.py:3096} INFO - Sync 1 DAGs
[2024-07-20T14:18:22.737+0900] {logging_mixin.py:188} INFO - [2024-07-20T14:18:22.737+0900] {dag.py:3954} INFO - Setting next_dagrun for example_trigger_controller_dag to 2021-01-01 00:00:00+00:00, run_after=2021-01-01 00:00:00+00:00
[2024-07-20T14:18:22.801+0900] {processor.py:183} INFO - Processing /home/papalio/.local/lib/python3.10/site-packages/airflow/example_dags/example_trigger_controller_dag.py took 0.156 seconds
[2024-07-20T14:19:44.716+0900] {processor.py:161} INFO - Started process (PID=16145) to work on /home/papalio/.local/lib/python3.10/site-packages/airflow/example_dags/example_trigger_controller_dag.py
[2024-07-20T14:19:44.718+0900] {processor.py:830} INFO - Processing file /home/papalio/.local/lib/python3.10/site-packages/airflow/example_dags/example_trigger_controller_dag.py for tasks to queue
[2024-07-20T14:19:44.720+0900] {logging_mixin.py:188} INFO - [2024-07-20T14:19:44.719+0900] {dagbag.py:545} INFO - Filling up the DagBag from /home/papalio/.local/lib/python3.10/site-packages/airflow/example_dags/example_trigger_controller_dag.py
[2024-07-20T14:19:44.728+0900] {processor.py:840} INFO - DAG(s) 'example_trigger_controller_dag' retrieved from /home/papalio/.local/lib/python3.10/site-packages/airflow/example_dags/example_trigger_controller_dag.py
[2024-07-20T14:19:44.754+0900] {logging_mixin.py:188} INFO - [2024-07-20T14:19:44.753+0900] {dag.py:3096} INFO - Sync 1 DAGs
[2024-07-20T14:19:44.792+0900] {logging_mixin.py:188} INFO - [2024-07-20T14:19:44.792+0900] {dag.py:3954} INFO - Setting next_dagrun for example_trigger_controller_dag to 2021-01-01 00:00:00+00:00, run_after=2021-01-01 00:00:00+00:00
[2024-07-20T14:19:44.831+0900] {processor.py:183} INFO - Processing /home/papalio/.local/lib/python3.10/site-packages/airflow/example_dags/example_trigger_controller_dag.py took 0.125 seconds
[2024-07-20T14:21:16.309+0900] {processor.py:161} INFO - Started process (PID=16772) to work on /home/papalio/.local/lib/python3.10/site-packages/airflow/example_dags/example_trigger_controller_dag.py
[2024-07-20T14:21:16.314+0900] {processor.py:830} INFO - Processing file /home/papalio/.local/lib/python3.10/site-packages/airflow/example_dags/example_trigger_controller_dag.py for tasks to queue
[2024-07-20T14:21:16.321+0900] {logging_mixin.py:188} INFO - [2024-07-20T14:21:16.320+0900] {dagbag.py:545} INFO - Filling up the DagBag from /home/papalio/.local/lib/python3.10/site-packages/airflow/example_dags/example_trigger_controller_dag.py
[2024-07-20T14:21:16.341+0900] {processor.py:840} INFO - DAG(s) 'example_trigger_controller_dag' retrieved from /home/papalio/.local/lib/python3.10/site-packages/airflow/example_dags/example_trigger_controller_dag.py
[2024-07-20T14:21:16.423+0900] {logging_mixin.py:188} INFO - [2024-07-20T14:21:16.422+0900] {dag.py:3096} INFO - Sync 1 DAGs
[2024-07-20T14:21:16.526+0900] {logging_mixin.py:188} INFO - [2024-07-20T14:21:16.525+0900] {dag.py:3954} INFO - Setting next_dagrun for example_trigger_controller_dag to 2021-01-01 00:00:00+00:00, run_after=2021-01-01 00:00:00+00:00
[2024-07-20T14:21:16.635+0900] {processor.py:183} INFO - Processing /home/papalio/.local/lib/python3.10/site-packages/airflow/example_dags/example_trigger_controller_dag.py took 0.346 seconds
[2024-07-20T14:22:49.897+0900] {processor.py:161} INFO - Started process (PID=17379) to work on /home/papalio/.local/lib/python3.10/site-packages/airflow/example_dags/example_trigger_controller_dag.py
[2024-07-20T14:22:49.901+0900] {processor.py:830} INFO - Processing file /home/papalio/.local/lib/python3.10/site-packages/airflow/example_dags/example_trigger_controller_dag.py for tasks to queue
[2024-07-20T14:22:49.912+0900] {logging_mixin.py:188} INFO - [2024-07-20T14:22:49.910+0900] {dagbag.py:545} INFO - Filling up the DagBag from /home/papalio/.local/lib/python3.10/site-packages/airflow/example_dags/example_trigger_controller_dag.py
[2024-07-20T14:22:49.939+0900] {processor.py:840} INFO - DAG(s) 'example_trigger_controller_dag' retrieved from /home/papalio/.local/lib/python3.10/site-packages/airflow/example_dags/example_trigger_controller_dag.py
[2024-07-20T14:22:50.008+0900] {logging_mixin.py:188} INFO - [2024-07-20T14:22:50.007+0900] {dag.py:3096} INFO - Sync 1 DAGs
[2024-07-20T14:22:50.094+0900] {logging_mixin.py:188} INFO - [2024-07-20T14:22:50.094+0900] {dag.py:3954} INFO - Setting next_dagrun for example_trigger_controller_dag to 2021-01-01 00:00:00+00:00, run_after=2021-01-01 00:00:00+00:00
[2024-07-20T14:22:50.219+0900] {processor.py:183} INFO - Processing /home/papalio/.local/lib/python3.10/site-packages/airflow/example_dags/example_trigger_controller_dag.py took 0.351 seconds
[2024-07-20T14:24:31.211+0900] {processor.py:161} INFO - Started process (PID=17969) to work on /home/papalio/.local/lib/python3.10/site-packages/airflow/example_dags/example_trigger_controller_dag.py
[2024-07-20T14:24:31.214+0900] {processor.py:830} INFO - Processing file /home/papalio/.local/lib/python3.10/site-packages/airflow/example_dags/example_trigger_controller_dag.py for tasks to queue
[2024-07-20T14:24:31.216+0900] {logging_mixin.py:188} INFO - [2024-07-20T14:24:31.215+0900] {dagbag.py:545} INFO - Filling up the DagBag from /home/papalio/.local/lib/python3.10/site-packages/airflow/example_dags/example_trigger_controller_dag.py
[2024-07-20T14:24:31.225+0900] {processor.py:840} INFO - DAG(s) 'example_trigger_controller_dag' retrieved from /home/papalio/.local/lib/python3.10/site-packages/airflow/example_dags/example_trigger_controller_dag.py
[2024-07-20T14:24:31.248+0900] {logging_mixin.py:188} INFO - [2024-07-20T14:24:31.248+0900] {dag.py:3096} INFO - Sync 1 DAGs
[2024-07-20T14:24:31.272+0900] {logging_mixin.py:188} INFO - [2024-07-20T14:24:31.271+0900] {dag.py:3954} INFO - Setting next_dagrun for example_trigger_controller_dag to 2021-01-01 00:00:00+00:00, run_after=2021-01-01 00:00:00+00:00
[2024-07-20T14:24:31.307+0900] {processor.py:183} INFO - Processing /home/papalio/.local/lib/python3.10/site-packages/airflow/example_dags/example_trigger_controller_dag.py took 0.106 seconds
[2024-07-20T14:26:08.368+0900] {processor.py:161} INFO - Started process (PID=18549) to work on /home/papalio/.local/lib/python3.10/site-packages/airflow/example_dags/example_trigger_controller_dag.py
[2024-07-20T14:26:08.385+0900] {processor.py:830} INFO - Processing file /home/papalio/.local/lib/python3.10/site-packages/airflow/example_dags/example_trigger_controller_dag.py for tasks to queue
[2024-07-20T14:26:08.392+0900] {logging_mixin.py:188} INFO - [2024-07-20T14:26:08.390+0900] {dagbag.py:545} INFO - Filling up the DagBag from /home/papalio/.local/lib/python3.10/site-packages/airflow/example_dags/example_trigger_controller_dag.py
[2024-07-20T14:26:08.474+0900] {processor.py:840} INFO - DAG(s) 'example_trigger_controller_dag' retrieved from /home/papalio/.local/lib/python3.10/site-packages/airflow/example_dags/example_trigger_controller_dag.py
[2024-07-20T14:26:08.743+0900] {logging_mixin.py:188} INFO - [2024-07-20T14:26:08.742+0900] {dag.py:3096} INFO - Sync 1 DAGs
[2024-07-20T14:26:08.906+0900] {logging_mixin.py:188} INFO - [2024-07-20T14:26:08.905+0900] {dag.py:3954} INFO - Setting next_dagrun for example_trigger_controller_dag to 2021-01-01 00:00:00+00:00, run_after=2021-01-01 00:00:00+00:00
[2024-07-20T14:26:09.102+0900] {processor.py:183} INFO - Processing /home/papalio/.local/lib/python3.10/site-packages/airflow/example_dags/example_trigger_controller_dag.py took 0.862 seconds
[2024-07-20T14:27:43.222+0900] {processor.py:161} INFO - Started process (PID=19112) to work on /home/papalio/.local/lib/python3.10/site-packages/airflow/example_dags/example_trigger_controller_dag.py
[2024-07-20T14:27:43.227+0900] {processor.py:830} INFO - Processing file /home/papalio/.local/lib/python3.10/site-packages/airflow/example_dags/example_trigger_controller_dag.py for tasks to queue
[2024-07-20T14:27:43.229+0900] {logging_mixin.py:188} INFO - [2024-07-20T14:27:43.228+0900] {dagbag.py:545} INFO - Filling up the DagBag from /home/papalio/.local/lib/python3.10/site-packages/airflow/example_dags/example_trigger_controller_dag.py
[2024-07-20T14:27:43.237+0900] {processor.py:840} INFO - DAG(s) 'example_trigger_controller_dag' retrieved from /home/papalio/.local/lib/python3.10/site-packages/airflow/example_dags/example_trigger_controller_dag.py
[2024-07-20T14:27:43.259+0900] {logging_mixin.py:188} INFO - [2024-07-20T14:27:43.258+0900] {dag.py:3096} INFO - Sync 1 DAGs
[2024-07-20T14:27:43.288+0900] {logging_mixin.py:188} INFO - [2024-07-20T14:27:43.288+0900] {dag.py:3954} INFO - Setting next_dagrun for example_trigger_controller_dag to 2021-01-01 00:00:00+00:00, run_after=2021-01-01 00:00:00+00:00
[2024-07-20T14:27:43.328+0900] {processor.py:183} INFO - Processing /home/papalio/.local/lib/python3.10/site-packages/airflow/example_dags/example_trigger_controller_dag.py took 0.132 seconds
[2024-07-20T14:28:59.611+0900] {processor.py:161} INFO - Started process (PID=19607) to work on /home/papalio/.local/lib/python3.10/site-packages/airflow/example_dags/example_trigger_controller_dag.py
[2024-07-20T14:28:59.614+0900] {processor.py:830} INFO - Processing file /home/papalio/.local/lib/python3.10/site-packages/airflow/example_dags/example_trigger_controller_dag.py for tasks to queue
[2024-07-20T14:28:59.616+0900] {logging_mixin.py:188} INFO - [2024-07-20T14:28:59.615+0900] {dagbag.py:545} INFO - Filling up the DagBag from /home/papalio/.local/lib/python3.10/site-packages/airflow/example_dags/example_trigger_controller_dag.py
[2024-07-20T14:28:59.625+0900] {processor.py:840} INFO - DAG(s) 'example_trigger_controller_dag' retrieved from /home/papalio/.local/lib/python3.10/site-packages/airflow/example_dags/example_trigger_controller_dag.py
[2024-07-20T14:28:59.651+0900] {logging_mixin.py:188} INFO - [2024-07-20T14:28:59.651+0900] {dag.py:3096} INFO - Sync 1 DAGs
[2024-07-20T14:28:59.677+0900] {logging_mixin.py:188} INFO - [2024-07-20T14:28:59.677+0900] {dag.py:3954} INFO - Setting next_dagrun for example_trigger_controller_dag to 2021-01-01 00:00:00+00:00, run_after=2021-01-01 00:00:00+00:00
[2024-07-20T14:28:59.713+0900] {processor.py:183} INFO - Processing /home/papalio/.local/lib/python3.10/site-packages/airflow/example_dags/example_trigger_controller_dag.py took 0.114 seconds
[2024-07-20T14:30:20.915+0900] {processor.py:161} INFO - Started process (PID=20127) to work on /home/papalio/.local/lib/python3.10/site-packages/airflow/example_dags/example_trigger_controller_dag.py
[2024-07-20T14:30:20.919+0900] {processor.py:830} INFO - Processing file /home/papalio/.local/lib/python3.10/site-packages/airflow/example_dags/example_trigger_controller_dag.py for tasks to queue
[2024-07-20T14:30:20.921+0900] {logging_mixin.py:188} INFO - [2024-07-20T14:30:20.920+0900] {dagbag.py:545} INFO - Filling up the DagBag from /home/papalio/.local/lib/python3.10/site-packages/airflow/example_dags/example_trigger_controller_dag.py
[2024-07-20T14:30:20.934+0900] {processor.py:840} INFO - DAG(s) 'example_trigger_controller_dag' retrieved from /home/papalio/.local/lib/python3.10/site-packages/airflow/example_dags/example_trigger_controller_dag.py
[2024-07-20T14:30:20.971+0900] {logging_mixin.py:188} INFO - [2024-07-20T14:30:20.970+0900] {dag.py:3096} INFO - Sync 1 DAGs
[2024-07-20T14:30:21.061+0900] {logging_mixin.py:188} INFO - [2024-07-20T14:30:21.060+0900] {dag.py:3954} INFO - Setting next_dagrun for example_trigger_controller_dag to 2021-01-01 00:00:00+00:00, run_after=2021-01-01 00:00:00+00:00
[2024-07-20T14:30:21.369+0900] {processor.py:183} INFO - Processing /home/papalio/.local/lib/python3.10/site-packages/airflow/example_dags/example_trigger_controller_dag.py took 0.471 seconds
[2024-07-20T14:31:38.805+0900] {processor.py:161} INFO - Started process (PID=20629) to work on /home/papalio/.local/lib/python3.10/site-packages/airflow/example_dags/example_trigger_controller_dag.py
[2024-07-20T14:31:38.808+0900] {processor.py:830} INFO - Processing file /home/papalio/.local/lib/python3.10/site-packages/airflow/example_dags/example_trigger_controller_dag.py for tasks to queue
[2024-07-20T14:31:38.809+0900] {logging_mixin.py:188} INFO - [2024-07-20T14:31:38.809+0900] {dagbag.py:545} INFO - Filling up the DagBag from /home/papalio/.local/lib/python3.10/site-packages/airflow/example_dags/example_trigger_controller_dag.py
[2024-07-20T14:31:38.817+0900] {processor.py:840} INFO - DAG(s) 'example_trigger_controller_dag' retrieved from /home/papalio/.local/lib/python3.10/site-packages/airflow/example_dags/example_trigger_controller_dag.py
[2024-07-20T14:31:38.842+0900] {logging_mixin.py:188} INFO - [2024-07-20T14:31:38.842+0900] {dag.py:3096} INFO - Sync 1 DAGs
[2024-07-20T14:31:38.874+0900] {logging_mixin.py:188} INFO - [2024-07-20T14:31:38.874+0900] {dag.py:3954} INFO - Setting next_dagrun for example_trigger_controller_dag to 2021-01-01 00:00:00+00:00, run_after=2021-01-01 00:00:00+00:00
[2024-07-20T14:31:38.931+0900] {processor.py:183} INFO - Processing /home/papalio/.local/lib/python3.10/site-packages/airflow/example_dags/example_trigger_controller_dag.py took 0.134 seconds
[2024-07-20T14:33:10.400+0900] {processor.py:161} INFO - Started process (PID=21177) to work on /home/papalio/.local/lib/python3.10/site-packages/airflow/example_dags/example_trigger_controller_dag.py
[2024-07-20T14:33:10.402+0900] {processor.py:830} INFO - Processing file /home/papalio/.local/lib/python3.10/site-packages/airflow/example_dags/example_trigger_controller_dag.py for tasks to queue
[2024-07-20T14:33:10.404+0900] {logging_mixin.py:188} INFO - [2024-07-20T14:33:10.403+0900] {dagbag.py:545} INFO - Filling up the DagBag from /home/papalio/.local/lib/python3.10/site-packages/airflow/example_dags/example_trigger_controller_dag.py
[2024-07-20T14:33:10.411+0900] {processor.py:840} INFO - DAG(s) 'example_trigger_controller_dag' retrieved from /home/papalio/.local/lib/python3.10/site-packages/airflow/example_dags/example_trigger_controller_dag.py
[2024-07-20T14:33:10.447+0900] {logging_mixin.py:188} INFO - [2024-07-20T14:33:10.446+0900] {dag.py:3096} INFO - Sync 1 DAGs
[2024-07-20T14:33:10.483+0900] {logging_mixin.py:188} INFO - [2024-07-20T14:33:10.482+0900] {dag.py:3954} INFO - Setting next_dagrun for example_trigger_controller_dag to 2021-01-01 00:00:00+00:00, run_after=2021-01-01 00:00:00+00:00
[2024-07-20T14:33:10.526+0900] {processor.py:183} INFO - Processing /home/papalio/.local/lib/python3.10/site-packages/airflow/example_dags/example_trigger_controller_dag.py took 0.150 seconds
[2024-07-20T14:34:38.636+0900] {processor.py:161} INFO - Started process (PID=21720) to work on /home/papalio/.local/lib/python3.10/site-packages/airflow/example_dags/example_trigger_controller_dag.py
[2024-07-20T14:34:38.642+0900] {processor.py:830} INFO - Processing file /home/papalio/.local/lib/python3.10/site-packages/airflow/example_dags/example_trigger_controller_dag.py for tasks to queue
[2024-07-20T14:34:38.644+0900] {logging_mixin.py:188} INFO - [2024-07-20T14:34:38.643+0900] {dagbag.py:545} INFO - Filling up the DagBag from /home/papalio/.local/lib/python3.10/site-packages/airflow/example_dags/example_trigger_controller_dag.py
[2024-07-20T14:34:38.661+0900] {processor.py:840} INFO - DAG(s) 'example_trigger_controller_dag' retrieved from /home/papalio/.local/lib/python3.10/site-packages/airflow/example_dags/example_trigger_controller_dag.py
[2024-07-20T14:34:38.695+0900] {logging_mixin.py:188} INFO - [2024-07-20T14:34:38.694+0900] {dag.py:3096} INFO - Sync 1 DAGs
[2024-07-20T14:34:38.754+0900] {logging_mixin.py:188} INFO - [2024-07-20T14:34:38.752+0900] {dag.py:3954} INFO - Setting next_dagrun for example_trigger_controller_dag to 2021-01-01 00:00:00+00:00, run_after=2021-01-01 00:00:00+00:00
[2024-07-20T14:34:38.845+0900] {processor.py:183} INFO - Processing /home/papalio/.local/lib/python3.10/site-packages/airflow/example_dags/example_trigger_controller_dag.py took 0.227 seconds
[2024-07-20T14:35:57.422+0900] {processor.py:161} INFO - Started process (PID=22223) to work on /home/papalio/.local/lib/python3.10/site-packages/airflow/example_dags/example_trigger_controller_dag.py
[2024-07-20T14:35:57.435+0900] {processor.py:830} INFO - Processing file /home/papalio/.local/lib/python3.10/site-packages/airflow/example_dags/example_trigger_controller_dag.py for tasks to queue
[2024-07-20T14:35:57.436+0900] {logging_mixin.py:188} INFO - [2024-07-20T14:35:57.436+0900] {dagbag.py:545} INFO - Filling up the DagBag from /home/papalio/.local/lib/python3.10/site-packages/airflow/example_dags/example_trigger_controller_dag.py
[2024-07-20T14:35:57.446+0900] {processor.py:840} INFO - DAG(s) 'example_trigger_controller_dag' retrieved from /home/papalio/.local/lib/python3.10/site-packages/airflow/example_dags/example_trigger_controller_dag.py
[2024-07-20T14:35:57.470+0900] {logging_mixin.py:188} INFO - [2024-07-20T14:35:57.470+0900] {dag.py:3096} INFO - Sync 1 DAGs
[2024-07-20T14:35:57.501+0900] {logging_mixin.py:188} INFO - [2024-07-20T14:35:57.500+0900] {dag.py:3954} INFO - Setting next_dagrun for example_trigger_controller_dag to 2021-01-01 00:00:00+00:00, run_after=2021-01-01 00:00:00+00:00
[2024-07-20T14:35:57.543+0900] {processor.py:183} INFO - Processing /home/papalio/.local/lib/python3.10/site-packages/airflow/example_dags/example_trigger_controller_dag.py took 0.136 seconds
[2024-07-20T14:37:19.138+0900] {processor.py:161} INFO - Started process (PID=22738) to work on /home/papalio/.local/lib/python3.10/site-packages/airflow/example_dags/example_trigger_controller_dag.py
[2024-07-20T14:37:19.140+0900] {processor.py:830} INFO - Processing file /home/papalio/.local/lib/python3.10/site-packages/airflow/example_dags/example_trigger_controller_dag.py for tasks to queue
[2024-07-20T14:37:19.142+0900] {logging_mixin.py:188} INFO - [2024-07-20T14:37:19.141+0900] {dagbag.py:545} INFO - Filling up the DagBag from /home/papalio/.local/lib/python3.10/site-packages/airflow/example_dags/example_trigger_controller_dag.py
[2024-07-20T14:37:19.153+0900] {processor.py:840} INFO - DAG(s) 'example_trigger_controller_dag' retrieved from /home/papalio/.local/lib/python3.10/site-packages/airflow/example_dags/example_trigger_controller_dag.py
[2024-07-20T14:37:19.178+0900] {logging_mixin.py:188} INFO - [2024-07-20T14:37:19.178+0900] {dag.py:3096} INFO - Sync 1 DAGs
[2024-07-20T14:37:19.205+0900] {logging_mixin.py:188} INFO - [2024-07-20T14:37:19.205+0900] {dag.py:3954} INFO - Setting next_dagrun for example_trigger_controller_dag to 2021-01-01 00:00:00+00:00, run_after=2021-01-01 00:00:00+00:00
[2024-07-20T14:37:19.248+0900] {processor.py:183} INFO - Processing /home/papalio/.local/lib/python3.10/site-packages/airflow/example_dags/example_trigger_controller_dag.py took 0.122 seconds
[2024-07-20T14:38:41.367+0900] {processor.py:161} INFO - Started process (PID=23251) to work on /home/papalio/.local/lib/python3.10/site-packages/airflow/example_dags/example_trigger_controller_dag.py
[2024-07-20T14:38:41.370+0900] {processor.py:830} INFO - Processing file /home/papalio/.local/lib/python3.10/site-packages/airflow/example_dags/example_trigger_controller_dag.py for tasks to queue
[2024-07-20T14:38:41.372+0900] {logging_mixin.py:188} INFO - [2024-07-20T14:38:41.371+0900] {dagbag.py:545} INFO - Filling up the DagBag from /home/papalio/.local/lib/python3.10/site-packages/airflow/example_dags/example_trigger_controller_dag.py
[2024-07-20T14:38:41.381+0900] {processor.py:840} INFO - DAG(s) 'example_trigger_controller_dag' retrieved from /home/papalio/.local/lib/python3.10/site-packages/airflow/example_dags/example_trigger_controller_dag.py
[2024-07-20T14:38:41.407+0900] {logging_mixin.py:188} INFO - [2024-07-20T14:38:41.406+0900] {dag.py:3096} INFO - Sync 1 DAGs
[2024-07-20T14:38:41.435+0900] {logging_mixin.py:188} INFO - [2024-07-20T14:38:41.434+0900] {dag.py:3954} INFO - Setting next_dagrun for example_trigger_controller_dag to 2021-01-01 00:00:00+00:00, run_after=2021-01-01 00:00:00+00:00
[2024-07-20T14:38:41.475+0900] {processor.py:183} INFO - Processing /home/papalio/.local/lib/python3.10/site-packages/airflow/example_dags/example_trigger_controller_dag.py took 0.120 seconds
[2024-07-20T14:40:12.018+0900] {processor.py:161} INFO - Started process (PID=23804) to work on /home/papalio/.local/lib/python3.10/site-packages/airflow/example_dags/example_trigger_controller_dag.py
[2024-07-20T14:40:12.021+0900] {processor.py:830} INFO - Processing file /home/papalio/.local/lib/python3.10/site-packages/airflow/example_dags/example_trigger_controller_dag.py for tasks to queue
[2024-07-20T14:40:12.022+0900] {logging_mixin.py:188} INFO - [2024-07-20T14:40:12.022+0900] {dagbag.py:545} INFO - Filling up the DagBag from /home/papalio/.local/lib/python3.10/site-packages/airflow/example_dags/example_trigger_controller_dag.py
[2024-07-20T14:40:12.032+0900] {processor.py:840} INFO - DAG(s) 'example_trigger_controller_dag' retrieved from /home/papalio/.local/lib/python3.10/site-packages/airflow/example_dags/example_trigger_controller_dag.py
[2024-07-20T14:40:12.064+0900] {logging_mixin.py:188} INFO - [2024-07-20T14:40:12.064+0900] {dag.py:3096} INFO - Sync 1 DAGs
[2024-07-20T14:40:12.105+0900] {logging_mixin.py:188} INFO - [2024-07-20T14:40:12.104+0900] {dag.py:3954} INFO - Setting next_dagrun for example_trigger_controller_dag to 2021-01-01 00:00:00+00:00, run_after=2021-01-01 00:00:00+00:00
[2024-07-20T14:40:12.157+0900] {processor.py:183} INFO - Processing /home/papalio/.local/lib/python3.10/site-packages/airflow/example_dags/example_trigger_controller_dag.py took 0.150 seconds
[2024-07-20T14:41:44.786+0900] {processor.py:161} INFO - Started process (PID=24361) to work on /home/papalio/.local/lib/python3.10/site-packages/airflow/example_dags/example_trigger_controller_dag.py
[2024-07-20T14:41:44.791+0900] {processor.py:830} INFO - Processing file /home/papalio/.local/lib/python3.10/site-packages/airflow/example_dags/example_trigger_controller_dag.py for tasks to queue
[2024-07-20T14:41:44.795+0900] {logging_mixin.py:188} INFO - [2024-07-20T14:41:44.793+0900] {dagbag.py:545} INFO - Filling up the DagBag from /home/papalio/.local/lib/python3.10/site-packages/airflow/example_dags/example_trigger_controller_dag.py
[2024-07-20T14:41:44.813+0900] {processor.py:840} INFO - DAG(s) 'example_trigger_controller_dag' retrieved from /home/papalio/.local/lib/python3.10/site-packages/airflow/example_dags/example_trigger_controller_dag.py
[2024-07-20T14:41:44.883+0900] {logging_mixin.py:188} INFO - [2024-07-20T14:41:44.882+0900] {dag.py:3096} INFO - Sync 1 DAGs
[2024-07-20T14:41:44.988+0900] {logging_mixin.py:188} INFO - [2024-07-20T14:41:44.986+0900] {dag.py:3954} INFO - Setting next_dagrun for example_trigger_controller_dag to 2021-01-01 00:00:00+00:00, run_after=2021-01-01 00:00:00+00:00
[2024-07-20T14:41:45.093+0900] {processor.py:183} INFO - Processing /home/papalio/.local/lib/python3.10/site-packages/airflow/example_dags/example_trigger_controller_dag.py took 0.344 seconds
[2024-07-20T14:43:07.968+0900] {processor.py:161} INFO - Started process (PID=24905) to work on /home/papalio/.local/lib/python3.10/site-packages/airflow/example_dags/example_trigger_controller_dag.py
[2024-07-20T14:43:07.979+0900] {processor.py:830} INFO - Processing file /home/papalio/.local/lib/python3.10/site-packages/airflow/example_dags/example_trigger_controller_dag.py for tasks to queue
[2024-07-20T14:43:07.982+0900] {logging_mixin.py:188} INFO - [2024-07-20T14:43:07.981+0900] {dagbag.py:545} INFO - Filling up the DagBag from /home/papalio/.local/lib/python3.10/site-packages/airflow/example_dags/example_trigger_controller_dag.py
[2024-07-20T14:43:07.993+0900] {processor.py:840} INFO - DAG(s) 'example_trigger_controller_dag' retrieved from /home/papalio/.local/lib/python3.10/site-packages/airflow/example_dags/example_trigger_controller_dag.py
[2024-07-20T14:43:08.034+0900] {logging_mixin.py:188} INFO - [2024-07-20T14:43:08.034+0900] {dag.py:3096} INFO - Sync 1 DAGs
[2024-07-20T14:43:08.084+0900] {logging_mixin.py:188} INFO - [2024-07-20T14:43:08.084+0900] {dag.py:3954} INFO - Setting next_dagrun for example_trigger_controller_dag to 2021-01-01 00:00:00+00:00, run_after=2021-01-01 00:00:00+00:00
[2024-07-20T14:43:08.142+0900] {processor.py:183} INFO - Processing /home/papalio/.local/lib/python3.10/site-packages/airflow/example_dags/example_trigger_controller_dag.py took 0.191 seconds
[2024-07-20T14:44:40.495+0900] {processor.py:161} INFO - Started process (PID=25461) to work on /home/papalio/.local/lib/python3.10/site-packages/airflow/example_dags/example_trigger_controller_dag.py
[2024-07-20T14:44:40.497+0900] {processor.py:830} INFO - Processing file /home/papalio/.local/lib/python3.10/site-packages/airflow/example_dags/example_trigger_controller_dag.py for tasks to queue
[2024-07-20T14:44:40.497+0900] {logging_mixin.py:188} INFO - [2024-07-20T14:44:40.497+0900] {dagbag.py:545} INFO - Filling up the DagBag from /home/papalio/.local/lib/python3.10/site-packages/airflow/example_dags/example_trigger_controller_dag.py
[2024-07-20T14:44:40.502+0900] {processor.py:840} INFO - DAG(s) 'example_trigger_controller_dag' retrieved from /home/papalio/.local/lib/python3.10/site-packages/airflow/example_dags/example_trigger_controller_dag.py
[2024-07-20T14:44:40.517+0900] {logging_mixin.py:188} INFO - [2024-07-20T14:44:40.517+0900] {dag.py:3096} INFO - Sync 1 DAGs
[2024-07-20T14:44:40.534+0900] {logging_mixin.py:188} INFO - [2024-07-20T14:44:40.534+0900] {dag.py:3954} INFO - Setting next_dagrun for example_trigger_controller_dag to 2021-01-01 00:00:00+00:00, run_after=2021-01-01 00:00:00+00:00
[2024-07-20T14:44:40.562+0900] {processor.py:183} INFO - Processing /home/papalio/.local/lib/python3.10/site-packages/airflow/example_dags/example_trigger_controller_dag.py took 0.073 seconds
