[2024-07-20T14:10:26.452+0900] {processor.py:161} INFO - Started process (PID=12662) to work on /home/papalio/.local/lib/python3.10/site-packages/airflow/example_dags/example_external_task_marker_dag.py
[2024-07-20T14:10:26.453+0900] {processor.py:830} INFO - Processing file /home/papalio/.local/lib/python3.10/site-packages/airflow/example_dags/example_external_task_marker_dag.py for tasks to queue
[2024-07-20T14:10:26.456+0900] {logging_mixin.py:188} INFO - [2024-07-20T14:10:26.455+0900] {dagbag.py:545} INFO - Filling up the DagBag from /home/papalio/.local/lib/python3.10/site-packages/airflow/example_dags/example_external_task_marker_dag.py
[2024-07-20T14:10:26.468+0900] {processor.py:840} INFO - DAG(s) 'example_external_task_marker_child', 'example_external_task_marker_parent' retrieved from /home/papalio/.local/lib/python3.10/site-packages/airflow/example_dags/example_external_task_marker_dag.py
[2024-07-20T14:10:26.621+0900] {logging_mixin.py:188} INFO - [2024-07-20T14:10:26.620+0900] {dag.py:3096} INFO - Sync 2 DAGs
[2024-07-20T14:10:26.642+0900] {logging_mixin.py:188} INFO - [2024-07-20T14:10:26.641+0900] {dag.py:3954} INFO - Setting next_dagrun for example_external_task_marker_child to None, run_after=None
[2024-07-20T14:10:26.648+0900] {logging_mixin.py:188} INFO - [2024-07-20T14:10:26.648+0900] {dag.py:3954} INFO - Setting next_dagrun for example_external_task_marker_parent to None, run_after=None
[2024-07-20T14:10:26.707+0900] {processor.py:183} INFO - Processing /home/papalio/.local/lib/python3.10/site-packages/airflow/example_dags/example_external_task_marker_dag.py took 0.263 seconds
[2024-07-20T14:11:39.656+0900] {processor.py:161} INFO - Started process (PID=13078) to work on /home/papalio/.local/lib/python3.10/site-packages/airflow/example_dags/example_external_task_marker_dag.py
[2024-07-20T14:11:39.658+0900] {processor.py:830} INFO - Processing file /home/papalio/.local/lib/python3.10/site-packages/airflow/example_dags/example_external_task_marker_dag.py for tasks to queue
[2024-07-20T14:11:39.662+0900] {logging_mixin.py:188} INFO - [2024-07-20T14:11:39.661+0900] {dagbag.py:545} INFO - Filling up the DagBag from /home/papalio/.local/lib/python3.10/site-packages/airflow/example_dags/example_external_task_marker_dag.py
[2024-07-20T14:11:39.674+0900] {processor.py:840} INFO - DAG(s) 'example_external_task_marker_parent', 'example_external_task_marker_child' retrieved from /home/papalio/.local/lib/python3.10/site-packages/airflow/example_dags/example_external_task_marker_dag.py
[2024-07-20T14:11:39.708+0900] {logging_mixin.py:188} INFO - [2024-07-20T14:11:39.707+0900] {dag.py:3096} INFO - Sync 2 DAGs
[2024-07-20T14:11:39.725+0900] {logging_mixin.py:188} INFO - [2024-07-20T14:11:39.725+0900] {dag.py:3954} INFO - Setting next_dagrun for example_external_task_marker_child to None, run_after=None
[2024-07-20T14:11:39.730+0900] {logging_mixin.py:188} INFO - [2024-07-20T14:11:39.730+0900] {dag.py:3954} INFO - Setting next_dagrun for example_external_task_marker_parent to None, run_after=None
[2024-07-20T14:11:39.771+0900] {processor.py:183} INFO - Processing /home/papalio/.local/lib/python3.10/site-packages/airflow/example_dags/example_external_task_marker_dag.py took 0.128 seconds
[2024-07-20T14:13:00.342+0900] {processor.py:161} INFO - Started process (PID=13586) to work on /home/papalio/.local/lib/python3.10/site-packages/airflow/example_dags/example_external_task_marker_dag.py
[2024-07-20T14:13:00.354+0900] {processor.py:830} INFO - Processing file /home/papalio/.local/lib/python3.10/site-packages/airflow/example_dags/example_external_task_marker_dag.py for tasks to queue
[2024-07-20T14:13:00.357+0900] {logging_mixin.py:188} INFO - [2024-07-20T14:13:00.356+0900] {dagbag.py:545} INFO - Filling up the DagBag from /home/papalio/.local/lib/python3.10/site-packages/airflow/example_dags/example_external_task_marker_dag.py
[2024-07-20T14:13:00.369+0900] {processor.py:840} INFO - DAG(s) 'example_external_task_marker_child', 'example_external_task_marker_parent' retrieved from /home/papalio/.local/lib/python3.10/site-packages/airflow/example_dags/example_external_task_marker_dag.py
[2024-07-20T14:13:00.404+0900] {logging_mixin.py:188} INFO - [2024-07-20T14:13:00.403+0900] {dag.py:3096} INFO - Sync 2 DAGs
[2024-07-20T14:13:00.427+0900] {logging_mixin.py:188} INFO - [2024-07-20T14:13:00.426+0900] {dag.py:3954} INFO - Setting next_dagrun for example_external_task_marker_child to None, run_after=None
[2024-07-20T14:13:00.433+0900] {logging_mixin.py:188} INFO - [2024-07-20T14:13:00.433+0900] {dag.py:3954} INFO - Setting next_dagrun for example_external_task_marker_parent to None, run_after=None
[2024-07-20T14:13:00.475+0900] {processor.py:183} INFO - Processing /home/papalio/.local/lib/python3.10/site-packages/airflow/example_dags/example_external_task_marker_dag.py took 0.142 seconds
[2024-07-20T14:14:24.240+0900] {processor.py:161} INFO - Started process (PID=14109) to work on /home/papalio/.local/lib/python3.10/site-packages/airflow/example_dags/example_external_task_marker_dag.py
[2024-07-20T14:14:24.244+0900] {processor.py:830} INFO - Processing file /home/papalio/.local/lib/python3.10/site-packages/airflow/example_dags/example_external_task_marker_dag.py for tasks to queue
[2024-07-20T14:14:24.247+0900] {logging_mixin.py:188} INFO - [2024-07-20T14:14:24.246+0900] {dagbag.py:545} INFO - Filling up the DagBag from /home/papalio/.local/lib/python3.10/site-packages/airflow/example_dags/example_external_task_marker_dag.py
[2024-07-20T14:14:24.256+0900] {processor.py:840} INFO - DAG(s) 'example_external_task_marker_child', 'example_external_task_marker_parent' retrieved from /home/papalio/.local/lib/python3.10/site-packages/airflow/example_dags/example_external_task_marker_dag.py
[2024-07-20T14:14:24.277+0900] {logging_mixin.py:188} INFO - [2024-07-20T14:14:24.277+0900] {dag.py:3096} INFO - Sync 2 DAGs
[2024-07-20T14:14:24.294+0900] {logging_mixin.py:188} INFO - [2024-07-20T14:14:24.294+0900] {dag.py:3954} INFO - Setting next_dagrun for example_external_task_marker_child to None, run_after=None
[2024-07-20T14:14:24.298+0900] {logging_mixin.py:188} INFO - [2024-07-20T14:14:24.298+0900] {dag.py:3954} INFO - Setting next_dagrun for example_external_task_marker_parent to None, run_after=None
[2024-07-20T14:14:24.328+0900] {processor.py:183} INFO - Processing /home/papalio/.local/lib/python3.10/site-packages/airflow/example_dags/example_external_task_marker_dag.py took 0.099 seconds
[2024-07-20T14:15:43.447+0900] {processor.py:161} INFO - Started process (PID=14610) to work on /home/papalio/.local/lib/python3.10/site-packages/airflow/example_dags/example_external_task_marker_dag.py
[2024-07-20T14:15:43.451+0900] {processor.py:830} INFO - Processing file /home/papalio/.local/lib/python3.10/site-packages/airflow/example_dags/example_external_task_marker_dag.py for tasks to queue
[2024-07-20T14:15:43.456+0900] {logging_mixin.py:188} INFO - [2024-07-20T14:15:43.454+0900] {dagbag.py:545} INFO - Filling up the DagBag from /home/papalio/.local/lib/python3.10/site-packages/airflow/example_dags/example_external_task_marker_dag.py
[2024-07-20T14:15:43.472+0900] {processor.py:840} INFO - DAG(s) 'example_external_task_marker_parent', 'example_external_task_marker_child' retrieved from /home/papalio/.local/lib/python3.10/site-packages/airflow/example_dags/example_external_task_marker_dag.py
[2024-07-20T14:15:43.525+0900] {logging_mixin.py:188} INFO - [2024-07-20T14:15:43.524+0900] {dag.py:3096} INFO - Sync 2 DAGs
[2024-07-20T14:15:43.556+0900] {logging_mixin.py:188} INFO - [2024-07-20T14:15:43.555+0900] {dag.py:3954} INFO - Setting next_dagrun for example_external_task_marker_child to None, run_after=None
[2024-07-20T14:15:43.568+0900] {logging_mixin.py:188} INFO - [2024-07-20T14:15:43.567+0900] {dag.py:3954} INFO - Setting next_dagrun for example_external_task_marker_parent to None, run_after=None
[2024-07-20T14:15:43.628+0900] {processor.py:183} INFO - Processing /home/papalio/.local/lib/python3.10/site-packages/airflow/example_dags/example_external_task_marker_dag.py took 0.197 seconds
[2024-07-20T14:16:59.472+0900] {processor.py:161} INFO - Started process (PID=15102) to work on /home/papalio/.local/lib/python3.10/site-packages/airflow/example_dags/example_external_task_marker_dag.py
[2024-07-20T14:16:59.475+0900] {processor.py:830} INFO - Processing file /home/papalio/.local/lib/python3.10/site-packages/airflow/example_dags/example_external_task_marker_dag.py for tasks to queue
[2024-07-20T14:16:59.479+0900] {logging_mixin.py:188} INFO - [2024-07-20T14:16:59.478+0900] {dagbag.py:545} INFO - Filling up the DagBag from /home/papalio/.local/lib/python3.10/site-packages/airflow/example_dags/example_external_task_marker_dag.py
[2024-07-20T14:16:59.497+0900] {processor.py:840} INFO - DAG(s) 'example_external_task_marker_parent', 'example_external_task_marker_child' retrieved from /home/papalio/.local/lib/python3.10/site-packages/airflow/example_dags/example_external_task_marker_dag.py
[2024-07-20T14:16:59.541+0900] {logging_mixin.py:188} INFO - [2024-07-20T14:16:59.539+0900] {dag.py:3096} INFO - Sync 2 DAGs
[2024-07-20T14:16:59.567+0900] {logging_mixin.py:188} INFO - [2024-07-20T14:16:59.566+0900] {dag.py:3954} INFO - Setting next_dagrun for example_external_task_marker_child to None, run_after=None
[2024-07-20T14:16:59.571+0900] {logging_mixin.py:188} INFO - [2024-07-20T14:16:59.571+0900] {dag.py:3954} INFO - Setting next_dagrun for example_external_task_marker_parent to None, run_after=None
[2024-07-20T14:16:59.614+0900] {processor.py:183} INFO - Processing /home/papalio/.local/lib/python3.10/site-packages/airflow/example_dags/example_external_task_marker_dag.py took 0.157 seconds
[2024-07-20T14:18:19.886+0900] {processor.py:161} INFO - Started process (PID=15615) to work on /home/papalio/.local/lib/python3.10/site-packages/airflow/example_dags/example_external_task_marker_dag.py
[2024-07-20T14:18:19.890+0900] {processor.py:830} INFO - Processing file /home/papalio/.local/lib/python3.10/site-packages/airflow/example_dags/example_external_task_marker_dag.py for tasks to queue
[2024-07-20T14:18:19.893+0900] {logging_mixin.py:188} INFO - [2024-07-20T14:18:19.892+0900] {dagbag.py:545} INFO - Filling up the DagBag from /home/papalio/.local/lib/python3.10/site-packages/airflow/example_dags/example_external_task_marker_dag.py
[2024-07-20T14:18:19.911+0900] {processor.py:840} INFO - DAG(s) 'example_external_task_marker_parent', 'example_external_task_marker_child' retrieved from /home/papalio/.local/lib/python3.10/site-packages/airflow/example_dags/example_external_task_marker_dag.py
[2024-07-20T14:18:19.946+0900] {logging_mixin.py:188} INFO - [2024-07-20T14:18:19.945+0900] {dag.py:3096} INFO - Sync 2 DAGs
[2024-07-20T14:18:19.963+0900] {logging_mixin.py:188} INFO - [2024-07-20T14:18:19.963+0900] {dag.py:3954} INFO - Setting next_dagrun for example_external_task_marker_child to None, run_after=None
[2024-07-20T14:18:19.968+0900] {logging_mixin.py:188} INFO - [2024-07-20T14:18:19.968+0900] {dag.py:3954} INFO - Setting next_dagrun for example_external_task_marker_parent to None, run_after=None
[2024-07-20T14:18:20.010+0900] {processor.py:183} INFO - Processing /home/papalio/.local/lib/python3.10/site-packages/airflow/example_dags/example_external_task_marker_dag.py took 0.139 seconds
[2024-07-20T14:19:41.058+0900] {processor.py:161} INFO - Started process (PID=16128) to work on /home/papalio/.local/lib/python3.10/site-packages/airflow/example_dags/example_external_task_marker_dag.py
[2024-07-20T14:19:41.061+0900] {processor.py:830} INFO - Processing file /home/papalio/.local/lib/python3.10/site-packages/airflow/example_dags/example_external_task_marker_dag.py for tasks to queue
[2024-07-20T14:19:41.062+0900] {logging_mixin.py:188} INFO - [2024-07-20T14:19:41.062+0900] {dagbag.py:545} INFO - Filling up the DagBag from /home/papalio/.local/lib/python3.10/site-packages/airflow/example_dags/example_external_task_marker_dag.py
[2024-07-20T14:19:41.070+0900] {processor.py:840} INFO - DAG(s) 'example_external_task_marker_parent', 'example_external_task_marker_child' retrieved from /home/papalio/.local/lib/python3.10/site-packages/airflow/example_dags/example_external_task_marker_dag.py
[2024-07-20T14:19:41.096+0900] {logging_mixin.py:188} INFO - [2024-07-20T14:19:41.096+0900] {dag.py:3096} INFO - Sync 2 DAGs
[2024-07-20T14:19:41.108+0900] {logging_mixin.py:188} INFO - [2024-07-20T14:19:41.108+0900] {dag.py:3954} INFO - Setting next_dagrun for example_external_task_marker_child to None, run_after=None
[2024-07-20T14:19:41.110+0900] {logging_mixin.py:188} INFO - [2024-07-20T14:19:41.110+0900] {dag.py:3954} INFO - Setting next_dagrun for example_external_task_marker_parent to None, run_after=None
[2024-07-20T14:19:41.141+0900] {processor.py:183} INFO - Processing /home/papalio/.local/lib/python3.10/site-packages/airflow/example_dags/example_external_task_marker_dag.py took 0.088 seconds
[2024-07-20T14:21:12.044+0900] {processor.py:161} INFO - Started process (PID=16753) to work on /home/papalio/.local/lib/python3.10/site-packages/airflow/example_dags/example_external_task_marker_dag.py
[2024-07-20T14:21:12.048+0900] {processor.py:830} INFO - Processing file /home/papalio/.local/lib/python3.10/site-packages/airflow/example_dags/example_external_task_marker_dag.py for tasks to queue
[2024-07-20T14:21:12.053+0900] {logging_mixin.py:188} INFO - [2024-07-20T14:21:12.052+0900] {dagbag.py:545} INFO - Filling up the DagBag from /home/papalio/.local/lib/python3.10/site-packages/airflow/example_dags/example_external_task_marker_dag.py
[2024-07-20T14:21:12.078+0900] {processor.py:840} INFO - DAG(s) 'example_external_task_marker_child', 'example_external_task_marker_parent' retrieved from /home/papalio/.local/lib/python3.10/site-packages/airflow/example_dags/example_external_task_marker_dag.py
[2024-07-20T14:21:12.138+0900] {logging_mixin.py:188} INFO - [2024-07-20T14:21:12.137+0900] {dag.py:3096} INFO - Sync 2 DAGs
[2024-07-20T14:21:12.173+0900] {logging_mixin.py:188} INFO - [2024-07-20T14:21:12.172+0900] {dag.py:3954} INFO - Setting next_dagrun for example_external_task_marker_child to None, run_after=None
[2024-07-20T14:21:12.183+0900] {logging_mixin.py:188} INFO - [2024-07-20T14:21:12.182+0900] {dag.py:3954} INFO - Setting next_dagrun for example_external_task_marker_parent to None, run_after=None
[2024-07-20T14:21:12.283+0900] {processor.py:183} INFO - Processing /home/papalio/.local/lib/python3.10/site-packages/airflow/example_dags/example_external_task_marker_dag.py took 0.258 seconds
[2024-07-20T14:22:45.863+0900] {processor.py:161} INFO - Started process (PID=17361) to work on /home/papalio/.local/lib/python3.10/site-packages/airflow/example_dags/example_external_task_marker_dag.py
[2024-07-20T14:22:45.871+0900] {processor.py:830} INFO - Processing file /home/papalio/.local/lib/python3.10/site-packages/airflow/example_dags/example_external_task_marker_dag.py for tasks to queue
[2024-07-20T14:22:45.874+0900] {logging_mixin.py:188} INFO - [2024-07-20T14:22:45.872+0900] {dagbag.py:545} INFO - Filling up the DagBag from /home/papalio/.local/lib/python3.10/site-packages/airflow/example_dags/example_external_task_marker_dag.py
[2024-07-20T14:22:45.903+0900] {processor.py:840} INFO - DAG(s) 'example_external_task_marker_child', 'example_external_task_marker_parent' retrieved from /home/papalio/.local/lib/python3.10/site-packages/airflow/example_dags/example_external_task_marker_dag.py
[2024-07-20T14:22:46.014+0900] {logging_mixin.py:188} INFO - [2024-07-20T14:22:46.010+0900] {dag.py:3096} INFO - Sync 2 DAGs
[2024-07-20T14:22:46.067+0900] {logging_mixin.py:188} INFO - [2024-07-20T14:22:46.066+0900] {dag.py:3954} INFO - Setting next_dagrun for example_external_task_marker_child to None, run_after=None
[2024-07-20T14:22:46.085+0900] {logging_mixin.py:188} INFO - [2024-07-20T14:22:46.085+0900] {dag.py:3954} INFO - Setting next_dagrun for example_external_task_marker_parent to None, run_after=None
[2024-07-20T14:22:46.192+0900] {processor.py:183} INFO - Processing /home/papalio/.local/lib/python3.10/site-packages/airflow/example_dags/example_external_task_marker_dag.py took 0.358 seconds
[2024-07-20T14:24:27.528+0900] {processor.py:161} INFO - Started process (PID=17952) to work on /home/papalio/.local/lib/python3.10/site-packages/airflow/example_dags/example_external_task_marker_dag.py
[2024-07-20T14:24:27.531+0900] {processor.py:830} INFO - Processing file /home/papalio/.local/lib/python3.10/site-packages/airflow/example_dags/example_external_task_marker_dag.py for tasks to queue
[2024-07-20T14:24:27.532+0900] {logging_mixin.py:188} INFO - [2024-07-20T14:24:27.531+0900] {dagbag.py:545} INFO - Filling up the DagBag from /home/papalio/.local/lib/python3.10/site-packages/airflow/example_dags/example_external_task_marker_dag.py
[2024-07-20T14:24:27.542+0900] {processor.py:840} INFO - DAG(s) 'example_external_task_marker_child', 'example_external_task_marker_parent' retrieved from /home/papalio/.local/lib/python3.10/site-packages/airflow/example_dags/example_external_task_marker_dag.py
[2024-07-20T14:24:27.560+0900] {logging_mixin.py:188} INFO - [2024-07-20T14:24:27.560+0900] {dag.py:3096} INFO - Sync 2 DAGs
[2024-07-20T14:24:27.571+0900] {logging_mixin.py:188} INFO - [2024-07-20T14:24:27.570+0900] {dag.py:3954} INFO - Setting next_dagrun for example_external_task_marker_child to None, run_after=None
[2024-07-20T14:24:27.575+0900] {logging_mixin.py:188} INFO - [2024-07-20T14:24:27.575+0900] {dag.py:3954} INFO - Setting next_dagrun for example_external_task_marker_parent to None, run_after=None
[2024-07-20T14:24:27.610+0900] {processor.py:183} INFO - Processing /home/papalio/.local/lib/python3.10/site-packages/airflow/example_dags/example_external_task_marker_dag.py took 0.088 seconds
[2024-07-20T14:26:04.394+0900] {processor.py:161} INFO - Started process (PID=18531) to work on /home/papalio/.local/lib/python3.10/site-packages/airflow/example_dags/example_external_task_marker_dag.py
[2024-07-20T14:26:04.395+0900] {processor.py:830} INFO - Processing file /home/papalio/.local/lib/python3.10/site-packages/airflow/example_dags/example_external_task_marker_dag.py for tasks to queue
[2024-07-20T14:26:04.397+0900] {logging_mixin.py:188} INFO - [2024-07-20T14:26:04.396+0900] {dagbag.py:545} INFO - Filling up the DagBag from /home/papalio/.local/lib/python3.10/site-packages/airflow/example_dags/example_external_task_marker_dag.py
[2024-07-20T14:26:04.408+0900] {processor.py:840} INFO - DAG(s) 'example_external_task_marker_child', 'example_external_task_marker_parent' retrieved from /home/papalio/.local/lib/python3.10/site-packages/airflow/example_dags/example_external_task_marker_dag.py
[2024-07-20T14:26:04.443+0900] {logging_mixin.py:188} INFO - [2024-07-20T14:26:04.443+0900] {dag.py:3096} INFO - Sync 2 DAGs
[2024-07-20T14:26:04.464+0900] {logging_mixin.py:188} INFO - [2024-07-20T14:26:04.463+0900] {dag.py:3954} INFO - Setting next_dagrun for example_external_task_marker_child to None, run_after=None
[2024-07-20T14:26:04.469+0900] {logging_mixin.py:188} INFO - [2024-07-20T14:26:04.469+0900] {dag.py:3954} INFO - Setting next_dagrun for example_external_task_marker_parent to None, run_after=None
[2024-07-20T14:26:04.508+0900] {processor.py:183} INFO - Processing /home/papalio/.local/lib/python3.10/site-packages/airflow/example_dags/example_external_task_marker_dag.py took 0.125 seconds
[2024-07-20T14:27:39.495+0900] {processor.py:161} INFO - Started process (PID=19095) to work on /home/papalio/.local/lib/python3.10/site-packages/airflow/example_dags/example_external_task_marker_dag.py
[2024-07-20T14:27:39.498+0900] {processor.py:830} INFO - Processing file /home/papalio/.local/lib/python3.10/site-packages/airflow/example_dags/example_external_task_marker_dag.py for tasks to queue
[2024-07-20T14:27:39.500+0900] {logging_mixin.py:188} INFO - [2024-07-20T14:27:39.499+0900] {dagbag.py:545} INFO - Filling up the DagBag from /home/papalio/.local/lib/python3.10/site-packages/airflow/example_dags/example_external_task_marker_dag.py
[2024-07-20T14:27:39.512+0900] {processor.py:840} INFO - DAG(s) 'example_external_task_marker_parent', 'example_external_task_marker_child' retrieved from /home/papalio/.local/lib/python3.10/site-packages/airflow/example_dags/example_external_task_marker_dag.py
[2024-07-20T14:27:39.538+0900] {logging_mixin.py:188} INFO - [2024-07-20T14:27:39.538+0900] {dag.py:3096} INFO - Sync 2 DAGs
[2024-07-20T14:27:39.553+0900] {logging_mixin.py:188} INFO - [2024-07-20T14:27:39.553+0900] {dag.py:3954} INFO - Setting next_dagrun for example_external_task_marker_child to None, run_after=None
[2024-07-20T14:27:39.557+0900] {logging_mixin.py:188} INFO - [2024-07-20T14:27:39.557+0900] {dag.py:3954} INFO - Setting next_dagrun for example_external_task_marker_parent to None, run_after=None
[2024-07-20T14:27:39.586+0900] {processor.py:183} INFO - Processing /home/papalio/.local/lib/python3.10/site-packages/airflow/example_dags/example_external_task_marker_dag.py took 0.101 seconds
[2024-07-20T14:28:56.223+0900] {processor.py:161} INFO - Started process (PID=19591) to work on /home/papalio/.local/lib/python3.10/site-packages/airflow/example_dags/example_external_task_marker_dag.py
[2024-07-20T14:28:56.225+0900] {processor.py:830} INFO - Processing file /home/papalio/.local/lib/python3.10/site-packages/airflow/example_dags/example_external_task_marker_dag.py for tasks to queue
[2024-07-20T14:28:56.226+0900] {logging_mixin.py:188} INFO - [2024-07-20T14:28:56.226+0900] {dagbag.py:545} INFO - Filling up the DagBag from /home/papalio/.local/lib/python3.10/site-packages/airflow/example_dags/example_external_task_marker_dag.py
[2024-07-20T14:28:56.236+0900] {processor.py:840} INFO - DAG(s) 'example_external_task_marker_parent', 'example_external_task_marker_child' retrieved from /home/papalio/.local/lib/python3.10/site-packages/airflow/example_dags/example_external_task_marker_dag.py
[2024-07-20T14:28:56.261+0900] {logging_mixin.py:188} INFO - [2024-07-20T14:28:56.260+0900] {dag.py:3096} INFO - Sync 2 DAGs
[2024-07-20T14:28:56.274+0900] {logging_mixin.py:188} INFO - [2024-07-20T14:28:56.273+0900] {dag.py:3954} INFO - Setting next_dagrun for example_external_task_marker_child to None, run_after=None
[2024-07-20T14:28:56.277+0900] {logging_mixin.py:188} INFO - [2024-07-20T14:28:56.277+0900] {dag.py:3954} INFO - Setting next_dagrun for example_external_task_marker_parent to None, run_after=None
[2024-07-20T14:28:56.310+0900] {processor.py:183} INFO - Processing /home/papalio/.local/lib/python3.10/site-packages/airflow/example_dags/example_external_task_marker_dag.py took 0.096 seconds
[2024-07-20T14:30:17.684+0900] {processor.py:161} INFO - Started process (PID=20112) to work on /home/papalio/.local/lib/python3.10/site-packages/airflow/example_dags/example_external_task_marker_dag.py
[2024-07-20T14:30:17.688+0900] {processor.py:830} INFO - Processing file /home/papalio/.local/lib/python3.10/site-packages/airflow/example_dags/example_external_task_marker_dag.py for tasks to queue
[2024-07-20T14:30:17.691+0900] {logging_mixin.py:188} INFO - [2024-07-20T14:30:17.689+0900] {dagbag.py:545} INFO - Filling up the DagBag from /home/papalio/.local/lib/python3.10/site-packages/airflow/example_dags/example_external_task_marker_dag.py
[2024-07-20T14:30:17.738+0900] {processor.py:840} INFO - DAG(s) 'example_external_task_marker_parent', 'example_external_task_marker_child' retrieved from /home/papalio/.local/lib/python3.10/site-packages/airflow/example_dags/example_external_task_marker_dag.py
[2024-07-20T14:30:17.828+0900] {logging_mixin.py:188} INFO - [2024-07-20T14:30:17.827+0900] {dag.py:3096} INFO - Sync 2 DAGs
[2024-07-20T14:30:17.864+0900] {logging_mixin.py:188} INFO - [2024-07-20T14:30:17.864+0900] {dag.py:3954} INFO - Setting next_dagrun for example_external_task_marker_child to None, run_after=None
[2024-07-20T14:30:17.877+0900] {logging_mixin.py:188} INFO - [2024-07-20T14:30:17.876+0900] {dag.py:3954} INFO - Setting next_dagrun for example_external_task_marker_parent to None, run_after=None
[2024-07-20T14:30:18.017+0900] {processor.py:183} INFO - Processing /home/papalio/.local/lib/python3.10/site-packages/airflow/example_dags/example_external_task_marker_dag.py took 0.336 seconds
[2024-07-20T14:31:35.252+0900] {processor.py:161} INFO - Started process (PID=20612) to work on /home/papalio/.local/lib/python3.10/site-packages/airflow/example_dags/example_external_task_marker_dag.py
[2024-07-20T14:31:35.263+0900] {processor.py:830} INFO - Processing file /home/papalio/.local/lib/python3.10/site-packages/airflow/example_dags/example_external_task_marker_dag.py for tasks to queue
[2024-07-20T14:31:35.265+0900] {logging_mixin.py:188} INFO - [2024-07-20T14:31:35.265+0900] {dagbag.py:545} INFO - Filling up the DagBag from /home/papalio/.local/lib/python3.10/site-packages/airflow/example_dags/example_external_task_marker_dag.py
[2024-07-20T14:31:35.282+0900] {processor.py:840} INFO - DAG(s) 'example_external_task_marker_parent', 'example_external_task_marker_child' retrieved from /home/papalio/.local/lib/python3.10/site-packages/airflow/example_dags/example_external_task_marker_dag.py
[2024-07-20T14:31:35.322+0900] {logging_mixin.py:188} INFO - [2024-07-20T14:31:35.322+0900] {dag.py:3096} INFO - Sync 2 DAGs
[2024-07-20T14:31:35.343+0900] {logging_mixin.py:188} INFO - [2024-07-20T14:31:35.343+0900] {dag.py:3954} INFO - Setting next_dagrun for example_external_task_marker_child to None, run_after=None
[2024-07-20T14:31:35.350+0900] {logging_mixin.py:188} INFO - [2024-07-20T14:31:35.350+0900] {dag.py:3954} INFO - Setting next_dagrun for example_external_task_marker_parent to None, run_after=None
[2024-07-20T14:31:35.391+0900] {processor.py:183} INFO - Processing /home/papalio/.local/lib/python3.10/site-packages/airflow/example_dags/example_external_task_marker_dag.py took 0.150 seconds
[2024-07-20T14:33:07.065+0900] {processor.py:161} INFO - Started process (PID=21161) to work on /home/papalio/.local/lib/python3.10/site-packages/airflow/example_dags/example_external_task_marker_dag.py
[2024-07-20T14:33:07.067+0900] {processor.py:830} INFO - Processing file /home/papalio/.local/lib/python3.10/site-packages/airflow/example_dags/example_external_task_marker_dag.py for tasks to queue
[2024-07-20T14:33:07.068+0900] {logging_mixin.py:188} INFO - [2024-07-20T14:33:07.068+0900] {dagbag.py:545} INFO - Filling up the DagBag from /home/papalio/.local/lib/python3.10/site-packages/airflow/example_dags/example_external_task_marker_dag.py
[2024-07-20T14:33:07.079+0900] {processor.py:840} INFO - DAG(s) 'example_external_task_marker_parent', 'example_external_task_marker_child' retrieved from /home/papalio/.local/lib/python3.10/site-packages/airflow/example_dags/example_external_task_marker_dag.py
[2024-07-20T14:33:07.111+0900] {logging_mixin.py:188} INFO - [2024-07-20T14:33:07.111+0900] {dag.py:3096} INFO - Sync 2 DAGs
[2024-07-20T14:33:07.130+0900] {logging_mixin.py:188} INFO - [2024-07-20T14:33:07.130+0900] {dag.py:3954} INFO - Setting next_dagrun for example_external_task_marker_child to None, run_after=None
[2024-07-20T14:33:07.137+0900] {logging_mixin.py:188} INFO - [2024-07-20T14:33:07.136+0900] {dag.py:3954} INFO - Setting next_dagrun for example_external_task_marker_parent to None, run_after=None
[2024-07-20T14:33:07.177+0900] {processor.py:183} INFO - Processing /home/papalio/.local/lib/python3.10/site-packages/airflow/example_dags/example_external_task_marker_dag.py took 0.122 seconds
[2024-07-20T14:34:35.317+0900] {processor.py:161} INFO - Started process (PID=21704) to work on /home/papalio/.local/lib/python3.10/site-packages/airflow/example_dags/example_external_task_marker_dag.py
[2024-07-20T14:34:35.324+0900] {processor.py:830} INFO - Processing file /home/papalio/.local/lib/python3.10/site-packages/airflow/example_dags/example_external_task_marker_dag.py for tasks to queue
[2024-07-20T14:34:35.330+0900] {logging_mixin.py:188} INFO - [2024-07-20T14:34:35.329+0900] {dagbag.py:545} INFO - Filling up the DagBag from /home/papalio/.local/lib/python3.10/site-packages/airflow/example_dags/example_external_task_marker_dag.py
[2024-07-20T14:34:35.348+0900] {processor.py:840} INFO - DAG(s) 'example_external_task_marker_child', 'example_external_task_marker_parent' retrieved from /home/papalio/.local/lib/python3.10/site-packages/airflow/example_dags/example_external_task_marker_dag.py
[2024-07-20T14:34:35.397+0900] {logging_mixin.py:188} INFO - [2024-07-20T14:34:35.396+0900] {dag.py:3096} INFO - Sync 2 DAGs
[2024-07-20T14:34:35.434+0900] {logging_mixin.py:188} INFO - [2024-07-20T14:34:35.433+0900] {dag.py:3954} INFO - Setting next_dagrun for example_external_task_marker_child to None, run_after=None
[2024-07-20T14:34:35.442+0900] {logging_mixin.py:188} INFO - [2024-07-20T14:34:35.441+0900] {dag.py:3954} INFO - Setting next_dagrun for example_external_task_marker_parent to None, run_after=None
[2024-07-20T14:34:35.502+0900] {processor.py:183} INFO - Processing /home/papalio/.local/lib/python3.10/site-packages/airflow/example_dags/example_external_task_marker_dag.py took 0.206 seconds
[2024-07-20T14:35:53.608+0900] {processor.py:161} INFO - Started process (PID=22205) to work on /home/papalio/.local/lib/python3.10/site-packages/airflow/example_dags/example_external_task_marker_dag.py
[2024-07-20T14:35:53.611+0900] {processor.py:830} INFO - Processing file /home/papalio/.local/lib/python3.10/site-packages/airflow/example_dags/example_external_task_marker_dag.py for tasks to queue
[2024-07-20T14:35:53.613+0900] {logging_mixin.py:188} INFO - [2024-07-20T14:35:53.612+0900] {dagbag.py:545} INFO - Filling up the DagBag from /home/papalio/.local/lib/python3.10/site-packages/airflow/example_dags/example_external_task_marker_dag.py
[2024-07-20T14:35:53.632+0900] {processor.py:840} INFO - DAG(s) 'example_external_task_marker_parent', 'example_external_task_marker_child' retrieved from /home/papalio/.local/lib/python3.10/site-packages/airflow/example_dags/example_external_task_marker_dag.py
[2024-07-20T14:35:53.694+0900] {logging_mixin.py:188} INFO - [2024-07-20T14:35:53.693+0900] {dag.py:3096} INFO - Sync 2 DAGs
[2024-07-20T14:35:53.719+0900] {logging_mixin.py:188} INFO - [2024-07-20T14:35:53.718+0900] {dag.py:3954} INFO - Setting next_dagrun for example_external_task_marker_child to None, run_after=None
[2024-07-20T14:35:53.727+0900] {logging_mixin.py:188} INFO - [2024-07-20T14:35:53.726+0900] {dag.py:3954} INFO - Setting next_dagrun for example_external_task_marker_parent to None, run_after=None
[2024-07-20T14:35:53.773+0900] {processor.py:183} INFO - Processing /home/papalio/.local/lib/python3.10/site-packages/airflow/example_dags/example_external_task_marker_dag.py took 0.179 seconds
[2024-07-20T14:37:15.337+0900] {processor.py:161} INFO - Started process (PID=22720) to work on /home/papalio/.local/lib/python3.10/site-packages/airflow/example_dags/example_external_task_marker_dag.py
[2024-07-20T14:37:15.339+0900] {processor.py:830} INFO - Processing file /home/papalio/.local/lib/python3.10/site-packages/airflow/example_dags/example_external_task_marker_dag.py for tasks to queue
[2024-07-20T14:37:15.340+0900] {logging_mixin.py:188} INFO - [2024-07-20T14:37:15.340+0900] {dagbag.py:545} INFO - Filling up the DagBag from /home/papalio/.local/lib/python3.10/site-packages/airflow/example_dags/example_external_task_marker_dag.py
[2024-07-20T14:37:15.355+0900] {processor.py:840} INFO - DAG(s) 'example_external_task_marker_child', 'example_external_task_marker_parent' retrieved from /home/papalio/.local/lib/python3.10/site-packages/airflow/example_dags/example_external_task_marker_dag.py
[2024-07-20T14:37:15.396+0900] {logging_mixin.py:188} INFO - [2024-07-20T14:37:15.395+0900] {dag.py:3096} INFO - Sync 2 DAGs
[2024-07-20T14:37:15.416+0900] {logging_mixin.py:188} INFO - [2024-07-20T14:37:15.415+0900] {dag.py:3954} INFO - Setting next_dagrun for example_external_task_marker_child to None, run_after=None
[2024-07-20T14:37:15.421+0900] {logging_mixin.py:188} INFO - [2024-07-20T14:37:15.421+0900] {dag.py:3954} INFO - Setting next_dagrun for example_external_task_marker_parent to None, run_after=None
[2024-07-20T14:37:15.468+0900] {processor.py:183} INFO - Processing /home/papalio/.local/lib/python3.10/site-packages/airflow/example_dags/example_external_task_marker_dag.py took 0.144 seconds
[2024-07-20T14:38:38.633+0900] {processor.py:161} INFO - Started process (PID=23237) to work on /home/papalio/.local/lib/python3.10/site-packages/airflow/example_dags/example_external_task_marker_dag.py
[2024-07-20T14:38:38.635+0900] {processor.py:830} INFO - Processing file /home/papalio/.local/lib/python3.10/site-packages/airflow/example_dags/example_external_task_marker_dag.py for tasks to queue
[2024-07-20T14:38:38.636+0900] {logging_mixin.py:188} INFO - [2024-07-20T14:38:38.635+0900] {dagbag.py:545} INFO - Filling up the DagBag from /home/papalio/.local/lib/python3.10/site-packages/airflow/example_dags/example_external_task_marker_dag.py
[2024-07-20T14:38:38.644+0900] {processor.py:840} INFO - DAG(s) 'example_external_task_marker_parent', 'example_external_task_marker_child' retrieved from /home/papalio/.local/lib/python3.10/site-packages/airflow/example_dags/example_external_task_marker_dag.py
[2024-07-20T14:38:38.668+0900] {logging_mixin.py:188} INFO - [2024-07-20T14:38:38.667+0900] {dag.py:3096} INFO - Sync 2 DAGs
[2024-07-20T14:38:38.683+0900] {logging_mixin.py:188} INFO - [2024-07-20T14:38:38.683+0900] {dag.py:3954} INFO - Setting next_dagrun for example_external_task_marker_child to None, run_after=None
[2024-07-20T14:38:38.687+0900] {logging_mixin.py:188} INFO - [2024-07-20T14:38:38.687+0900] {dag.py:3954} INFO - Setting next_dagrun for example_external_task_marker_parent to None, run_after=None
[2024-07-20T14:38:38.724+0900] {processor.py:183} INFO - Processing /home/papalio/.local/lib/python3.10/site-packages/airflow/example_dags/example_external_task_marker_dag.py took 0.098 seconds
[2024-07-20T14:40:08.621+0900] {processor.py:161} INFO - Started process (PID=23788) to work on /home/papalio/.local/lib/python3.10/site-packages/airflow/example_dags/example_external_task_marker_dag.py
[2024-07-20T14:40:08.632+0900] {processor.py:830} INFO - Processing file /home/papalio/.local/lib/python3.10/site-packages/airflow/example_dags/example_external_task_marker_dag.py for tasks to queue
[2024-07-20T14:40:08.634+0900] {logging_mixin.py:188} INFO - [2024-07-20T14:40:08.634+0900] {dagbag.py:545} INFO - Filling up the DagBag from /home/papalio/.local/lib/python3.10/site-packages/airflow/example_dags/example_external_task_marker_dag.py
[2024-07-20T14:40:08.647+0900] {processor.py:840} INFO - DAG(s) 'example_external_task_marker_child', 'example_external_task_marker_parent' retrieved from /home/papalio/.local/lib/python3.10/site-packages/airflow/example_dags/example_external_task_marker_dag.py
[2024-07-20T14:40:08.704+0900] {logging_mixin.py:188} INFO - [2024-07-20T14:40:08.704+0900] {dag.py:3096} INFO - Sync 2 DAGs
[2024-07-20T14:40:08.732+0900] {logging_mixin.py:188} INFO - [2024-07-20T14:40:08.731+0900] {dag.py:3954} INFO - Setting next_dagrun for example_external_task_marker_child to None, run_after=None
[2024-07-20T14:40:08.738+0900] {logging_mixin.py:188} INFO - [2024-07-20T14:40:08.738+0900] {dag.py:3954} INFO - Setting next_dagrun for example_external_task_marker_parent to None, run_after=None
[2024-07-20T14:40:08.784+0900] {processor.py:183} INFO - Processing /home/papalio/.local/lib/python3.10/site-packages/airflow/example_dags/example_external_task_marker_dag.py took 0.176 seconds
[2024-07-20T14:41:41.148+0900] {processor.py:161} INFO - Started process (PID=24344) to work on /home/papalio/.local/lib/python3.10/site-packages/airflow/example_dags/example_external_task_marker_dag.py
[2024-07-20T14:41:41.152+0900] {processor.py:830} INFO - Processing file /home/papalio/.local/lib/python3.10/site-packages/airflow/example_dags/example_external_task_marker_dag.py for tasks to queue
[2024-07-20T14:41:41.155+0900] {logging_mixin.py:188} INFO - [2024-07-20T14:41:41.154+0900] {dagbag.py:545} INFO - Filling up the DagBag from /home/papalio/.local/lib/python3.10/site-packages/airflow/example_dags/example_external_task_marker_dag.py
[2024-07-20T14:41:41.176+0900] {processor.py:840} INFO - DAG(s) 'example_external_task_marker_child', 'example_external_task_marker_parent' retrieved from /home/papalio/.local/lib/python3.10/site-packages/airflow/example_dags/example_external_task_marker_dag.py
[2024-07-20T14:41:41.239+0900] {logging_mixin.py:188} INFO - [2024-07-20T14:41:41.238+0900] {dag.py:3096} INFO - Sync 2 DAGs
[2024-07-20T14:41:41.271+0900] {logging_mixin.py:188} INFO - [2024-07-20T14:41:41.271+0900] {dag.py:3954} INFO - Setting next_dagrun for example_external_task_marker_child to None, run_after=None
[2024-07-20T14:41:41.279+0900] {logging_mixin.py:188} INFO - [2024-07-20T14:41:41.279+0900] {dag.py:3954} INFO - Setting next_dagrun for example_external_task_marker_parent to None, run_after=None
[2024-07-20T14:41:41.337+0900] {processor.py:183} INFO - Processing /home/papalio/.local/lib/python3.10/site-packages/airflow/example_dags/example_external_task_marker_dag.py took 0.210 seconds
[2024-07-20T14:43:04.155+0900] {processor.py:161} INFO - Started process (PID=24888) to work on /home/papalio/.local/lib/python3.10/site-packages/airflow/example_dags/example_external_task_marker_dag.py
[2024-07-20T14:43:04.159+0900] {processor.py:830} INFO - Processing file /home/papalio/.local/lib/python3.10/site-packages/airflow/example_dags/example_external_task_marker_dag.py for tasks to queue
[2024-07-20T14:43:04.164+0900] {logging_mixin.py:188} INFO - [2024-07-20T14:43:04.162+0900] {dagbag.py:545} INFO - Filling up the DagBag from /home/papalio/.local/lib/python3.10/site-packages/airflow/example_dags/example_external_task_marker_dag.py
[2024-07-20T14:43:04.193+0900] {processor.py:840} INFO - DAG(s) 'example_external_task_marker_parent', 'example_external_task_marker_child' retrieved from /home/papalio/.local/lib/python3.10/site-packages/airflow/example_dags/example_external_task_marker_dag.py
[2024-07-20T14:43:04.273+0900] {logging_mixin.py:188} INFO - [2024-07-20T14:43:04.272+0900] {dag.py:3096} INFO - Sync 2 DAGs
[2024-07-20T14:43:04.307+0900] {logging_mixin.py:188} INFO - [2024-07-20T14:43:04.306+0900] {dag.py:3954} INFO - Setting next_dagrun for example_external_task_marker_child to None, run_after=None
[2024-07-20T14:43:04.315+0900] {logging_mixin.py:188} INFO - [2024-07-20T14:43:04.314+0900] {dag.py:3954} INFO - Setting next_dagrun for example_external_task_marker_parent to None, run_after=None
[2024-07-20T14:43:04.395+0900] {processor.py:183} INFO - Processing /home/papalio/.local/lib/python3.10/site-packages/airflow/example_dags/example_external_task_marker_dag.py took 0.265 seconds
[2024-07-20T14:44:36.816+0900] {processor.py:161} INFO - Started process (PID=25444) to work on /home/papalio/.local/lib/python3.10/site-packages/airflow/example_dags/example_external_task_marker_dag.py
[2024-07-20T14:44:36.820+0900] {processor.py:830} INFO - Processing file /home/papalio/.local/lib/python3.10/site-packages/airflow/example_dags/example_external_task_marker_dag.py for tasks to queue
[2024-07-20T14:44:36.821+0900] {logging_mixin.py:188} INFO - [2024-07-20T14:44:36.820+0900] {dagbag.py:545} INFO - Filling up the DagBag from /home/papalio/.local/lib/python3.10/site-packages/airflow/example_dags/example_external_task_marker_dag.py
[2024-07-20T14:44:36.832+0900] {processor.py:840} INFO - DAG(s) 'example_external_task_marker_parent', 'example_external_task_marker_child' retrieved from /home/papalio/.local/lib/python3.10/site-packages/airflow/example_dags/example_external_task_marker_dag.py
[2024-07-20T14:44:36.866+0900] {logging_mixin.py:188} INFO - [2024-07-20T14:44:36.865+0900] {dag.py:3096} INFO - Sync 2 DAGs
[2024-07-20T14:44:36.886+0900] {logging_mixin.py:188} INFO - [2024-07-20T14:44:36.885+0900] {dag.py:3954} INFO - Setting next_dagrun for example_external_task_marker_child to None, run_after=None
[2024-07-20T14:44:36.912+0900] {logging_mixin.py:188} INFO - [2024-07-20T14:44:36.911+0900] {dag.py:3954} INFO - Setting next_dagrun for example_external_task_marker_parent to None, run_after=None
[2024-07-20T14:44:36.951+0900] {processor.py:183} INFO - Processing /home/papalio/.local/lib/python3.10/site-packages/airflow/example_dags/example_external_task_marker_dag.py took 0.143 seconds
