[2024-07-20T14:10:27.842+0900] {processor.py:161} INFO - Started process (PID=12668) to work on /home/papalio/.local/lib/python3.10/site-packages/airflow/example_dags/example_skip_dag.py
[2024-07-20T14:10:27.844+0900] {processor.py:830} INFO - Processing file /home/papalio/.local/lib/python3.10/site-packages/airflow/example_dags/example_skip_dag.py for tasks to queue
[2024-07-20T14:10:27.847+0900] {logging_mixin.py:188} INFO - [2024-07-20T14:10:27.846+0900] {dagbag.py:545} INFO - Filling up the DagBag from /home/papalio/.local/lib/python3.10/site-packages/airflow/example_dags/example_skip_dag.py
[2024-07-20T14:10:27.860+0900] {processor.py:840} INFO - DAG(s) 'example_skip_dag' retrieved from /home/papalio/.local/lib/python3.10/site-packages/airflow/example_dags/example_skip_dag.py
[2024-07-20T14:10:28.010+0900] {logging_mixin.py:188} INFO - [2024-07-20T14:10:28.009+0900] {dag.py:3096} INFO - Sync 1 DAGs
[2024-07-20T14:10:28.042+0900] {logging_mixin.py:188} INFO - [2024-07-20T14:10:28.042+0900] {dag.py:3954} INFO - Setting next_dagrun for example_skip_dag to 2024-07-19 00:00:00+00:00, run_after=2024-07-20 00:00:00+00:00
[2024-07-20T14:10:28.095+0900] {processor.py:183} INFO - Processing /home/papalio/.local/lib/python3.10/site-packages/airflow/example_dags/example_skip_dag.py took 0.262 seconds
[2024-07-20T14:11:39.978+0900] {processor.py:161} INFO - Started process (PID=13080) to work on /home/papalio/.local/lib/python3.10/site-packages/airflow/example_dags/example_skip_dag.py
[2024-07-20T14:11:39.981+0900] {processor.py:830} INFO - Processing file /home/papalio/.local/lib/python3.10/site-packages/airflow/example_dags/example_skip_dag.py for tasks to queue
[2024-07-20T14:11:39.984+0900] {logging_mixin.py:188} INFO - [2024-07-20T14:11:39.983+0900] {dagbag.py:545} INFO - Filling up the DagBag from /home/papalio/.local/lib/python3.10/site-packages/airflow/example_dags/example_skip_dag.py
[2024-07-20T14:11:40.011+0900] {processor.py:840} INFO - DAG(s) 'example_skip_dag' retrieved from /home/papalio/.local/lib/python3.10/site-packages/airflow/example_dags/example_skip_dag.py
[2024-07-20T14:11:40.034+0900] {logging_mixin.py:188} INFO - [2024-07-20T14:11:40.033+0900] {dag.py:3096} INFO - Sync 1 DAGs
[2024-07-20T14:11:40.060+0900] {logging_mixin.py:188} INFO - [2024-07-20T14:11:40.060+0900] {dag.py:3954} INFO - Setting next_dagrun for example_skip_dag to 2024-07-19 00:00:00+00:00, run_after=2024-07-20 00:00:00+00:00
[2024-07-20T14:11:40.104+0900] {processor.py:183} INFO - Processing /home/papalio/.local/lib/python3.10/site-packages/airflow/example_dags/example_skip_dag.py took 0.137 seconds
[2024-07-20T14:13:01.100+0900] {processor.py:161} INFO - Started process (PID=13589) to work on /home/papalio/.local/lib/python3.10/site-packages/airflow/example_dags/example_skip_dag.py
[2024-07-20T14:13:01.103+0900] {processor.py:830} INFO - Processing file /home/papalio/.local/lib/python3.10/site-packages/airflow/example_dags/example_skip_dag.py for tasks to queue
[2024-07-20T14:13:01.107+0900] {logging_mixin.py:188} INFO - [2024-07-20T14:13:01.106+0900] {dagbag.py:545} INFO - Filling up the DagBag from /home/papalio/.local/lib/python3.10/site-packages/airflow/example_dags/example_skip_dag.py
[2024-07-20T14:13:01.123+0900] {processor.py:840} INFO - DAG(s) 'example_skip_dag' retrieved from /home/papalio/.local/lib/python3.10/site-packages/airflow/example_dags/example_skip_dag.py
[2024-07-20T14:13:01.151+0900] {logging_mixin.py:188} INFO - [2024-07-20T14:13:01.150+0900] {dag.py:3096} INFO - Sync 1 DAGs
[2024-07-20T14:13:01.183+0900] {logging_mixin.py:188} INFO - [2024-07-20T14:13:01.182+0900] {dag.py:3954} INFO - Setting next_dagrun for example_skip_dag to 2024-07-19 00:00:00+00:00, run_after=2024-07-20 00:00:00+00:00
[2024-07-20T14:13:01.226+0900] {processor.py:183} INFO - Processing /home/papalio/.local/lib/python3.10/site-packages/airflow/example_dags/example_skip_dag.py took 0.139 seconds
[2024-07-20T14:14:25.505+0900] {processor.py:161} INFO - Started process (PID=14115) to work on /home/papalio/.local/lib/python3.10/site-packages/airflow/example_dags/example_skip_dag.py
[2024-07-20T14:14:25.510+0900] {processor.py:830} INFO - Processing file /home/papalio/.local/lib/python3.10/site-packages/airflow/example_dags/example_skip_dag.py for tasks to queue
[2024-07-20T14:14:25.513+0900] {logging_mixin.py:188} INFO - [2024-07-20T14:14:25.512+0900] {dagbag.py:545} INFO - Filling up the DagBag from /home/papalio/.local/lib/python3.10/site-packages/airflow/example_dags/example_skip_dag.py
[2024-07-20T14:14:25.527+0900] {processor.py:840} INFO - DAG(s) 'example_skip_dag' retrieved from /home/papalio/.local/lib/python3.10/site-packages/airflow/example_dags/example_skip_dag.py
[2024-07-20T14:14:25.557+0900] {logging_mixin.py:188} INFO - [2024-07-20T14:14:25.557+0900] {dag.py:3096} INFO - Sync 1 DAGs
[2024-07-20T14:14:25.599+0900] {logging_mixin.py:188} INFO - [2024-07-20T14:14:25.599+0900] {dag.py:3954} INFO - Setting next_dagrun for example_skip_dag to 2024-07-19 00:00:00+00:00, run_after=2024-07-20 00:00:00+00:00
[2024-07-20T14:14:25.651+0900] {processor.py:183} INFO - Processing /home/papalio/.local/lib/python3.10/site-packages/airflow/example_dags/example_skip_dag.py took 0.159 seconds
[2024-07-20T14:15:44.586+0900] {processor.py:161} INFO - Started process (PID=14616) to work on /home/papalio/.local/lib/python3.10/site-packages/airflow/example_dags/example_skip_dag.py
[2024-07-20T14:15:44.590+0900] {processor.py:830} INFO - Processing file /home/papalio/.local/lib/python3.10/site-packages/airflow/example_dags/example_skip_dag.py for tasks to queue
[2024-07-20T14:15:44.596+0900] {logging_mixin.py:188} INFO - [2024-07-20T14:15:44.595+0900] {dagbag.py:545} INFO - Filling up the DagBag from /home/papalio/.local/lib/python3.10/site-packages/airflow/example_dags/example_skip_dag.py
[2024-07-20T14:15:44.612+0900] {processor.py:840} INFO - DAG(s) 'example_skip_dag' retrieved from /home/papalio/.local/lib/python3.10/site-packages/airflow/example_dags/example_skip_dag.py
[2024-07-20T14:15:44.657+0900] {logging_mixin.py:188} INFO - [2024-07-20T14:15:44.656+0900] {dag.py:3096} INFO - Sync 1 DAGs
[2024-07-20T14:15:44.703+0900] {logging_mixin.py:188} INFO - [2024-07-20T14:15:44.703+0900] {dag.py:3954} INFO - Setting next_dagrun for example_skip_dag to 2024-07-19 00:00:00+00:00, run_after=2024-07-20 00:00:00+00:00
[2024-07-20T14:15:44.757+0900] {processor.py:183} INFO - Processing /home/papalio/.local/lib/python3.10/site-packages/airflow/example_dags/example_skip_dag.py took 0.185 seconds
[2024-07-20T14:17:00.288+0900] {processor.py:161} INFO - Started process (PID=15106) to work on /home/papalio/.local/lib/python3.10/site-packages/airflow/example_dags/example_skip_dag.py
[2024-07-20T14:17:00.290+0900] {processor.py:830} INFO - Processing file /home/papalio/.local/lib/python3.10/site-packages/airflow/example_dags/example_skip_dag.py for tasks to queue
[2024-07-20T14:17:00.294+0900] {logging_mixin.py:188} INFO - [2024-07-20T14:17:00.293+0900] {dagbag.py:545} INFO - Filling up the DagBag from /home/papalio/.local/lib/python3.10/site-packages/airflow/example_dags/example_skip_dag.py
[2024-07-20T14:17:00.309+0900] {processor.py:840} INFO - DAG(s) 'example_skip_dag' retrieved from /home/papalio/.local/lib/python3.10/site-packages/airflow/example_dags/example_skip_dag.py
[2024-07-20T14:17:00.335+0900] {logging_mixin.py:188} INFO - [2024-07-20T14:17:00.335+0900] {dag.py:3096} INFO - Sync 1 DAGs
[2024-07-20T14:17:00.369+0900] {logging_mixin.py:188} INFO - [2024-07-20T14:17:00.368+0900] {dag.py:3954} INFO - Setting next_dagrun for example_skip_dag to 2024-07-19 00:00:00+00:00, run_after=2024-07-20 00:00:00+00:00
[2024-07-20T14:17:00.419+0900] {processor.py:183} INFO - Processing /home/papalio/.local/lib/python3.10/site-packages/airflow/example_dags/example_skip_dag.py took 0.144 seconds
[2024-07-20T14:18:20.902+0900] {processor.py:161} INFO - Started process (PID=15620) to work on /home/papalio/.local/lib/python3.10/site-packages/airflow/example_dags/example_skip_dag.py
[2024-07-20T14:18:20.914+0900] {processor.py:830} INFO - Processing file /home/papalio/.local/lib/python3.10/site-packages/airflow/example_dags/example_skip_dag.py for tasks to queue
[2024-07-20T14:18:20.918+0900] {logging_mixin.py:188} INFO - [2024-07-20T14:18:20.917+0900] {dagbag.py:545} INFO - Filling up the DagBag from /home/papalio/.local/lib/python3.10/site-packages/airflow/example_dags/example_skip_dag.py
[2024-07-20T14:18:20.933+0900] {processor.py:840} INFO - DAG(s) 'example_skip_dag' retrieved from /home/papalio/.local/lib/python3.10/site-packages/airflow/example_dags/example_skip_dag.py
[2024-07-20T14:18:20.961+0900] {logging_mixin.py:188} INFO - [2024-07-20T14:18:20.960+0900] {dag.py:3096} INFO - Sync 1 DAGs
[2024-07-20T14:18:20.988+0900] {logging_mixin.py:188} INFO - [2024-07-20T14:18:20.987+0900] {dag.py:3954} INFO - Setting next_dagrun for example_skip_dag to 2024-07-19 00:00:00+00:00, run_after=2024-07-20 00:00:00+00:00
[2024-07-20T14:18:21.029+0900] {processor.py:183} INFO - Processing /home/papalio/.local/lib/python3.10/site-packages/airflow/example_dags/example_skip_dag.py took 0.142 seconds
[2024-07-20T14:19:42.212+0900] {processor.py:161} INFO - Started process (PID=16133) to work on /home/papalio/.local/lib/python3.10/site-packages/airflow/example_dags/example_skip_dag.py
[2024-07-20T14:19:42.224+0900] {processor.py:830} INFO - Processing file /home/papalio/.local/lib/python3.10/site-packages/airflow/example_dags/example_skip_dag.py for tasks to queue
[2024-07-20T14:19:42.226+0900] {logging_mixin.py:188} INFO - [2024-07-20T14:19:42.226+0900] {dagbag.py:545} INFO - Filling up the DagBag from /home/papalio/.local/lib/python3.10/site-packages/airflow/example_dags/example_skip_dag.py
[2024-07-20T14:19:42.236+0900] {processor.py:840} INFO - DAG(s) 'example_skip_dag' retrieved from /home/papalio/.local/lib/python3.10/site-packages/airflow/example_dags/example_skip_dag.py
[2024-07-20T14:19:42.258+0900] {logging_mixin.py:188} INFO - [2024-07-20T14:19:42.258+0900] {dag.py:3096} INFO - Sync 1 DAGs
[2024-07-20T14:19:42.285+0900] {logging_mixin.py:188} INFO - [2024-07-20T14:19:42.285+0900] {dag.py:3954} INFO - Setting next_dagrun for example_skip_dag to 2024-07-19 00:00:00+00:00, run_after=2024-07-20 00:00:00+00:00
[2024-07-20T14:19:42.325+0900] {processor.py:183} INFO - Processing /home/papalio/.local/lib/python3.10/site-packages/airflow/example_dags/example_skip_dag.py took 0.121 seconds
[2024-07-20T14:21:13.497+0900] {processor.py:161} INFO - Started process (PID=16760) to work on /home/papalio/.local/lib/python3.10/site-packages/airflow/example_dags/example_skip_dag.py
[2024-07-20T14:21:13.500+0900] {processor.py:830} INFO - Processing file /home/papalio/.local/lib/python3.10/site-packages/airflow/example_dags/example_skip_dag.py for tasks to queue
[2024-07-20T14:21:13.504+0900] {logging_mixin.py:188} INFO - [2024-07-20T14:21:13.503+0900] {dagbag.py:545} INFO - Filling up the DagBag from /home/papalio/.local/lib/python3.10/site-packages/airflow/example_dags/example_skip_dag.py
[2024-07-20T14:21:13.521+0900] {processor.py:840} INFO - DAG(s) 'example_skip_dag' retrieved from /home/papalio/.local/lib/python3.10/site-packages/airflow/example_dags/example_skip_dag.py
[2024-07-20T14:21:13.573+0900] {logging_mixin.py:188} INFO - [2024-07-20T14:21:13.572+0900] {dag.py:3096} INFO - Sync 1 DAGs
[2024-07-20T14:21:13.630+0900] {logging_mixin.py:188} INFO - [2024-07-20T14:21:13.629+0900] {dag.py:3954} INFO - Setting next_dagrun for example_skip_dag to 2024-07-19 00:00:00+00:00, run_after=2024-07-20 00:00:00+00:00
[2024-07-20T14:21:13.703+0900] {processor.py:183} INFO - Processing /home/papalio/.local/lib/python3.10/site-packages/airflow/example_dags/example_skip_dag.py took 0.221 seconds
[2024-07-20T14:22:47.460+0900] {processor.py:161} INFO - Started process (PID=17368) to work on /home/papalio/.local/lib/python3.10/site-packages/airflow/example_dags/example_skip_dag.py
[2024-07-20T14:22:47.469+0900] {processor.py:830} INFO - Processing file /home/papalio/.local/lib/python3.10/site-packages/airflow/example_dags/example_skip_dag.py for tasks to queue
[2024-07-20T14:22:47.477+0900] {logging_mixin.py:188} INFO - [2024-07-20T14:22:47.474+0900] {dagbag.py:545} INFO - Filling up the DagBag from /home/papalio/.local/lib/python3.10/site-packages/airflow/example_dags/example_skip_dag.py
[2024-07-20T14:22:47.504+0900] {processor.py:840} INFO - DAG(s) 'example_skip_dag' retrieved from /home/papalio/.local/lib/python3.10/site-packages/airflow/example_dags/example_skip_dag.py
[2024-07-20T14:22:47.578+0900] {logging_mixin.py:188} INFO - [2024-07-20T14:22:47.576+0900] {dag.py:3096} INFO - Sync 1 DAGs
[2024-07-20T14:22:47.660+0900] {logging_mixin.py:188} INFO - [2024-07-20T14:22:47.660+0900] {dag.py:3954} INFO - Setting next_dagrun for example_skip_dag to 2024-07-19 00:00:00+00:00, run_after=2024-07-20 00:00:00+00:00
[2024-07-20T14:22:47.766+0900] {processor.py:183} INFO - Processing /home/papalio/.local/lib/python3.10/site-packages/airflow/example_dags/example_skip_dag.py took 0.336 seconds
[2024-07-20T14:24:28.706+0900] {processor.py:161} INFO - Started process (PID=17957) to work on /home/papalio/.local/lib/python3.10/site-packages/airflow/example_dags/example_skip_dag.py
[2024-07-20T14:24:28.717+0900] {processor.py:830} INFO - Processing file /home/papalio/.local/lib/python3.10/site-packages/airflow/example_dags/example_skip_dag.py for tasks to queue
[2024-07-20T14:24:28.718+0900] {logging_mixin.py:188} INFO - [2024-07-20T14:24:28.718+0900] {dagbag.py:545} INFO - Filling up the DagBag from /home/papalio/.local/lib/python3.10/site-packages/airflow/example_dags/example_skip_dag.py
[2024-07-20T14:24:28.730+0900] {processor.py:840} INFO - DAG(s) 'example_skip_dag' retrieved from /home/papalio/.local/lib/python3.10/site-packages/airflow/example_dags/example_skip_dag.py
[2024-07-20T14:24:28.756+0900] {logging_mixin.py:188} INFO - [2024-07-20T14:24:28.755+0900] {dag.py:3096} INFO - Sync 1 DAGs
[2024-07-20T14:24:28.786+0900] {logging_mixin.py:188} INFO - [2024-07-20T14:24:28.785+0900] {dag.py:3954} INFO - Setting next_dagrun for example_skip_dag to 2024-07-19 00:00:00+00:00, run_after=2024-07-20 00:00:00+00:00
[2024-07-20T14:24:28.838+0900] {processor.py:183} INFO - Processing /home/papalio/.local/lib/python3.10/site-packages/airflow/example_dags/example_skip_dag.py took 0.143 seconds
[2024-07-20T14:26:05.661+0900] {processor.py:161} INFO - Started process (PID=18537) to work on /home/papalio/.local/lib/python3.10/site-packages/airflow/example_dags/example_skip_dag.py
[2024-07-20T14:26:05.663+0900] {processor.py:830} INFO - Processing file /home/papalio/.local/lib/python3.10/site-packages/airflow/example_dags/example_skip_dag.py for tasks to queue
[2024-07-20T14:26:05.665+0900] {logging_mixin.py:188} INFO - [2024-07-20T14:26:05.664+0900] {dagbag.py:545} INFO - Filling up the DagBag from /home/papalio/.local/lib/python3.10/site-packages/airflow/example_dags/example_skip_dag.py
[2024-07-20T14:26:05.676+0900] {processor.py:840} INFO - DAG(s) 'example_skip_dag' retrieved from /home/papalio/.local/lib/python3.10/site-packages/airflow/example_dags/example_skip_dag.py
[2024-07-20T14:26:05.699+0900] {logging_mixin.py:188} INFO - [2024-07-20T14:26:05.699+0900] {dag.py:3096} INFO - Sync 1 DAGs
[2024-07-20T14:26:05.734+0900] {logging_mixin.py:188} INFO - [2024-07-20T14:26:05.733+0900] {dag.py:3954} INFO - Setting next_dagrun for example_skip_dag to 2024-07-19 00:00:00+00:00, run_after=2024-07-20 00:00:00+00:00
[2024-07-20T14:26:05.778+0900] {processor.py:183} INFO - Processing /home/papalio/.local/lib/python3.10/site-packages/airflow/example_dags/example_skip_dag.py took 0.126 seconds
[2024-07-20T14:27:40.767+0900] {processor.py:161} INFO - Started process (PID=19101) to work on /home/papalio/.local/lib/python3.10/site-packages/airflow/example_dags/example_skip_dag.py
[2024-07-20T14:27:40.769+0900] {processor.py:830} INFO - Processing file /home/papalio/.local/lib/python3.10/site-packages/airflow/example_dags/example_skip_dag.py for tasks to queue
[2024-07-20T14:27:40.770+0900] {logging_mixin.py:188} INFO - [2024-07-20T14:27:40.769+0900] {dagbag.py:545} INFO - Filling up the DagBag from /home/papalio/.local/lib/python3.10/site-packages/airflow/example_dags/example_skip_dag.py
[2024-07-20T14:27:40.777+0900] {processor.py:840} INFO - DAG(s) 'example_skip_dag' retrieved from /home/papalio/.local/lib/python3.10/site-packages/airflow/example_dags/example_skip_dag.py
[2024-07-20T14:27:40.791+0900] {logging_mixin.py:188} INFO - [2024-07-20T14:27:40.791+0900] {dag.py:3096} INFO - Sync 1 DAGs
[2024-07-20T14:27:40.808+0900] {logging_mixin.py:188} INFO - [2024-07-20T14:27:40.808+0900] {dag.py:3954} INFO - Setting next_dagrun for example_skip_dag to 2024-07-19 00:00:00+00:00, run_after=2024-07-20 00:00:00+00:00
[2024-07-20T14:27:40.833+0900] {processor.py:183} INFO - Processing /home/papalio/.local/lib/python3.10/site-packages/airflow/example_dags/example_skip_dag.py took 0.074 seconds
[2024-07-20T14:28:57.479+0900] {processor.py:161} INFO - Started process (PID=19597) to work on /home/papalio/.local/lib/python3.10/site-packages/airflow/example_dags/example_skip_dag.py
[2024-07-20T14:28:57.490+0900] {processor.py:830} INFO - Processing file /home/papalio/.local/lib/python3.10/site-packages/airflow/example_dags/example_skip_dag.py for tasks to queue
[2024-07-20T14:28:57.492+0900] {logging_mixin.py:188} INFO - [2024-07-20T14:28:57.491+0900] {dagbag.py:545} INFO - Filling up the DagBag from /home/papalio/.local/lib/python3.10/site-packages/airflow/example_dags/example_skip_dag.py
[2024-07-20T14:28:57.505+0900] {processor.py:840} INFO - DAG(s) 'example_skip_dag' retrieved from /home/papalio/.local/lib/python3.10/site-packages/airflow/example_dags/example_skip_dag.py
[2024-07-20T14:28:57.533+0900] {logging_mixin.py:188} INFO - [2024-07-20T14:28:57.533+0900] {dag.py:3096} INFO - Sync 1 DAGs
[2024-07-20T14:28:57.560+0900] {logging_mixin.py:188} INFO - [2024-07-20T14:28:57.560+0900] {dag.py:3954} INFO - Setting next_dagrun for example_skip_dag to 2024-07-19 00:00:00+00:00, run_after=2024-07-20 00:00:00+00:00
[2024-07-20T14:28:57.601+0900] {processor.py:183} INFO - Processing /home/papalio/.local/lib/python3.10/site-packages/airflow/example_dags/example_skip_dag.py took 0.135 seconds
[2024-07-20T14:30:18.607+0900] {processor.py:161} INFO - Started process (PID=20116) to work on /home/papalio/.local/lib/python3.10/site-packages/airflow/example_dags/example_skip_dag.py
[2024-07-20T14:30:18.614+0900] {processor.py:830} INFO - Processing file /home/papalio/.local/lib/python3.10/site-packages/airflow/example_dags/example_skip_dag.py for tasks to queue
[2024-07-20T14:30:18.618+0900] {logging_mixin.py:188} INFO - [2024-07-20T14:30:18.616+0900] {dagbag.py:545} INFO - Filling up the DagBag from /home/papalio/.local/lib/python3.10/site-packages/airflow/example_dags/example_skip_dag.py
[2024-07-20T14:30:18.659+0900] {processor.py:840} INFO - DAG(s) 'example_skip_dag' retrieved from /home/papalio/.local/lib/python3.10/site-packages/airflow/example_dags/example_skip_dag.py
[2024-07-20T14:30:18.712+0900] {logging_mixin.py:188} INFO - [2024-07-20T14:30:18.711+0900] {dag.py:3096} INFO - Sync 1 DAGs
[2024-07-20T14:30:18.782+0900] {logging_mixin.py:188} INFO - [2024-07-20T14:30:18.781+0900] {dag.py:3954} INFO - Setting next_dagrun for example_skip_dag to 2024-07-19 00:00:00+00:00, run_after=2024-07-20 00:00:00+00:00
[2024-07-20T14:30:18.856+0900] {processor.py:183} INFO - Processing /home/papalio/.local/lib/python3.10/site-packages/airflow/example_dags/example_skip_dag.py took 0.278 seconds
[2024-07-20T14:31:36.505+0900] {processor.py:161} INFO - Started process (PID=20617) to work on /home/papalio/.local/lib/python3.10/site-packages/airflow/example_dags/example_skip_dag.py
[2024-07-20T14:31:36.507+0900] {processor.py:830} INFO - Processing file /home/papalio/.local/lib/python3.10/site-packages/airflow/example_dags/example_skip_dag.py for tasks to queue
[2024-07-20T14:31:36.508+0900] {logging_mixin.py:188} INFO - [2024-07-20T14:31:36.508+0900] {dagbag.py:545} INFO - Filling up the DagBag from /home/papalio/.local/lib/python3.10/site-packages/airflow/example_dags/example_skip_dag.py
[2024-07-20T14:31:36.521+0900] {processor.py:840} INFO - DAG(s) 'example_skip_dag' retrieved from /home/papalio/.local/lib/python3.10/site-packages/airflow/example_dags/example_skip_dag.py
[2024-07-20T14:31:36.548+0900] {logging_mixin.py:188} INFO - [2024-07-20T14:31:36.547+0900] {dag.py:3096} INFO - Sync 1 DAGs
[2024-07-20T14:31:36.577+0900] {logging_mixin.py:188} INFO - [2024-07-20T14:31:36.577+0900] {dag.py:3954} INFO - Setting next_dagrun for example_skip_dag to 2024-07-19 00:00:00+00:00, run_after=2024-07-20 00:00:00+00:00
[2024-07-20T14:31:36.612+0900] {processor.py:183} INFO - Processing /home/papalio/.local/lib/python3.10/site-packages/airflow/example_dags/example_skip_dag.py took 0.120 seconds
[2024-07-20T14:33:07.845+0900] {processor.py:161} INFO - Started process (PID=21165) to work on /home/papalio/.local/lib/python3.10/site-packages/airflow/example_dags/example_skip_dag.py
[2024-07-20T14:33:07.847+0900] {processor.py:830} INFO - Processing file /home/papalio/.local/lib/python3.10/site-packages/airflow/example_dags/example_skip_dag.py for tasks to queue
[2024-07-20T14:33:07.848+0900] {logging_mixin.py:188} INFO - [2024-07-20T14:33:07.848+0900] {dagbag.py:545} INFO - Filling up the DagBag from /home/papalio/.local/lib/python3.10/site-packages/airflow/example_dags/example_skip_dag.py
[2024-07-20T14:33:07.865+0900] {processor.py:840} INFO - DAG(s) 'example_skip_dag' retrieved from /home/papalio/.local/lib/python3.10/site-packages/airflow/example_dags/example_skip_dag.py
[2024-07-20T14:33:07.904+0900] {logging_mixin.py:188} INFO - [2024-07-20T14:33:07.904+0900] {dag.py:3096} INFO - Sync 1 DAGs
[2024-07-20T14:33:07.960+0900] {logging_mixin.py:188} INFO - [2024-07-20T14:33:07.960+0900] {dag.py:3954} INFO - Setting next_dagrun for example_skip_dag to 2024-07-19 00:00:00+00:00, run_after=2024-07-20 00:00:00+00:00
[2024-07-20T14:33:08.017+0900] {processor.py:183} INFO - Processing /home/papalio/.local/lib/python3.10/site-packages/airflow/example_dags/example_skip_dag.py took 0.189 seconds
[2024-07-20T14:34:35.846+0900] {processor.py:161} INFO - Started process (PID=21707) to work on /home/papalio/.local/lib/python3.10/site-packages/airflow/example_dags/example_skip_dag.py
[2024-07-20T14:34:35.850+0900] {processor.py:830} INFO - Processing file /home/papalio/.local/lib/python3.10/site-packages/airflow/example_dags/example_skip_dag.py for tasks to queue
[2024-07-20T14:34:35.854+0900] {logging_mixin.py:188} INFO - [2024-07-20T14:34:35.853+0900] {dagbag.py:545} INFO - Filling up the DagBag from /home/papalio/.local/lib/python3.10/site-packages/airflow/example_dags/example_skip_dag.py
[2024-07-20T14:34:35.873+0900] {processor.py:840} INFO - DAG(s) 'example_skip_dag' retrieved from /home/papalio/.local/lib/python3.10/site-packages/airflow/example_dags/example_skip_dag.py
[2024-07-20T14:34:35.915+0900] {logging_mixin.py:188} INFO - [2024-07-20T14:34:35.915+0900] {dag.py:3096} INFO - Sync 1 DAGs
[2024-07-20T14:34:35.961+0900] {logging_mixin.py:188} INFO - [2024-07-20T14:34:35.960+0900] {dag.py:3954} INFO - Setting next_dagrun for example_skip_dag to 2024-07-19 00:00:00+00:00, run_after=2024-07-20 00:00:00+00:00
[2024-07-20T14:34:36.031+0900] {processor.py:183} INFO - Processing /home/papalio/.local/lib/python3.10/site-packages/airflow/example_dags/example_skip_dag.py took 0.208 seconds
[2024-07-20T14:35:54.868+0900] {processor.py:161} INFO - Started process (PID=22211) to work on /home/papalio/.local/lib/python3.10/site-packages/airflow/example_dags/example_skip_dag.py
[2024-07-20T14:35:54.870+0900] {processor.py:830} INFO - Processing file /home/papalio/.local/lib/python3.10/site-packages/airflow/example_dags/example_skip_dag.py for tasks to queue
[2024-07-20T14:35:54.872+0900] {logging_mixin.py:188} INFO - [2024-07-20T14:35:54.871+0900] {dagbag.py:545} INFO - Filling up the DagBag from /home/papalio/.local/lib/python3.10/site-packages/airflow/example_dags/example_skip_dag.py
[2024-07-20T14:35:54.883+0900] {processor.py:840} INFO - DAG(s) 'example_skip_dag' retrieved from /home/papalio/.local/lib/python3.10/site-packages/airflow/example_dags/example_skip_dag.py
[2024-07-20T14:35:54.908+0900] {logging_mixin.py:188} INFO - [2024-07-20T14:35:54.908+0900] {dag.py:3096} INFO - Sync 1 DAGs
[2024-07-20T14:35:54.944+0900] {logging_mixin.py:188} INFO - [2024-07-20T14:35:54.944+0900] {dag.py:3954} INFO - Setting next_dagrun for example_skip_dag to 2024-07-19 00:00:00+00:00, run_after=2024-07-20 00:00:00+00:00
[2024-07-20T14:35:54.999+0900] {processor.py:183} INFO - Processing /home/papalio/.local/lib/python3.10/site-packages/airflow/example_dags/example_skip_dag.py took 0.145 seconds
[2024-07-20T14:37:16.595+0900] {processor.py:161} INFO - Started process (PID=22726) to work on /home/papalio/.local/lib/python3.10/site-packages/airflow/example_dags/example_skip_dag.py
[2024-07-20T14:37:16.598+0900] {processor.py:830} INFO - Processing file /home/papalio/.local/lib/python3.10/site-packages/airflow/example_dags/example_skip_dag.py for tasks to queue
[2024-07-20T14:37:16.600+0900] {logging_mixin.py:188} INFO - [2024-07-20T14:37:16.599+0900] {dagbag.py:545} INFO - Filling up the DagBag from /home/papalio/.local/lib/python3.10/site-packages/airflow/example_dags/example_skip_dag.py
[2024-07-20T14:37:16.613+0900] {processor.py:840} INFO - DAG(s) 'example_skip_dag' retrieved from /home/papalio/.local/lib/python3.10/site-packages/airflow/example_dags/example_skip_dag.py
[2024-07-20T14:37:16.642+0900] {logging_mixin.py:188} INFO - [2024-07-20T14:37:16.641+0900] {dag.py:3096} INFO - Sync 1 DAGs
[2024-07-20T14:37:16.678+0900] {logging_mixin.py:188} INFO - [2024-07-20T14:37:16.677+0900] {dag.py:3954} INFO - Setting next_dagrun for example_skip_dag to 2024-07-19 00:00:00+00:00, run_after=2024-07-20 00:00:00+00:00
[2024-07-20T14:37:16.718+0900] {processor.py:183} INFO - Processing /home/papalio/.local/lib/python3.10/site-packages/airflow/example_dags/example_skip_dag.py took 0.134 seconds
[2024-07-20T14:38:39.898+0900] {processor.py:161} INFO - Started process (PID=23243) to work on /home/papalio/.local/lib/python3.10/site-packages/airflow/example_dags/example_skip_dag.py
[2024-07-20T14:38:39.901+0900] {processor.py:830} INFO - Processing file /home/papalio/.local/lib/python3.10/site-packages/airflow/example_dags/example_skip_dag.py for tasks to queue
[2024-07-20T14:38:39.902+0900] {logging_mixin.py:188} INFO - [2024-07-20T14:38:39.902+0900] {dagbag.py:545} INFO - Filling up the DagBag from /home/papalio/.local/lib/python3.10/site-packages/airflow/example_dags/example_skip_dag.py
[2024-07-20T14:38:39.915+0900] {processor.py:840} INFO - DAG(s) 'example_skip_dag' retrieved from /home/papalio/.local/lib/python3.10/site-packages/airflow/example_dags/example_skip_dag.py
[2024-07-20T14:38:39.949+0900] {logging_mixin.py:188} INFO - [2024-07-20T14:38:39.948+0900] {dag.py:3096} INFO - Sync 1 DAGs
[2024-07-20T14:38:39.988+0900] {logging_mixin.py:188} INFO - [2024-07-20T14:38:39.987+0900] {dag.py:3954} INFO - Setting next_dagrun for example_skip_dag to 2024-07-19 00:00:00+00:00, run_after=2024-07-20 00:00:00+00:00
[2024-07-20T14:38:40.040+0900] {processor.py:183} INFO - Processing /home/papalio/.local/lib/python3.10/site-packages/airflow/example_dags/example_skip_dag.py took 0.153 seconds
[2024-07-20T14:40:09.478+0900] {processor.py:161} INFO - Started process (PID=23792) to work on /home/papalio/.local/lib/python3.10/site-packages/airflow/example_dags/example_skip_dag.py
[2024-07-20T14:40:09.480+0900] {processor.py:830} INFO - Processing file /home/papalio/.local/lib/python3.10/site-packages/airflow/example_dags/example_skip_dag.py for tasks to queue
[2024-07-20T14:40:09.482+0900] {logging_mixin.py:188} INFO - [2024-07-20T14:40:09.481+0900] {dagbag.py:545} INFO - Filling up the DagBag from /home/papalio/.local/lib/python3.10/site-packages/airflow/example_dags/example_skip_dag.py
[2024-07-20T14:40:09.497+0900] {processor.py:840} INFO - DAG(s) 'example_skip_dag' retrieved from /home/papalio/.local/lib/python3.10/site-packages/airflow/example_dags/example_skip_dag.py
[2024-07-20T14:40:09.528+0900] {logging_mixin.py:188} INFO - [2024-07-20T14:40:09.528+0900] {dag.py:3096} INFO - Sync 1 DAGs
[2024-07-20T14:40:09.567+0900] {logging_mixin.py:188} INFO - [2024-07-20T14:40:09.567+0900] {dag.py:3954} INFO - Setting next_dagrun for example_skip_dag to 2024-07-19 00:00:00+00:00, run_after=2024-07-20 00:00:00+00:00
[2024-07-20T14:40:09.616+0900] {processor.py:183} INFO - Processing /home/papalio/.local/lib/python3.10/site-packages/airflow/example_dags/example_skip_dag.py took 0.150 seconds
[2024-07-20T14:41:42.550+0900] {processor.py:161} INFO - Started process (PID=24351) to work on /home/papalio/.local/lib/python3.10/site-packages/airflow/example_dags/example_skip_dag.py
[2024-07-20T14:41:42.555+0900] {processor.py:830} INFO - Processing file /home/papalio/.local/lib/python3.10/site-packages/airflow/example_dags/example_skip_dag.py for tasks to queue
[2024-07-20T14:41:42.557+0900] {logging_mixin.py:188} INFO - [2024-07-20T14:41:42.556+0900] {dagbag.py:545} INFO - Filling up the DagBag from /home/papalio/.local/lib/python3.10/site-packages/airflow/example_dags/example_skip_dag.py
[2024-07-20T14:41:42.570+0900] {processor.py:840} INFO - DAG(s) 'example_skip_dag' retrieved from /home/papalio/.local/lib/python3.10/site-packages/airflow/example_dags/example_skip_dag.py
[2024-07-20T14:41:42.602+0900] {logging_mixin.py:188} INFO - [2024-07-20T14:41:42.602+0900] {dag.py:3096} INFO - Sync 1 DAGs
[2024-07-20T14:41:42.648+0900] {logging_mixin.py:188} INFO - [2024-07-20T14:41:42.646+0900] {dag.py:3954} INFO - Setting next_dagrun for example_skip_dag to 2024-07-19 00:00:00+00:00, run_after=2024-07-20 00:00:00+00:00
[2024-07-20T14:41:42.706+0900] {processor.py:183} INFO - Processing /home/papalio/.local/lib/python3.10/site-packages/airflow/example_dags/example_skip_dag.py took 0.169 seconds
[2024-07-20T14:43:05.592+0900] {processor.py:161} INFO - Started process (PID=24894) to work on /home/papalio/.local/lib/python3.10/site-packages/airflow/example_dags/example_skip_dag.py
[2024-07-20T14:43:05.658+0900] {processor.py:830} INFO - Processing file /home/papalio/.local/lib/python3.10/site-packages/airflow/example_dags/example_skip_dag.py for tasks to queue
[2024-07-20T14:43:05.661+0900] {logging_mixin.py:188} INFO - [2024-07-20T14:43:05.659+0900] {dagbag.py:545} INFO - Filling up the DagBag from /home/papalio/.local/lib/python3.10/site-packages/airflow/example_dags/example_skip_dag.py
[2024-07-20T14:43:05.700+0900] {processor.py:840} INFO - DAG(s) 'example_skip_dag' retrieved from /home/papalio/.local/lib/python3.10/site-packages/airflow/example_dags/example_skip_dag.py
[2024-07-20T14:43:05.785+0900] {logging_mixin.py:188} INFO - [2024-07-20T14:43:05.784+0900] {dag.py:3096} INFO - Sync 1 DAGs
[2024-07-20T14:43:05.879+0900] {logging_mixin.py:188} INFO - [2024-07-20T14:43:05.878+0900] {dag.py:3954} INFO - Setting next_dagrun for example_skip_dag to 2024-07-19 00:00:00+00:00, run_after=2024-07-20 00:00:00+00:00
[2024-07-20T14:43:06.031+0900] {processor.py:183} INFO - Processing /home/papalio/.local/lib/python3.10/site-packages/airflow/example_dags/example_skip_dag.py took 0.476 seconds
[2024-07-20T14:44:38.128+0900] {processor.py:161} INFO - Started process (PID=25450) to work on /home/papalio/.local/lib/python3.10/site-packages/airflow/example_dags/example_skip_dag.py
[2024-07-20T14:44:38.131+0900] {processor.py:830} INFO - Processing file /home/papalio/.local/lib/python3.10/site-packages/airflow/example_dags/example_skip_dag.py for tasks to queue
[2024-07-20T14:44:38.132+0900] {logging_mixin.py:188} INFO - [2024-07-20T14:44:38.132+0900] {dagbag.py:545} INFO - Filling up the DagBag from /home/papalio/.local/lib/python3.10/site-packages/airflow/example_dags/example_skip_dag.py
[2024-07-20T14:44:38.146+0900] {processor.py:840} INFO - DAG(s) 'example_skip_dag' retrieved from /home/papalio/.local/lib/python3.10/site-packages/airflow/example_dags/example_skip_dag.py
[2024-07-20T14:44:38.173+0900] {logging_mixin.py:188} INFO - [2024-07-20T14:44:38.172+0900] {dag.py:3096} INFO - Sync 1 DAGs
[2024-07-20T14:44:38.204+0900] {logging_mixin.py:188} INFO - [2024-07-20T14:44:38.203+0900] {dag.py:3954} INFO - Setting next_dagrun for example_skip_dag to 2024-07-19 00:00:00+00:00, run_after=2024-07-20 00:00:00+00:00
[2024-07-20T14:44:38.243+0900] {processor.py:183} INFO - Processing /home/papalio/.local/lib/python3.10/site-packages/airflow/example_dags/example_skip_dag.py took 0.126 seconds
