[2024-07-20T14:10:41.190+0900] {processor.py:161} INFO - Started process (PID=12733) to work on /home/papalio/.local/lib/python3.10/site-packages/airflow/example_dags/example_python_operator.py
[2024-07-20T14:10:41.192+0900] {processor.py:830} INFO - Processing file /home/papalio/.local/lib/python3.10/site-packages/airflow/example_dags/example_python_operator.py for tasks to queue
[2024-07-20T14:10:41.195+0900] {logging_mixin.py:188} INFO - [2024-07-20T14:10:41.194+0900] {dagbag.py:545} INFO - Filling up the DagBag from /home/papalio/.local/lib/python3.10/site-packages/airflow/example_dags/example_python_operator.py
[2024-07-20T14:10:41.658+0900] {logging_mixin.py:188} INFO - [2024-07-20T14:10:41.658+0900] {example_python_operator.py:93} WARNING - The virtalenv_python example task requires virtualenv, please install it.
[2024-07-20T14:10:41.659+0900] {processor.py:840} INFO - DAG(s) 'example_python_operator' retrieved from /home/papalio/.local/lib/python3.10/site-packages/airflow/example_dags/example_python_operator.py
[2024-07-20T14:10:41.783+0900] {logging_mixin.py:188} INFO - [2024-07-20T14:10:41.783+0900] {dag.py:3096} INFO - Sync 1 DAGs
[2024-07-20T14:10:41.799+0900] {logging_mixin.py:188} INFO - [2024-07-20T14:10:41.798+0900] {dag.py:3954} INFO - Setting next_dagrun for example_python_operator to None, run_after=None
[2024-07-20T14:10:41.836+0900] {processor.py:183} INFO - Processing /home/papalio/.local/lib/python3.10/site-packages/airflow/example_dags/example_python_operator.py took 0.655 seconds
[2024-07-20T14:11:52.131+0900] {processor.py:161} INFO - Started process (PID=13138) to work on /home/papalio/.local/lib/python3.10/site-packages/airflow/example_dags/example_python_operator.py
[2024-07-20T14:11:52.133+0900] {processor.py:830} INFO - Processing file /home/papalio/.local/lib/python3.10/site-packages/airflow/example_dags/example_python_operator.py for tasks to queue
[2024-07-20T14:11:52.135+0900] {logging_mixin.py:188} INFO - [2024-07-20T14:11:52.135+0900] {dagbag.py:545} INFO - Filling up the DagBag from /home/papalio/.local/lib/python3.10/site-packages/airflow/example_dags/example_python_operator.py
[2024-07-20T14:11:52.519+0900] {logging_mixin.py:188} INFO - [2024-07-20T14:11:52.519+0900] {example_python_operator.py:93} WARNING - The virtalenv_python example task requires virtualenv, please install it.
[2024-07-20T14:11:52.520+0900] {processor.py:840} INFO - DAG(s) 'example_python_operator' retrieved from /home/papalio/.local/lib/python3.10/site-packages/airflow/example_dags/example_python_operator.py
[2024-07-20T14:11:52.544+0900] {logging_mixin.py:188} INFO - [2024-07-20T14:11:52.544+0900] {dag.py:3096} INFO - Sync 1 DAGs
[2024-07-20T14:11:52.560+0900] {logging_mixin.py:188} INFO - [2024-07-20T14:11:52.560+0900] {dag.py:3954} INFO - Setting next_dagrun for example_python_operator to None, run_after=None
[2024-07-20T14:11:52.598+0900] {processor.py:183} INFO - Processing /home/papalio/.local/lib/python3.10/site-packages/airflow/example_dags/example_python_operator.py took 0.475 seconds
[2024-07-20T14:13:14.350+0900] {processor.py:161} INFO - Started process (PID=13652) to work on /home/papalio/.local/lib/python3.10/site-packages/airflow/example_dags/example_python_operator.py
[2024-07-20T14:13:14.354+0900] {processor.py:830} INFO - Processing file /home/papalio/.local/lib/python3.10/site-packages/airflow/example_dags/example_python_operator.py for tasks to queue
[2024-07-20T14:13:14.358+0900] {logging_mixin.py:188} INFO - [2024-07-20T14:13:14.357+0900] {dagbag.py:545} INFO - Filling up the DagBag from /home/papalio/.local/lib/python3.10/site-packages/airflow/example_dags/example_python_operator.py
[2024-07-20T14:13:14.635+0900] {logging_mixin.py:188} INFO - [2024-07-20T14:13:14.634+0900] {example_python_operator.py:93} WARNING - The virtalenv_python example task requires virtualenv, please install it.
[2024-07-20T14:13:14.636+0900] {processor.py:840} INFO - DAG(s) 'example_python_operator' retrieved from /home/papalio/.local/lib/python3.10/site-packages/airflow/example_dags/example_python_operator.py
[2024-07-20T14:13:14.674+0900] {logging_mixin.py:188} INFO - [2024-07-20T14:13:14.673+0900] {dag.py:3096} INFO - Sync 1 DAGs
[2024-07-20T14:13:14.696+0900] {logging_mixin.py:188} INFO - [2024-07-20T14:13:14.696+0900] {dag.py:3954} INFO - Setting next_dagrun for example_python_operator to None, run_after=None
[2024-07-20T14:13:14.750+0900] {processor.py:183} INFO - Processing /home/papalio/.local/lib/python3.10/site-packages/airflow/example_dags/example_python_operator.py took 0.414 seconds
[2024-07-20T14:14:38.447+0900] {processor.py:161} INFO - Started process (PID=14177) to work on /home/papalio/.local/lib/python3.10/site-packages/airflow/example_dags/example_python_operator.py
[2024-07-20T14:14:38.450+0900] {processor.py:830} INFO - Processing file /home/papalio/.local/lib/python3.10/site-packages/airflow/example_dags/example_python_operator.py for tasks to queue
[2024-07-20T14:14:38.454+0900] {logging_mixin.py:188} INFO - [2024-07-20T14:14:38.453+0900] {dagbag.py:545} INFO - Filling up the DagBag from /home/papalio/.local/lib/python3.10/site-packages/airflow/example_dags/example_python_operator.py
[2024-07-20T14:14:38.919+0900] {logging_mixin.py:188} INFO - [2024-07-20T14:14:38.919+0900] {example_python_operator.py:93} WARNING - The virtalenv_python example task requires virtualenv, please install it.
[2024-07-20T14:14:38.920+0900] {processor.py:840} INFO - DAG(s) 'example_python_operator' retrieved from /home/papalio/.local/lib/python3.10/site-packages/airflow/example_dags/example_python_operator.py
[2024-07-20T14:14:38.949+0900] {logging_mixin.py:188} INFO - [2024-07-20T14:14:38.948+0900] {dag.py:3096} INFO - Sync 1 DAGs
[2024-07-20T14:14:38.967+0900] {logging_mixin.py:188} INFO - [2024-07-20T14:14:38.966+0900] {dag.py:3954} INFO - Setting next_dagrun for example_python_operator to None, run_after=None
[2024-07-20T14:14:39.036+0900] {processor.py:183} INFO - Processing /home/papalio/.local/lib/python3.10/site-packages/airflow/example_dags/example_python_operator.py took 0.602 seconds
[2024-07-20T14:15:56.813+0900] {processor.py:161} INFO - Started process (PID=14674) to work on /home/papalio/.local/lib/python3.10/site-packages/airflow/example_dags/example_python_operator.py
[2024-07-20T14:15:56.815+0900] {processor.py:830} INFO - Processing file /home/papalio/.local/lib/python3.10/site-packages/airflow/example_dags/example_python_operator.py for tasks to queue
[2024-07-20T14:15:56.819+0900] {logging_mixin.py:188} INFO - [2024-07-20T14:15:56.818+0900] {dagbag.py:545} INFO - Filling up the DagBag from /home/papalio/.local/lib/python3.10/site-packages/airflow/example_dags/example_python_operator.py
[2024-07-20T14:15:57.027+0900] {logging_mixin.py:188} INFO - [2024-07-20T14:15:57.026+0900] {example_python_operator.py:93} WARNING - The virtalenv_python example task requires virtualenv, please install it.
[2024-07-20T14:15:57.028+0900] {processor.py:840} INFO - DAG(s) 'example_python_operator' retrieved from /home/papalio/.local/lib/python3.10/site-packages/airflow/example_dags/example_python_operator.py
[2024-07-20T14:15:57.073+0900] {logging_mixin.py:188} INFO - [2024-07-20T14:15:57.072+0900] {dag.py:3096} INFO - Sync 1 DAGs
[2024-07-20T14:15:57.090+0900] {logging_mixin.py:188} INFO - [2024-07-20T14:15:57.090+0900] {dag.py:3954} INFO - Setting next_dagrun for example_python_operator to None, run_after=None
[2024-07-20T14:15:57.127+0900] {processor.py:183} INFO - Processing /home/papalio/.local/lib/python3.10/site-packages/airflow/example_dags/example_python_operator.py took 0.328 seconds
[2024-07-20T14:17:13.477+0900] {processor.py:161} INFO - Started process (PID=15171) to work on /home/papalio/.local/lib/python3.10/site-packages/airflow/example_dags/example_python_operator.py
[2024-07-20T14:17:13.479+0900] {processor.py:830} INFO - Processing file /home/papalio/.local/lib/python3.10/site-packages/airflow/example_dags/example_python_operator.py for tasks to queue
[2024-07-20T14:17:13.481+0900] {logging_mixin.py:188} INFO - [2024-07-20T14:17:13.481+0900] {dagbag.py:545} INFO - Filling up the DagBag from /home/papalio/.local/lib/python3.10/site-packages/airflow/example_dags/example_python_operator.py
[2024-07-20T14:17:14.219+0900] {logging_mixin.py:188} INFO - [2024-07-20T14:17:14.218+0900] {example_python_operator.py:93} WARNING - The virtalenv_python example task requires virtualenv, please install it.
[2024-07-20T14:17:14.220+0900] {processor.py:840} INFO - DAG(s) 'example_python_operator' retrieved from /home/papalio/.local/lib/python3.10/site-packages/airflow/example_dags/example_python_operator.py
[2024-07-20T14:17:14.258+0900] {logging_mixin.py:188} INFO - [2024-07-20T14:17:14.257+0900] {dag.py:3096} INFO - Sync 1 DAGs
[2024-07-20T14:17:14.291+0900] {logging_mixin.py:188} INFO - [2024-07-20T14:17:14.290+0900] {dag.py:3954} INFO - Setting next_dagrun for example_python_operator to None, run_after=None
[2024-07-20T14:17:14.340+0900] {processor.py:183} INFO - Processing /home/papalio/.local/lib/python3.10/site-packages/airflow/example_dags/example_python_operator.py took 0.876 seconds
[2024-07-20T14:18:33.344+0900] {processor.py:161} INFO - Started process (PID=15679) to work on /home/papalio/.local/lib/python3.10/site-packages/airflow/example_dags/example_python_operator.py
[2024-07-20T14:18:33.347+0900] {processor.py:830} INFO - Processing file /home/papalio/.local/lib/python3.10/site-packages/airflow/example_dags/example_python_operator.py for tasks to queue
[2024-07-20T14:18:33.351+0900] {logging_mixin.py:188} INFO - [2024-07-20T14:18:33.350+0900] {dagbag.py:545} INFO - Filling up the DagBag from /home/papalio/.local/lib/python3.10/site-packages/airflow/example_dags/example_python_operator.py
[2024-07-20T14:18:34.008+0900] {logging_mixin.py:188} INFO - [2024-07-20T14:18:34.007+0900] {example_python_operator.py:93} WARNING - The virtalenv_python example task requires virtualenv, please install it.
[2024-07-20T14:18:34.009+0900] {processor.py:840} INFO - DAG(s) 'example_python_operator' retrieved from /home/papalio/.local/lib/python3.10/site-packages/airflow/example_dags/example_python_operator.py
[2024-07-20T14:18:34.057+0900] {logging_mixin.py:188} INFO - [2024-07-20T14:18:34.055+0900] {dag.py:3096} INFO - Sync 1 DAGs
[2024-07-20T14:18:34.086+0900] {logging_mixin.py:188} INFO - [2024-07-20T14:18:34.086+0900] {dag.py:3954} INFO - Setting next_dagrun for example_python_operator to None, run_after=None
[2024-07-20T14:18:34.151+0900] {processor.py:183} INFO - Processing /home/papalio/.local/lib/python3.10/site-packages/airflow/example_dags/example_python_operator.py took 0.827 seconds
[2024-07-20T14:19:55.477+0900] {processor.py:161} INFO - Started process (PID=16196) to work on /home/papalio/.local/lib/python3.10/site-packages/airflow/example_dags/example_python_operator.py
[2024-07-20T14:19:55.480+0900] {processor.py:830} INFO - Processing file /home/papalio/.local/lib/python3.10/site-packages/airflow/example_dags/example_python_operator.py for tasks to queue
[2024-07-20T14:19:55.481+0900] {logging_mixin.py:188} INFO - [2024-07-20T14:19:55.481+0900] {dagbag.py:545} INFO - Filling up the DagBag from /home/papalio/.local/lib/python3.10/site-packages/airflow/example_dags/example_python_operator.py
[2024-07-20T14:19:55.635+0900] {logging_mixin.py:188} INFO - [2024-07-20T14:19:55.634+0900] {example_python_operator.py:93} WARNING - The virtalenv_python example task requires virtualenv, please install it.
[2024-07-20T14:19:55.635+0900] {processor.py:840} INFO - DAG(s) 'example_python_operator' retrieved from /home/papalio/.local/lib/python3.10/site-packages/airflow/example_dags/example_python_operator.py
[2024-07-20T14:19:55.655+0900] {logging_mixin.py:188} INFO - [2024-07-20T14:19:55.654+0900] {dag.py:3096} INFO - Sync 1 DAGs
[2024-07-20T14:19:55.671+0900] {logging_mixin.py:188} INFO - [2024-07-20T14:19:55.670+0900] {dag.py:3954} INFO - Setting next_dagrun for example_python_operator to None, run_after=None
[2024-07-20T14:19:55.697+0900] {processor.py:183} INFO - Processing /home/papalio/.local/lib/python3.10/site-packages/airflow/example_dags/example_python_operator.py took 0.228 seconds
[2024-07-20T14:21:28.417+0900] {processor.py:161} INFO - Started process (PID=16829) to work on /home/papalio/.local/lib/python3.10/site-packages/airflow/example_dags/example_python_operator.py
[2024-07-20T14:21:28.420+0900] {processor.py:830} INFO - Processing file /home/papalio/.local/lib/python3.10/site-packages/airflow/example_dags/example_python_operator.py for tasks to queue
[2024-07-20T14:21:28.426+0900] {logging_mixin.py:188} INFO - [2024-07-20T14:21:28.424+0900] {dagbag.py:545} INFO - Filling up the DagBag from /home/papalio/.local/lib/python3.10/site-packages/airflow/example_dags/example_python_operator.py
[2024-07-20T14:21:28.979+0900] {logging_mixin.py:188} INFO - [2024-07-20T14:21:28.978+0900] {example_python_operator.py:93} WARNING - The virtalenv_python example task requires virtualenv, please install it.
[2024-07-20T14:21:28.981+0900] {processor.py:840} INFO - DAG(s) 'example_python_operator' retrieved from /home/papalio/.local/lib/python3.10/site-packages/airflow/example_dags/example_python_operator.py
[2024-07-20T14:21:29.019+0900] {logging_mixin.py:188} INFO - [2024-07-20T14:21:29.018+0900] {dag.py:3096} INFO - Sync 1 DAGs
[2024-07-20T14:21:29.052+0900] {logging_mixin.py:188} INFO - [2024-07-20T14:21:29.051+0900] {dag.py:3954} INFO - Setting next_dagrun for example_python_operator to None, run_after=None
[2024-07-20T14:21:29.120+0900] {processor.py:183} INFO - Processing /home/papalio/.local/lib/python3.10/site-packages/airflow/example_dags/example_python_operator.py took 0.723 seconds
[2024-07-20T14:23:02.510+0900] {processor.py:161} INFO - Started process (PID=17435) to work on /home/papalio/.local/lib/python3.10/site-packages/airflow/example_dags/example_python_operator.py
[2024-07-20T14:23:02.514+0900] {processor.py:830} INFO - Processing file /home/papalio/.local/lib/python3.10/site-packages/airflow/example_dags/example_python_operator.py for tasks to queue
[2024-07-20T14:23:02.526+0900] {logging_mixin.py:188} INFO - [2024-07-20T14:23:02.517+0900] {dagbag.py:545} INFO - Filling up the DagBag from /home/papalio/.local/lib/python3.10/site-packages/airflow/example_dags/example_python_operator.py
[2024-07-20T14:23:04.160+0900] {logging_mixin.py:188} INFO - [2024-07-20T14:23:04.159+0900] {example_python_operator.py:93} WARNING - The virtalenv_python example task requires virtualenv, please install it.
[2024-07-20T14:23:04.162+0900] {processor.py:840} INFO - DAG(s) 'example_python_operator' retrieved from /home/papalio/.local/lib/python3.10/site-packages/airflow/example_dags/example_python_operator.py
[2024-07-20T14:23:04.225+0900] {logging_mixin.py:188} INFO - [2024-07-20T14:23:04.225+0900] {dag.py:3096} INFO - Sync 1 DAGs
[2024-07-20T14:23:04.280+0900] {logging_mixin.py:188} INFO - [2024-07-20T14:23:04.278+0900] {dag.py:3954} INFO - Setting next_dagrun for example_python_operator to None, run_after=None
[2024-07-20T14:23:04.390+0900] {processor.py:183} INFO - Processing /home/papalio/.local/lib/python3.10/site-packages/airflow/example_dags/example_python_operator.py took 1.909 seconds
[2024-07-20T14:24:42.699+0900] {processor.py:161} INFO - Started process (PID=18023) to work on /home/papalio/.local/lib/python3.10/site-packages/airflow/example_dags/example_python_operator.py
[2024-07-20T14:24:42.701+0900] {processor.py:830} INFO - Processing file /home/papalio/.local/lib/python3.10/site-packages/airflow/example_dags/example_python_operator.py for tasks to queue
[2024-07-20T14:24:42.703+0900] {logging_mixin.py:188} INFO - [2024-07-20T14:24:42.702+0900] {dagbag.py:545} INFO - Filling up the DagBag from /home/papalio/.local/lib/python3.10/site-packages/airflow/example_dags/example_python_operator.py
[2024-07-20T14:24:43.497+0900] {logging_mixin.py:188} INFO - [2024-07-20T14:24:43.497+0900] {example_python_operator.py:93} WARNING - The virtalenv_python example task requires virtualenv, please install it.
[2024-07-20T14:24:43.498+0900] {processor.py:840} INFO - DAG(s) 'example_python_operator' retrieved from /home/papalio/.local/lib/python3.10/site-packages/airflow/example_dags/example_python_operator.py
[2024-07-20T14:24:43.536+0900] {logging_mixin.py:188} INFO - [2024-07-20T14:24:43.535+0900] {dag.py:3096} INFO - Sync 1 DAGs
[2024-07-20T14:24:43.553+0900] {logging_mixin.py:188} INFO - [2024-07-20T14:24:43.552+0900] {dag.py:3954} INFO - Setting next_dagrun for example_python_operator to None, run_after=None
[2024-07-20T14:24:43.592+0900] {processor.py:183} INFO - Processing /home/papalio/.local/lib/python3.10/site-packages/airflow/example_dags/example_python_operator.py took 0.903 seconds
[2024-07-20T14:26:20.572+0900] {processor.py:161} INFO - Started process (PID=18605) to work on /home/papalio/.local/lib/python3.10/site-packages/airflow/example_dags/example_python_operator.py
[2024-07-20T14:26:20.573+0900] {processor.py:830} INFO - Processing file /home/papalio/.local/lib/python3.10/site-packages/airflow/example_dags/example_python_operator.py for tasks to queue
[2024-07-20T14:26:20.574+0900] {logging_mixin.py:188} INFO - [2024-07-20T14:26:20.573+0900] {dagbag.py:545} INFO - Filling up the DagBag from /home/papalio/.local/lib/python3.10/site-packages/airflow/example_dags/example_python_operator.py
[2024-07-20T14:26:20.707+0900] {logging_mixin.py:188} INFO - [2024-07-20T14:26:20.707+0900] {example_python_operator.py:93} WARNING - The virtalenv_python example task requires virtualenv, please install it.
[2024-07-20T14:26:20.708+0900] {processor.py:840} INFO - DAG(s) 'example_python_operator' retrieved from /home/papalio/.local/lib/python3.10/site-packages/airflow/example_dags/example_python_operator.py
[2024-07-20T14:26:20.735+0900] {logging_mixin.py:188} INFO - [2024-07-20T14:26:20.734+0900] {dag.py:3096} INFO - Sync 1 DAGs
[2024-07-20T14:26:20.748+0900] {logging_mixin.py:188} INFO - [2024-07-20T14:26:20.748+0900] {dag.py:3954} INFO - Setting next_dagrun for example_python_operator to None, run_after=None
[2024-07-20T14:26:20.779+0900] {processor.py:183} INFO - Processing /home/papalio/.local/lib/python3.10/site-packages/airflow/example_dags/example_python_operator.py took 0.214 seconds
[2024-07-20T14:27:52.713+0900] {processor.py:161} INFO - Started process (PID=19158) to work on /home/papalio/.local/lib/python3.10/site-packages/airflow/example_dags/example_python_operator.py
[2024-07-20T14:27:52.717+0900] {processor.py:830} INFO - Processing file /home/papalio/.local/lib/python3.10/site-packages/airflow/example_dags/example_python_operator.py for tasks to queue
[2024-07-20T14:27:52.718+0900] {logging_mixin.py:188} INFO - [2024-07-20T14:27:52.718+0900] {dagbag.py:545} INFO - Filling up the DagBag from /home/papalio/.local/lib/python3.10/site-packages/airflow/example_dags/example_python_operator.py
[2024-07-20T14:27:52.806+0900] {logging_mixin.py:188} INFO - [2024-07-20T14:27:52.806+0900] {example_python_operator.py:93} WARNING - The virtalenv_python example task requires virtualenv, please install it.
[2024-07-20T14:27:52.807+0900] {processor.py:840} INFO - DAG(s) 'example_python_operator' retrieved from /home/papalio/.local/lib/python3.10/site-packages/airflow/example_dags/example_python_operator.py
[2024-07-20T14:27:52.831+0900] {logging_mixin.py:188} INFO - [2024-07-20T14:27:52.831+0900] {dag.py:3096} INFO - Sync 1 DAGs
[2024-07-20T14:27:52.847+0900] {logging_mixin.py:188} INFO - [2024-07-20T14:27:52.846+0900] {dag.py:3954} INFO - Setting next_dagrun for example_python_operator to None, run_after=None
[2024-07-20T14:27:52.883+0900] {processor.py:183} INFO - Processing /home/papalio/.local/lib/python3.10/site-packages/airflow/example_dags/example_python_operator.py took 0.181 seconds
[2024-07-20T14:29:10.028+0900] {processor.py:161} INFO - Started process (PID=19658) to work on /home/papalio/.local/lib/python3.10/site-packages/airflow/example_dags/example_python_operator.py
[2024-07-20T14:29:10.032+0900] {processor.py:830} INFO - Processing file /home/papalio/.local/lib/python3.10/site-packages/airflow/example_dags/example_python_operator.py for tasks to queue
[2024-07-20T14:29:10.033+0900] {logging_mixin.py:188} INFO - [2024-07-20T14:29:10.033+0900] {dagbag.py:545} INFO - Filling up the DagBag from /home/papalio/.local/lib/python3.10/site-packages/airflow/example_dags/example_python_operator.py
[2024-07-20T14:29:10.297+0900] {logging_mixin.py:188} INFO - [2024-07-20T14:29:10.296+0900] {example_python_operator.py:93} WARNING - The virtalenv_python example task requires virtualenv, please install it.
[2024-07-20T14:29:10.298+0900] {processor.py:840} INFO - DAG(s) 'example_python_operator' retrieved from /home/papalio/.local/lib/python3.10/site-packages/airflow/example_dags/example_python_operator.py
[2024-07-20T14:29:10.335+0900] {logging_mixin.py:188} INFO - [2024-07-20T14:29:10.334+0900] {dag.py:3096} INFO - Sync 1 DAGs
[2024-07-20T14:29:10.350+0900] {logging_mixin.py:188} INFO - [2024-07-20T14:29:10.350+0900] {dag.py:3954} INFO - Setting next_dagrun for example_python_operator to None, run_after=None
[2024-07-20T14:29:10.389+0900] {processor.py:183} INFO - Processing /home/papalio/.local/lib/python3.10/site-packages/airflow/example_dags/example_python_operator.py took 0.373 seconds
[2024-07-20T14:30:32.944+0900] {processor.py:161} INFO - Started process (PID=20182) to work on /home/papalio/.local/lib/python3.10/site-packages/airflow/example_dags/example_python_operator.py
[2024-07-20T14:30:32.948+0900] {processor.py:830} INFO - Processing file /home/papalio/.local/lib/python3.10/site-packages/airflow/example_dags/example_python_operator.py for tasks to queue
[2024-07-20T14:30:32.950+0900] {logging_mixin.py:188} INFO - [2024-07-20T14:30:32.949+0900] {dagbag.py:545} INFO - Filling up the DagBag from /home/papalio/.local/lib/python3.10/site-packages/airflow/example_dags/example_python_operator.py
[2024-07-20T14:30:33.455+0900] {logging_mixin.py:188} INFO - [2024-07-20T14:30:33.455+0900] {example_python_operator.py:93} WARNING - The virtalenv_python example task requires virtualenv, please install it.
[2024-07-20T14:30:33.457+0900] {processor.py:840} INFO - DAG(s) 'example_python_operator' retrieved from /home/papalio/.local/lib/python3.10/site-packages/airflow/example_dags/example_python_operator.py
[2024-07-20T14:30:33.502+0900] {logging_mixin.py:188} INFO - [2024-07-20T14:30:33.501+0900] {dag.py:3096} INFO - Sync 1 DAGs
[2024-07-20T14:30:33.531+0900] {logging_mixin.py:188} INFO - [2024-07-20T14:30:33.531+0900] {dag.py:3954} INFO - Setting next_dagrun for example_python_operator to None, run_after=None
[2024-07-20T14:30:33.599+0900] {processor.py:183} INFO - Processing /home/papalio/.local/lib/python3.10/site-packages/airflow/example_dags/example_python_operator.py took 0.670 seconds
[2024-07-20T14:31:48.305+0900] {processor.py:161} INFO - Started process (PID=20674) to work on /home/papalio/.local/lib/python3.10/site-packages/airflow/example_dags/example_python_operator.py
[2024-07-20T14:31:48.307+0900] {processor.py:830} INFO - Processing file /home/papalio/.local/lib/python3.10/site-packages/airflow/example_dags/example_python_operator.py for tasks to queue
[2024-07-20T14:31:48.308+0900] {logging_mixin.py:188} INFO - [2024-07-20T14:31:48.308+0900] {dagbag.py:545} INFO - Filling up the DagBag from /home/papalio/.local/lib/python3.10/site-packages/airflow/example_dags/example_python_operator.py
[2024-07-20T14:31:49.239+0900] {logging_mixin.py:188} INFO - [2024-07-20T14:31:49.238+0900] {example_python_operator.py:93} WARNING - The virtalenv_python example task requires virtualenv, please install it.
[2024-07-20T14:31:49.240+0900] {processor.py:840} INFO - DAG(s) 'example_python_operator' retrieved from /home/papalio/.local/lib/python3.10/site-packages/airflow/example_dags/example_python_operator.py
[2024-07-20T14:31:49.267+0900] {logging_mixin.py:188} INFO - [2024-07-20T14:31:49.266+0900] {dag.py:3096} INFO - Sync 1 DAGs
[2024-07-20T14:31:49.285+0900] {logging_mixin.py:188} INFO - [2024-07-20T14:31:49.285+0900] {dag.py:3954} INFO - Setting next_dagrun for example_python_operator to None, run_after=None
[2024-07-20T14:31:49.334+0900] {processor.py:183} INFO - Processing /home/papalio/.local/lib/python3.10/site-packages/airflow/example_dags/example_python_operator.py took 1.043 seconds
[2024-07-20T14:33:21.468+0900] {processor.py:161} INFO - Started process (PID=21229) to work on /home/papalio/.local/lib/python3.10/site-packages/airflow/example_dags/example_python_operator.py
[2024-07-20T14:33:21.473+0900] {processor.py:830} INFO - Processing file /home/papalio/.local/lib/python3.10/site-packages/airflow/example_dags/example_python_operator.py for tasks to queue
[2024-07-20T14:33:21.475+0900] {logging_mixin.py:188} INFO - [2024-07-20T14:33:21.474+0900] {dagbag.py:545} INFO - Filling up the DagBag from /home/papalio/.local/lib/python3.10/site-packages/airflow/example_dags/example_python_operator.py
[2024-07-20T14:33:21.832+0900] {logging_mixin.py:188} INFO - [2024-07-20T14:33:21.832+0900] {example_python_operator.py:93} WARNING - The virtalenv_python example task requires virtualenv, please install it.
[2024-07-20T14:33:21.833+0900] {processor.py:840} INFO - DAG(s) 'example_python_operator' retrieved from /home/papalio/.local/lib/python3.10/site-packages/airflow/example_dags/example_python_operator.py
[2024-07-20T14:33:21.867+0900] {logging_mixin.py:188} INFO - [2024-07-20T14:33:21.866+0900] {dag.py:3096} INFO - Sync 1 DAGs
[2024-07-20T14:33:21.890+0900] {logging_mixin.py:188} INFO - [2024-07-20T14:33:21.889+0900] {dag.py:3954} INFO - Setting next_dagrun for example_python_operator to None, run_after=None
[2024-07-20T14:33:21.936+0900] {processor.py:183} INFO - Processing /home/papalio/.local/lib/python3.10/site-packages/airflow/example_dags/example_python_operator.py took 0.477 seconds
[2024-07-20T14:34:49.525+0900] {processor.py:161} INFO - Started process (PID=21773) to work on /home/papalio/.local/lib/python3.10/site-packages/airflow/example_dags/example_python_operator.py
[2024-07-20T14:34:49.529+0900] {processor.py:830} INFO - Processing file /home/papalio/.local/lib/python3.10/site-packages/airflow/example_dags/example_python_operator.py for tasks to queue
[2024-07-20T14:34:49.531+0900] {logging_mixin.py:188} INFO - [2024-07-20T14:34:49.530+0900] {dagbag.py:545} INFO - Filling up the DagBag from /home/papalio/.local/lib/python3.10/site-packages/airflow/example_dags/example_python_operator.py
[2024-07-20T14:34:49.937+0900] {logging_mixin.py:188} INFO - [2024-07-20T14:34:49.937+0900] {example_python_operator.py:93} WARNING - The virtalenv_python example task requires virtualenv, please install it.
[2024-07-20T14:34:49.938+0900] {processor.py:840} INFO - DAG(s) 'example_python_operator' retrieved from /home/papalio/.local/lib/python3.10/site-packages/airflow/example_dags/example_python_operator.py
[2024-07-20T14:34:49.977+0900] {logging_mixin.py:188} INFO - [2024-07-20T14:34:49.976+0900] {dag.py:3096} INFO - Sync 1 DAGs
[2024-07-20T14:34:50.001+0900] {logging_mixin.py:188} INFO - [2024-07-20T14:34:50.000+0900] {dag.py:3954} INFO - Setting next_dagrun for example_python_operator to None, run_after=None
[2024-07-20T14:34:50.092+0900] {processor.py:183} INFO - Processing /home/papalio/.local/lib/python3.10/site-packages/airflow/example_dags/example_python_operator.py took 0.579 seconds
[2024-07-20T14:36:09.107+0900] {processor.py:161} INFO - Started process (PID=22279) to work on /home/papalio/.local/lib/python3.10/site-packages/airflow/example_dags/example_python_operator.py
[2024-07-20T14:36:09.110+0900] {processor.py:830} INFO - Processing file /home/papalio/.local/lib/python3.10/site-packages/airflow/example_dags/example_python_operator.py for tasks to queue
[2024-07-20T14:36:09.111+0900] {logging_mixin.py:188} INFO - [2024-07-20T14:36:09.111+0900] {dagbag.py:545} INFO - Filling up the DagBag from /home/papalio/.local/lib/python3.10/site-packages/airflow/example_dags/example_python_operator.py
[2024-07-20T14:36:09.205+0900] {logging_mixin.py:188} INFO - [2024-07-20T14:36:09.205+0900] {example_python_operator.py:93} WARNING - The virtalenv_python example task requires virtualenv, please install it.
[2024-07-20T14:36:09.206+0900] {processor.py:840} INFO - DAG(s) 'example_python_operator' retrieved from /home/papalio/.local/lib/python3.10/site-packages/airflow/example_dags/example_python_operator.py
[2024-07-20T14:36:09.230+0900] {logging_mixin.py:188} INFO - [2024-07-20T14:36:09.230+0900] {dag.py:3096} INFO - Sync 1 DAGs
[2024-07-20T14:36:09.243+0900] {logging_mixin.py:188} INFO - [2024-07-20T14:36:09.243+0900] {dag.py:3954} INFO - Setting next_dagrun for example_python_operator to None, run_after=None
[2024-07-20T14:36:09.273+0900] {processor.py:183} INFO - Processing /home/papalio/.local/lib/python3.10/site-packages/airflow/example_dags/example_python_operator.py took 0.173 seconds
[2024-07-20T14:37:28.164+0900] {processor.py:161} INFO - Started process (PID=22782) to work on /home/papalio/.local/lib/python3.10/site-packages/airflow/example_dags/example_python_operator.py
[2024-07-20T14:37:28.167+0900] {processor.py:830} INFO - Processing file /home/papalio/.local/lib/python3.10/site-packages/airflow/example_dags/example_python_operator.py for tasks to queue
[2024-07-20T14:37:28.169+0900] {logging_mixin.py:188} INFO - [2024-07-20T14:37:28.168+0900] {dagbag.py:545} INFO - Filling up the DagBag from /home/papalio/.local/lib/python3.10/site-packages/airflow/example_dags/example_python_operator.py
[2024-07-20T14:37:28.638+0900] {logging_mixin.py:188} INFO - [2024-07-20T14:37:28.638+0900] {example_python_operator.py:93} WARNING - The virtalenv_python example task requires virtualenv, please install it.
[2024-07-20T14:37:28.640+0900] {processor.py:840} INFO - DAG(s) 'example_python_operator' retrieved from /home/papalio/.local/lib/python3.10/site-packages/airflow/example_dags/example_python_operator.py
[2024-07-20T14:37:28.683+0900] {logging_mixin.py:188} INFO - [2024-07-20T14:37:28.682+0900] {dag.py:3096} INFO - Sync 1 DAGs
[2024-07-20T14:37:28.711+0900] {logging_mixin.py:188} INFO - [2024-07-20T14:37:28.711+0900] {dag.py:3954} INFO - Setting next_dagrun for example_python_operator to None, run_after=None
[2024-07-20T14:37:28.765+0900] {processor.py:183} INFO - Processing /home/papalio/.local/lib/python3.10/site-packages/airflow/example_dags/example_python_operator.py took 0.618 seconds
[2024-07-20T14:38:54.272+0900] {processor.py:161} INFO - Started process (PID=23309) to work on /home/papalio/.local/lib/python3.10/site-packages/airflow/example_dags/example_python_operator.py
[2024-07-20T14:38:54.276+0900] {processor.py:830} INFO - Processing file /home/papalio/.local/lib/python3.10/site-packages/airflow/example_dags/example_python_operator.py for tasks to queue
[2024-07-20T14:38:54.279+0900] {logging_mixin.py:188} INFO - [2024-07-20T14:38:54.278+0900] {dagbag.py:545} INFO - Filling up the DagBag from /home/papalio/.local/lib/python3.10/site-packages/airflow/example_dags/example_python_operator.py
[2024-07-20T14:38:54.855+0900] {logging_mixin.py:188} INFO - [2024-07-20T14:38:54.854+0900] {example_python_operator.py:93} WARNING - The virtalenv_python example task requires virtualenv, please install it.
[2024-07-20T14:38:54.857+0900] {processor.py:840} INFO - DAG(s) 'example_python_operator' retrieved from /home/papalio/.local/lib/python3.10/site-packages/airflow/example_dags/example_python_operator.py
[2024-07-20T14:38:54.913+0900] {logging_mixin.py:188} INFO - [2024-07-20T14:38:54.912+0900] {dag.py:3096} INFO - Sync 1 DAGs
[2024-07-20T14:38:54.953+0900] {logging_mixin.py:188} INFO - [2024-07-20T14:38:54.953+0900] {dag.py:3954} INFO - Setting next_dagrun for example_python_operator to None, run_after=None
[2024-07-20T14:38:55.033+0900] {processor.py:183} INFO - Processing /home/papalio/.local/lib/python3.10/site-packages/airflow/example_dags/example_python_operator.py took 0.773 seconds
[2024-07-20T14:40:22.519+0900] {processor.py:161} INFO - Started process (PID=23854) to work on /home/papalio/.local/lib/python3.10/site-packages/airflow/example_dags/example_python_operator.py
[2024-07-20T14:40:22.521+0900] {processor.py:830} INFO - Processing file /home/papalio/.local/lib/python3.10/site-packages/airflow/example_dags/example_python_operator.py for tasks to queue
[2024-07-20T14:40:22.522+0900] {logging_mixin.py:188} INFO - [2024-07-20T14:40:22.521+0900] {dagbag.py:545} INFO - Filling up the DagBag from /home/papalio/.local/lib/python3.10/site-packages/airflow/example_dags/example_python_operator.py
[2024-07-20T14:40:22.978+0900] {logging_mixin.py:188} INFO - [2024-07-20T14:40:22.977+0900] {example_python_operator.py:93} WARNING - The virtalenv_python example task requires virtualenv, please install it.
[2024-07-20T14:40:22.979+0900] {processor.py:840} INFO - DAG(s) 'example_python_operator' retrieved from /home/papalio/.local/lib/python3.10/site-packages/airflow/example_dags/example_python_operator.py
[2024-07-20T14:40:23.051+0900] {logging_mixin.py:188} INFO - [2024-07-20T14:40:23.050+0900] {dag.py:3096} INFO - Sync 1 DAGs
[2024-07-20T14:40:23.081+0900] {logging_mixin.py:188} INFO - [2024-07-20T14:40:23.080+0900] {dag.py:3954} INFO - Setting next_dagrun for example_python_operator to None, run_after=None
[2024-07-20T14:40:23.129+0900] {processor.py:183} INFO - Processing /home/papalio/.local/lib/python3.10/site-packages/airflow/example_dags/example_python_operator.py took 0.619 seconds
[2024-07-20T14:41:58.042+0900] {processor.py:161} INFO - Started process (PID=24421) to work on /home/papalio/.local/lib/python3.10/site-packages/airflow/example_dags/example_python_operator.py
[2024-07-20T14:41:58.046+0900] {processor.py:830} INFO - Processing file /home/papalio/.local/lib/python3.10/site-packages/airflow/example_dags/example_python_operator.py for tasks to queue
[2024-07-20T14:41:58.049+0900] {logging_mixin.py:188} INFO - [2024-07-20T14:41:58.048+0900] {dagbag.py:545} INFO - Filling up the DagBag from /home/papalio/.local/lib/python3.10/site-packages/airflow/example_dags/example_python_operator.py
[2024-07-20T14:41:58.774+0900] {logging_mixin.py:188} INFO - [2024-07-20T14:41:58.773+0900] {example_python_operator.py:93} WARNING - The virtalenv_python example task requires virtualenv, please install it.
[2024-07-20T14:41:58.775+0900] {processor.py:840} INFO - DAG(s) 'example_python_operator' retrieved from /home/papalio/.local/lib/python3.10/site-packages/airflow/example_dags/example_python_operator.py
[2024-07-20T14:41:58.819+0900] {logging_mixin.py:188} INFO - [2024-07-20T14:41:58.818+0900] {dag.py:3096} INFO - Sync 1 DAGs
[2024-07-20T14:41:58.847+0900] {logging_mixin.py:188} INFO - [2024-07-20T14:41:58.847+0900] {dag.py:3954} INFO - Setting next_dagrun for example_python_operator to None, run_after=None
[2024-07-20T14:41:58.916+0900] {processor.py:183} INFO - Processing /home/papalio/.local/lib/python3.10/site-packages/airflow/example_dags/example_python_operator.py took 0.889 seconds
[2024-07-20T14:43:18.804+0900] {processor.py:161} INFO - Started process (PID=24956) to work on /home/papalio/.local/lib/python3.10/site-packages/airflow/example_dags/example_python_operator.py
[2024-07-20T14:43:18.807+0900] {processor.py:830} INFO - Processing file /home/papalio/.local/lib/python3.10/site-packages/airflow/example_dags/example_python_operator.py for tasks to queue
[2024-07-20T14:43:18.810+0900] {logging_mixin.py:188} INFO - [2024-07-20T14:43:18.808+0900] {dagbag.py:545} INFO - Filling up the DagBag from /home/papalio/.local/lib/python3.10/site-packages/airflow/example_dags/example_python_operator.py
[2024-07-20T14:43:19.331+0900] {logging_mixin.py:188} INFO - [2024-07-20T14:43:19.330+0900] {example_python_operator.py:93} WARNING - The virtalenv_python example task requires virtualenv, please install it.
[2024-07-20T14:43:19.333+0900] {processor.py:840} INFO - DAG(s) 'example_python_operator' retrieved from /home/papalio/.local/lib/python3.10/site-packages/airflow/example_dags/example_python_operator.py
[2024-07-20T14:43:19.363+0900] {logging_mixin.py:188} INFO - [2024-07-20T14:43:19.363+0900] {dag.py:3096} INFO - Sync 1 DAGs
[2024-07-20T14:43:19.400+0900] {logging_mixin.py:188} INFO - [2024-07-20T14:43:19.400+0900] {dag.py:3954} INFO - Setting next_dagrun for example_python_operator to None, run_after=None
[2024-07-20T14:43:19.457+0900] {processor.py:183} INFO - Processing /home/papalio/.local/lib/python3.10/site-packages/airflow/example_dags/example_python_operator.py took 0.670 seconds
[2024-07-20T14:44:49.890+0900] {processor.py:161} INFO - Started process (PID=25507) to work on /home/papalio/.local/lib/python3.10/site-packages/airflow/example_dags/example_python_operator.py
[2024-07-20T14:44:49.892+0900] {processor.py:830} INFO - Processing file /home/papalio/.local/lib/python3.10/site-packages/airflow/example_dags/example_python_operator.py for tasks to queue
[2024-07-20T14:44:49.893+0900] {logging_mixin.py:188} INFO - [2024-07-20T14:44:49.892+0900] {dagbag.py:545} INFO - Filling up the DagBag from /home/papalio/.local/lib/python3.10/site-packages/airflow/example_dags/example_python_operator.py
[2024-07-20T14:44:50.048+0900] {logging_mixin.py:188} INFO - [2024-07-20T14:44:50.048+0900] {example_python_operator.py:93} WARNING - The virtalenv_python example task requires virtualenv, please install it.
[2024-07-20T14:44:50.049+0900] {processor.py:840} INFO - DAG(s) 'example_python_operator' retrieved from /home/papalio/.local/lib/python3.10/site-packages/airflow/example_dags/example_python_operator.py
[2024-07-20T14:44:50.066+0900] {logging_mixin.py:188} INFO - [2024-07-20T14:44:50.065+0900] {dag.py:3096} INFO - Sync 1 DAGs
[2024-07-20T14:44:50.077+0900] {logging_mixin.py:188} INFO - [2024-07-20T14:44:50.077+0900] {dag.py:3954} INFO - Setting next_dagrun for example_python_operator to None, run_after=None
[2024-07-20T14:44:50.110+0900] {processor.py:183} INFO - Processing /home/papalio/.local/lib/python3.10/site-packages/airflow/example_dags/example_python_operator.py took 0.230 seconds
