[2024-07-20T14:11:04.830+0900] {processor.py:161} INFO - Started process (PID=12841) to work on /home/papalio/.local/lib/python3.10/site-packages/airflow/example_dags/example_branch_python_dop_operator_3.py
[2024-07-20T14:11:04.831+0900] {processor.py:830} INFO - Processing file /home/papalio/.local/lib/python3.10/site-packages/airflow/example_dags/example_branch_python_dop_operator_3.py for tasks to queue
[2024-07-20T14:11:04.834+0900] {logging_mixin.py:188} INFO - [2024-07-20T14:11:04.834+0900] {dagbag.py:545} INFO - Filling up the DagBag from /home/papalio/.local/lib/python3.10/site-packages/airflow/example_dags/example_branch_python_dop_operator_3.py
[2024-07-20T14:11:04.853+0900] {processor.py:840} INFO - DAG(s) 'example_branch_dop_operator_v3' retrieved from /home/papalio/.local/lib/python3.10/site-packages/airflow/example_dags/example_branch_python_dop_operator_3.py
[2024-07-20T14:11:05.024+0900] {logging_mixin.py:188} INFO - [2024-07-20T14:11:05.023+0900] {dag.py:3096} INFO - Sync 1 DAGs
[2024-07-20T14:11:05.065+0900] {logging_mixin.py:188} INFO - [2024-07-20T14:11:05.065+0900] {dag.py:3954} INFO - Setting next_dagrun for example_branch_dop_operator_v3 to 2024-07-20 05:10:00+00:00, run_after=2024-07-20 05:11:00+00:00
[2024-07-20T14:11:05.107+0900] {processor.py:183} INFO - Processing /home/papalio/.local/lib/python3.10/site-packages/airflow/example_dags/example_branch_python_dop_operator_3.py took 0.288 seconds
[2024-07-20T14:12:23.116+0900] {processor.py:161} INFO - Started process (PID=13339) to work on /home/papalio/.local/lib/python3.10/site-packages/airflow/example_dags/example_branch_python_dop_operator_3.py
[2024-07-20T14:12:23.119+0900] {processor.py:830} INFO - Processing file /home/papalio/.local/lib/python3.10/site-packages/airflow/example_dags/example_branch_python_dop_operator_3.py for tasks to queue
[2024-07-20T14:12:23.123+0900] {logging_mixin.py:188} INFO - [2024-07-20T14:12:23.122+0900] {dagbag.py:545} INFO - Filling up the DagBag from /home/papalio/.local/lib/python3.10/site-packages/airflow/example_dags/example_branch_python_dop_operator_3.py
[2024-07-20T14:12:23.144+0900] {processor.py:840} INFO - DAG(s) 'example_branch_dop_operator_v3' retrieved from /home/papalio/.local/lib/python3.10/site-packages/airflow/example_dags/example_branch_python_dop_operator_3.py
[2024-07-20T14:12:23.179+0900] {logging_mixin.py:188} INFO - [2024-07-20T14:12:23.178+0900] {dag.py:3096} INFO - Sync 1 DAGs
[2024-07-20T14:12:23.232+0900] {logging_mixin.py:188} INFO - [2024-07-20T14:12:23.231+0900] {dag.py:3954} INFO - Setting next_dagrun for example_branch_dop_operator_v3 to 2024-07-20 05:11:00+00:00, run_after=2024-07-20 05:12:00+00:00
[2024-07-20T14:12:23.286+0900] {processor.py:183} INFO - Processing /home/papalio/.local/lib/python3.10/site-packages/airflow/example_dags/example_branch_python_dop_operator_3.py took 0.183 seconds
[2024-07-20T14:13:47.995+0900] {processor.py:161} INFO - Started process (PID=13868) to work on /home/papalio/.local/lib/python3.10/site-packages/airflow/example_dags/example_branch_python_dop_operator_3.py
[2024-07-20T14:13:47.997+0900] {processor.py:830} INFO - Processing file /home/papalio/.local/lib/python3.10/site-packages/airflow/example_dags/example_branch_python_dop_operator_3.py for tasks to queue
[2024-07-20T14:13:48.000+0900] {logging_mixin.py:188} INFO - [2024-07-20T14:13:47.999+0900] {dagbag.py:545} INFO - Filling up the DagBag from /home/papalio/.local/lib/python3.10/site-packages/airflow/example_dags/example_branch_python_dop_operator_3.py
[2024-07-20T14:13:48.015+0900] {processor.py:840} INFO - DAG(s) 'example_branch_dop_operator_v3' retrieved from /home/papalio/.local/lib/python3.10/site-packages/airflow/example_dags/example_branch_python_dop_operator_3.py
[2024-07-20T14:13:48.043+0900] {logging_mixin.py:188} INFO - [2024-07-20T14:13:48.043+0900] {dag.py:3096} INFO - Sync 1 DAGs
[2024-07-20T14:13:48.090+0900] {logging_mixin.py:188} INFO - [2024-07-20T14:13:48.090+0900] {dag.py:3954} INFO - Setting next_dagrun for example_branch_dop_operator_v3 to 2024-07-20 05:12:00+00:00, run_after=2024-07-20 05:13:00+00:00
[2024-07-20T14:13:48.143+0900] {processor.py:183} INFO - Processing /home/papalio/.local/lib/python3.10/site-packages/airflow/example_dags/example_branch_python_dop_operator_3.py took 0.159 seconds
[2024-07-20T14:15:10.433+0900] {processor.py:161} INFO - Started process (PID=14385) to work on /home/papalio/.local/lib/python3.10/site-packages/airflow/example_dags/example_branch_python_dop_operator_3.py
[2024-07-20T14:15:10.435+0900] {processor.py:830} INFO - Processing file /home/papalio/.local/lib/python3.10/site-packages/airflow/example_dags/example_branch_python_dop_operator_3.py for tasks to queue
[2024-07-20T14:15:10.438+0900] {logging_mixin.py:188} INFO - [2024-07-20T14:15:10.437+0900] {dagbag.py:545} INFO - Filling up the DagBag from /home/papalio/.local/lib/python3.10/site-packages/airflow/example_dags/example_branch_python_dop_operator_3.py
[2024-07-20T14:15:10.460+0900] {processor.py:840} INFO - DAG(s) 'example_branch_dop_operator_v3' retrieved from /home/papalio/.local/lib/python3.10/site-packages/airflow/example_dags/example_branch_python_dop_operator_3.py
[2024-07-20T14:15:10.488+0900] {logging_mixin.py:188} INFO - [2024-07-20T14:15:10.487+0900] {dag.py:3096} INFO - Sync 1 DAGs
[2024-07-20T14:15:10.532+0900] {logging_mixin.py:188} INFO - [2024-07-20T14:15:10.532+0900] {dag.py:3954} INFO - Setting next_dagrun for example_branch_dop_operator_v3 to 2024-07-20 05:14:00+00:00, run_after=2024-07-20 05:15:00+00:00
[2024-07-20T14:15:10.584+0900] {processor.py:183} INFO - Processing /home/papalio/.local/lib/python3.10/site-packages/airflow/example_dags/example_branch_python_dop_operator_3.py took 0.165 seconds
[2024-07-20T14:16:27.261+0900] {processor.py:161} INFO - Started process (PID=14877) to work on /home/papalio/.local/lib/python3.10/site-packages/airflow/example_dags/example_branch_python_dop_operator_3.py
[2024-07-20T14:16:27.264+0900] {processor.py:830} INFO - Processing file /home/papalio/.local/lib/python3.10/site-packages/airflow/example_dags/example_branch_python_dop_operator_3.py for tasks to queue
[2024-07-20T14:16:27.268+0900] {logging_mixin.py:188} INFO - [2024-07-20T14:16:27.267+0900] {dagbag.py:545} INFO - Filling up the DagBag from /home/papalio/.local/lib/python3.10/site-packages/airflow/example_dags/example_branch_python_dop_operator_3.py
[2024-07-20T14:16:27.288+0900] {processor.py:840} INFO - DAG(s) 'example_branch_dop_operator_v3' retrieved from /home/papalio/.local/lib/python3.10/site-packages/airflow/example_dags/example_branch_python_dop_operator_3.py
[2024-07-20T14:16:27.319+0900] {logging_mixin.py:188} INFO - [2024-07-20T14:16:27.318+0900] {dag.py:3096} INFO - Sync 1 DAGs
[2024-07-20T14:16:27.362+0900] {logging_mixin.py:188} INFO - [2024-07-20T14:16:27.362+0900] {dag.py:3954} INFO - Setting next_dagrun for example_branch_dop_operator_v3 to 2024-07-20 05:15:00+00:00, run_after=2024-07-20 05:16:00+00:00
[2024-07-20T14:16:27.407+0900] {processor.py:183} INFO - Processing /home/papalio/.local/lib/python3.10/site-packages/airflow/example_dags/example_branch_python_dop_operator_3.py took 0.158 seconds
[2024-07-20T14:17:49.090+0900] {processor.py:161} INFO - Started process (PID=15394) to work on /home/papalio/.local/lib/python3.10/site-packages/airflow/example_dags/example_branch_python_dop_operator_3.py
[2024-07-20T14:17:49.092+0900] {processor.py:830} INFO - Processing file /home/papalio/.local/lib/python3.10/site-packages/airflow/example_dags/example_branch_python_dop_operator_3.py for tasks to queue
[2024-07-20T14:17:49.096+0900] {logging_mixin.py:188} INFO - [2024-07-20T14:17:49.095+0900] {dagbag.py:545} INFO - Filling up the DagBag from /home/papalio/.local/lib/python3.10/site-packages/airflow/example_dags/example_branch_python_dop_operator_3.py
[2024-07-20T14:17:49.115+0900] {processor.py:840} INFO - DAG(s) 'example_branch_dop_operator_v3' retrieved from /home/papalio/.local/lib/python3.10/site-packages/airflow/example_dags/example_branch_python_dop_operator_3.py
[2024-07-20T14:17:49.136+0900] {logging_mixin.py:188} INFO - [2024-07-20T14:17:49.135+0900] {dag.py:3096} INFO - Sync 1 DAGs
[2024-07-20T14:17:49.165+0900] {logging_mixin.py:188} INFO - [2024-07-20T14:17:49.165+0900] {dag.py:3954} INFO - Setting next_dagrun for example_branch_dop_operator_v3 to 2024-07-20 05:16:00+00:00, run_after=2024-07-20 05:17:00+00:00
[2024-07-20T14:17:49.203+0900] {processor.py:183} INFO - Processing /home/papalio/.local/lib/python3.10/site-packages/airflow/example_dags/example_branch_python_dop_operator_3.py took 0.124 seconds
[2024-07-20T14:19:11.572+0900] {processor.py:161} INFO - Started process (PID=15913) to work on /home/papalio/.local/lib/python3.10/site-packages/airflow/example_dags/example_branch_python_dop_operator_3.py
[2024-07-20T14:19:11.576+0900] {processor.py:830} INFO - Processing file /home/papalio/.local/lib/python3.10/site-packages/airflow/example_dags/example_branch_python_dop_operator_3.py for tasks to queue
[2024-07-20T14:19:11.579+0900] {logging_mixin.py:188} INFO - [2024-07-20T14:19:11.578+0900] {dagbag.py:545} INFO - Filling up the DagBag from /home/papalio/.local/lib/python3.10/site-packages/airflow/example_dags/example_branch_python_dop_operator_3.py
[2024-07-20T14:19:11.600+0900] {processor.py:840} INFO - DAG(s) 'example_branch_dop_operator_v3' retrieved from /home/papalio/.local/lib/python3.10/site-packages/airflow/example_dags/example_branch_python_dop_operator_3.py
[2024-07-20T14:19:11.626+0900] {logging_mixin.py:188} INFO - [2024-07-20T14:19:11.625+0900] {dag.py:3096} INFO - Sync 1 DAGs
[2024-07-20T14:19:11.667+0900] {logging_mixin.py:188} INFO - [2024-07-20T14:19:11.667+0900] {dag.py:3954} INFO - Setting next_dagrun for example_branch_dop_operator_v3 to 2024-07-20 05:18:00+00:00, run_after=2024-07-20 05:19:00+00:00
[2024-07-20T14:19:11.730+0900] {processor.py:183} INFO - Processing /home/papalio/.local/lib/python3.10/site-packages/airflow/example_dags/example_branch_python_dop_operator_3.py took 0.167 seconds
[2024-07-20T14:20:29.311+0900] {processor.py:161} INFO - Started process (PID=16476) to work on /home/papalio/.local/lib/python3.10/site-packages/airflow/example_dags/example_branch_python_dop_operator_3.py
[2024-07-20T14:20:29.314+0900] {processor.py:830} INFO - Processing file /home/papalio/.local/lib/python3.10/site-packages/airflow/example_dags/example_branch_python_dop_operator_3.py for tasks to queue
[2024-07-20T14:20:29.318+0900] {logging_mixin.py:188} INFO - [2024-07-20T14:20:29.317+0900] {dagbag.py:545} INFO - Filling up the DagBag from /home/papalio/.local/lib/python3.10/site-packages/airflow/example_dags/example_branch_python_dop_operator_3.py
[2024-07-20T14:20:29.347+0900] {processor.py:840} INFO - DAG(s) 'example_branch_dop_operator_v3' retrieved from /home/papalio/.local/lib/python3.10/site-packages/airflow/example_dags/example_branch_python_dop_operator_3.py
[2024-07-20T14:20:29.413+0900] {logging_mixin.py:188} INFO - [2024-07-20T14:20:29.411+0900] {dag.py:3096} INFO - Sync 1 DAGs
[2024-07-20T14:20:29.528+0900] {logging_mixin.py:188} INFO - [2024-07-20T14:20:29.527+0900] {dag.py:3954} INFO - Setting next_dagrun for example_branch_dop_operator_v3 to 2024-07-20 05:19:00+00:00, run_after=2024-07-20 05:20:00+00:00
[2024-07-20T14:20:29.664+0900] {processor.py:183} INFO - Processing /home/papalio/.local/lib/python3.10/site-packages/airflow/example_dags/example_branch_python_dop_operator_3.py took 0.440 seconds
[2024-07-20T14:22:13.070+0900] {processor.py:161} INFO - Started process (PID=17138) to work on /home/papalio/.local/lib/python3.10/site-packages/airflow/example_dags/example_branch_python_dop_operator_3.py
[2024-07-20T14:22:13.073+0900] {processor.py:830} INFO - Processing file /home/papalio/.local/lib/python3.10/site-packages/airflow/example_dags/example_branch_python_dop_operator_3.py for tasks to queue
[2024-07-20T14:22:13.077+0900] {logging_mixin.py:188} INFO - [2024-07-20T14:22:13.075+0900] {dagbag.py:545} INFO - Filling up the DagBag from /home/papalio/.local/lib/python3.10/site-packages/airflow/example_dags/example_branch_python_dop_operator_3.py
[2024-07-20T14:22:13.104+0900] {processor.py:840} INFO - DAG(s) 'example_branch_dop_operator_v3' retrieved from /home/papalio/.local/lib/python3.10/site-packages/airflow/example_dags/example_branch_python_dop_operator_3.py
[2024-07-20T14:22:13.159+0900] {logging_mixin.py:188} INFO - [2024-07-20T14:22:13.158+0900] {dag.py:3096} INFO - Sync 1 DAGs
[2024-07-20T14:22:13.262+0900] {logging_mixin.py:188} INFO - [2024-07-20T14:22:13.262+0900] {dag.py:3954} INFO - Setting next_dagrun for example_branch_dop_operator_v3 to 2024-07-20 05:21:00+00:00, run_after=2024-07-20 05:22:00+00:00
[2024-07-20T14:22:13.345+0900] {processor.py:183} INFO - Processing /home/papalio/.local/lib/python3.10/site-packages/airflow/example_dags/example_branch_python_dop_operator_3.py took 0.293 seconds
[2024-07-20T14:23:51.974+0900] {processor.py:161} INFO - Started process (PID=17713) to work on /home/papalio/.local/lib/python3.10/site-packages/airflow/example_dags/example_branch_python_dop_operator_3.py
[2024-07-20T14:23:51.986+0900] {processor.py:830} INFO - Processing file /home/papalio/.local/lib/python3.10/site-packages/airflow/example_dags/example_branch_python_dop_operator_3.py for tasks to queue
[2024-07-20T14:23:51.996+0900] {logging_mixin.py:188} INFO - [2024-07-20T14:23:51.991+0900] {dagbag.py:545} INFO - Filling up the DagBag from /home/papalio/.local/lib/python3.10/site-packages/airflow/example_dags/example_branch_python_dop_operator_3.py
[2024-07-20T14:23:52.076+0900] {processor.py:840} INFO - DAG(s) 'example_branch_dop_operator_v3' retrieved from /home/papalio/.local/lib/python3.10/site-packages/airflow/example_dags/example_branch_python_dop_operator_3.py
[2024-07-20T14:23:52.226+0900] {logging_mixin.py:188} INFO - [2024-07-20T14:23:52.226+0900] {dag.py:3096} INFO - Sync 1 DAGs
[2024-07-20T14:23:52.374+0900] {logging_mixin.py:188} INFO - [2024-07-20T14:23:52.373+0900] {dag.py:3954} INFO - Setting next_dagrun for example_branch_dop_operator_v3 to 2024-07-20 05:22:00+00:00, run_after=2024-07-20 05:23:00+00:00
[2024-07-20T14:23:52.455+0900] {processor.py:183} INFO - Processing /home/papalio/.local/lib/python3.10/site-packages/airflow/example_dags/example_branch_python_dop_operator_3.py took 0.516 seconds
[2024-07-20T14:25:20.121+0900] {processor.py:161} INFO - Started process (PID=18261) to work on /home/papalio/.local/lib/python3.10/site-packages/airflow/example_dags/example_branch_python_dop_operator_3.py
[2024-07-20T14:25:20.124+0900] {processor.py:830} INFO - Processing file /home/papalio/.local/lib/python3.10/site-packages/airflow/example_dags/example_branch_python_dop_operator_3.py for tasks to queue
[2024-07-20T14:25:20.126+0900] {logging_mixin.py:188} INFO - [2024-07-20T14:25:20.125+0900] {dagbag.py:545} INFO - Filling up the DagBag from /home/papalio/.local/lib/python3.10/site-packages/airflow/example_dags/example_branch_python_dop_operator_3.py
[2024-07-20T14:25:20.151+0900] {processor.py:840} INFO - DAG(s) 'example_branch_dop_operator_v3' retrieved from /home/papalio/.local/lib/python3.10/site-packages/airflow/example_dags/example_branch_python_dop_operator_3.py
[2024-07-20T14:25:20.185+0900] {logging_mixin.py:188} INFO - [2024-07-20T14:25:20.185+0900] {dag.py:3096} INFO - Sync 1 DAGs
[2024-07-20T14:25:20.236+0900] {logging_mixin.py:188} INFO - [2024-07-20T14:25:20.236+0900] {dag.py:3954} INFO - Setting next_dagrun for example_branch_dop_operator_v3 to 2024-07-20 05:24:00+00:00, run_after=2024-07-20 05:25:00+00:00
[2024-07-20T14:25:20.290+0900] {processor.py:183} INFO - Processing /home/papalio/.local/lib/python3.10/site-packages/airflow/example_dags/example_branch_python_dop_operator_3.py took 0.183 seconds
[2024-07-20T14:27:09.328+0900] {processor.py:161} INFO - Started process (PID=18876) to work on /home/papalio/.local/lib/python3.10/site-packages/airflow/example_dags/example_branch_python_dop_operator_3.py
[2024-07-20T14:27:09.330+0900] {processor.py:830} INFO - Processing file /home/papalio/.local/lib/python3.10/site-packages/airflow/example_dags/example_branch_python_dop_operator_3.py for tasks to queue
[2024-07-20T14:27:09.331+0900] {logging_mixin.py:188} INFO - [2024-07-20T14:27:09.330+0900] {dagbag.py:545} INFO - Filling up the DagBag from /home/papalio/.local/lib/python3.10/site-packages/airflow/example_dags/example_branch_python_dop_operator_3.py
[2024-07-20T14:27:09.342+0900] {processor.py:840} INFO - DAG(s) 'example_branch_dop_operator_v3' retrieved from /home/papalio/.local/lib/python3.10/site-packages/airflow/example_dags/example_branch_python_dop_operator_3.py
[2024-07-20T14:27:09.359+0900] {logging_mixin.py:188} INFO - [2024-07-20T14:27:09.358+0900] {dag.py:3096} INFO - Sync 1 DAGs
[2024-07-20T14:27:09.382+0900] {logging_mixin.py:188} INFO - [2024-07-20T14:27:09.381+0900] {dag.py:3954} INFO - Setting next_dagrun for example_branch_dop_operator_v3 to 2024-07-20 05:26:00+00:00, run_after=2024-07-20 05:27:00+00:00
[2024-07-20T14:27:09.412+0900] {processor.py:183} INFO - Processing /home/papalio/.local/lib/python3.10/site-packages/airflow/example_dags/example_branch_python_dop_operator_3.py took 0.092 seconds
[2024-07-20T14:28:26.054+0900] {processor.py:161} INFO - Started process (PID=19377) to work on /home/papalio/.local/lib/python3.10/site-packages/airflow/example_dags/example_branch_python_dop_operator_3.py
[2024-07-20T14:28:26.056+0900] {processor.py:830} INFO - Processing file /home/papalio/.local/lib/python3.10/site-packages/airflow/example_dags/example_branch_python_dop_operator_3.py for tasks to queue
[2024-07-20T14:28:26.058+0900] {logging_mixin.py:188} INFO - [2024-07-20T14:28:26.057+0900] {dagbag.py:545} INFO - Filling up the DagBag from /home/papalio/.local/lib/python3.10/site-packages/airflow/example_dags/example_branch_python_dop_operator_3.py
[2024-07-20T14:28:26.075+0900] {processor.py:840} INFO - DAG(s) 'example_branch_dop_operator_v3' retrieved from /home/papalio/.local/lib/python3.10/site-packages/airflow/example_dags/example_branch_python_dop_operator_3.py
[2024-07-20T14:28:26.108+0900] {logging_mixin.py:188} INFO - [2024-07-20T14:28:26.107+0900] {dag.py:3096} INFO - Sync 1 DAGs
[2024-07-20T14:28:26.149+0900] {logging_mixin.py:188} INFO - [2024-07-20T14:28:26.149+0900] {dag.py:3954} INFO - Setting next_dagrun for example_branch_dop_operator_v3 to 2024-07-20 05:27:00+00:00, run_after=2024-07-20 05:28:00+00:00
[2024-07-20T14:28:26.197+0900] {processor.py:183} INFO - Processing /home/papalio/.local/lib/python3.10/site-packages/airflow/example_dags/example_branch_python_dop_operator_3.py took 0.155 seconds
[2024-07-20T14:29:46.521+0900] {processor.py:161} INFO - Started process (PID=19886) to work on /home/papalio/.local/lib/python3.10/site-packages/airflow/example_dags/example_branch_python_dop_operator_3.py
[2024-07-20T14:29:46.532+0900] {processor.py:830} INFO - Processing file /home/papalio/.local/lib/python3.10/site-packages/airflow/example_dags/example_branch_python_dop_operator_3.py for tasks to queue
[2024-07-20T14:29:46.535+0900] {logging_mixin.py:188} INFO - [2024-07-20T14:29:46.534+0900] {dagbag.py:545} INFO - Filling up the DagBag from /home/papalio/.local/lib/python3.10/site-packages/airflow/example_dags/example_branch_python_dop_operator_3.py
[2024-07-20T14:29:46.551+0900] {processor.py:840} INFO - DAG(s) 'example_branch_dop_operator_v3' retrieved from /home/papalio/.local/lib/python3.10/site-packages/airflow/example_dags/example_branch_python_dop_operator_3.py
[2024-07-20T14:29:46.582+0900] {logging_mixin.py:188} INFO - [2024-07-20T14:29:46.581+0900] {dag.py:3096} INFO - Sync 1 DAGs
[2024-07-20T14:29:46.620+0900] {logging_mixin.py:188} INFO - [2024-07-20T14:29:46.619+0900] {dag.py:3954} INFO - Setting next_dagrun for example_branch_dop_operator_v3 to 2024-07-20 05:28:00+00:00, run_after=2024-07-20 05:29:00+00:00
[2024-07-20T14:29:46.659+0900] {processor.py:183} INFO - Processing /home/papalio/.local/lib/python3.10/site-packages/airflow/example_dags/example_branch_python_dop_operator_3.py took 0.153 seconds
[2024-07-20T14:31:08.270+0900] {processor.py:161} INFO - Started process (PID=20410) to work on /home/papalio/.local/lib/python3.10/site-packages/airflow/example_dags/example_branch_python_dop_operator_3.py
[2024-07-20T14:31:08.282+0900] {processor.py:830} INFO - Processing file /home/papalio/.local/lib/python3.10/site-packages/airflow/example_dags/example_branch_python_dop_operator_3.py for tasks to queue
[2024-07-20T14:31:08.284+0900] {logging_mixin.py:188} INFO - [2024-07-20T14:31:08.283+0900] {dagbag.py:545} INFO - Filling up the DagBag from /home/papalio/.local/lib/python3.10/site-packages/airflow/example_dags/example_branch_python_dop_operator_3.py
[2024-07-20T14:31:08.301+0900] {processor.py:840} INFO - DAG(s) 'example_branch_dop_operator_v3' retrieved from /home/papalio/.local/lib/python3.10/site-packages/airflow/example_dags/example_branch_python_dop_operator_3.py
[2024-07-20T14:31:08.330+0900] {logging_mixin.py:188} INFO - [2024-07-20T14:31:08.330+0900] {dag.py:3096} INFO - Sync 1 DAGs
[2024-07-20T14:31:08.374+0900] {logging_mixin.py:188} INFO - [2024-07-20T14:31:08.374+0900] {dag.py:3954} INFO - Setting next_dagrun for example_branch_dop_operator_v3 to 2024-07-20 05:30:00+00:00, run_after=2024-07-20 05:31:00+00:00
[2024-07-20T14:31:08.422+0900] {processor.py:183} INFO - Processing /home/papalio/.local/lib/python3.10/site-packages/airflow/example_dags/example_branch_python_dop_operator_3.py took 0.163 seconds
[2024-07-20T14:32:26.371+0900] {processor.py:161} INFO - Started process (PID=20905) to work on /home/papalio/.local/lib/python3.10/site-packages/airflow/example_dags/example_branch_python_dop_operator_3.py
[2024-07-20T14:32:26.374+0900] {processor.py:830} INFO - Processing file /home/papalio/.local/lib/python3.10/site-packages/airflow/example_dags/example_branch_python_dop_operator_3.py for tasks to queue
[2024-07-20T14:32:26.375+0900] {logging_mixin.py:188} INFO - [2024-07-20T14:32:26.375+0900] {dagbag.py:545} INFO - Filling up the DagBag from /home/papalio/.local/lib/python3.10/site-packages/airflow/example_dags/example_branch_python_dop_operator_3.py
[2024-07-20T14:32:26.394+0900] {processor.py:840} INFO - DAG(s) 'example_branch_dop_operator_v3' retrieved from /home/papalio/.local/lib/python3.10/site-packages/airflow/example_dags/example_branch_python_dop_operator_3.py
[2024-07-20T14:32:26.435+0900] {logging_mixin.py:188} INFO - [2024-07-20T14:32:26.434+0900] {dag.py:3096} INFO - Sync 1 DAGs
[2024-07-20T14:32:26.485+0900] {logging_mixin.py:188} INFO - [2024-07-20T14:32:26.485+0900] {dag.py:3954} INFO - Setting next_dagrun for example_branch_dop_operator_v3 to 2024-07-20 05:31:00+00:00, run_after=2024-07-20 05:32:00+00:00
[2024-07-20T14:32:26.545+0900] {processor.py:183} INFO - Processing /home/papalio/.local/lib/python3.10/site-packages/airflow/example_dags/example_branch_python_dop_operator_3.py took 0.185 seconds
[2024-07-20T14:34:02.035+0900] {processor.py:161} INFO - Started process (PID=21474) to work on /home/papalio/.local/lib/python3.10/site-packages/airflow/example_dags/example_branch_python_dop_operator_3.py
[2024-07-20T14:34:02.040+0900] {processor.py:830} INFO - Processing file /home/papalio/.local/lib/python3.10/site-packages/airflow/example_dags/example_branch_python_dop_operator_3.py for tasks to queue
[2024-07-20T14:34:02.042+0900] {logging_mixin.py:188} INFO - [2024-07-20T14:34:02.041+0900] {dagbag.py:545} INFO - Filling up the DagBag from /home/papalio/.local/lib/python3.10/site-packages/airflow/example_dags/example_branch_python_dop_operator_3.py
[2024-07-20T14:34:02.075+0900] {processor.py:840} INFO - DAG(s) 'example_branch_dop_operator_v3' retrieved from /home/papalio/.local/lib/python3.10/site-packages/airflow/example_dags/example_branch_python_dop_operator_3.py
[2024-07-20T14:34:02.128+0900] {logging_mixin.py:188} INFO - [2024-07-20T14:34:02.127+0900] {dag.py:3096} INFO - Sync 1 DAGs
[2024-07-20T14:34:02.205+0900] {logging_mixin.py:188} INFO - [2024-07-20T14:34:02.205+0900] {dag.py:3954} INFO - Setting next_dagrun for example_branch_dop_operator_v3 to 2024-07-20 05:33:00+00:00, run_after=2024-07-20 05:34:00+00:00
[2024-07-20T14:34:02.280+0900] {processor.py:183} INFO - Processing /home/papalio/.local/lib/python3.10/site-packages/airflow/example_dags/example_branch_python_dop_operator_3.py took 0.266 seconds
[2024-07-20T14:35:23.588+0900] {processor.py:161} INFO - Started process (PID=21992) to work on /home/papalio/.local/lib/python3.10/site-packages/airflow/example_dags/example_branch_python_dop_operator_3.py
[2024-07-20T14:35:23.591+0900] {processor.py:830} INFO - Processing file /home/papalio/.local/lib/python3.10/site-packages/airflow/example_dags/example_branch_python_dop_operator_3.py for tasks to queue
[2024-07-20T14:35:23.594+0900] {logging_mixin.py:188} INFO - [2024-07-20T14:35:23.593+0900] {dagbag.py:545} INFO - Filling up the DagBag from /home/papalio/.local/lib/python3.10/site-packages/airflow/example_dags/example_branch_python_dop_operator_3.py
[2024-07-20T14:35:23.619+0900] {processor.py:840} INFO - DAG(s) 'example_branch_dop_operator_v3' retrieved from /home/papalio/.local/lib/python3.10/site-packages/airflow/example_dags/example_branch_python_dop_operator_3.py
[2024-07-20T14:35:23.649+0900] {logging_mixin.py:188} INFO - [2024-07-20T14:35:23.648+0900] {dag.py:3096} INFO - Sync 1 DAGs
[2024-07-20T14:35:23.706+0900] {logging_mixin.py:188} INFO - [2024-07-20T14:35:23.705+0900] {dag.py:3954} INFO - Setting next_dagrun for example_branch_dop_operator_v3 to 2024-07-20 05:34:00+00:00, run_after=2024-07-20 05:35:00+00:00
[2024-07-20T14:35:23.767+0900] {processor.py:183} INFO - Processing /home/papalio/.local/lib/python3.10/site-packages/airflow/example_dags/example_branch_python_dop_operator_3.py took 0.195 seconds
[2024-07-20T14:36:45.053+0900] {processor.py:161} INFO - Started process (PID=22507) to work on /home/papalio/.local/lib/python3.10/site-packages/airflow/example_dags/example_branch_python_dop_operator_3.py
[2024-07-20T14:36:45.055+0900] {processor.py:830} INFO - Processing file /home/papalio/.local/lib/python3.10/site-packages/airflow/example_dags/example_branch_python_dop_operator_3.py for tasks to queue
[2024-07-20T14:36:45.056+0900] {logging_mixin.py:188} INFO - [2024-07-20T14:36:45.056+0900] {dagbag.py:545} INFO - Filling up the DagBag from /home/papalio/.local/lib/python3.10/site-packages/airflow/example_dags/example_branch_python_dop_operator_3.py
[2024-07-20T14:36:45.067+0900] {processor.py:840} INFO - DAG(s) 'example_branch_dop_operator_v3' retrieved from /home/papalio/.local/lib/python3.10/site-packages/airflow/example_dags/example_branch_python_dop_operator_3.py
[2024-07-20T14:36:45.088+0900] {logging_mixin.py:188} INFO - [2024-07-20T14:36:45.088+0900] {dag.py:3096} INFO - Sync 1 DAGs
[2024-07-20T14:36:45.119+0900] {logging_mixin.py:188} INFO - [2024-07-20T14:36:45.118+0900] {dag.py:3954} INFO - Setting next_dagrun for example_branch_dop_operator_v3 to 2024-07-20 05:35:00+00:00, run_after=2024-07-20 05:36:00+00:00
[2024-07-20T14:36:45.156+0900] {processor.py:183} INFO - Processing /home/papalio/.local/lib/python3.10/site-packages/airflow/example_dags/example_branch_python_dop_operator_3.py took 0.111 seconds
[2024-07-20T14:38:09.844+0900] {processor.py:161} INFO - Started process (PID=23029) to work on /home/papalio/.local/lib/python3.10/site-packages/airflow/example_dags/example_branch_python_dop_operator_3.py
[2024-07-20T14:38:09.847+0900] {processor.py:830} INFO - Processing file /home/papalio/.local/lib/python3.10/site-packages/airflow/example_dags/example_branch_python_dop_operator_3.py for tasks to queue
[2024-07-20T14:38:09.849+0900] {logging_mixin.py:188} INFO - [2024-07-20T14:38:09.848+0900] {dagbag.py:545} INFO - Filling up the DagBag from /home/papalio/.local/lib/python3.10/site-packages/airflow/example_dags/example_branch_python_dop_operator_3.py
[2024-07-20T14:38:09.872+0900] {processor.py:840} INFO - DAG(s) 'example_branch_dop_operator_v3' retrieved from /home/papalio/.local/lib/python3.10/site-packages/airflow/example_dags/example_branch_python_dop_operator_3.py
[2024-07-20T14:38:09.901+0900] {logging_mixin.py:188} INFO - [2024-07-20T14:38:09.901+0900] {dag.py:3096} INFO - Sync 1 DAGs
[2024-07-20T14:38:09.943+0900] {logging_mixin.py:188} INFO - [2024-07-20T14:38:09.943+0900] {dag.py:3954} INFO - Setting next_dagrun for example_branch_dop_operator_v3 to 2024-07-20 05:37:00+00:00, run_after=2024-07-20 05:38:00+00:00
[2024-07-20T14:38:09.994+0900] {processor.py:183} INFO - Processing /home/papalio/.local/lib/python3.10/site-packages/airflow/example_dags/example_branch_python_dop_operator_3.py took 0.165 seconds
[2024-07-20T14:39:35.813+0900] {processor.py:161} INFO - Started process (PID=23562) to work on /home/papalio/.local/lib/python3.10/site-packages/airflow/example_dags/example_branch_python_dop_operator_3.py
[2024-07-20T14:39:35.825+0900] {processor.py:830} INFO - Processing file /home/papalio/.local/lib/python3.10/site-packages/airflow/example_dags/example_branch_python_dop_operator_3.py for tasks to queue
[2024-07-20T14:39:35.827+0900] {logging_mixin.py:188} INFO - [2024-07-20T14:39:35.826+0900] {dagbag.py:545} INFO - Filling up the DagBag from /home/papalio/.local/lib/python3.10/site-packages/airflow/example_dags/example_branch_python_dop_operator_3.py
[2024-07-20T14:39:35.844+0900] {processor.py:840} INFO - DAG(s) 'example_branch_dop_operator_v3' retrieved from /home/papalio/.local/lib/python3.10/site-packages/airflow/example_dags/example_branch_python_dop_operator_3.py
[2024-07-20T14:39:35.873+0900] {logging_mixin.py:188} INFO - [2024-07-20T14:39:35.873+0900] {dag.py:3096} INFO - Sync 1 DAGs
[2024-07-20T14:39:35.919+0900] {logging_mixin.py:188} INFO - [2024-07-20T14:39:35.919+0900] {dag.py:3954} INFO - Setting next_dagrun for example_branch_dop_operator_v3 to 2024-07-20 05:38:00+00:00, run_after=2024-07-20 05:39:00+00:00
[2024-07-20T14:39:35.964+0900] {processor.py:183} INFO - Processing /home/papalio/.local/lib/python3.10/site-packages/airflow/example_dags/example_branch_python_dop_operator_3.py took 0.166 seconds
[2024-07-20T14:41:00.699+0900] {processor.py:161} INFO - Started process (PID=24094) to work on /home/papalio/.local/lib/python3.10/site-packages/airflow/example_dags/example_branch_python_dop_operator_3.py
[2024-07-20T14:41:00.712+0900] {processor.py:830} INFO - Processing file /home/papalio/.local/lib/python3.10/site-packages/airflow/example_dags/example_branch_python_dop_operator_3.py for tasks to queue
[2024-07-20T14:41:00.715+0900] {logging_mixin.py:188} INFO - [2024-07-20T14:41:00.713+0900] {dagbag.py:545} INFO - Filling up the DagBag from /home/papalio/.local/lib/python3.10/site-packages/airflow/example_dags/example_branch_python_dop_operator_3.py
[2024-07-20T14:41:00.748+0900] {processor.py:840} INFO - DAG(s) 'example_branch_dop_operator_v3' retrieved from /home/papalio/.local/lib/python3.10/site-packages/airflow/example_dags/example_branch_python_dop_operator_3.py
[2024-07-20T14:41:00.802+0900] {logging_mixin.py:188} INFO - [2024-07-20T14:41:00.801+0900] {dag.py:3096} INFO - Sync 1 DAGs
[2024-07-20T14:41:00.895+0900] {logging_mixin.py:188} INFO - [2024-07-20T14:41:00.894+0900] {dag.py:3954} INFO - Setting next_dagrun for example_branch_dop_operator_v3 to 2024-07-20 05:40:00+00:00, run_after=2024-07-20 05:41:00+00:00
[2024-07-20T14:41:00.985+0900] {processor.py:183} INFO - Processing /home/papalio/.local/lib/python3.10/site-packages/airflow/example_dags/example_branch_python_dop_operator_3.py took 0.306 seconds
[2024-07-20T14:42:37.354+0900] {processor.py:161} INFO - Started process (PID=24665) to work on /home/papalio/.local/lib/python3.10/site-packages/airflow/example_dags/example_branch_python_dop_operator_3.py
[2024-07-20T14:42:37.356+0900] {processor.py:830} INFO - Processing file /home/papalio/.local/lib/python3.10/site-packages/airflow/example_dags/example_branch_python_dop_operator_3.py for tasks to queue
[2024-07-20T14:42:37.358+0900] {logging_mixin.py:188} INFO - [2024-07-20T14:42:37.357+0900] {dagbag.py:545} INFO - Filling up the DagBag from /home/papalio/.local/lib/python3.10/site-packages/airflow/example_dags/example_branch_python_dop_operator_3.py
[2024-07-20T14:42:37.373+0900] {processor.py:840} INFO - DAG(s) 'example_branch_dop_operator_v3' retrieved from /home/papalio/.local/lib/python3.10/site-packages/airflow/example_dags/example_branch_python_dop_operator_3.py
[2024-07-20T14:42:37.405+0900] {logging_mixin.py:188} INFO - [2024-07-20T14:42:37.404+0900] {dag.py:3096} INFO - Sync 1 DAGs
[2024-07-20T14:42:37.464+0900] {logging_mixin.py:188} INFO - [2024-07-20T14:42:37.463+0900] {dag.py:3954} INFO - Setting next_dagrun for example_branch_dop_operator_v3 to 2024-07-20 05:41:00+00:00, run_after=2024-07-20 05:42:00+00:00
[2024-07-20T14:42:37.510+0900] {processor.py:183} INFO - Processing /home/papalio/.local/lib/python3.10/site-packages/airflow/example_dags/example_branch_python_dop_operator_3.py took 0.167 seconds
[2024-07-20T14:44:01.273+0900] {processor.py:161} INFO - Started process (PID=25212) to work on /home/papalio/.local/lib/python3.10/site-packages/airflow/example_dags/example_branch_python_dop_operator_3.py
[2024-07-20T14:44:01.278+0900] {processor.py:830} INFO - Processing file /home/papalio/.local/lib/python3.10/site-packages/airflow/example_dags/example_branch_python_dop_operator_3.py for tasks to queue
[2024-07-20T14:44:01.285+0900] {logging_mixin.py:188} INFO - [2024-07-20T14:44:01.280+0900] {dagbag.py:545} INFO - Filling up the DagBag from /home/papalio/.local/lib/python3.10/site-packages/airflow/example_dags/example_branch_python_dop_operator_3.py
[2024-07-20T14:44:01.331+0900] {processor.py:840} INFO - DAG(s) 'example_branch_dop_operator_v3' retrieved from /home/papalio/.local/lib/python3.10/site-packages/airflow/example_dags/example_branch_python_dop_operator_3.py
[2024-07-20T14:44:01.386+0900] {logging_mixin.py:188} INFO - [2024-07-20T14:44:01.385+0900] {dag.py:3096} INFO - Sync 1 DAGs
[2024-07-20T14:44:01.488+0900] {logging_mixin.py:188} INFO - [2024-07-20T14:44:01.487+0900] {dag.py:3954} INFO - Setting next_dagrun for example_branch_dop_operator_v3 to 2024-07-20 05:43:00+00:00, run_after=2024-07-20 05:44:00+00:00
[2024-07-20T14:44:01.586+0900] {processor.py:183} INFO - Processing /home/papalio/.local/lib/python3.10/site-packages/airflow/example_dags/example_branch_python_dop_operator_3.py took 0.340 seconds
