[2024-07-20T14:10:57.689+0900] {processor.py:161} INFO - Started process (PID=12808) to work on /home/papalio/.local/lib/python3.10/site-packages/airflow/example_dags/example_dynamic_task_mapping.py
[2024-07-20T14:10:57.691+0900] {processor.py:830} INFO - Processing file /home/papalio/.local/lib/python3.10/site-packages/airflow/example_dags/example_dynamic_task_mapping.py for tasks to queue
[2024-07-20T14:10:57.696+0900] {logging_mixin.py:188} INFO - [2024-07-20T14:10:57.695+0900] {dagbag.py:545} INFO - Filling up the DagBag from /home/papalio/.local/lib/python3.10/site-packages/airflow/example_dags/example_dynamic_task_mapping.py
[2024-07-20T14:10:57.712+0900] {processor.py:840} INFO - DAG(s) 'example_dynamic_task_mapping' retrieved from /home/papalio/.local/lib/python3.10/site-packages/airflow/example_dags/example_dynamic_task_mapping.py
[2024-07-20T14:10:57.978+0900] {logging_mixin.py:188} INFO - [2024-07-20T14:10:57.977+0900] {dag.py:3096} INFO - Sync 1 DAGs
[2024-07-20T14:10:58.044+0900] {logging_mixin.py:188} INFO - [2024-07-20T14:10:58.043+0900] {dag.py:3954} INFO - Setting next_dagrun for example_dynamic_task_mapping to 2022-03-04 00:00:00+00:00, run_after=2022-03-05 00:00:00+00:00
[2024-07-20T14:10:58.122+0900] {processor.py:183} INFO - Processing /home/papalio/.local/lib/python3.10/site-packages/airflow/example_dags/example_dynamic_task_mapping.py took 0.448 seconds
[2024-07-20T14:12:16.274+0900] {processor.py:161} INFO - Started process (PID=13307) to work on /home/papalio/.local/lib/python3.10/site-packages/airflow/example_dags/example_dynamic_task_mapping.py
[2024-07-20T14:12:16.280+0900] {processor.py:830} INFO - Processing file /home/papalio/.local/lib/python3.10/site-packages/airflow/example_dags/example_dynamic_task_mapping.py for tasks to queue
[2024-07-20T14:12:16.292+0900] {logging_mixin.py:188} INFO - [2024-07-20T14:12:16.289+0900] {dagbag.py:545} INFO - Filling up the DagBag from /home/papalio/.local/lib/python3.10/site-packages/airflow/example_dags/example_dynamic_task_mapping.py
[2024-07-20T14:12:16.340+0900] {processor.py:840} INFO - DAG(s) 'example_dynamic_task_mapping' retrieved from /home/papalio/.local/lib/python3.10/site-packages/airflow/example_dags/example_dynamic_task_mapping.py
[2024-07-20T14:12:16.412+0900] {logging_mixin.py:188} INFO - [2024-07-20T14:12:16.411+0900] {dag.py:3096} INFO - Sync 1 DAGs
[2024-07-20T14:12:16.493+0900] {logging_mixin.py:188} INFO - [2024-07-20T14:12:16.492+0900] {dag.py:3954} INFO - Setting next_dagrun for example_dynamic_task_mapping to 2022-03-04 00:00:00+00:00, run_after=2022-03-05 00:00:00+00:00
[2024-07-20T14:12:16.610+0900] {processor.py:183} INFO - Processing /home/papalio/.local/lib/python3.10/site-packages/airflow/example_dags/example_dynamic_task_mapping.py took 0.376 seconds
[2024-07-20T14:13:41.574+0900] {processor.py:161} INFO - Started process (PID=13837) to work on /home/papalio/.local/lib/python3.10/site-packages/airflow/example_dags/example_dynamic_task_mapping.py
[2024-07-20T14:13:41.579+0900] {processor.py:830} INFO - Processing file /home/papalio/.local/lib/python3.10/site-packages/airflow/example_dags/example_dynamic_task_mapping.py for tasks to queue
[2024-07-20T14:13:41.582+0900] {logging_mixin.py:188} INFO - [2024-07-20T14:13:41.581+0900] {dagbag.py:545} INFO - Filling up the DagBag from /home/papalio/.local/lib/python3.10/site-packages/airflow/example_dags/example_dynamic_task_mapping.py
[2024-07-20T14:13:41.598+0900] {processor.py:840} INFO - DAG(s) 'example_dynamic_task_mapping' retrieved from /home/papalio/.local/lib/python3.10/site-packages/airflow/example_dags/example_dynamic_task_mapping.py
[2024-07-20T14:13:41.622+0900] {logging_mixin.py:188} INFO - [2024-07-20T14:13:41.621+0900] {dag.py:3096} INFO - Sync 1 DAGs
[2024-07-20T14:13:41.657+0900] {logging_mixin.py:188} INFO - [2024-07-20T14:13:41.657+0900] {dag.py:3954} INFO - Setting next_dagrun for example_dynamic_task_mapping to 2022-03-04 00:00:00+00:00, run_after=2022-03-05 00:00:00+00:00
[2024-07-20T14:13:41.708+0900] {processor.py:183} INFO - Processing /home/papalio/.local/lib/python3.10/site-packages/airflow/example_dags/example_dynamic_task_mapping.py took 0.148 seconds
[2024-07-20T14:15:03.940+0900] {processor.py:161} INFO - Started process (PID=14354) to work on /home/papalio/.local/lib/python3.10/site-packages/airflow/example_dags/example_dynamic_task_mapping.py
[2024-07-20T14:15:03.943+0900] {processor.py:830} INFO - Processing file /home/papalio/.local/lib/python3.10/site-packages/airflow/example_dags/example_dynamic_task_mapping.py for tasks to queue
[2024-07-20T14:15:03.947+0900] {logging_mixin.py:188} INFO - [2024-07-20T14:15:03.946+0900] {dagbag.py:545} INFO - Filling up the DagBag from /home/papalio/.local/lib/python3.10/site-packages/airflow/example_dags/example_dynamic_task_mapping.py
[2024-07-20T14:15:03.966+0900] {processor.py:840} INFO - DAG(s) 'example_dynamic_task_mapping' retrieved from /home/papalio/.local/lib/python3.10/site-packages/airflow/example_dags/example_dynamic_task_mapping.py
[2024-07-20T14:15:04.005+0900] {logging_mixin.py:188} INFO - [2024-07-20T14:15:04.004+0900] {dag.py:3096} INFO - Sync 1 DAGs
[2024-07-20T14:15:04.051+0900] {logging_mixin.py:188} INFO - [2024-07-20T14:15:04.050+0900] {dag.py:3954} INFO - Setting next_dagrun for example_dynamic_task_mapping to 2022-03-04 00:00:00+00:00, run_after=2022-03-05 00:00:00+00:00
[2024-07-20T14:15:04.124+0900] {processor.py:183} INFO - Processing /home/papalio/.local/lib/python3.10/site-packages/airflow/example_dags/example_dynamic_task_mapping.py took 0.202 seconds
[2024-07-20T14:16:21.980+0900] {processor.py:161} INFO - Started process (PID=14851) to work on /home/papalio/.local/lib/python3.10/site-packages/airflow/example_dags/example_dynamic_task_mapping.py
[2024-07-20T14:16:21.983+0900] {processor.py:830} INFO - Processing file /home/papalio/.local/lib/python3.10/site-packages/airflow/example_dags/example_dynamic_task_mapping.py for tasks to queue
[2024-07-20T14:16:21.986+0900] {logging_mixin.py:188} INFO - [2024-07-20T14:16:21.985+0900] {dagbag.py:545} INFO - Filling up the DagBag from /home/papalio/.local/lib/python3.10/site-packages/airflow/example_dags/example_dynamic_task_mapping.py
[2024-07-20T14:16:21.998+0900] {processor.py:840} INFO - DAG(s) 'example_dynamic_task_mapping' retrieved from /home/papalio/.local/lib/python3.10/site-packages/airflow/example_dags/example_dynamic_task_mapping.py
[2024-07-20T14:16:22.025+0900] {logging_mixin.py:188} INFO - [2024-07-20T14:16:22.025+0900] {dag.py:3096} INFO - Sync 1 DAGs
[2024-07-20T14:16:22.047+0900] {logging_mixin.py:188} INFO - [2024-07-20T14:16:22.047+0900] {dag.py:3954} INFO - Setting next_dagrun for example_dynamic_task_mapping to 2022-03-04 00:00:00+00:00, run_after=2022-03-05 00:00:00+00:00
[2024-07-20T14:16:22.078+0900] {processor.py:183} INFO - Processing /home/papalio/.local/lib/python3.10/site-packages/airflow/example_dags/example_dynamic_task_mapping.py took 0.110 seconds
[2024-07-20T14:17:43.627+0900] {processor.py:161} INFO - Started process (PID=15367) to work on /home/papalio/.local/lib/python3.10/site-packages/airflow/example_dags/example_dynamic_task_mapping.py
[2024-07-20T14:17:43.633+0900] {processor.py:830} INFO - Processing file /home/papalio/.local/lib/python3.10/site-packages/airflow/example_dags/example_dynamic_task_mapping.py for tasks to queue
[2024-07-20T14:17:43.636+0900] {logging_mixin.py:188} INFO - [2024-07-20T14:17:43.636+0900] {dagbag.py:545} INFO - Filling up the DagBag from /home/papalio/.local/lib/python3.10/site-packages/airflow/example_dags/example_dynamic_task_mapping.py
[2024-07-20T14:17:43.653+0900] {processor.py:840} INFO - DAG(s) 'example_dynamic_task_mapping' retrieved from /home/papalio/.local/lib/python3.10/site-packages/airflow/example_dags/example_dynamic_task_mapping.py
[2024-07-20T14:17:43.682+0900] {logging_mixin.py:188} INFO - [2024-07-20T14:17:43.681+0900] {dag.py:3096} INFO - Sync 1 DAGs
[2024-07-20T14:17:43.715+0900] {logging_mixin.py:188} INFO - [2024-07-20T14:17:43.715+0900] {dag.py:3954} INFO - Setting next_dagrun for example_dynamic_task_mapping to 2022-03-04 00:00:00+00:00, run_after=2022-03-05 00:00:00+00:00
[2024-07-20T14:17:43.760+0900] {processor.py:183} INFO - Processing /home/papalio/.local/lib/python3.10/site-packages/airflow/example_dags/example_dynamic_task_mapping.py took 0.144 seconds
[2024-07-20T14:19:05.336+0900] {processor.py:161} INFO - Started process (PID=15881) to work on /home/papalio/.local/lib/python3.10/site-packages/airflow/example_dags/example_dynamic_task_mapping.py
[2024-07-20T14:19:05.339+0900] {processor.py:830} INFO - Processing file /home/papalio/.local/lib/python3.10/site-packages/airflow/example_dags/example_dynamic_task_mapping.py for tasks to queue
[2024-07-20T14:19:05.343+0900] {logging_mixin.py:188} INFO - [2024-07-20T14:19:05.342+0900] {dagbag.py:545} INFO - Filling up the DagBag from /home/papalio/.local/lib/python3.10/site-packages/airflow/example_dags/example_dynamic_task_mapping.py
[2024-07-20T14:19:05.360+0900] {processor.py:840} INFO - DAG(s) 'example_dynamic_task_mapping' retrieved from /home/papalio/.local/lib/python3.10/site-packages/airflow/example_dags/example_dynamic_task_mapping.py
[2024-07-20T14:19:05.404+0900] {logging_mixin.py:188} INFO - [2024-07-20T14:19:05.403+0900] {dag.py:3096} INFO - Sync 1 DAGs
[2024-07-20T14:19:05.454+0900] {logging_mixin.py:188} INFO - [2024-07-20T14:19:05.453+0900] {dag.py:3954} INFO - Setting next_dagrun for example_dynamic_task_mapping to 2022-03-04 00:00:00+00:00, run_after=2022-03-05 00:00:00+00:00
[2024-07-20T14:19:05.505+0900] {processor.py:183} INFO - Processing /home/papalio/.local/lib/python3.10/site-packages/airflow/example_dags/example_dynamic_task_mapping.py took 0.182 seconds
[2024-07-20T14:20:22.691+0900] {processor.py:161} INFO - Started process (PID=16400) to work on /home/papalio/.local/lib/python3.10/site-packages/airflow/example_dags/example_dynamic_task_mapping.py
[2024-07-20T14:20:22.694+0900] {processor.py:830} INFO - Processing file /home/papalio/.local/lib/python3.10/site-packages/airflow/example_dags/example_dynamic_task_mapping.py for tasks to queue
[2024-07-20T14:20:22.698+0900] {logging_mixin.py:188} INFO - [2024-07-20T14:20:22.697+0900] {dagbag.py:545} INFO - Filling up the DagBag from /home/papalio/.local/lib/python3.10/site-packages/airflow/example_dags/example_dynamic_task_mapping.py
[2024-07-20T14:20:22.713+0900] {processor.py:840} INFO - DAG(s) 'example_dynamic_task_mapping' retrieved from /home/papalio/.local/lib/python3.10/site-packages/airflow/example_dags/example_dynamic_task_mapping.py
[2024-07-20T14:20:22.743+0900] {logging_mixin.py:188} INFO - [2024-07-20T14:20:22.741+0900] {dag.py:3096} INFO - Sync 1 DAGs
[2024-07-20T14:20:22.779+0900] {logging_mixin.py:188} INFO - [2024-07-20T14:20:22.779+0900] {dag.py:3954} INFO - Setting next_dagrun for example_dynamic_task_mapping to 2022-03-04 00:00:00+00:00, run_after=2022-03-05 00:00:00+00:00
[2024-07-20T14:20:22.844+0900] {processor.py:183} INFO - Processing /home/papalio/.local/lib/python3.10/site-packages/airflow/example_dags/example_dynamic_task_mapping.py took 0.164 seconds
[2024-07-20T14:22:06.189+0900] {processor.py:161} INFO - Started process (PID=17106) to work on /home/papalio/.local/lib/python3.10/site-packages/airflow/example_dags/example_dynamic_task_mapping.py
[2024-07-20T14:22:06.193+0900] {processor.py:830} INFO - Processing file /home/papalio/.local/lib/python3.10/site-packages/airflow/example_dags/example_dynamic_task_mapping.py for tasks to queue
[2024-07-20T14:22:06.196+0900] {logging_mixin.py:188} INFO - [2024-07-20T14:22:06.195+0900] {dagbag.py:545} INFO - Filling up the DagBag from /home/papalio/.local/lib/python3.10/site-packages/airflow/example_dags/example_dynamic_task_mapping.py
[2024-07-20T14:22:06.226+0900] {processor.py:840} INFO - DAG(s) 'example_dynamic_task_mapping' retrieved from /home/papalio/.local/lib/python3.10/site-packages/airflow/example_dags/example_dynamic_task_mapping.py
[2024-07-20T14:22:06.272+0900] {logging_mixin.py:188} INFO - [2024-07-20T14:22:06.272+0900] {dag.py:3096} INFO - Sync 1 DAGs
[2024-07-20T14:22:06.346+0900] {logging_mixin.py:188} INFO - [2024-07-20T14:22:06.344+0900] {dag.py:3954} INFO - Setting next_dagrun for example_dynamic_task_mapping to 2022-03-04 00:00:00+00:00, run_after=2022-03-05 00:00:00+00:00
[2024-07-20T14:22:06.429+0900] {processor.py:183} INFO - Processing /home/papalio/.local/lib/python3.10/site-packages/airflow/example_dags/example_dynamic_task_mapping.py took 0.258 seconds
[2024-07-20T14:23:46.447+0900] {processor.py:161} INFO - Started process (PID=17686) to work on /home/papalio/.local/lib/python3.10/site-packages/airflow/example_dags/example_dynamic_task_mapping.py
[2024-07-20T14:23:46.451+0900] {processor.py:830} INFO - Processing file /home/papalio/.local/lib/python3.10/site-packages/airflow/example_dags/example_dynamic_task_mapping.py for tasks to queue
[2024-07-20T14:23:46.454+0900] {logging_mixin.py:188} INFO - [2024-07-20T14:23:46.452+0900] {dagbag.py:545} INFO - Filling up the DagBag from /home/papalio/.local/lib/python3.10/site-packages/airflow/example_dags/example_dynamic_task_mapping.py
[2024-07-20T14:23:46.472+0900] {processor.py:840} INFO - DAG(s) 'example_dynamic_task_mapping' retrieved from /home/papalio/.local/lib/python3.10/site-packages/airflow/example_dags/example_dynamic_task_mapping.py
[2024-07-20T14:23:46.511+0900] {logging_mixin.py:188} INFO - [2024-07-20T14:23:46.510+0900] {dag.py:3096} INFO - Sync 1 DAGs
[2024-07-20T14:23:46.578+0900] {logging_mixin.py:188} INFO - [2024-07-20T14:23:46.577+0900] {dag.py:3954} INFO - Setting next_dagrun for example_dynamic_task_mapping to 2022-03-04 00:00:00+00:00, run_after=2022-03-05 00:00:00+00:00
[2024-07-20T14:23:46.637+0900] {processor.py:183} INFO - Processing /home/papalio/.local/lib/python3.10/site-packages/airflow/example_dags/example_dynamic_task_mapping.py took 0.205 seconds
[2024-07-20T14:25:12.859+0900] {processor.py:161} INFO - Started process (PID=18228) to work on /home/papalio/.local/lib/python3.10/site-packages/airflow/example_dags/example_dynamic_task_mapping.py
[2024-07-20T14:25:12.863+0900] {processor.py:830} INFO - Processing file /home/papalio/.local/lib/python3.10/site-packages/airflow/example_dags/example_dynamic_task_mapping.py for tasks to queue
[2024-07-20T14:25:12.865+0900] {logging_mixin.py:188} INFO - [2024-07-20T14:25:12.864+0900] {dagbag.py:545} INFO - Filling up the DagBag from /home/papalio/.local/lib/python3.10/site-packages/airflow/example_dags/example_dynamic_task_mapping.py
[2024-07-20T14:25:12.893+0900] {processor.py:840} INFO - DAG(s) 'example_dynamic_task_mapping' retrieved from /home/papalio/.local/lib/python3.10/site-packages/airflow/example_dags/example_dynamic_task_mapping.py
[2024-07-20T14:25:12.924+0900] {logging_mixin.py:188} INFO - [2024-07-20T14:25:12.923+0900] {dag.py:3096} INFO - Sync 1 DAGs
[2024-07-20T14:25:12.976+0900] {logging_mixin.py:188} INFO - [2024-07-20T14:25:12.975+0900] {dag.py:3954} INFO - Setting next_dagrun for example_dynamic_task_mapping to 2022-03-04 00:00:00+00:00, run_after=2022-03-05 00:00:00+00:00
[2024-07-20T14:25:13.029+0900] {processor.py:183} INFO - Processing /home/papalio/.local/lib/python3.10/site-packages/airflow/example_dags/example_dynamic_task_mapping.py took 0.184 seconds
[2024-07-20T14:27:02.567+0900] {processor.py:161} INFO - Started process (PID=18844) to work on /home/papalio/.local/lib/python3.10/site-packages/airflow/example_dags/example_dynamic_task_mapping.py
[2024-07-20T14:27:02.570+0900] {processor.py:830} INFO - Processing file /home/papalio/.local/lib/python3.10/site-packages/airflow/example_dags/example_dynamic_task_mapping.py for tasks to queue
[2024-07-20T14:27:02.573+0900] {logging_mixin.py:188} INFO - [2024-07-20T14:27:02.572+0900] {dagbag.py:545} INFO - Filling up the DagBag from /home/papalio/.local/lib/python3.10/site-packages/airflow/example_dags/example_dynamic_task_mapping.py
[2024-07-20T14:27:02.603+0900] {processor.py:840} INFO - DAG(s) 'example_dynamic_task_mapping' retrieved from /home/papalio/.local/lib/python3.10/site-packages/airflow/example_dags/example_dynamic_task_mapping.py
[2024-07-20T14:27:02.644+0900] {logging_mixin.py:188} INFO - [2024-07-20T14:27:02.643+0900] {dag.py:3096} INFO - Sync 1 DAGs
[2024-07-20T14:27:02.690+0900] {logging_mixin.py:188} INFO - [2024-07-20T14:27:02.690+0900] {dag.py:3954} INFO - Setting next_dagrun for example_dynamic_task_mapping to 2022-03-04 00:00:00+00:00, run_after=2022-03-05 00:00:00+00:00
[2024-07-20T14:27:02.759+0900] {processor.py:183} INFO - Processing /home/papalio/.local/lib/python3.10/site-packages/airflow/example_dags/example_dynamic_task_mapping.py took 0.208 seconds
[2024-07-20T14:28:19.818+0900] {processor.py:161} INFO - Started process (PID=19344) to work on /home/papalio/.local/lib/python3.10/site-packages/airflow/example_dags/example_dynamic_task_mapping.py
[2024-07-20T14:28:19.821+0900] {processor.py:830} INFO - Processing file /home/papalio/.local/lib/python3.10/site-packages/airflow/example_dags/example_dynamic_task_mapping.py for tasks to queue
[2024-07-20T14:28:19.822+0900] {logging_mixin.py:188} INFO - [2024-07-20T14:28:19.822+0900] {dagbag.py:545} INFO - Filling up the DagBag from /home/papalio/.local/lib/python3.10/site-packages/airflow/example_dags/example_dynamic_task_mapping.py
[2024-07-20T14:28:19.838+0900] {processor.py:840} INFO - DAG(s) 'example_dynamic_task_mapping' retrieved from /home/papalio/.local/lib/python3.10/site-packages/airflow/example_dags/example_dynamic_task_mapping.py
[2024-07-20T14:28:19.867+0900] {logging_mixin.py:188} INFO - [2024-07-20T14:28:19.866+0900] {dag.py:3096} INFO - Sync 1 DAGs
[2024-07-20T14:28:19.902+0900] {logging_mixin.py:188} INFO - [2024-07-20T14:28:19.902+0900] {dag.py:3954} INFO - Setting next_dagrun for example_dynamic_task_mapping to 2022-03-04 00:00:00+00:00, run_after=2022-03-05 00:00:00+00:00
[2024-07-20T14:28:19.949+0900] {processor.py:183} INFO - Processing /home/papalio/.local/lib/python3.10/site-packages/airflow/example_dags/example_dynamic_task_mapping.py took 0.144 seconds
[2024-07-20T14:29:39.687+0900] {processor.py:161} INFO - Started process (PID=19854) to work on /home/papalio/.local/lib/python3.10/site-packages/airflow/example_dags/example_dynamic_task_mapping.py
[2024-07-20T14:29:39.692+0900] {processor.py:830} INFO - Processing file /home/papalio/.local/lib/python3.10/site-packages/airflow/example_dags/example_dynamic_task_mapping.py for tasks to queue
[2024-07-20T14:29:39.694+0900] {logging_mixin.py:188} INFO - [2024-07-20T14:29:39.693+0900] {dagbag.py:545} INFO - Filling up the DagBag from /home/papalio/.local/lib/python3.10/site-packages/airflow/example_dags/example_dynamic_task_mapping.py
[2024-07-20T14:29:39.712+0900] {processor.py:840} INFO - DAG(s) 'example_dynamic_task_mapping' retrieved from /home/papalio/.local/lib/python3.10/site-packages/airflow/example_dags/example_dynamic_task_mapping.py
[2024-07-20T14:29:39.738+0900] {logging_mixin.py:188} INFO - [2024-07-20T14:29:39.738+0900] {dag.py:3096} INFO - Sync 1 DAGs
[2024-07-20T14:29:39.766+0900] {logging_mixin.py:188} INFO - [2024-07-20T14:29:39.766+0900] {dag.py:3954} INFO - Setting next_dagrun for example_dynamic_task_mapping to 2022-03-04 00:00:00+00:00, run_after=2022-03-05 00:00:00+00:00
[2024-07-20T14:29:39.807+0900] {processor.py:183} INFO - Processing /home/papalio/.local/lib/python3.10/site-packages/airflow/example_dags/example_dynamic_task_mapping.py took 0.135 seconds
[2024-07-20T14:31:01.941+0900] {processor.py:161} INFO - Started process (PID=20379) to work on /home/papalio/.local/lib/python3.10/site-packages/airflow/example_dags/example_dynamic_task_mapping.py
[2024-07-20T14:31:01.952+0900] {processor.py:830} INFO - Processing file /home/papalio/.local/lib/python3.10/site-packages/airflow/example_dags/example_dynamic_task_mapping.py for tasks to queue
[2024-07-20T14:31:01.954+0900] {logging_mixin.py:188} INFO - [2024-07-20T14:31:01.953+0900] {dagbag.py:545} INFO - Filling up the DagBag from /home/papalio/.local/lib/python3.10/site-packages/airflow/example_dags/example_dynamic_task_mapping.py
[2024-07-20T14:31:01.967+0900] {processor.py:840} INFO - DAG(s) 'example_dynamic_task_mapping' retrieved from /home/papalio/.local/lib/python3.10/site-packages/airflow/example_dags/example_dynamic_task_mapping.py
[2024-07-20T14:31:01.989+0900] {logging_mixin.py:188} INFO - [2024-07-20T14:31:01.989+0900] {dag.py:3096} INFO - Sync 1 DAGs
[2024-07-20T14:31:02.015+0900] {logging_mixin.py:188} INFO - [2024-07-20T14:31:02.015+0900] {dag.py:3954} INFO - Setting next_dagrun for example_dynamic_task_mapping to 2022-03-04 00:00:00+00:00, run_after=2022-03-05 00:00:00+00:00
[2024-07-20T14:31:02.053+0900] {processor.py:183} INFO - Processing /home/papalio/.local/lib/python3.10/site-packages/airflow/example_dags/example_dynamic_task_mapping.py took 0.123 seconds
[2024-07-20T14:32:17.426+0900] {processor.py:161} INFO - Started process (PID=20865) to work on /home/papalio/.local/lib/python3.10/site-packages/airflow/example_dags/example_dynamic_task_mapping.py
[2024-07-20T14:32:17.436+0900] {processor.py:830} INFO - Processing file /home/papalio/.local/lib/python3.10/site-packages/airflow/example_dags/example_dynamic_task_mapping.py for tasks to queue
[2024-07-20T14:32:17.443+0900] {logging_mixin.py:188} INFO - [2024-07-20T14:32:17.441+0900] {dagbag.py:545} INFO - Filling up the DagBag from /home/papalio/.local/lib/python3.10/site-packages/airflow/example_dags/example_dynamic_task_mapping.py
[2024-07-20T14:32:17.481+0900] {processor.py:840} INFO - DAG(s) 'example_dynamic_task_mapping' retrieved from /home/papalio/.local/lib/python3.10/site-packages/airflow/example_dags/example_dynamic_task_mapping.py
[2024-07-20T14:32:17.568+0900] {logging_mixin.py:188} INFO - [2024-07-20T14:32:17.568+0900] {dag.py:3096} INFO - Sync 1 DAGs
[2024-07-20T14:32:17.661+0900] {logging_mixin.py:188} INFO - [2024-07-20T14:32:17.660+0900] {dag.py:3954} INFO - Setting next_dagrun for example_dynamic_task_mapping to 2022-03-04 00:00:00+00:00, run_after=2022-03-05 00:00:00+00:00
[2024-07-20T14:32:17.788+0900] {processor.py:183} INFO - Processing /home/papalio/.local/lib/python3.10/site-packages/airflow/example_dags/example_dynamic_task_mapping.py took 0.390 seconds
[2024-07-20T14:33:55.420+0900] {processor.py:161} INFO - Started process (PID=21443) to work on /home/papalio/.local/lib/python3.10/site-packages/airflow/example_dags/example_dynamic_task_mapping.py
[2024-07-20T14:33:55.425+0900] {processor.py:830} INFO - Processing file /home/papalio/.local/lib/python3.10/site-packages/airflow/example_dags/example_dynamic_task_mapping.py for tasks to queue
[2024-07-20T14:33:55.427+0900] {logging_mixin.py:188} INFO - [2024-07-20T14:33:55.427+0900] {dagbag.py:545} INFO - Filling up the DagBag from /home/papalio/.local/lib/python3.10/site-packages/airflow/example_dags/example_dynamic_task_mapping.py
[2024-07-20T14:33:55.445+0900] {processor.py:840} INFO - DAG(s) 'example_dynamic_task_mapping' retrieved from /home/papalio/.local/lib/python3.10/site-packages/airflow/example_dags/example_dynamic_task_mapping.py
[2024-07-20T14:33:55.478+0900] {logging_mixin.py:188} INFO - [2024-07-20T14:33:55.478+0900] {dag.py:3096} INFO - Sync 1 DAGs
[2024-07-20T14:33:55.525+0900] {logging_mixin.py:188} INFO - [2024-07-20T14:33:55.525+0900] {dag.py:3954} INFO - Setting next_dagrun for example_dynamic_task_mapping to 2022-03-04 00:00:00+00:00, run_after=2022-03-05 00:00:00+00:00
[2024-07-20T14:33:55.586+0900] {processor.py:183} INFO - Processing /home/papalio/.local/lib/python3.10/site-packages/airflow/example_dags/example_dynamic_task_mapping.py took 0.183 seconds
[2024-07-20T14:35:17.579+0900] {processor.py:161} INFO - Started process (PID=21963) to work on /home/papalio/.local/lib/python3.10/site-packages/airflow/example_dags/example_dynamic_task_mapping.py
[2024-07-20T14:35:17.590+0900] {processor.py:830} INFO - Processing file /home/papalio/.local/lib/python3.10/site-packages/airflow/example_dags/example_dynamic_task_mapping.py for tasks to queue
[2024-07-20T14:35:17.596+0900] {logging_mixin.py:188} INFO - [2024-07-20T14:35:17.594+0900] {dagbag.py:545} INFO - Filling up the DagBag from /home/papalio/.local/lib/python3.10/site-packages/airflow/example_dags/example_dynamic_task_mapping.py
[2024-07-20T14:35:17.626+0900] {processor.py:840} INFO - DAG(s) 'example_dynamic_task_mapping' retrieved from /home/papalio/.local/lib/python3.10/site-packages/airflow/example_dags/example_dynamic_task_mapping.py
[2024-07-20T14:35:17.677+0900] {logging_mixin.py:188} INFO - [2024-07-20T14:35:17.676+0900] {dag.py:3096} INFO - Sync 1 DAGs
[2024-07-20T14:35:17.735+0900] {logging_mixin.py:188} INFO - [2024-07-20T14:35:17.735+0900] {dag.py:3954} INFO - Setting next_dagrun for example_dynamic_task_mapping to 2022-03-04 00:00:00+00:00, run_after=2022-03-05 00:00:00+00:00
[2024-07-20T14:35:17.809+0900] {processor.py:183} INFO - Processing /home/papalio/.local/lib/python3.10/site-packages/airflow/example_dags/example_dynamic_task_mapping.py took 0.286 seconds
[2024-07-20T14:36:38.802+0900] {processor.py:161} INFO - Started process (PID=22476) to work on /home/papalio/.local/lib/python3.10/site-packages/airflow/example_dags/example_dynamic_task_mapping.py
[2024-07-20T14:36:38.805+0900] {processor.py:830} INFO - Processing file /home/papalio/.local/lib/python3.10/site-packages/airflow/example_dags/example_dynamic_task_mapping.py for tasks to queue
[2024-07-20T14:36:38.806+0900] {logging_mixin.py:188} INFO - [2024-07-20T14:36:38.806+0900] {dagbag.py:545} INFO - Filling up the DagBag from /home/papalio/.local/lib/python3.10/site-packages/airflow/example_dags/example_dynamic_task_mapping.py
[2024-07-20T14:36:38.820+0900] {processor.py:840} INFO - DAG(s) 'example_dynamic_task_mapping' retrieved from /home/papalio/.local/lib/python3.10/site-packages/airflow/example_dags/example_dynamic_task_mapping.py
[2024-07-20T14:36:38.850+0900] {logging_mixin.py:188} INFO - [2024-07-20T14:36:38.849+0900] {dag.py:3096} INFO - Sync 1 DAGs
[2024-07-20T14:36:38.888+0900] {logging_mixin.py:188} INFO - [2024-07-20T14:36:38.887+0900] {dag.py:3954} INFO - Setting next_dagrun for example_dynamic_task_mapping to 2022-03-04 00:00:00+00:00, run_after=2022-03-05 00:00:00+00:00
[2024-07-20T14:36:38.946+0900] {processor.py:183} INFO - Processing /home/papalio/.local/lib/python3.10/site-packages/airflow/example_dags/example_dynamic_task_mapping.py took 0.158 seconds
[2024-07-20T14:38:04.994+0900] {processor.py:161} INFO - Started process (PID=23004) to work on /home/papalio/.local/lib/python3.10/site-packages/airflow/example_dags/example_dynamic_task_mapping.py
[2024-07-20T14:38:04.997+0900] {processor.py:830} INFO - Processing file /home/papalio/.local/lib/python3.10/site-packages/airflow/example_dags/example_dynamic_task_mapping.py for tasks to queue
[2024-07-20T14:38:04.998+0900] {logging_mixin.py:188} INFO - [2024-07-20T14:38:04.997+0900] {dagbag.py:545} INFO - Filling up the DagBag from /home/papalio/.local/lib/python3.10/site-packages/airflow/example_dags/example_dynamic_task_mapping.py
[2024-07-20T14:38:05.011+0900] {processor.py:840} INFO - DAG(s) 'example_dynamic_task_mapping' retrieved from /home/papalio/.local/lib/python3.10/site-packages/airflow/example_dags/example_dynamic_task_mapping.py
[2024-07-20T14:38:05.039+0900] {logging_mixin.py:188} INFO - [2024-07-20T14:38:05.038+0900] {dag.py:3096} INFO - Sync 1 DAGs
[2024-07-20T14:38:05.073+0900] {logging_mixin.py:188} INFO - [2024-07-20T14:38:05.072+0900] {dag.py:3954} INFO - Setting next_dagrun for example_dynamic_task_mapping to 2022-03-04 00:00:00+00:00, run_after=2022-03-05 00:00:00+00:00
[2024-07-20T14:38:05.127+0900] {processor.py:183} INFO - Processing /home/papalio/.local/lib/python3.10/site-packages/airflow/example_dags/example_dynamic_task_mapping.py took 0.143 seconds
[2024-07-20T14:39:29.231+0900] {processor.py:161} INFO - Started process (PID=23529) to work on /home/papalio/.local/lib/python3.10/site-packages/airflow/example_dags/example_dynamic_task_mapping.py
[2024-07-20T14:39:29.236+0900] {processor.py:830} INFO - Processing file /home/papalio/.local/lib/python3.10/site-packages/airflow/example_dags/example_dynamic_task_mapping.py for tasks to queue
[2024-07-20T14:39:29.238+0900] {logging_mixin.py:188} INFO - [2024-07-20T14:39:29.237+0900] {dagbag.py:545} INFO - Filling up the DagBag from /home/papalio/.local/lib/python3.10/site-packages/airflow/example_dags/example_dynamic_task_mapping.py
[2024-07-20T14:39:29.256+0900] {processor.py:840} INFO - DAG(s) 'example_dynamic_task_mapping' retrieved from /home/papalio/.local/lib/python3.10/site-packages/airflow/example_dags/example_dynamic_task_mapping.py
[2024-07-20T14:39:29.289+0900] {logging_mixin.py:188} INFO - [2024-07-20T14:39:29.288+0900] {dag.py:3096} INFO - Sync 1 DAGs
[2024-07-20T14:39:29.325+0900] {logging_mixin.py:188} INFO - [2024-07-20T14:39:29.324+0900] {dag.py:3954} INFO - Setting next_dagrun for example_dynamic_task_mapping to 2022-03-04 00:00:00+00:00, run_after=2022-03-05 00:00:00+00:00
[2024-07-20T14:39:29.380+0900] {processor.py:183} INFO - Processing /home/papalio/.local/lib/python3.10/site-packages/airflow/example_dags/example_dynamic_task_mapping.py took 0.162 seconds
[2024-07-20T14:40:54.763+0900] {processor.py:161} INFO - Started process (PID=24065) to work on /home/papalio/.local/lib/python3.10/site-packages/airflow/example_dags/example_dynamic_task_mapping.py
[2024-07-20T14:40:54.767+0900] {processor.py:830} INFO - Processing file /home/papalio/.local/lib/python3.10/site-packages/airflow/example_dags/example_dynamic_task_mapping.py for tasks to queue
[2024-07-20T14:40:54.768+0900] {logging_mixin.py:188} INFO - [2024-07-20T14:40:54.768+0900] {dagbag.py:545} INFO - Filling up the DagBag from /home/papalio/.local/lib/python3.10/site-packages/airflow/example_dags/example_dynamic_task_mapping.py
[2024-07-20T14:40:54.782+0900] {processor.py:840} INFO - DAG(s) 'example_dynamic_task_mapping' retrieved from /home/papalio/.local/lib/python3.10/site-packages/airflow/example_dags/example_dynamic_task_mapping.py
[2024-07-20T14:40:54.806+0900] {logging_mixin.py:188} INFO - [2024-07-20T14:40:54.806+0900] {dag.py:3096} INFO - Sync 1 DAGs
[2024-07-20T14:40:54.835+0900] {logging_mixin.py:188} INFO - [2024-07-20T14:40:54.835+0900] {dag.py:3954} INFO - Setting next_dagrun for example_dynamic_task_mapping to 2022-03-04 00:00:00+00:00, run_after=2022-03-05 00:00:00+00:00
[2024-07-20T14:40:54.887+0900] {processor.py:183} INFO - Processing /home/papalio/.local/lib/python3.10/site-packages/airflow/example_dags/example_dynamic_task_mapping.py took 0.133 seconds
[2024-07-20T14:42:31.225+0900] {processor.py:161} INFO - Started process (PID=24635) to work on /home/papalio/.local/lib/python3.10/site-packages/airflow/example_dags/example_dynamic_task_mapping.py
[2024-07-20T14:42:31.226+0900] {processor.py:830} INFO - Processing file /home/papalio/.local/lib/python3.10/site-packages/airflow/example_dags/example_dynamic_task_mapping.py for tasks to queue
[2024-07-20T14:42:31.227+0900] {logging_mixin.py:188} INFO - [2024-07-20T14:42:31.227+0900] {dagbag.py:545} INFO - Filling up the DagBag from /home/papalio/.local/lib/python3.10/site-packages/airflow/example_dags/example_dynamic_task_mapping.py
[2024-07-20T14:42:31.236+0900] {processor.py:840} INFO - DAG(s) 'example_dynamic_task_mapping' retrieved from /home/papalio/.local/lib/python3.10/site-packages/airflow/example_dags/example_dynamic_task_mapping.py
[2024-07-20T14:42:31.254+0900] {logging_mixin.py:188} INFO - [2024-07-20T14:42:31.253+0900] {dag.py:3096} INFO - Sync 1 DAGs
[2024-07-20T14:42:31.276+0900] {logging_mixin.py:188} INFO - [2024-07-20T14:42:31.276+0900] {dag.py:3954} INFO - Setting next_dagrun for example_dynamic_task_mapping to 2022-03-04 00:00:00+00:00, run_after=2022-03-05 00:00:00+00:00
[2024-07-20T14:42:31.305+0900] {processor.py:183} INFO - Processing /home/papalio/.local/lib/python3.10/site-packages/airflow/example_dags/example_dynamic_task_mapping.py took 0.087 seconds
[2024-07-20T14:43:54.975+0900] {processor.py:161} INFO - Started process (PID=25182) to work on /home/papalio/.local/lib/python3.10/site-packages/airflow/example_dags/example_dynamic_task_mapping.py
[2024-07-20T14:43:54.977+0900] {processor.py:830} INFO - Processing file /home/papalio/.local/lib/python3.10/site-packages/airflow/example_dags/example_dynamic_task_mapping.py for tasks to queue
[2024-07-20T14:43:54.979+0900] {logging_mixin.py:188} INFO - [2024-07-20T14:43:54.978+0900] {dagbag.py:545} INFO - Filling up the DagBag from /home/papalio/.local/lib/python3.10/site-packages/airflow/example_dags/example_dynamic_task_mapping.py
[2024-07-20T14:43:54.990+0900] {processor.py:840} INFO - DAG(s) 'example_dynamic_task_mapping' retrieved from /home/papalio/.local/lib/python3.10/site-packages/airflow/example_dags/example_dynamic_task_mapping.py
[2024-07-20T14:43:55.013+0900] {logging_mixin.py:188} INFO - [2024-07-20T14:43:55.012+0900] {dag.py:3096} INFO - Sync 1 DAGs
[2024-07-20T14:43:55.061+0900] {logging_mixin.py:188} INFO - [2024-07-20T14:43:55.060+0900] {dag.py:3954} INFO - Setting next_dagrun for example_dynamic_task_mapping to 2022-03-04 00:00:00+00:00, run_after=2022-03-05 00:00:00+00:00
[2024-07-20T14:43:55.106+0900] {processor.py:183} INFO - Processing /home/papalio/.local/lib/python3.10/site-packages/airflow/example_dags/example_dynamic_task_mapping.py took 0.140 seconds
