[2024-07-20T14:10:54.409+0900] {processor.py:161} INFO - Started process (PID=12793) to work on /home/papalio/.local/lib/python3.10/site-packages/airflow/example_dags/example_datasets.py
[2024-07-20T14:10:54.411+0900] {processor.py:830} INFO - Processing file /home/papalio/.local/lib/python3.10/site-packages/airflow/example_dags/example_datasets.py for tasks to queue
[2024-07-20T14:10:54.415+0900] {logging_mixin.py:188} INFO - [2024-07-20T14:10:54.414+0900] {dagbag.py:545} INFO - Filling up the DagBag from /home/papalio/.local/lib/python3.10/site-packages/airflow/example_dags/example_datasets.py
[2024-07-20T14:10:54.442+0900] {processor.py:840} INFO - DAG(s) 'dataset_produces_2', 'dataset_consumes_1_and_2', 'conditional_dataset_and_time_based_timetable', 'dataset_consumes_unknown_never_scheduled', 'consume_1_or_both_2_and_3_with_dataset_expressions', 'dataset_consumes_1', 'consume_1_and_2_with_dataset_expressions', 'consume_1_or_2_with_dataset_expressions', 'dataset_produces_1', 'dataset_consumes_1_never_scheduled' retrieved from /home/papalio/.local/lib/python3.10/site-packages/airflow/example_dags/example_datasets.py
[2024-07-20T14:10:54.776+0900] {logging_mixin.py:188} INFO - [2024-07-20T14:10:54.775+0900] {dag.py:3096} INFO - Sync 10 DAGs
[2024-07-20T14:10:54.814+0900] {logging_mixin.py:188} INFO - [2024-07-20T14:10:54.814+0900] {dag.py:3954} INFO - Setting next_dagrun for conditional_dataset_and_time_based_timetable to 2024-07-17 01:00:00+00:00, run_after=2024-07-17 01:00:00+00:00
[2024-07-20T14:10:54.821+0900] {logging_mixin.py:188} INFO - [2024-07-20T14:10:54.821+0900] {dag.py:3954} INFO - Setting next_dagrun for consume_1_and_2_with_dataset_expressions to None, run_after=None
[2024-07-20T14:10:54.823+0900] {logging_mixin.py:188} INFO - [2024-07-20T14:10:54.823+0900] {dag.py:3954} INFO - Setting next_dagrun for consume_1_or_2_with_dataset_expressions to None, run_after=None
[2024-07-20T14:10:54.826+0900] {logging_mixin.py:188} INFO - [2024-07-20T14:10:54.825+0900] {dag.py:3954} INFO - Setting next_dagrun for consume_1_or_both_2_and_3_with_dataset_expressions to None, run_after=None
[2024-07-20T14:10:54.827+0900] {logging_mixin.py:188} INFO - [2024-07-20T14:10:54.827+0900] {dag.py:3954} INFO - Setting next_dagrun for dataset_consumes_1 to None, run_after=None
[2024-07-20T14:10:54.829+0900] {logging_mixin.py:188} INFO - [2024-07-20T14:10:54.829+0900] {dag.py:3954} INFO - Setting next_dagrun for dataset_consumes_1_and_2 to None, run_after=None
[2024-07-20T14:10:54.831+0900] {logging_mixin.py:188} INFO - [2024-07-20T14:10:54.831+0900] {dag.py:3954} INFO - Setting next_dagrun for dataset_consumes_1_never_scheduled to None, run_after=None
[2024-07-20T14:10:54.833+0900] {logging_mixin.py:188} INFO - [2024-07-20T14:10:54.833+0900] {dag.py:3954} INFO - Setting next_dagrun for dataset_consumes_unknown_never_scheduled to None, run_after=None
[2024-07-20T14:10:54.836+0900] {logging_mixin.py:188} INFO - [2024-07-20T14:10:54.836+0900] {dag.py:3954} INFO - Setting next_dagrun for dataset_produces_1 to 2024-07-19 00:00:00+00:00, run_after=2024-07-20 00:00:00+00:00
[2024-07-20T14:10:54.838+0900] {logging_mixin.py:188} INFO - [2024-07-20T14:10:54.838+0900] {dag.py:3954} INFO - Setting next_dagrun for dataset_produces_2 to None, run_after=None
[2024-07-20T14:10:54.907+0900] {processor.py:183} INFO - Processing /home/papalio/.local/lib/python3.10/site-packages/airflow/example_dags/example_datasets.py took 0.513 seconds
[2024-07-20T14:12:12.747+0900] {processor.py:161} INFO - Started process (PID=13292) to work on /home/papalio/.local/lib/python3.10/site-packages/airflow/example_dags/example_datasets.py
[2024-07-20T14:12:12.751+0900] {processor.py:830} INFO - Processing file /home/papalio/.local/lib/python3.10/site-packages/airflow/example_dags/example_datasets.py for tasks to queue
[2024-07-20T14:12:12.760+0900] {logging_mixin.py:188} INFO - [2024-07-20T14:12:12.758+0900] {dagbag.py:545} INFO - Filling up the DagBag from /home/papalio/.local/lib/python3.10/site-packages/airflow/example_dags/example_datasets.py
[2024-07-20T14:12:12.831+0900] {processor.py:840} INFO - DAG(s) 'consume_1_or_2_with_dataset_expressions', 'dataset_produces_1', 'dataset_produces_2', 'dataset_consumes_1_and_2', 'dataset_consumes_unknown_never_scheduled', 'dataset_consumes_1', 'consume_1_and_2_with_dataset_expressions', 'conditional_dataset_and_time_based_timetable', 'consume_1_or_both_2_and_3_with_dataset_expressions', 'dataset_consumes_1_never_scheduled' retrieved from /home/papalio/.local/lib/python3.10/site-packages/airflow/example_dags/example_datasets.py
[2024-07-20T14:12:13.001+0900] {logging_mixin.py:188} INFO - [2024-07-20T14:12:13.000+0900] {dag.py:3096} INFO - Sync 10 DAGs
[2024-07-20T14:12:13.107+0900] {logging_mixin.py:188} INFO - [2024-07-20T14:12:13.105+0900] {dag.py:3954} INFO - Setting next_dagrun for conditional_dataset_and_time_based_timetable to 2024-07-17 01:00:00+00:00, run_after=2024-07-17 01:00:00+00:00
[2024-07-20T14:12:13.133+0900] {logging_mixin.py:188} INFO - [2024-07-20T14:12:13.131+0900] {dag.py:3954} INFO - Setting next_dagrun for consume_1_and_2_with_dataset_expressions to None, run_after=None
[2024-07-20T14:12:13.141+0900] {logging_mixin.py:188} INFO - [2024-07-20T14:12:13.140+0900] {dag.py:3954} INFO - Setting next_dagrun for consume_1_or_2_with_dataset_expressions to None, run_after=None
[2024-07-20T14:12:13.152+0900] {logging_mixin.py:188} INFO - [2024-07-20T14:12:13.151+0900] {dag.py:3954} INFO - Setting next_dagrun for consume_1_or_both_2_and_3_with_dataset_expressions to None, run_after=None
[2024-07-20T14:12:13.159+0900] {logging_mixin.py:188} INFO - [2024-07-20T14:12:13.158+0900] {dag.py:3954} INFO - Setting next_dagrun for dataset_consumes_1 to None, run_after=None
[2024-07-20T14:12:13.164+0900] {logging_mixin.py:188} INFO - [2024-07-20T14:12:13.163+0900] {dag.py:3954} INFO - Setting next_dagrun for dataset_consumes_1_and_2 to None, run_after=None
[2024-07-20T14:12:13.172+0900] {logging_mixin.py:188} INFO - [2024-07-20T14:12:13.170+0900] {dag.py:3954} INFO - Setting next_dagrun for dataset_consumes_1_never_scheduled to None, run_after=None
[2024-07-20T14:12:13.178+0900] {logging_mixin.py:188} INFO - [2024-07-20T14:12:13.177+0900] {dag.py:3954} INFO - Setting next_dagrun for dataset_consumes_unknown_never_scheduled to None, run_after=None
[2024-07-20T14:12:13.196+0900] {logging_mixin.py:188} INFO - [2024-07-20T14:12:13.195+0900] {dag.py:3954} INFO - Setting next_dagrun for dataset_produces_1 to 2024-07-19 00:00:00+00:00, run_after=2024-07-20 00:00:00+00:00
[2024-07-20T14:12:13.202+0900] {logging_mixin.py:188} INFO - [2024-07-20T14:12:13.200+0900] {dag.py:3954} INFO - Setting next_dagrun for dataset_produces_2 to None, run_after=None
[2024-07-20T14:12:13.373+0900] {processor.py:183} INFO - Processing /home/papalio/.local/lib/python3.10/site-packages/airflow/example_dags/example_datasets.py took 0.655 seconds
[2024-07-20T14:13:38.995+0900] {processor.py:161} INFO - Started process (PID=13825) to work on /home/papalio/.local/lib/python3.10/site-packages/airflow/example_dags/example_datasets.py
[2024-07-20T14:13:39.007+0900] {processor.py:830} INFO - Processing file /home/papalio/.local/lib/python3.10/site-packages/airflow/example_dags/example_datasets.py for tasks to queue
[2024-07-20T14:13:39.010+0900] {logging_mixin.py:188} INFO - [2024-07-20T14:13:39.009+0900] {dagbag.py:545} INFO - Filling up the DagBag from /home/papalio/.local/lib/python3.10/site-packages/airflow/example_dags/example_datasets.py
[2024-07-20T14:13:39.043+0900] {processor.py:840} INFO - DAG(s) 'conditional_dataset_and_time_based_timetable', 'dataset_consumes_1', 'dataset_produces_1', 'dataset_consumes_unknown_never_scheduled', 'dataset_consumes_1_never_scheduled', 'dataset_consumes_1_and_2', 'consume_1_and_2_with_dataset_expressions', 'consume_1_or_2_with_dataset_expressions', 'consume_1_or_both_2_and_3_with_dataset_expressions', 'dataset_produces_2' retrieved from /home/papalio/.local/lib/python3.10/site-packages/airflow/example_dags/example_datasets.py
[2024-07-20T14:13:39.152+0900] {logging_mixin.py:188} INFO - [2024-07-20T14:13:39.152+0900] {dag.py:3096} INFO - Sync 10 DAGs
[2024-07-20T14:13:39.212+0900] {logging_mixin.py:188} INFO - [2024-07-20T14:13:39.211+0900] {dag.py:3954} INFO - Setting next_dagrun for conditional_dataset_and_time_based_timetable to 2024-07-17 01:00:00+00:00, run_after=2024-07-17 01:00:00+00:00
[2024-07-20T14:13:39.222+0900] {logging_mixin.py:188} INFO - [2024-07-20T14:13:39.221+0900] {dag.py:3954} INFO - Setting next_dagrun for consume_1_and_2_with_dataset_expressions to None, run_after=None
[2024-07-20T14:13:39.226+0900] {logging_mixin.py:188} INFO - [2024-07-20T14:13:39.225+0900] {dag.py:3954} INFO - Setting next_dagrun for consume_1_or_2_with_dataset_expressions to None, run_after=None
[2024-07-20T14:13:39.229+0900] {logging_mixin.py:188} INFO - [2024-07-20T14:13:39.229+0900] {dag.py:3954} INFO - Setting next_dagrun for consume_1_or_both_2_and_3_with_dataset_expressions to None, run_after=None
[2024-07-20T14:13:39.233+0900] {logging_mixin.py:188} INFO - [2024-07-20T14:13:39.232+0900] {dag.py:3954} INFO - Setting next_dagrun for dataset_consumes_1 to None, run_after=None
[2024-07-20T14:13:39.240+0900] {logging_mixin.py:188} INFO - [2024-07-20T14:13:39.239+0900] {dag.py:3954} INFO - Setting next_dagrun for dataset_consumes_1_and_2 to None, run_after=None
[2024-07-20T14:13:39.244+0900] {logging_mixin.py:188} INFO - [2024-07-20T14:13:39.243+0900] {dag.py:3954} INFO - Setting next_dagrun for dataset_consumes_1_never_scheduled to None, run_after=None
[2024-07-20T14:13:39.251+0900] {logging_mixin.py:188} INFO - [2024-07-20T14:13:39.250+0900] {dag.py:3954} INFO - Setting next_dagrun for dataset_consumes_unknown_never_scheduled to None, run_after=None
[2024-07-20T14:13:39.258+0900] {logging_mixin.py:188} INFO - [2024-07-20T14:13:39.258+0900] {dag.py:3954} INFO - Setting next_dagrun for dataset_produces_1 to 2024-07-19 00:00:00+00:00, run_after=2024-07-20 00:00:00+00:00
[2024-07-20T14:13:39.262+0900] {logging_mixin.py:188} INFO - [2024-07-20T14:13:39.261+0900] {dag.py:3954} INFO - Setting next_dagrun for dataset_produces_2 to None, run_after=None
[2024-07-20T14:13:39.380+0900] {processor.py:183} INFO - Processing /home/papalio/.local/lib/python3.10/site-packages/airflow/example_dags/example_datasets.py took 0.401 seconds
[2024-07-20T14:15:01.795+0900] {processor.py:161} INFO - Started process (PID=14344) to work on /home/papalio/.local/lib/python3.10/site-packages/airflow/example_dags/example_datasets.py
[2024-07-20T14:15:01.799+0900] {processor.py:830} INFO - Processing file /home/papalio/.local/lib/python3.10/site-packages/airflow/example_dags/example_datasets.py for tasks to queue
[2024-07-20T14:15:01.802+0900] {logging_mixin.py:188} INFO - [2024-07-20T14:15:01.802+0900] {dagbag.py:545} INFO - Filling up the DagBag from /home/papalio/.local/lib/python3.10/site-packages/airflow/example_dags/example_datasets.py
[2024-07-20T14:15:01.842+0900] {processor.py:840} INFO - DAG(s) 'consume_1_or_2_with_dataset_expressions', 'consume_1_or_both_2_and_3_with_dataset_expressions', 'dataset_consumes_1_and_2', 'dataset_produces_2', 'dataset_produces_1', 'conditional_dataset_and_time_based_timetable', 'consume_1_and_2_with_dataset_expressions', 'dataset_consumes_unknown_never_scheduled', 'dataset_consumes_1', 'dataset_consumes_1_never_scheduled' retrieved from /home/papalio/.local/lib/python3.10/site-packages/airflow/example_dags/example_datasets.py
[2024-07-20T14:15:02.063+0900] {logging_mixin.py:188} INFO - [2024-07-20T14:15:02.062+0900] {dag.py:3096} INFO - Sync 10 DAGs
[2024-07-20T14:15:02.175+0900] {logging_mixin.py:188} INFO - [2024-07-20T14:15:02.174+0900] {dag.py:3954} INFO - Setting next_dagrun for conditional_dataset_and_time_based_timetable to 2024-07-17 01:00:00+00:00, run_after=2024-07-17 01:00:00+00:00
[2024-07-20T14:15:02.187+0900] {logging_mixin.py:188} INFO - [2024-07-20T14:15:02.185+0900] {dag.py:3954} INFO - Setting next_dagrun for consume_1_and_2_with_dataset_expressions to None, run_after=None
[2024-07-20T14:15:02.190+0900] {logging_mixin.py:188} INFO - [2024-07-20T14:15:02.190+0900] {dag.py:3954} INFO - Setting next_dagrun for consume_1_or_2_with_dataset_expressions to None, run_after=None
[2024-07-20T14:15:02.193+0900] {logging_mixin.py:188} INFO - [2024-07-20T14:15:02.193+0900] {dag.py:3954} INFO - Setting next_dagrun for consume_1_or_both_2_and_3_with_dataset_expressions to None, run_after=None
[2024-07-20T14:15:02.197+0900] {logging_mixin.py:188} INFO - [2024-07-20T14:15:02.196+0900] {dag.py:3954} INFO - Setting next_dagrun for dataset_consumes_1 to None, run_after=None
[2024-07-20T14:15:02.200+0900] {logging_mixin.py:188} INFO - [2024-07-20T14:15:02.200+0900] {dag.py:3954} INFO - Setting next_dagrun for dataset_consumes_1_and_2 to None, run_after=None
[2024-07-20T14:15:02.211+0900] {logging_mixin.py:188} INFO - [2024-07-20T14:15:02.210+0900] {dag.py:3954} INFO - Setting next_dagrun for dataset_consumes_1_never_scheduled to None, run_after=None
[2024-07-20T14:15:02.215+0900] {logging_mixin.py:188} INFO - [2024-07-20T14:15:02.214+0900] {dag.py:3954} INFO - Setting next_dagrun for dataset_consumes_unknown_never_scheduled to None, run_after=None
[2024-07-20T14:15:02.222+0900] {logging_mixin.py:188} INFO - [2024-07-20T14:15:02.221+0900] {dag.py:3954} INFO - Setting next_dagrun for dataset_produces_1 to 2024-07-19 00:00:00+00:00, run_after=2024-07-20 00:00:00+00:00
[2024-07-20T14:15:02.225+0900] {logging_mixin.py:188} INFO - [2024-07-20T14:15:02.225+0900] {dag.py:3954} INFO - Setting next_dagrun for dataset_produces_2 to None, run_after=None
[2024-07-20T14:15:02.363+0900] {processor.py:183} INFO - Processing /home/papalio/.local/lib/python3.10/site-packages/airflow/example_dags/example_datasets.py took 0.578 seconds
[2024-07-20T14:16:19.339+0900] {processor.py:161} INFO - Started process (PID=14838) to work on /home/papalio/.local/lib/python3.10/site-packages/airflow/example_dags/example_datasets.py
[2024-07-20T14:16:19.350+0900] {processor.py:830} INFO - Processing file /home/papalio/.local/lib/python3.10/site-packages/airflow/example_dags/example_datasets.py for tasks to queue
[2024-07-20T14:16:19.353+0900] {logging_mixin.py:188} INFO - [2024-07-20T14:16:19.352+0900] {dagbag.py:545} INFO - Filling up the DagBag from /home/papalio/.local/lib/python3.10/site-packages/airflow/example_dags/example_datasets.py
[2024-07-20T14:16:19.378+0900] {processor.py:840} INFO - DAG(s) 'dataset_produces_2', 'consume_1_or_both_2_and_3_with_dataset_expressions', 'consume_1_or_2_with_dataset_expressions', 'dataset_consumes_unknown_never_scheduled', 'conditional_dataset_and_time_based_timetable', 'consume_1_and_2_with_dataset_expressions', 'dataset_consumes_1_never_scheduled', 'dataset_consumes_1', 'dataset_consumes_1_and_2', 'dataset_produces_1' retrieved from /home/papalio/.local/lib/python3.10/site-packages/airflow/example_dags/example_datasets.py
[2024-07-20T14:16:19.441+0900] {logging_mixin.py:188} INFO - [2024-07-20T14:16:19.441+0900] {dag.py:3096} INFO - Sync 10 DAGs
[2024-07-20T14:16:19.472+0900] {logging_mixin.py:188} INFO - [2024-07-20T14:16:19.472+0900] {dag.py:3954} INFO - Setting next_dagrun for conditional_dataset_and_time_based_timetable to 2024-07-17 01:00:00+00:00, run_after=2024-07-17 01:00:00+00:00
[2024-07-20T14:16:19.477+0900] {logging_mixin.py:188} INFO - [2024-07-20T14:16:19.477+0900] {dag.py:3954} INFO - Setting next_dagrun for consume_1_and_2_with_dataset_expressions to None, run_after=None
[2024-07-20T14:16:19.478+0900] {logging_mixin.py:188} INFO - [2024-07-20T14:16:19.478+0900] {dag.py:3954} INFO - Setting next_dagrun for consume_1_or_2_with_dataset_expressions to None, run_after=None
[2024-07-20T14:16:19.480+0900] {logging_mixin.py:188} INFO - [2024-07-20T14:16:19.479+0900] {dag.py:3954} INFO - Setting next_dagrun for consume_1_or_both_2_and_3_with_dataset_expressions to None, run_after=None
[2024-07-20T14:16:19.481+0900] {logging_mixin.py:188} INFO - [2024-07-20T14:16:19.481+0900] {dag.py:3954} INFO - Setting next_dagrun for dataset_consumes_1 to None, run_after=None
[2024-07-20T14:16:19.482+0900] {logging_mixin.py:188} INFO - [2024-07-20T14:16:19.482+0900] {dag.py:3954} INFO - Setting next_dagrun for dataset_consumes_1_and_2 to None, run_after=None
[2024-07-20T14:16:19.484+0900] {logging_mixin.py:188} INFO - [2024-07-20T14:16:19.484+0900] {dag.py:3954} INFO - Setting next_dagrun for dataset_consumes_1_never_scheduled to None, run_after=None
[2024-07-20T14:16:19.486+0900] {logging_mixin.py:188} INFO - [2024-07-20T14:16:19.486+0900] {dag.py:3954} INFO - Setting next_dagrun for dataset_consumes_unknown_never_scheduled to None, run_after=None
[2024-07-20T14:16:19.489+0900] {logging_mixin.py:188} INFO - [2024-07-20T14:16:19.489+0900] {dag.py:3954} INFO - Setting next_dagrun for dataset_produces_1 to 2024-07-19 00:00:00+00:00, run_after=2024-07-20 00:00:00+00:00
[2024-07-20T14:16:19.490+0900] {logging_mixin.py:188} INFO - [2024-07-20T14:16:19.490+0900] {dag.py:3954} INFO - Setting next_dagrun for dataset_produces_2 to None, run_after=None
[2024-07-20T14:16:19.555+0900] {processor.py:183} INFO - Processing /home/papalio/.local/lib/python3.10/site-packages/airflow/example_dags/example_datasets.py took 0.226 seconds
[2024-07-20T14:17:40.987+0900] {processor.py:161} INFO - Started process (PID=15355) to work on /home/papalio/.local/lib/python3.10/site-packages/airflow/example_dags/example_datasets.py
[2024-07-20T14:17:41.000+0900] {processor.py:830} INFO - Processing file /home/papalio/.local/lib/python3.10/site-packages/airflow/example_dags/example_datasets.py for tasks to queue
[2024-07-20T14:17:41.004+0900] {logging_mixin.py:188} INFO - [2024-07-20T14:17:41.003+0900] {dagbag.py:545} INFO - Filling up the DagBag from /home/papalio/.local/lib/python3.10/site-packages/airflow/example_dags/example_datasets.py
[2024-07-20T14:17:41.032+0900] {processor.py:840} INFO - DAG(s) 'dataset_produces_1', 'dataset_produces_2', 'dataset_consumes_1', 'dataset_consumes_unknown_never_scheduled', 'dataset_consumes_1_never_scheduled', 'consume_1_or_both_2_and_3_with_dataset_expressions', 'conditional_dataset_and_time_based_timetable', 'dataset_consumes_1_and_2', 'consume_1_or_2_with_dataset_expressions', 'consume_1_and_2_with_dataset_expressions' retrieved from /home/papalio/.local/lib/python3.10/site-packages/airflow/example_dags/example_datasets.py
[2024-07-20T14:17:41.107+0900] {logging_mixin.py:188} INFO - [2024-07-20T14:17:41.107+0900] {dag.py:3096} INFO - Sync 10 DAGs
[2024-07-20T14:17:41.169+0900] {logging_mixin.py:188} INFO - [2024-07-20T14:17:41.168+0900] {dag.py:3954} INFO - Setting next_dagrun for conditional_dataset_and_time_based_timetable to 2024-07-17 01:00:00+00:00, run_after=2024-07-17 01:00:00+00:00
[2024-07-20T14:17:41.181+0900] {logging_mixin.py:188} INFO - [2024-07-20T14:17:41.181+0900] {dag.py:3954} INFO - Setting next_dagrun for consume_1_and_2_with_dataset_expressions to None, run_after=None
[2024-07-20T14:17:41.183+0900] {logging_mixin.py:188} INFO - [2024-07-20T14:17:41.183+0900] {dag.py:3954} INFO - Setting next_dagrun for consume_1_or_2_with_dataset_expressions to None, run_after=None
[2024-07-20T14:17:41.185+0900] {logging_mixin.py:188} INFO - [2024-07-20T14:17:41.185+0900] {dag.py:3954} INFO - Setting next_dagrun for consume_1_or_both_2_and_3_with_dataset_expressions to None, run_after=None
[2024-07-20T14:17:41.187+0900] {logging_mixin.py:188} INFO - [2024-07-20T14:17:41.187+0900] {dag.py:3954} INFO - Setting next_dagrun for dataset_consumes_1 to None, run_after=None
[2024-07-20T14:17:41.189+0900] {logging_mixin.py:188} INFO - [2024-07-20T14:17:41.189+0900] {dag.py:3954} INFO - Setting next_dagrun for dataset_consumes_1_and_2 to None, run_after=None
[2024-07-20T14:17:41.191+0900] {logging_mixin.py:188} INFO - [2024-07-20T14:17:41.191+0900] {dag.py:3954} INFO - Setting next_dagrun for dataset_consumes_1_never_scheduled to None, run_after=None
[2024-07-20T14:17:41.193+0900] {logging_mixin.py:188} INFO - [2024-07-20T14:17:41.192+0900] {dag.py:3954} INFO - Setting next_dagrun for dataset_consumes_unknown_never_scheduled to None, run_after=None
[2024-07-20T14:17:41.197+0900] {logging_mixin.py:188} INFO - [2024-07-20T14:17:41.196+0900] {dag.py:3954} INFO - Setting next_dagrun for dataset_produces_1 to 2024-07-19 00:00:00+00:00, run_after=2024-07-20 00:00:00+00:00
[2024-07-20T14:17:41.199+0900] {logging_mixin.py:188} INFO - [2024-07-20T14:17:41.198+0900] {dag.py:3954} INFO - Setting next_dagrun for dataset_produces_2 to None, run_after=None
[2024-07-20T14:17:41.252+0900] {processor.py:183} INFO - Processing /home/papalio/.local/lib/python3.10/site-packages/airflow/example_dags/example_datasets.py took 0.279 seconds
[2024-07-20T14:19:02.399+0900] {processor.py:161} INFO - Started process (PID=15868) to work on /home/papalio/.local/lib/python3.10/site-packages/airflow/example_dags/example_datasets.py
[2024-07-20T14:19:02.403+0900] {processor.py:830} INFO - Processing file /home/papalio/.local/lib/python3.10/site-packages/airflow/example_dags/example_datasets.py for tasks to queue
[2024-07-20T14:19:02.409+0900] {logging_mixin.py:188} INFO - [2024-07-20T14:19:02.408+0900] {dagbag.py:545} INFO - Filling up the DagBag from /home/papalio/.local/lib/python3.10/site-packages/airflow/example_dags/example_datasets.py
[2024-07-20T14:19:02.455+0900] {processor.py:840} INFO - DAG(s) 'dataset_produces_1', 'consume_1_and_2_with_dataset_expressions', 'dataset_produces_2', 'dataset_consumes_unknown_never_scheduled', 'dataset_consumes_1_and_2', 'dataset_consumes_1', 'dataset_consumes_1_never_scheduled', 'consume_1_or_2_with_dataset_expressions', 'conditional_dataset_and_time_based_timetable', 'consume_1_or_both_2_and_3_with_dataset_expressions' retrieved from /home/papalio/.local/lib/python3.10/site-packages/airflow/example_dags/example_datasets.py
[2024-07-20T14:19:02.583+0900] {logging_mixin.py:188} INFO - [2024-07-20T14:19:02.582+0900] {dag.py:3096} INFO - Sync 10 DAGs
[2024-07-20T14:19:02.656+0900] {logging_mixin.py:188} INFO - [2024-07-20T14:19:02.655+0900] {dag.py:3954} INFO - Setting next_dagrun for conditional_dataset_and_time_based_timetable to 2024-07-17 01:00:00+00:00, run_after=2024-07-17 01:00:00+00:00
[2024-07-20T14:19:02.664+0900] {logging_mixin.py:188} INFO - [2024-07-20T14:19:02.663+0900] {dag.py:3954} INFO - Setting next_dagrun for consume_1_and_2_with_dataset_expressions to None, run_after=None
[2024-07-20T14:19:02.667+0900] {logging_mixin.py:188} INFO - [2024-07-20T14:19:02.666+0900] {dag.py:3954} INFO - Setting next_dagrun for consume_1_or_2_with_dataset_expressions to None, run_after=None
[2024-07-20T14:19:02.670+0900] {logging_mixin.py:188} INFO - [2024-07-20T14:19:02.669+0900] {dag.py:3954} INFO - Setting next_dagrun for consume_1_or_both_2_and_3_with_dataset_expressions to None, run_after=None
[2024-07-20T14:19:02.673+0900] {logging_mixin.py:188} INFO - [2024-07-20T14:19:02.672+0900] {dag.py:3954} INFO - Setting next_dagrun for dataset_consumes_1 to None, run_after=None
[2024-07-20T14:19:02.676+0900] {logging_mixin.py:188} INFO - [2024-07-20T14:19:02.675+0900] {dag.py:3954} INFO - Setting next_dagrun for dataset_consumes_1_and_2 to None, run_after=None
[2024-07-20T14:19:02.679+0900] {logging_mixin.py:188} INFO - [2024-07-20T14:19:02.678+0900] {dag.py:3954} INFO - Setting next_dagrun for dataset_consumes_1_never_scheduled to None, run_after=None
[2024-07-20T14:19:02.681+0900] {logging_mixin.py:188} INFO - [2024-07-20T14:19:02.681+0900] {dag.py:3954} INFO - Setting next_dagrun for dataset_consumes_unknown_never_scheduled to None, run_after=None
[2024-07-20T14:19:02.689+0900] {logging_mixin.py:188} INFO - [2024-07-20T14:19:02.688+0900] {dag.py:3954} INFO - Setting next_dagrun for dataset_produces_1 to 2024-07-19 00:00:00+00:00, run_after=2024-07-20 00:00:00+00:00
[2024-07-20T14:19:02.694+0900] {logging_mixin.py:188} INFO - [2024-07-20T14:19:02.693+0900] {dag.py:3954} INFO - Setting next_dagrun for dataset_produces_2 to None, run_after=None
[2024-07-20T14:19:02.800+0900] {processor.py:183} INFO - Processing /home/papalio/.local/lib/python3.10/site-packages/airflow/example_dags/example_datasets.py took 0.421 seconds
[2024-07-20T14:20:19.835+0900] {processor.py:161} INFO - Started process (PID=16387) to work on /home/papalio/.local/lib/python3.10/site-packages/airflow/example_dags/example_datasets.py
[2024-07-20T14:20:19.841+0900] {processor.py:830} INFO - Processing file /home/papalio/.local/lib/python3.10/site-packages/airflow/example_dags/example_datasets.py for tasks to queue
[2024-07-20T14:20:19.846+0900] {logging_mixin.py:188} INFO - [2024-07-20T14:20:19.845+0900] {dagbag.py:545} INFO - Filling up the DagBag from /home/papalio/.local/lib/python3.10/site-packages/airflow/example_dags/example_datasets.py
[2024-07-20T14:20:19.888+0900] {processor.py:840} INFO - DAG(s) 'dataset_consumes_1', 'dataset_consumes_1_never_scheduled', 'consume_1_or_both_2_and_3_with_dataset_expressions', 'dataset_consumes_unknown_never_scheduled', 'dataset_produces_1', 'dataset_produces_2', 'consume_1_or_2_with_dataset_expressions', 'consume_1_and_2_with_dataset_expressions', 'conditional_dataset_and_time_based_timetable', 'dataset_consumes_1_and_2' retrieved from /home/papalio/.local/lib/python3.10/site-packages/airflow/example_dags/example_datasets.py
[2024-07-20T14:20:20.011+0900] {logging_mixin.py:188} INFO - [2024-07-20T14:20:20.011+0900] {dag.py:3096} INFO - Sync 10 DAGs
[2024-07-20T14:20:20.079+0900] {logging_mixin.py:188} INFO - [2024-07-20T14:20:20.078+0900] {dag.py:3954} INFO - Setting next_dagrun for conditional_dataset_and_time_based_timetable to 2024-07-17 01:00:00+00:00, run_after=2024-07-17 01:00:00+00:00
[2024-07-20T14:20:20.090+0900] {logging_mixin.py:188} INFO - [2024-07-20T14:20:20.090+0900] {dag.py:3954} INFO - Setting next_dagrun for consume_1_and_2_with_dataset_expressions to None, run_after=None
[2024-07-20T14:20:20.093+0900] {logging_mixin.py:188} INFO - [2024-07-20T14:20:20.092+0900] {dag.py:3954} INFO - Setting next_dagrun for consume_1_or_2_with_dataset_expressions to None, run_after=None
[2024-07-20T14:20:20.096+0900] {logging_mixin.py:188} INFO - [2024-07-20T14:20:20.095+0900] {dag.py:3954} INFO - Setting next_dagrun for consume_1_or_both_2_and_3_with_dataset_expressions to None, run_after=None
[2024-07-20T14:20:20.100+0900] {logging_mixin.py:188} INFO - [2024-07-20T14:20:20.099+0900] {dag.py:3954} INFO - Setting next_dagrun for dataset_consumes_1 to None, run_after=None
[2024-07-20T14:20:20.104+0900] {logging_mixin.py:188} INFO - [2024-07-20T14:20:20.103+0900] {dag.py:3954} INFO - Setting next_dagrun for dataset_consumes_1_and_2 to None, run_after=None
[2024-07-20T14:20:20.107+0900] {logging_mixin.py:188} INFO - [2024-07-20T14:20:20.106+0900] {dag.py:3954} INFO - Setting next_dagrun for dataset_consumes_1_never_scheduled to None, run_after=None
[2024-07-20T14:20:20.109+0900] {logging_mixin.py:188} INFO - [2024-07-20T14:20:20.109+0900] {dag.py:3954} INFO - Setting next_dagrun for dataset_consumes_unknown_never_scheduled to None, run_after=None
[2024-07-20T14:20:20.113+0900] {logging_mixin.py:188} INFO - [2024-07-20T14:20:20.113+0900] {dag.py:3954} INFO - Setting next_dagrun for dataset_produces_1 to 2024-07-19 00:00:00+00:00, run_after=2024-07-20 00:00:00+00:00
[2024-07-20T14:20:20.117+0900] {logging_mixin.py:188} INFO - [2024-07-20T14:20:20.117+0900] {dag.py:3954} INFO - Setting next_dagrun for dataset_produces_2 to None, run_after=None
[2024-07-20T14:20:20.241+0900] {processor.py:183} INFO - Processing /home/papalio/.local/lib/python3.10/site-packages/airflow/example_dags/example_datasets.py took 0.426 seconds
[2024-07-20T14:22:04.045+0900] {processor.py:161} INFO - Started process (PID=17050) to work on /home/papalio/.local/lib/python3.10/site-packages/airflow/example_dags/example_datasets.py
[2024-07-20T14:22:04.047+0900] {processor.py:830} INFO - Processing file /home/papalio/.local/lib/python3.10/site-packages/airflow/example_dags/example_datasets.py for tasks to queue
[2024-07-20T14:22:04.048+0900] {logging_mixin.py:188} INFO - [2024-07-20T14:22:04.048+0900] {dagbag.py:545} INFO - Filling up the DagBag from /home/papalio/.local/lib/python3.10/site-packages/airflow/example_dags/example_datasets.py
[2024-07-20T14:22:04.066+0900] {processor.py:840} INFO - DAG(s) 'dataset_consumes_1_never_scheduled', 'dataset_consumes_unknown_never_scheduled', 'dataset_produces_2', 'consume_1_and_2_with_dataset_expressions', 'consume_1_or_2_with_dataset_expressions', 'conditional_dataset_and_time_based_timetable', 'dataset_consumes_1', 'dataset_consumes_1_and_2', 'consume_1_or_both_2_and_3_with_dataset_expressions', 'dataset_produces_1' retrieved from /home/papalio/.local/lib/python3.10/site-packages/airflow/example_dags/example_datasets.py
[2024-07-20T14:22:04.113+0900] {logging_mixin.py:188} INFO - [2024-07-20T14:22:04.113+0900] {dag.py:3096} INFO - Sync 10 DAGs
[2024-07-20T14:22:04.141+0900] {logging_mixin.py:188} INFO - [2024-07-20T14:22:04.140+0900] {dag.py:3954} INFO - Setting next_dagrun for conditional_dataset_and_time_based_timetable to 2024-07-17 01:00:00+00:00, run_after=2024-07-17 01:00:00+00:00
[2024-07-20T14:22:04.145+0900] {logging_mixin.py:188} INFO - [2024-07-20T14:22:04.145+0900] {dag.py:3954} INFO - Setting next_dagrun for consume_1_and_2_with_dataset_expressions to None, run_after=None
[2024-07-20T14:22:04.147+0900] {logging_mixin.py:188} INFO - [2024-07-20T14:22:04.146+0900] {dag.py:3954} INFO - Setting next_dagrun for consume_1_or_2_with_dataset_expressions to None, run_after=None
[2024-07-20T14:22:04.148+0900] {logging_mixin.py:188} INFO - [2024-07-20T14:22:04.147+0900] {dag.py:3954} INFO - Setting next_dagrun for consume_1_or_both_2_and_3_with_dataset_expressions to None, run_after=None
[2024-07-20T14:22:04.149+0900] {logging_mixin.py:188} INFO - [2024-07-20T14:22:04.149+0900] {dag.py:3954} INFO - Setting next_dagrun for dataset_consumes_1 to None, run_after=None
[2024-07-20T14:22:04.150+0900] {logging_mixin.py:188} INFO - [2024-07-20T14:22:04.149+0900] {dag.py:3954} INFO - Setting next_dagrun for dataset_consumes_1_and_2 to None, run_after=None
[2024-07-20T14:22:04.150+0900] {logging_mixin.py:188} INFO - [2024-07-20T14:22:04.150+0900] {dag.py:3954} INFO - Setting next_dagrun for dataset_consumes_1_never_scheduled to None, run_after=None
[2024-07-20T14:22:04.152+0900] {logging_mixin.py:188} INFO - [2024-07-20T14:22:04.152+0900] {dag.py:3954} INFO - Setting next_dagrun for dataset_consumes_unknown_never_scheduled to None, run_after=None
[2024-07-20T14:22:04.154+0900] {logging_mixin.py:188} INFO - [2024-07-20T14:22:04.154+0900] {dag.py:3954} INFO - Setting next_dagrun for dataset_produces_1 to 2024-07-19 00:00:00+00:00, run_after=2024-07-20 00:00:00+00:00
[2024-07-20T14:22:04.155+0900] {logging_mixin.py:188} INFO - [2024-07-20T14:22:04.155+0900] {dag.py:3954} INFO - Setting next_dagrun for dataset_produces_2 to None, run_after=None
[2024-07-20T14:22:04.200+0900] {processor.py:183} INFO - Processing /home/papalio/.local/lib/python3.10/site-packages/airflow/example_dags/example_datasets.py took 0.162 seconds
[2024-07-20T14:23:43.265+0900] {processor.py:161} INFO - Started process (PID=17672) to work on /home/papalio/.local/lib/python3.10/site-packages/airflow/example_dags/example_datasets.py
[2024-07-20T14:23:43.270+0900] {processor.py:830} INFO - Processing file /home/papalio/.local/lib/python3.10/site-packages/airflow/example_dags/example_datasets.py for tasks to queue
[2024-07-20T14:23:43.275+0900] {logging_mixin.py:188} INFO - [2024-07-20T14:23:43.273+0900] {dagbag.py:545} INFO - Filling up the DagBag from /home/papalio/.local/lib/python3.10/site-packages/airflow/example_dags/example_datasets.py
[2024-07-20T14:23:43.339+0900] {processor.py:840} INFO - DAG(s) 'conditional_dataset_and_time_based_timetable', 'dataset_produces_2', 'consume_1_or_2_with_dataset_expressions', 'dataset_consumes_1_never_scheduled', 'consume_1_and_2_with_dataset_expressions', 'dataset_consumes_unknown_never_scheduled', 'dataset_produces_1', 'consume_1_or_both_2_and_3_with_dataset_expressions', 'dataset_consumes_1_and_2', 'dataset_consumes_1' retrieved from /home/papalio/.local/lib/python3.10/site-packages/airflow/example_dags/example_datasets.py
[2024-07-20T14:23:43.488+0900] {logging_mixin.py:188} INFO - [2024-07-20T14:23:43.487+0900] {dag.py:3096} INFO - Sync 10 DAGs
[2024-07-20T14:23:43.576+0900] {logging_mixin.py:188} INFO - [2024-07-20T14:23:43.575+0900] {dag.py:3954} INFO - Setting next_dagrun for conditional_dataset_and_time_based_timetable to 2024-07-17 01:00:00+00:00, run_after=2024-07-17 01:00:00+00:00
[2024-07-20T14:23:43.591+0900] {logging_mixin.py:188} INFO - [2024-07-20T14:23:43.590+0900] {dag.py:3954} INFO - Setting next_dagrun for consume_1_and_2_with_dataset_expressions to None, run_after=None
[2024-07-20T14:23:43.596+0900] {logging_mixin.py:188} INFO - [2024-07-20T14:23:43.595+0900] {dag.py:3954} INFO - Setting next_dagrun for consume_1_or_2_with_dataset_expressions to None, run_after=None
[2024-07-20T14:23:43.601+0900] {logging_mixin.py:188} INFO - [2024-07-20T14:23:43.600+0900] {dag.py:3954} INFO - Setting next_dagrun for consume_1_or_both_2_and_3_with_dataset_expressions to None, run_after=None
[2024-07-20T14:23:43.605+0900] {logging_mixin.py:188} INFO - [2024-07-20T14:23:43.604+0900] {dag.py:3954} INFO - Setting next_dagrun for dataset_consumes_1 to None, run_after=None
[2024-07-20T14:23:43.612+0900] {logging_mixin.py:188} INFO - [2024-07-20T14:23:43.611+0900] {dag.py:3954} INFO - Setting next_dagrun for dataset_consumes_1_and_2 to None, run_after=None
[2024-07-20T14:23:43.617+0900] {logging_mixin.py:188} INFO - [2024-07-20T14:23:43.616+0900] {dag.py:3954} INFO - Setting next_dagrun for dataset_consumes_1_never_scheduled to None, run_after=None
[2024-07-20T14:23:43.620+0900] {logging_mixin.py:188} INFO - [2024-07-20T14:23:43.620+0900] {dag.py:3954} INFO - Setting next_dagrun for dataset_consumes_unknown_never_scheduled to None, run_after=None
[2024-07-20T14:23:43.637+0900] {logging_mixin.py:188} INFO - [2024-07-20T14:23:43.636+0900] {dag.py:3954} INFO - Setting next_dagrun for dataset_produces_1 to 2024-07-19 00:00:00+00:00, run_after=2024-07-20 00:00:00+00:00
[2024-07-20T14:23:43.641+0900] {logging_mixin.py:188} INFO - [2024-07-20T14:23:43.640+0900] {dag.py:3954} INFO - Setting next_dagrun for dataset_produces_2 to None, run_after=None
[2024-07-20T14:23:43.832+0900] {processor.py:183} INFO - Processing /home/papalio/.local/lib/python3.10/site-packages/airflow/example_dags/example_datasets.py took 0.585 seconds
[2024-07-20T14:25:10.128+0900] {processor.py:161} INFO - Started process (PID=18215) to work on /home/papalio/.local/lib/python3.10/site-packages/airflow/example_dags/example_datasets.py
[2024-07-20T14:25:10.133+0900] {processor.py:830} INFO - Processing file /home/papalio/.local/lib/python3.10/site-packages/airflow/example_dags/example_datasets.py for tasks to queue
[2024-07-20T14:25:10.136+0900] {logging_mixin.py:188} INFO - [2024-07-20T14:25:10.134+0900] {dagbag.py:545} INFO - Filling up the DagBag from /home/papalio/.local/lib/python3.10/site-packages/airflow/example_dags/example_datasets.py
[2024-07-20T14:25:10.189+0900] {processor.py:840} INFO - DAG(s) 'consume_1_or_2_with_dataset_expressions', 'dataset_consumes_1_never_scheduled', 'dataset_consumes_1_and_2', 'dataset_consumes_1', 'dataset_produces_1', 'consume_1_or_both_2_and_3_with_dataset_expressions', 'dataset_produces_2', 'dataset_consumes_unknown_never_scheduled', 'consume_1_and_2_with_dataset_expressions', 'conditional_dataset_and_time_based_timetable' retrieved from /home/papalio/.local/lib/python3.10/site-packages/airflow/example_dags/example_datasets.py
[2024-07-20T14:25:10.359+0900] {logging_mixin.py:188} INFO - [2024-07-20T14:25:10.358+0900] {dag.py:3096} INFO - Sync 10 DAGs
[2024-07-20T14:25:10.459+0900] {logging_mixin.py:188} INFO - [2024-07-20T14:25:10.450+0900] {dag.py:3954} INFO - Setting next_dagrun for conditional_dataset_and_time_based_timetable to 2024-07-17 01:00:00+00:00, run_after=2024-07-17 01:00:00+00:00
[2024-07-20T14:25:10.470+0900] {logging_mixin.py:188} INFO - [2024-07-20T14:25:10.469+0900] {dag.py:3954} INFO - Setting next_dagrun for consume_1_and_2_with_dataset_expressions to None, run_after=None
[2024-07-20T14:25:10.482+0900] {logging_mixin.py:188} INFO - [2024-07-20T14:25:10.482+0900] {dag.py:3954} INFO - Setting next_dagrun for consume_1_or_2_with_dataset_expressions to None, run_after=None
[2024-07-20T14:25:10.486+0900] {logging_mixin.py:188} INFO - [2024-07-20T14:25:10.485+0900] {dag.py:3954} INFO - Setting next_dagrun for consume_1_or_both_2_and_3_with_dataset_expressions to None, run_after=None
[2024-07-20T14:25:10.490+0900] {logging_mixin.py:188} INFO - [2024-07-20T14:25:10.489+0900] {dag.py:3954} INFO - Setting next_dagrun for dataset_consumes_1 to None, run_after=None
[2024-07-20T14:25:10.493+0900] {logging_mixin.py:188} INFO - [2024-07-20T14:25:10.492+0900] {dag.py:3954} INFO - Setting next_dagrun for dataset_consumes_1_and_2 to None, run_after=None
[2024-07-20T14:25:10.499+0900] {logging_mixin.py:188} INFO - [2024-07-20T14:25:10.497+0900] {dag.py:3954} INFO - Setting next_dagrun for dataset_consumes_1_never_scheduled to None, run_after=None
[2024-07-20T14:25:10.502+0900] {logging_mixin.py:188} INFO - [2024-07-20T14:25:10.501+0900] {dag.py:3954} INFO - Setting next_dagrun for dataset_consumes_unknown_never_scheduled to None, run_after=None
[2024-07-20T14:25:10.523+0900] {logging_mixin.py:188} INFO - [2024-07-20T14:25:10.521+0900] {dag.py:3954} INFO - Setting next_dagrun for dataset_produces_1 to 2024-07-19 00:00:00+00:00, run_after=2024-07-20 00:00:00+00:00
[2024-07-20T14:25:10.527+0900] {logging_mixin.py:188} INFO - [2024-07-20T14:25:10.525+0900] {dag.py:3954} INFO - Setting next_dagrun for dataset_produces_2 to None, run_after=None
[2024-07-20T14:25:10.667+0900] {processor.py:183} INFO - Processing /home/papalio/.local/lib/python3.10/site-packages/airflow/example_dags/example_datasets.py took 0.562 seconds
[2024-07-20T14:27:00.791+0900] {processor.py:161} INFO - Started process (PID=18835) to work on /home/papalio/.local/lib/python3.10/site-packages/airflow/example_dags/example_datasets.py
[2024-07-20T14:27:00.793+0900] {processor.py:830} INFO - Processing file /home/papalio/.local/lib/python3.10/site-packages/airflow/example_dags/example_datasets.py for tasks to queue
[2024-07-20T14:27:00.795+0900] {logging_mixin.py:188} INFO - [2024-07-20T14:27:00.794+0900] {dagbag.py:545} INFO - Filling up the DagBag from /home/papalio/.local/lib/python3.10/site-packages/airflow/example_dags/example_datasets.py
[2024-07-20T14:27:00.821+0900] {processor.py:840} INFO - DAG(s) 'dataset_produces_1', 'dataset_consumes_1_never_scheduled', 'dataset_consumes_1', 'consume_1_or_both_2_and_3_with_dataset_expressions', 'dataset_consumes_unknown_never_scheduled', 'consume_1_or_2_with_dataset_expressions', 'conditional_dataset_and_time_based_timetable', 'dataset_consumes_1_and_2', 'consume_1_and_2_with_dataset_expressions', 'dataset_produces_2' retrieved from /home/papalio/.local/lib/python3.10/site-packages/airflow/example_dags/example_datasets.py
[2024-07-20T14:27:00.894+0900] {logging_mixin.py:188} INFO - [2024-07-20T14:27:00.894+0900] {dag.py:3096} INFO - Sync 10 DAGs
[2024-07-20T14:27:00.929+0900] {logging_mixin.py:188} INFO - [2024-07-20T14:27:00.929+0900] {dag.py:3954} INFO - Setting next_dagrun for conditional_dataset_and_time_based_timetable to 2024-07-17 01:00:00+00:00, run_after=2024-07-17 01:00:00+00:00
[2024-07-20T14:27:00.937+0900] {logging_mixin.py:188} INFO - [2024-07-20T14:27:00.936+0900] {dag.py:3954} INFO - Setting next_dagrun for consume_1_and_2_with_dataset_expressions to None, run_after=None
[2024-07-20T14:27:00.940+0900] {logging_mixin.py:188} INFO - [2024-07-20T14:27:00.939+0900] {dag.py:3954} INFO - Setting next_dagrun for consume_1_or_2_with_dataset_expressions to None, run_after=None
[2024-07-20T14:27:00.942+0900] {logging_mixin.py:188} INFO - [2024-07-20T14:27:00.941+0900] {dag.py:3954} INFO - Setting next_dagrun for consume_1_or_both_2_and_3_with_dataset_expressions to None, run_after=None
[2024-07-20T14:27:00.943+0900] {logging_mixin.py:188} INFO - [2024-07-20T14:27:00.943+0900] {dag.py:3954} INFO - Setting next_dagrun for dataset_consumes_1 to None, run_after=None
[2024-07-20T14:27:00.945+0900] {logging_mixin.py:188} INFO - [2024-07-20T14:27:00.944+0900] {dag.py:3954} INFO - Setting next_dagrun for dataset_consumes_1_and_2 to None, run_after=None
[2024-07-20T14:27:00.946+0900] {logging_mixin.py:188} INFO - [2024-07-20T14:27:00.946+0900] {dag.py:3954} INFO - Setting next_dagrun for dataset_consumes_1_never_scheduled to None, run_after=None
[2024-07-20T14:27:00.948+0900] {logging_mixin.py:188} INFO - [2024-07-20T14:27:00.947+0900] {dag.py:3954} INFO - Setting next_dagrun for dataset_consumes_unknown_never_scheduled to None, run_after=None
[2024-07-20T14:27:00.952+0900] {logging_mixin.py:188} INFO - [2024-07-20T14:27:00.951+0900] {dag.py:3954} INFO - Setting next_dagrun for dataset_produces_1 to 2024-07-19 00:00:00+00:00, run_after=2024-07-20 00:00:00+00:00
[2024-07-20T14:27:00.954+0900] {logging_mixin.py:188} INFO - [2024-07-20T14:27:00.953+0900] {dag.py:3954} INFO - Setting next_dagrun for dataset_produces_2 to None, run_after=None
[2024-07-20T14:27:01.024+0900] {processor.py:183} INFO - Processing /home/papalio/.local/lib/python3.10/site-packages/airflow/example_dags/example_datasets.py took 0.241 seconds
[2024-07-20T14:28:18.108+0900] {processor.py:161} INFO - Started process (PID=19336) to work on /home/papalio/.local/lib/python3.10/site-packages/airflow/example_dags/example_datasets.py
[2024-07-20T14:28:18.112+0900] {processor.py:830} INFO - Processing file /home/papalio/.local/lib/python3.10/site-packages/airflow/example_dags/example_datasets.py for tasks to queue
[2024-07-20T14:28:18.114+0900] {logging_mixin.py:188} INFO - [2024-07-20T14:28:18.113+0900] {dagbag.py:545} INFO - Filling up the DagBag from /home/papalio/.local/lib/python3.10/site-packages/airflow/example_dags/example_datasets.py
[2024-07-20T14:28:18.140+0900] {processor.py:840} INFO - DAG(s) 'dataset_produces_2', 'consume_1_and_2_with_dataset_expressions', 'consume_1_or_2_with_dataset_expressions', 'dataset_consumes_1_never_scheduled', 'consume_1_or_both_2_and_3_with_dataset_expressions', 'dataset_consumes_unknown_never_scheduled', 'dataset_consumes_1_and_2', 'dataset_produces_1', 'conditional_dataset_and_time_based_timetable', 'dataset_consumes_1' retrieved from /home/papalio/.local/lib/python3.10/site-packages/airflow/example_dags/example_datasets.py
[2024-07-20T14:28:18.210+0900] {logging_mixin.py:188} INFO - [2024-07-20T14:28:18.209+0900] {dag.py:3096} INFO - Sync 10 DAGs
[2024-07-20T14:28:18.264+0900] {logging_mixin.py:188} INFO - [2024-07-20T14:28:18.264+0900] {dag.py:3954} INFO - Setting next_dagrun for conditional_dataset_and_time_based_timetable to 2024-07-17 01:00:00+00:00, run_after=2024-07-17 01:00:00+00:00
[2024-07-20T14:28:18.270+0900] {logging_mixin.py:188} INFO - [2024-07-20T14:28:18.270+0900] {dag.py:3954} INFO - Setting next_dagrun for consume_1_and_2_with_dataset_expressions to None, run_after=None
[2024-07-20T14:28:18.272+0900] {logging_mixin.py:188} INFO - [2024-07-20T14:28:18.272+0900] {dag.py:3954} INFO - Setting next_dagrun for consume_1_or_2_with_dataset_expressions to None, run_after=None
[2024-07-20T14:28:18.274+0900] {logging_mixin.py:188} INFO - [2024-07-20T14:28:18.274+0900] {dag.py:3954} INFO - Setting next_dagrun for consume_1_or_both_2_and_3_with_dataset_expressions to None, run_after=None
[2024-07-20T14:28:18.276+0900] {logging_mixin.py:188} INFO - [2024-07-20T14:28:18.276+0900] {dag.py:3954} INFO - Setting next_dagrun for dataset_consumes_1 to None, run_after=None
[2024-07-20T14:28:18.277+0900] {logging_mixin.py:188} INFO - [2024-07-20T14:28:18.277+0900] {dag.py:3954} INFO - Setting next_dagrun for dataset_consumes_1_and_2 to None, run_after=None
[2024-07-20T14:28:18.279+0900] {logging_mixin.py:188} INFO - [2024-07-20T14:28:18.279+0900] {dag.py:3954} INFO - Setting next_dagrun for dataset_consumes_1_never_scheduled to None, run_after=None
[2024-07-20T14:28:18.281+0900] {logging_mixin.py:188} INFO - [2024-07-20T14:28:18.280+0900] {dag.py:3954} INFO - Setting next_dagrun for dataset_consumes_unknown_never_scheduled to None, run_after=None
[2024-07-20T14:28:18.285+0900] {logging_mixin.py:188} INFO - [2024-07-20T14:28:18.284+0900] {dag.py:3954} INFO - Setting next_dagrun for dataset_produces_1 to 2024-07-19 00:00:00+00:00, run_after=2024-07-20 00:00:00+00:00
[2024-07-20T14:28:18.287+0900] {logging_mixin.py:188} INFO - [2024-07-20T14:28:18.286+0900] {dag.py:3954} INFO - Setting next_dagrun for dataset_produces_2 to None, run_after=None
[2024-07-20T14:28:18.345+0900] {processor.py:183} INFO - Processing /home/papalio/.local/lib/python3.10/site-packages/airflow/example_dags/example_datasets.py took 0.247 seconds
[2024-07-20T14:29:38.079+0900] {processor.py:161} INFO - Started process (PID=19845) to work on /home/papalio/.local/lib/python3.10/site-packages/airflow/example_dags/example_datasets.py
[2024-07-20T14:29:38.082+0900] {processor.py:830} INFO - Processing file /home/papalio/.local/lib/python3.10/site-packages/airflow/example_dags/example_datasets.py for tasks to queue
[2024-07-20T14:29:38.084+0900] {logging_mixin.py:188} INFO - [2024-07-20T14:29:38.084+0900] {dagbag.py:545} INFO - Filling up the DagBag from /home/papalio/.local/lib/python3.10/site-packages/airflow/example_dags/example_datasets.py
[2024-07-20T14:29:38.106+0900] {processor.py:840} INFO - DAG(s) 'consume_1_and_2_with_dataset_expressions', 'dataset_consumes_1', 'dataset_produces_2', 'dataset_consumes_1_and_2', 'conditional_dataset_and_time_based_timetable', 'consume_1_or_both_2_and_3_with_dataset_expressions', 'dataset_consumes_1_never_scheduled', 'dataset_consumes_unknown_never_scheduled', 'consume_1_or_2_with_dataset_expressions', 'dataset_produces_1' retrieved from /home/papalio/.local/lib/python3.10/site-packages/airflow/example_dags/example_datasets.py
[2024-07-20T14:29:38.165+0900] {logging_mixin.py:188} INFO - [2024-07-20T14:29:38.164+0900] {dag.py:3096} INFO - Sync 10 DAGs
[2024-07-20T14:29:38.196+0900] {logging_mixin.py:188} INFO - [2024-07-20T14:29:38.196+0900] {dag.py:3954} INFO - Setting next_dagrun for conditional_dataset_and_time_based_timetable to 2024-07-17 01:00:00+00:00, run_after=2024-07-17 01:00:00+00:00
[2024-07-20T14:29:38.202+0900] {logging_mixin.py:188} INFO - [2024-07-20T14:29:38.201+0900] {dag.py:3954} INFO - Setting next_dagrun for consume_1_and_2_with_dataset_expressions to None, run_after=None
[2024-07-20T14:29:38.203+0900] {logging_mixin.py:188} INFO - [2024-07-20T14:29:38.203+0900] {dag.py:3954} INFO - Setting next_dagrun for consume_1_or_2_with_dataset_expressions to None, run_after=None
[2024-07-20T14:29:38.205+0900] {logging_mixin.py:188} INFO - [2024-07-20T14:29:38.204+0900] {dag.py:3954} INFO - Setting next_dagrun for consume_1_or_both_2_and_3_with_dataset_expressions to None, run_after=None
[2024-07-20T14:29:38.206+0900] {logging_mixin.py:188} INFO - [2024-07-20T14:29:38.206+0900] {dag.py:3954} INFO - Setting next_dagrun for dataset_consumes_1 to None, run_after=None
[2024-07-20T14:29:38.207+0900] {logging_mixin.py:188} INFO - [2024-07-20T14:29:38.207+0900] {dag.py:3954} INFO - Setting next_dagrun for dataset_consumes_1_and_2 to None, run_after=None
[2024-07-20T14:29:38.208+0900] {logging_mixin.py:188} INFO - [2024-07-20T14:29:38.208+0900] {dag.py:3954} INFO - Setting next_dagrun for dataset_consumes_1_never_scheduled to None, run_after=None
[2024-07-20T14:29:38.209+0900] {logging_mixin.py:188} INFO - [2024-07-20T14:29:38.209+0900] {dag.py:3954} INFO - Setting next_dagrun for dataset_consumes_unknown_never_scheduled to None, run_after=None
[2024-07-20T14:29:38.212+0900] {logging_mixin.py:188} INFO - [2024-07-20T14:29:38.212+0900] {dag.py:3954} INFO - Setting next_dagrun for dataset_produces_1 to 2024-07-19 00:00:00+00:00, run_after=2024-07-20 00:00:00+00:00
[2024-07-20T14:29:38.213+0900] {logging_mixin.py:188} INFO - [2024-07-20T14:29:38.213+0900] {dag.py:3954} INFO - Setting next_dagrun for dataset_produces_2 to None, run_after=None
[2024-07-20T14:29:38.266+0900] {processor.py:183} INFO - Processing /home/papalio/.local/lib/python3.10/site-packages/airflow/example_dags/example_datasets.py took 0.198 seconds
[2024-07-20T14:30:59.335+0900] {processor.py:161} INFO - Started process (PID=20367) to work on /home/papalio/.local/lib/python3.10/site-packages/airflow/example_dags/example_datasets.py
[2024-07-20T14:30:59.337+0900] {processor.py:830} INFO - Processing file /home/papalio/.local/lib/python3.10/site-packages/airflow/example_dags/example_datasets.py for tasks to queue
[2024-07-20T14:30:59.339+0900] {logging_mixin.py:188} INFO - [2024-07-20T14:30:59.338+0900] {dagbag.py:545} INFO - Filling up the DagBag from /home/papalio/.local/lib/python3.10/site-packages/airflow/example_dags/example_datasets.py
[2024-07-20T14:30:59.360+0900] {processor.py:840} INFO - DAG(s) 'dataset_consumes_unknown_never_scheduled', 'dataset_consumes_1', 'consume_1_or_both_2_and_3_with_dataset_expressions', 'dataset_produces_1', 'dataset_consumes_1_never_scheduled', 'dataset_consumes_1_and_2', 'conditional_dataset_and_time_based_timetable', 'dataset_produces_2', 'consume_1_or_2_with_dataset_expressions', 'consume_1_and_2_with_dataset_expressions' retrieved from /home/papalio/.local/lib/python3.10/site-packages/airflow/example_dags/example_datasets.py
[2024-07-20T14:30:59.427+0900] {logging_mixin.py:188} INFO - [2024-07-20T14:30:59.426+0900] {dag.py:3096} INFO - Sync 10 DAGs
[2024-07-20T14:30:59.465+0900] {logging_mixin.py:188} INFO - [2024-07-20T14:30:59.465+0900] {dag.py:3954} INFO - Setting next_dagrun for conditional_dataset_and_time_based_timetable to 2024-07-17 01:00:00+00:00, run_after=2024-07-17 01:00:00+00:00
[2024-07-20T14:30:59.471+0900] {logging_mixin.py:188} INFO - [2024-07-20T14:30:59.470+0900] {dag.py:3954} INFO - Setting next_dagrun for consume_1_and_2_with_dataset_expressions to None, run_after=None
[2024-07-20T14:30:59.473+0900] {logging_mixin.py:188} INFO - [2024-07-20T14:30:59.472+0900] {dag.py:3954} INFO - Setting next_dagrun for consume_1_or_2_with_dataset_expressions to None, run_after=None
[2024-07-20T14:30:59.480+0900] {logging_mixin.py:188} INFO - [2024-07-20T14:30:59.479+0900] {dag.py:3954} INFO - Setting next_dagrun for consume_1_or_both_2_and_3_with_dataset_expressions to None, run_after=None
[2024-07-20T14:30:59.483+0900] {logging_mixin.py:188} INFO - [2024-07-20T14:30:59.483+0900] {dag.py:3954} INFO - Setting next_dagrun for dataset_consumes_1 to None, run_after=None
[2024-07-20T14:30:59.485+0900] {logging_mixin.py:188} INFO - [2024-07-20T14:30:59.485+0900] {dag.py:3954} INFO - Setting next_dagrun for dataset_consumes_1_and_2 to None, run_after=None
[2024-07-20T14:30:59.487+0900] {logging_mixin.py:188} INFO - [2024-07-20T14:30:59.487+0900] {dag.py:3954} INFO - Setting next_dagrun for dataset_consumes_1_never_scheduled to None, run_after=None
[2024-07-20T14:30:59.489+0900] {logging_mixin.py:188} INFO - [2024-07-20T14:30:59.488+0900] {dag.py:3954} INFO - Setting next_dagrun for dataset_consumes_unknown_never_scheduled to None, run_after=None
[2024-07-20T14:30:59.494+0900] {logging_mixin.py:188} INFO - [2024-07-20T14:30:59.493+0900] {dag.py:3954} INFO - Setting next_dagrun for dataset_produces_1 to 2024-07-19 00:00:00+00:00, run_after=2024-07-20 00:00:00+00:00
[2024-07-20T14:30:59.497+0900] {logging_mixin.py:188} INFO - [2024-07-20T14:30:59.496+0900] {dag.py:3954} INFO - Setting next_dagrun for dataset_produces_2 to None, run_after=None
[2024-07-20T14:30:59.569+0900] {processor.py:183} INFO - Processing /home/papalio/.local/lib/python3.10/site-packages/airflow/example_dags/example_datasets.py took 0.246 seconds
[2024-07-20T14:32:14.701+0900] {processor.py:161} INFO - Started process (PID=20853) to work on /home/papalio/.local/lib/python3.10/site-packages/airflow/example_dags/example_datasets.py
[2024-07-20T14:32:14.705+0900] {processor.py:830} INFO - Processing file /home/papalio/.local/lib/python3.10/site-packages/airflow/example_dags/example_datasets.py for tasks to queue
[2024-07-20T14:32:14.707+0900] {logging_mixin.py:188} INFO - [2024-07-20T14:32:14.706+0900] {dagbag.py:545} INFO - Filling up the DagBag from /home/papalio/.local/lib/python3.10/site-packages/airflow/example_dags/example_datasets.py
[2024-07-20T14:32:14.736+0900] {processor.py:840} INFO - DAG(s) 'dataset_consumes_unknown_never_scheduled', 'dataset_produces_1', 'consume_1_and_2_with_dataset_expressions', 'dataset_consumes_1_never_scheduled', 'dataset_consumes_1', 'consume_1_or_2_with_dataset_expressions', 'conditional_dataset_and_time_based_timetable', 'dataset_consumes_1_and_2', 'dataset_produces_2', 'consume_1_or_both_2_and_3_with_dataset_expressions' retrieved from /home/papalio/.local/lib/python3.10/site-packages/airflow/example_dags/example_datasets.py
[2024-07-20T14:32:14.816+0900] {logging_mixin.py:188} INFO - [2024-07-20T14:32:14.816+0900] {dag.py:3096} INFO - Sync 10 DAGs
[2024-07-20T14:32:14.892+0900] {logging_mixin.py:188} INFO - [2024-07-20T14:32:14.891+0900] {dag.py:3954} INFO - Setting next_dagrun for conditional_dataset_and_time_based_timetable to 2024-07-17 01:00:00+00:00, run_after=2024-07-17 01:00:00+00:00
[2024-07-20T14:32:14.901+0900] {logging_mixin.py:188} INFO - [2024-07-20T14:32:14.901+0900] {dag.py:3954} INFO - Setting next_dagrun for consume_1_and_2_with_dataset_expressions to None, run_after=None
[2024-07-20T14:32:14.904+0900] {logging_mixin.py:188} INFO - [2024-07-20T14:32:14.904+0900] {dag.py:3954} INFO - Setting next_dagrun for consume_1_or_2_with_dataset_expressions to None, run_after=None
[2024-07-20T14:32:14.907+0900] {logging_mixin.py:188} INFO - [2024-07-20T14:32:14.906+0900] {dag.py:3954} INFO - Setting next_dagrun for consume_1_or_both_2_and_3_with_dataset_expressions to None, run_after=None
[2024-07-20T14:32:14.909+0900] {logging_mixin.py:188} INFO - [2024-07-20T14:32:14.909+0900] {dag.py:3954} INFO - Setting next_dagrun for dataset_consumes_1 to None, run_after=None
[2024-07-20T14:32:14.913+0900] {logging_mixin.py:188} INFO - [2024-07-20T14:32:14.912+0900] {dag.py:3954} INFO - Setting next_dagrun for dataset_consumes_1_and_2 to None, run_after=None
[2024-07-20T14:32:14.915+0900] {logging_mixin.py:188} INFO - [2024-07-20T14:32:14.915+0900] {dag.py:3954} INFO - Setting next_dagrun for dataset_consumes_1_never_scheduled to None, run_after=None
[2024-07-20T14:32:14.920+0900] {logging_mixin.py:188} INFO - [2024-07-20T14:32:14.920+0900] {dag.py:3954} INFO - Setting next_dagrun for dataset_consumes_unknown_never_scheduled to None, run_after=None
[2024-07-20T14:32:14.928+0900] {logging_mixin.py:188} INFO - [2024-07-20T14:32:14.927+0900] {dag.py:3954} INFO - Setting next_dagrun for dataset_produces_1 to 2024-07-19 00:00:00+00:00, run_after=2024-07-20 00:00:00+00:00
[2024-07-20T14:32:14.931+0900] {logging_mixin.py:188} INFO - [2024-07-20T14:32:14.930+0900] {dag.py:3954} INFO - Setting next_dagrun for dataset_produces_2 to None, run_after=None
[2024-07-20T14:32:15.048+0900] {processor.py:183} INFO - Processing /home/papalio/.local/lib/python3.10/site-packages/airflow/example_dags/example_datasets.py took 0.359 seconds
[2024-07-20T14:33:52.595+0900] {processor.py:161} INFO - Started process (PID=21430) to work on /home/papalio/.local/lib/python3.10/site-packages/airflow/example_dags/example_datasets.py
[2024-07-20T14:33:52.598+0900] {processor.py:830} INFO - Processing file /home/papalio/.local/lib/python3.10/site-packages/airflow/example_dags/example_datasets.py for tasks to queue
[2024-07-20T14:33:52.601+0900] {logging_mixin.py:188} INFO - [2024-07-20T14:33:52.600+0900] {dagbag.py:545} INFO - Filling up the DagBag from /home/papalio/.local/lib/python3.10/site-packages/airflow/example_dags/example_datasets.py
[2024-07-20T14:33:52.637+0900] {processor.py:840} INFO - DAG(s) 'dataset_consumes_1_and_2', 'conditional_dataset_and_time_based_timetable', 'consume_1_or_both_2_and_3_with_dataset_expressions', 'dataset_consumes_1_never_scheduled', 'dataset_consumes_1', 'dataset_consumes_unknown_never_scheduled', 'consume_1_or_2_with_dataset_expressions', 'dataset_produces_1', 'consume_1_and_2_with_dataset_expressions', 'dataset_produces_2' retrieved from /home/papalio/.local/lib/python3.10/site-packages/airflow/example_dags/example_datasets.py
[2024-07-20T14:33:52.750+0900] {logging_mixin.py:188} INFO - [2024-07-20T14:33:52.750+0900] {dag.py:3096} INFO - Sync 10 DAGs
[2024-07-20T14:33:52.798+0900] {logging_mixin.py:188} INFO - [2024-07-20T14:33:52.798+0900] {dag.py:3954} INFO - Setting next_dagrun for conditional_dataset_and_time_based_timetable to 2024-07-17 01:00:00+00:00, run_after=2024-07-17 01:00:00+00:00
[2024-07-20T14:33:52.806+0900] {logging_mixin.py:188} INFO - [2024-07-20T14:33:52.806+0900] {dag.py:3954} INFO - Setting next_dagrun for consume_1_and_2_with_dataset_expressions to None, run_after=None
[2024-07-20T14:33:52.809+0900] {logging_mixin.py:188} INFO - [2024-07-20T14:33:52.808+0900] {dag.py:3954} INFO - Setting next_dagrun for consume_1_or_2_with_dataset_expressions to None, run_after=None
[2024-07-20T14:33:52.811+0900] {logging_mixin.py:188} INFO - [2024-07-20T14:33:52.810+0900] {dag.py:3954} INFO - Setting next_dagrun for consume_1_or_both_2_and_3_with_dataset_expressions to None, run_after=None
[2024-07-20T14:33:52.813+0900] {logging_mixin.py:188} INFO - [2024-07-20T14:33:52.812+0900] {dag.py:3954} INFO - Setting next_dagrun for dataset_consumes_1 to None, run_after=None
[2024-07-20T14:33:52.815+0900] {logging_mixin.py:188} INFO - [2024-07-20T14:33:52.815+0900] {dag.py:3954} INFO - Setting next_dagrun for dataset_consumes_1_and_2 to None, run_after=None
[2024-07-20T14:33:52.817+0900] {logging_mixin.py:188} INFO - [2024-07-20T14:33:52.817+0900] {dag.py:3954} INFO - Setting next_dagrun for dataset_consumes_1_never_scheduled to None, run_after=None
[2024-07-20T14:33:52.820+0900] {logging_mixin.py:188} INFO - [2024-07-20T14:33:52.819+0900] {dag.py:3954} INFO - Setting next_dagrun for dataset_consumes_unknown_never_scheduled to None, run_after=None
[2024-07-20T14:33:52.823+0900] {logging_mixin.py:188} INFO - [2024-07-20T14:33:52.823+0900] {dag.py:3954} INFO - Setting next_dagrun for dataset_produces_1 to 2024-07-19 00:00:00+00:00, run_after=2024-07-20 00:00:00+00:00
[2024-07-20T14:33:52.825+0900] {logging_mixin.py:188} INFO - [2024-07-20T14:33:52.825+0900] {dag.py:3954} INFO - Setting next_dagrun for dataset_produces_2 to None, run_after=None
[2024-07-20T14:33:52.888+0900] {processor.py:183} INFO - Processing /home/papalio/.local/lib/python3.10/site-packages/airflow/example_dags/example_datasets.py took 0.306 seconds
[2024-07-20T14:35:15.349+0900] {processor.py:161} INFO - Started process (PID=21953) to work on /home/papalio/.local/lib/python3.10/site-packages/airflow/example_dags/example_datasets.py
[2024-07-20T14:35:15.363+0900] {processor.py:830} INFO - Processing file /home/papalio/.local/lib/python3.10/site-packages/airflow/example_dags/example_datasets.py for tasks to queue
[2024-07-20T14:35:15.365+0900] {logging_mixin.py:188} INFO - [2024-07-20T14:35:15.364+0900] {dagbag.py:545} INFO - Filling up the DagBag from /home/papalio/.local/lib/python3.10/site-packages/airflow/example_dags/example_datasets.py
[2024-07-20T14:35:15.398+0900] {processor.py:840} INFO - DAG(s) 'dataset_produces_1', 'dataset_consumes_1', 'dataset_consumes_1_never_scheduled', 'consume_1_or_both_2_and_3_with_dataset_expressions', 'consume_1_or_2_with_dataset_expressions', 'conditional_dataset_and_time_based_timetable', 'consume_1_and_2_with_dataset_expressions', 'dataset_consumes_unknown_never_scheduled', 'dataset_consumes_1_and_2', 'dataset_produces_2' retrieved from /home/papalio/.local/lib/python3.10/site-packages/airflow/example_dags/example_datasets.py
[2024-07-20T14:35:15.476+0900] {logging_mixin.py:188} INFO - [2024-07-20T14:35:15.476+0900] {dag.py:3096} INFO - Sync 10 DAGs
[2024-07-20T14:35:15.515+0900] {logging_mixin.py:188} INFO - [2024-07-20T14:35:15.514+0900] {dag.py:3954} INFO - Setting next_dagrun for conditional_dataset_and_time_based_timetable to 2024-07-17 01:00:00+00:00, run_after=2024-07-17 01:00:00+00:00
[2024-07-20T14:35:15.521+0900] {logging_mixin.py:188} INFO - [2024-07-20T14:35:15.520+0900] {dag.py:3954} INFO - Setting next_dagrun for consume_1_and_2_with_dataset_expressions to None, run_after=None
[2024-07-20T14:35:15.522+0900] {logging_mixin.py:188} INFO - [2024-07-20T14:35:15.522+0900] {dag.py:3954} INFO - Setting next_dagrun for consume_1_or_2_with_dataset_expressions to None, run_after=None
[2024-07-20T14:35:15.524+0900] {logging_mixin.py:188} INFO - [2024-07-20T14:35:15.523+0900] {dag.py:3954} INFO - Setting next_dagrun for consume_1_or_both_2_and_3_with_dataset_expressions to None, run_after=None
[2024-07-20T14:35:15.525+0900] {logging_mixin.py:188} INFO - [2024-07-20T14:35:15.525+0900] {dag.py:3954} INFO - Setting next_dagrun for dataset_consumes_1 to None, run_after=None
[2024-07-20T14:35:15.526+0900] {logging_mixin.py:188} INFO - [2024-07-20T14:35:15.526+0900] {dag.py:3954} INFO - Setting next_dagrun for dataset_consumes_1_and_2 to None, run_after=None
[2024-07-20T14:35:15.527+0900] {logging_mixin.py:188} INFO - [2024-07-20T14:35:15.527+0900] {dag.py:3954} INFO - Setting next_dagrun for dataset_consumes_1_never_scheduled to None, run_after=None
[2024-07-20T14:35:15.529+0900] {logging_mixin.py:188} INFO - [2024-07-20T14:35:15.528+0900] {dag.py:3954} INFO - Setting next_dagrun for dataset_consumes_unknown_never_scheduled to None, run_after=None
[2024-07-20T14:35:15.531+0900] {logging_mixin.py:188} INFO - [2024-07-20T14:35:15.531+0900] {dag.py:3954} INFO - Setting next_dagrun for dataset_produces_1 to 2024-07-19 00:00:00+00:00, run_after=2024-07-20 00:00:00+00:00
[2024-07-20T14:35:15.533+0900] {logging_mixin.py:188} INFO - [2024-07-20T14:35:15.532+0900] {dag.py:3954} INFO - Setting next_dagrun for dataset_produces_2 to None, run_after=None
[2024-07-20T14:35:15.590+0900] {processor.py:183} INFO - Processing /home/papalio/.local/lib/python3.10/site-packages/airflow/example_dags/example_datasets.py took 0.250 seconds
[2024-07-20T14:36:37.020+0900] {processor.py:161} INFO - Started process (PID=22467) to work on /home/papalio/.local/lib/python3.10/site-packages/airflow/example_dags/example_datasets.py
[2024-07-20T14:36:37.023+0900] {processor.py:830} INFO - Processing file /home/papalio/.local/lib/python3.10/site-packages/airflow/example_dags/example_datasets.py for tasks to queue
[2024-07-20T14:36:37.027+0900] {logging_mixin.py:188} INFO - [2024-07-20T14:36:37.026+0900] {dagbag.py:545} INFO - Filling up the DagBag from /home/papalio/.local/lib/python3.10/site-packages/airflow/example_dags/example_datasets.py
[2024-07-20T14:36:37.074+0900] {processor.py:840} INFO - DAG(s) 'dataset_consumes_1', 'dataset_consumes_unknown_never_scheduled', 'dataset_produces_1', 'dataset_consumes_1_never_scheduled', 'dataset_consumes_1_and_2', 'dataset_produces_2', 'consume_1_or_2_with_dataset_expressions', 'conditional_dataset_and_time_based_timetable', 'consume_1_and_2_with_dataset_expressions', 'consume_1_or_both_2_and_3_with_dataset_expressions' retrieved from /home/papalio/.local/lib/python3.10/site-packages/airflow/example_dags/example_datasets.py
[2024-07-20T14:36:37.194+0900] {logging_mixin.py:188} INFO - [2024-07-20T14:36:37.194+0900] {dag.py:3096} INFO - Sync 10 DAGs
[2024-07-20T14:36:37.243+0900] {logging_mixin.py:188} INFO - [2024-07-20T14:36:37.243+0900] {dag.py:3954} INFO - Setting next_dagrun for conditional_dataset_and_time_based_timetable to 2024-07-17 01:00:00+00:00, run_after=2024-07-17 01:00:00+00:00
[2024-07-20T14:36:37.253+0900] {logging_mixin.py:188} INFO - [2024-07-20T14:36:37.252+0900] {dag.py:3954} INFO - Setting next_dagrun for consume_1_and_2_with_dataset_expressions to None, run_after=None
[2024-07-20T14:36:37.258+0900] {logging_mixin.py:188} INFO - [2024-07-20T14:36:37.256+0900] {dag.py:3954} INFO - Setting next_dagrun for consume_1_or_2_with_dataset_expressions to None, run_after=None
[2024-07-20T14:36:37.263+0900] {logging_mixin.py:188} INFO - [2024-07-20T14:36:37.262+0900] {dag.py:3954} INFO - Setting next_dagrun for consume_1_or_both_2_and_3_with_dataset_expressions to None, run_after=None
[2024-07-20T14:36:37.265+0900] {logging_mixin.py:188} INFO - [2024-07-20T14:36:37.265+0900] {dag.py:3954} INFO - Setting next_dagrun for dataset_consumes_1 to None, run_after=None
[2024-07-20T14:36:37.268+0900] {logging_mixin.py:188} INFO - [2024-07-20T14:36:37.268+0900] {dag.py:3954} INFO - Setting next_dagrun for dataset_consumes_1_and_2 to None, run_after=None
[2024-07-20T14:36:37.271+0900] {logging_mixin.py:188} INFO - [2024-07-20T14:36:37.270+0900] {dag.py:3954} INFO - Setting next_dagrun for dataset_consumes_1_never_scheduled to None, run_after=None
[2024-07-20T14:36:37.274+0900] {logging_mixin.py:188} INFO - [2024-07-20T14:36:37.273+0900] {dag.py:3954} INFO - Setting next_dagrun for dataset_consumes_unknown_never_scheduled to None, run_after=None
[2024-07-20T14:36:37.282+0900] {logging_mixin.py:188} INFO - [2024-07-20T14:36:37.281+0900] {dag.py:3954} INFO - Setting next_dagrun for dataset_produces_1 to 2024-07-19 00:00:00+00:00, run_after=2024-07-20 00:00:00+00:00
[2024-07-20T14:36:37.285+0900] {logging_mixin.py:188} INFO - [2024-07-20T14:36:37.284+0900] {dag.py:3954} INFO - Setting next_dagrun for dataset_produces_2 to None, run_after=None
[2024-07-20T14:36:37.386+0900] {processor.py:183} INFO - Processing /home/papalio/.local/lib/python3.10/site-packages/airflow/example_dags/example_datasets.py took 0.385 seconds
[2024-07-20T14:38:02.151+0900] {processor.py:161} INFO - Started process (PID=22991) to work on /home/papalio/.local/lib/python3.10/site-packages/airflow/example_dags/example_datasets.py
[2024-07-20T14:38:02.153+0900] {processor.py:830} INFO - Processing file /home/papalio/.local/lib/python3.10/site-packages/airflow/example_dags/example_datasets.py for tasks to queue
[2024-07-20T14:38:02.155+0900] {logging_mixin.py:188} INFO - [2024-07-20T14:38:02.154+0900] {dagbag.py:545} INFO - Filling up the DagBag from /home/papalio/.local/lib/python3.10/site-packages/airflow/example_dags/example_datasets.py
[2024-07-20T14:38:02.174+0900] {processor.py:840} INFO - DAG(s) 'dataset_produces_1', 'dataset_produces_2', 'dataset_consumes_1', 'dataset_consumes_1_never_scheduled', 'dataset_consumes_1_and_2', 'conditional_dataset_and_time_based_timetable', 'consume_1_and_2_with_dataset_expressions', 'consume_1_or_both_2_and_3_with_dataset_expressions', 'dataset_consumes_unknown_never_scheduled', 'consume_1_or_2_with_dataset_expressions' retrieved from /home/papalio/.local/lib/python3.10/site-packages/airflow/example_dags/example_datasets.py
[2024-07-20T14:38:02.234+0900] {logging_mixin.py:188} INFO - [2024-07-20T14:38:02.234+0900] {dag.py:3096} INFO - Sync 10 DAGs
[2024-07-20T14:38:02.266+0900] {logging_mixin.py:188} INFO - [2024-07-20T14:38:02.266+0900] {dag.py:3954} INFO - Setting next_dagrun for conditional_dataset_and_time_based_timetable to 2024-07-17 01:00:00+00:00, run_after=2024-07-17 01:00:00+00:00
[2024-07-20T14:38:02.271+0900] {logging_mixin.py:188} INFO - [2024-07-20T14:38:02.271+0900] {dag.py:3954} INFO - Setting next_dagrun for consume_1_and_2_with_dataset_expressions to None, run_after=None
[2024-07-20T14:38:02.273+0900] {logging_mixin.py:188} INFO - [2024-07-20T14:38:02.273+0900] {dag.py:3954} INFO - Setting next_dagrun for consume_1_or_2_with_dataset_expressions to None, run_after=None
[2024-07-20T14:38:02.274+0900] {logging_mixin.py:188} INFO - [2024-07-20T14:38:02.274+0900] {dag.py:3954} INFO - Setting next_dagrun for consume_1_or_both_2_and_3_with_dataset_expressions to None, run_after=None
[2024-07-20T14:38:02.275+0900] {logging_mixin.py:188} INFO - [2024-07-20T14:38:02.275+0900] {dag.py:3954} INFO - Setting next_dagrun for dataset_consumes_1 to None, run_after=None
[2024-07-20T14:38:02.276+0900] {logging_mixin.py:188} INFO - [2024-07-20T14:38:02.276+0900] {dag.py:3954} INFO - Setting next_dagrun for dataset_consumes_1_and_2 to None, run_after=None
[2024-07-20T14:38:02.277+0900] {logging_mixin.py:188} INFO - [2024-07-20T14:38:02.277+0900] {dag.py:3954} INFO - Setting next_dagrun for dataset_consumes_1_never_scheduled to None, run_after=None
[2024-07-20T14:38:02.288+0900] {logging_mixin.py:188} INFO - [2024-07-20T14:38:02.280+0900] {dag.py:3954} INFO - Setting next_dagrun for dataset_consumes_unknown_never_scheduled to None, run_after=None
[2024-07-20T14:38:02.291+0900] {logging_mixin.py:188} INFO - [2024-07-20T14:38:02.291+0900] {dag.py:3954} INFO - Setting next_dagrun for dataset_produces_1 to 2024-07-19 00:00:00+00:00, run_after=2024-07-20 00:00:00+00:00
[2024-07-20T14:38:02.292+0900] {logging_mixin.py:188} INFO - [2024-07-20T14:38:02.292+0900] {dag.py:3954} INFO - Setting next_dagrun for dataset_produces_2 to None, run_after=None
[2024-07-20T14:38:02.341+0900] {processor.py:183} INFO - Processing /home/papalio/.local/lib/python3.10/site-packages/airflow/example_dags/example_datasets.py took 0.198 seconds
[2024-07-20T14:39:26.256+0900] {processor.py:161} INFO - Started process (PID=23516) to work on /home/papalio/.local/lib/python3.10/site-packages/airflow/example_dags/example_datasets.py
[2024-07-20T14:39:26.260+0900] {processor.py:830} INFO - Processing file /home/papalio/.local/lib/python3.10/site-packages/airflow/example_dags/example_datasets.py for tasks to queue
[2024-07-20T14:39:26.264+0900] {logging_mixin.py:188} INFO - [2024-07-20T14:39:26.262+0900] {dagbag.py:545} INFO - Filling up the DagBag from /home/papalio/.local/lib/python3.10/site-packages/airflow/example_dags/example_datasets.py
[2024-07-20T14:39:26.309+0900] {processor.py:840} INFO - DAG(s) 'consume_1_or_both_2_and_3_with_dataset_expressions', 'dataset_produces_1', 'dataset_consumes_1_and_2', 'consume_1_or_2_with_dataset_expressions', 'consume_1_and_2_with_dataset_expressions', 'dataset_consumes_1_never_scheduled', 'dataset_produces_2', 'dataset_consumes_unknown_never_scheduled', 'conditional_dataset_and_time_based_timetable', 'dataset_consumes_1' retrieved from /home/papalio/.local/lib/python3.10/site-packages/airflow/example_dags/example_datasets.py
[2024-07-20T14:39:26.434+0900] {logging_mixin.py:188} INFO - [2024-07-20T14:39:26.433+0900] {dag.py:3096} INFO - Sync 10 DAGs
[2024-07-20T14:39:26.526+0900] {logging_mixin.py:188} INFO - [2024-07-20T14:39:26.525+0900] {dag.py:3954} INFO - Setting next_dagrun for conditional_dataset_and_time_based_timetable to 2024-07-17 01:00:00+00:00, run_after=2024-07-17 01:00:00+00:00
[2024-07-20T14:39:26.535+0900] {logging_mixin.py:188} INFO - [2024-07-20T14:39:26.535+0900] {dag.py:3954} INFO - Setting next_dagrun for consume_1_and_2_with_dataset_expressions to None, run_after=None
[2024-07-20T14:39:26.538+0900] {logging_mixin.py:188} INFO - [2024-07-20T14:39:26.538+0900] {dag.py:3954} INFO - Setting next_dagrun for consume_1_or_2_with_dataset_expressions to None, run_after=None
[2024-07-20T14:39:26.541+0900] {logging_mixin.py:188} INFO - [2024-07-20T14:39:26.540+0900] {dag.py:3954} INFO - Setting next_dagrun for consume_1_or_both_2_and_3_with_dataset_expressions to None, run_after=None
[2024-07-20T14:39:26.543+0900] {logging_mixin.py:188} INFO - [2024-07-20T14:39:26.543+0900] {dag.py:3954} INFO - Setting next_dagrun for dataset_consumes_1 to None, run_after=None
[2024-07-20T14:39:26.546+0900] {logging_mixin.py:188} INFO - [2024-07-20T14:39:26.545+0900] {dag.py:3954} INFO - Setting next_dagrun for dataset_consumes_1_and_2 to None, run_after=None
[2024-07-20T14:39:26.548+0900] {logging_mixin.py:188} INFO - [2024-07-20T14:39:26.548+0900] {dag.py:3954} INFO - Setting next_dagrun for dataset_consumes_1_never_scheduled to None, run_after=None
[2024-07-20T14:39:26.551+0900] {logging_mixin.py:188} INFO - [2024-07-20T14:39:26.550+0900] {dag.py:3954} INFO - Setting next_dagrun for dataset_consumes_unknown_never_scheduled to None, run_after=None
[2024-07-20T14:39:26.556+0900] {logging_mixin.py:188} INFO - [2024-07-20T14:39:26.556+0900] {dag.py:3954} INFO - Setting next_dagrun for dataset_produces_1 to 2024-07-19 00:00:00+00:00, run_after=2024-07-20 00:00:00+00:00
[2024-07-20T14:39:26.559+0900] {logging_mixin.py:188} INFO - [2024-07-20T14:39:26.559+0900] {dag.py:3954} INFO - Setting next_dagrun for dataset_produces_2 to None, run_after=None
[2024-07-20T14:39:26.653+0900] {processor.py:183} INFO - Processing /home/papalio/.local/lib/python3.10/site-packages/airflow/example_dags/example_datasets.py took 0.415 seconds
[2024-07-20T14:40:52.033+0900] {processor.py:161} INFO - Started process (PID=24052) to work on /home/papalio/.local/lib/python3.10/site-packages/airflow/example_dags/example_datasets.py
[2024-07-20T14:40:52.044+0900] {processor.py:830} INFO - Processing file /home/papalio/.local/lib/python3.10/site-packages/airflow/example_dags/example_datasets.py for tasks to queue
[2024-07-20T14:40:52.046+0900] {logging_mixin.py:188} INFO - [2024-07-20T14:40:52.045+0900] {dagbag.py:545} INFO - Filling up the DagBag from /home/papalio/.local/lib/python3.10/site-packages/airflow/example_dags/example_datasets.py
[2024-07-20T14:40:52.081+0900] {processor.py:840} INFO - DAG(s) 'dataset_consumes_1', 'dataset_consumes_1_and_2', 'consume_1_or_2_with_dataset_expressions', 'dataset_produces_2', 'consume_1_and_2_with_dataset_expressions', 'conditional_dataset_and_time_based_timetable', 'dataset_produces_1', 'dataset_consumes_1_never_scheduled', 'dataset_consumes_unknown_never_scheduled', 'consume_1_or_both_2_and_3_with_dataset_expressions' retrieved from /home/papalio/.local/lib/python3.10/site-packages/airflow/example_dags/example_datasets.py
[2024-07-20T14:40:52.190+0900] {logging_mixin.py:188} INFO - [2024-07-20T14:40:52.189+0900] {dag.py:3096} INFO - Sync 10 DAGs
[2024-07-20T14:40:52.232+0900] {logging_mixin.py:188} INFO - [2024-07-20T14:40:52.232+0900] {dag.py:3954} INFO - Setting next_dagrun for conditional_dataset_and_time_based_timetable to 2024-07-17 01:00:00+00:00, run_after=2024-07-17 01:00:00+00:00
[2024-07-20T14:40:52.238+0900] {logging_mixin.py:188} INFO - [2024-07-20T14:40:52.237+0900] {dag.py:3954} INFO - Setting next_dagrun for consume_1_and_2_with_dataset_expressions to None, run_after=None
[2024-07-20T14:40:52.240+0900] {logging_mixin.py:188} INFO - [2024-07-20T14:40:52.240+0900] {dag.py:3954} INFO - Setting next_dagrun for consume_1_or_2_with_dataset_expressions to None, run_after=None
[2024-07-20T14:40:52.243+0900] {logging_mixin.py:188} INFO - [2024-07-20T14:40:52.242+0900] {dag.py:3954} INFO - Setting next_dagrun for consume_1_or_both_2_and_3_with_dataset_expressions to None, run_after=None
[2024-07-20T14:40:52.244+0900] {logging_mixin.py:188} INFO - [2024-07-20T14:40:52.244+0900] {dag.py:3954} INFO - Setting next_dagrun for dataset_consumes_1 to None, run_after=None
[2024-07-20T14:40:52.245+0900] {logging_mixin.py:188} INFO - [2024-07-20T14:40:52.245+0900] {dag.py:3954} INFO - Setting next_dagrun for dataset_consumes_1_and_2 to None, run_after=None
[2024-07-20T14:40:52.247+0900] {logging_mixin.py:188} INFO - [2024-07-20T14:40:52.246+0900] {dag.py:3954} INFO - Setting next_dagrun for dataset_consumes_1_never_scheduled to None, run_after=None
[2024-07-20T14:40:52.248+0900] {logging_mixin.py:188} INFO - [2024-07-20T14:40:52.247+0900] {dag.py:3954} INFO - Setting next_dagrun for dataset_consumes_unknown_never_scheduled to None, run_after=None
[2024-07-20T14:40:52.251+0900] {logging_mixin.py:188} INFO - [2024-07-20T14:40:52.250+0900] {dag.py:3954} INFO - Setting next_dagrun for dataset_produces_1 to 2024-07-19 00:00:00+00:00, run_after=2024-07-20 00:00:00+00:00
[2024-07-20T14:40:52.252+0900] {logging_mixin.py:188} INFO - [2024-07-20T14:40:52.252+0900] {dag.py:3954} INFO - Setting next_dagrun for dataset_produces_2 to None, run_after=None
[2024-07-20T14:40:52.333+0900] {processor.py:183} INFO - Processing /home/papalio/.local/lib/python3.10/site-packages/airflow/example_dags/example_datasets.py took 0.313 seconds
[2024-07-20T14:42:29.495+0900] {processor.py:161} INFO - Started process (PID=24626) to work on /home/papalio/.local/lib/python3.10/site-packages/airflow/example_dags/example_datasets.py
[2024-07-20T14:42:29.498+0900] {processor.py:830} INFO - Processing file /home/papalio/.local/lib/python3.10/site-packages/airflow/example_dags/example_datasets.py for tasks to queue
[2024-07-20T14:42:29.500+0900] {logging_mixin.py:188} INFO - [2024-07-20T14:42:29.499+0900] {dagbag.py:545} INFO - Filling up the DagBag from /home/papalio/.local/lib/python3.10/site-packages/airflow/example_dags/example_datasets.py
[2024-07-20T14:42:29.517+0900] {processor.py:840} INFO - DAG(s) 'consume_1_or_2_with_dataset_expressions', 'dataset_produces_1', 'dataset_consumes_1', 'consume_1_and_2_with_dataset_expressions', 'consume_1_or_both_2_and_3_with_dataset_expressions', 'conditional_dataset_and_time_based_timetable', 'dataset_consumes_1_and_2', 'dataset_consumes_unknown_never_scheduled', 'dataset_produces_2', 'dataset_consumes_1_never_scheduled' retrieved from /home/papalio/.local/lib/python3.10/site-packages/airflow/example_dags/example_datasets.py
[2024-07-20T14:42:29.555+0900] {logging_mixin.py:188} INFO - [2024-07-20T14:42:29.555+0900] {dag.py:3096} INFO - Sync 10 DAGs
[2024-07-20T14:42:29.578+0900] {logging_mixin.py:188} INFO - [2024-07-20T14:42:29.577+0900] {dag.py:3954} INFO - Setting next_dagrun for conditional_dataset_and_time_based_timetable to 2024-07-17 01:00:00+00:00, run_after=2024-07-17 01:00:00+00:00
[2024-07-20T14:42:29.582+0900] {logging_mixin.py:188} INFO - [2024-07-20T14:42:29.581+0900] {dag.py:3954} INFO - Setting next_dagrun for consume_1_and_2_with_dataset_expressions to None, run_after=None
[2024-07-20T14:42:29.583+0900] {logging_mixin.py:188} INFO - [2024-07-20T14:42:29.583+0900] {dag.py:3954} INFO - Setting next_dagrun for consume_1_or_2_with_dataset_expressions to None, run_after=None
[2024-07-20T14:42:29.584+0900] {logging_mixin.py:188} INFO - [2024-07-20T14:42:29.584+0900] {dag.py:3954} INFO - Setting next_dagrun for consume_1_or_both_2_and_3_with_dataset_expressions to None, run_after=None
[2024-07-20T14:42:29.585+0900] {logging_mixin.py:188} INFO - [2024-07-20T14:42:29.585+0900] {dag.py:3954} INFO - Setting next_dagrun for dataset_consumes_1 to None, run_after=None
[2024-07-20T14:42:29.586+0900] {logging_mixin.py:188} INFO - [2024-07-20T14:42:29.586+0900] {dag.py:3954} INFO - Setting next_dagrun for dataset_consumes_1_and_2 to None, run_after=None
[2024-07-20T14:42:29.587+0900] {logging_mixin.py:188} INFO - [2024-07-20T14:42:29.587+0900] {dag.py:3954} INFO - Setting next_dagrun for dataset_consumes_1_never_scheduled to None, run_after=None
[2024-07-20T14:42:29.587+0900] {logging_mixin.py:188} INFO - [2024-07-20T14:42:29.587+0900] {dag.py:3954} INFO - Setting next_dagrun for dataset_consumes_unknown_never_scheduled to None, run_after=None
[2024-07-20T14:42:29.589+0900] {logging_mixin.py:188} INFO - [2024-07-20T14:42:29.589+0900] {dag.py:3954} INFO - Setting next_dagrun for dataset_produces_1 to 2024-07-19 00:00:00+00:00, run_after=2024-07-20 00:00:00+00:00
[2024-07-20T14:42:29.590+0900] {logging_mixin.py:188} INFO - [2024-07-20T14:42:29.590+0900] {dag.py:3954} INFO - Setting next_dagrun for dataset_produces_2 to None, run_after=None
[2024-07-20T14:42:29.628+0900] {processor.py:183} INFO - Processing /home/papalio/.local/lib/python3.10/site-packages/airflow/example_dags/example_datasets.py took 0.145 seconds
[2024-07-20T14:43:52.329+0900] {processor.py:161} INFO - Started process (PID=25170) to work on /home/papalio/.local/lib/python3.10/site-packages/airflow/example_dags/example_datasets.py
[2024-07-20T14:43:52.341+0900] {processor.py:830} INFO - Processing file /home/papalio/.local/lib/python3.10/site-packages/airflow/example_dags/example_datasets.py for tasks to queue
[2024-07-20T14:43:52.343+0900] {logging_mixin.py:188} INFO - [2024-07-20T14:43:52.342+0900] {dagbag.py:545} INFO - Filling up the DagBag from /home/papalio/.local/lib/python3.10/site-packages/airflow/example_dags/example_datasets.py
[2024-07-20T14:43:52.368+0900] {processor.py:840} INFO - DAG(s) 'consume_1_and_2_with_dataset_expressions', 'dataset_produces_2', 'consume_1_or_2_with_dataset_expressions', 'dataset_produces_1', 'consume_1_or_both_2_and_3_with_dataset_expressions', 'dataset_consumes_unknown_never_scheduled', 'conditional_dataset_and_time_based_timetable', 'dataset_consumes_1', 'dataset_consumes_1_never_scheduled', 'dataset_consumes_1_and_2' retrieved from /home/papalio/.local/lib/python3.10/site-packages/airflow/example_dags/example_datasets.py
[2024-07-20T14:43:52.446+0900] {logging_mixin.py:188} INFO - [2024-07-20T14:43:52.446+0900] {dag.py:3096} INFO - Sync 10 DAGs
[2024-07-20T14:43:52.480+0900] {logging_mixin.py:188} INFO - [2024-07-20T14:43:52.479+0900] {dag.py:3954} INFO - Setting next_dagrun for conditional_dataset_and_time_based_timetable to 2024-07-17 01:00:00+00:00, run_after=2024-07-17 01:00:00+00:00
[2024-07-20T14:43:52.486+0900] {logging_mixin.py:188} INFO - [2024-07-20T14:43:52.485+0900] {dag.py:3954} INFO - Setting next_dagrun for consume_1_and_2_with_dataset_expressions to None, run_after=None
[2024-07-20T14:43:52.494+0900] {logging_mixin.py:188} INFO - [2024-07-20T14:43:52.494+0900] {dag.py:3954} INFO - Setting next_dagrun for consume_1_or_2_with_dataset_expressions to None, run_after=None
[2024-07-20T14:43:52.497+0900] {logging_mixin.py:188} INFO - [2024-07-20T14:43:52.497+0900] {dag.py:3954} INFO - Setting next_dagrun for consume_1_or_both_2_and_3_with_dataset_expressions to None, run_after=None
[2024-07-20T14:43:52.499+0900] {logging_mixin.py:188} INFO - [2024-07-20T14:43:52.499+0900] {dag.py:3954} INFO - Setting next_dagrun for dataset_consumes_1 to None, run_after=None
[2024-07-20T14:43:52.501+0900] {logging_mixin.py:188} INFO - [2024-07-20T14:43:52.500+0900] {dag.py:3954} INFO - Setting next_dagrun for dataset_consumes_1_and_2 to None, run_after=None
[2024-07-20T14:43:52.502+0900] {logging_mixin.py:188} INFO - [2024-07-20T14:43:52.502+0900] {dag.py:3954} INFO - Setting next_dagrun for dataset_consumes_1_never_scheduled to None, run_after=None
[2024-07-20T14:43:52.513+0900] {logging_mixin.py:188} INFO - [2024-07-20T14:43:52.513+0900] {dag.py:3954} INFO - Setting next_dagrun for dataset_consumes_unknown_never_scheduled to None, run_after=None
[2024-07-20T14:43:52.516+0900] {logging_mixin.py:188} INFO - [2024-07-20T14:43:52.516+0900] {dag.py:3954} INFO - Setting next_dagrun for dataset_produces_1 to 2024-07-19 00:00:00+00:00, run_after=2024-07-20 00:00:00+00:00
[2024-07-20T14:43:52.518+0900] {logging_mixin.py:188} INFO - [2024-07-20T14:43:52.518+0900] {dag.py:3954} INFO - Setting next_dagrun for dataset_produces_2 to None, run_after=None
[2024-07-20T14:43:52.573+0900] {processor.py:183} INFO - Processing /home/papalio/.local/lib/python3.10/site-packages/airflow/example_dags/example_datasets.py took 0.257 seconds
