[2024-07-20T14:10:37.213+0900] {processor.py:161} INFO - Started process (PID=12715) to work on /home/papalio/.local/lib/python3.10/site-packages/airflow/example_dags/example_kubernetes_executor.py
[2024-07-20T14:10:37.214+0900] {processor.py:830} INFO - Processing file /home/papalio/.local/lib/python3.10/site-packages/airflow/example_dags/example_kubernetes_executor.py for tasks to queue
[2024-07-20T14:10:37.219+0900] {logging_mixin.py:188} INFO - [2024-07-20T14:10:37.218+0900] {dagbag.py:545} INFO - Filling up the DagBag from /home/papalio/.local/lib/python3.10/site-packages/airflow/example_dags/example_kubernetes_executor.py
[2024-07-20T14:10:37.224+0900] {logging_mixin.py:188} INFO - [2024-07-20T14:10:37.223+0900] {example_kubernetes_executor.py:39} WARNING - The example_kubernetes_executor example DAG requires the kubernetes provider. Please install it with: pip install apache-airflow[cncf.kubernetes]
[2024-07-20T14:10:37.224+0900] {processor.py:842} WARNING - No viable dags retrieved from /home/papalio/.local/lib/python3.10/site-packages/airflow/example_dags/example_kubernetes_executor.py
[2024-07-20T14:10:37.238+0900] {processor.py:183} INFO - Processing /home/papalio/.local/lib/python3.10/site-packages/airflow/example_dags/example_kubernetes_executor.py took 0.042 seconds
[2024-07-20T14:11:48.894+0900] {processor.py:161} INFO - Started process (PID=13123) to work on /home/papalio/.local/lib/python3.10/site-packages/airflow/example_dags/example_kubernetes_executor.py
[2024-07-20T14:11:48.906+0900] {processor.py:830} INFO - Processing file /home/papalio/.local/lib/python3.10/site-packages/airflow/example_dags/example_kubernetes_executor.py for tasks to queue
[2024-07-20T14:11:48.909+0900] {logging_mixin.py:188} INFO - [2024-07-20T14:11:48.908+0900] {dagbag.py:545} INFO - Filling up the DagBag from /home/papalio/.local/lib/python3.10/site-packages/airflow/example_dags/example_kubernetes_executor.py
[2024-07-20T14:11:48.914+0900] {logging_mixin.py:188} INFO - [2024-07-20T14:11:48.914+0900] {example_kubernetes_executor.py:39} WARNING - The example_kubernetes_executor example DAG requires the kubernetes provider. Please install it with: pip install apache-airflow[cncf.kubernetes]
[2024-07-20T14:11:48.914+0900] {processor.py:842} WARNING - No viable dags retrieved from /home/papalio/.local/lib/python3.10/site-packages/airflow/example_dags/example_kubernetes_executor.py
[2024-07-20T14:11:48.931+0900] {processor.py:183} INFO - Processing /home/papalio/.local/lib/python3.10/site-packages/airflow/example_dags/example_kubernetes_executor.py took 0.048 seconds
[2024-07-20T14:13:10.609+0900] {processor.py:161} INFO - Started process (PID=13634) to work on /home/papalio/.local/lib/python3.10/site-packages/airflow/example_dags/example_kubernetes_executor.py
[2024-07-20T14:13:10.611+0900] {processor.py:830} INFO - Processing file /home/papalio/.local/lib/python3.10/site-packages/airflow/example_dags/example_kubernetes_executor.py for tasks to queue
[2024-07-20T14:13:10.619+0900] {logging_mixin.py:188} INFO - [2024-07-20T14:13:10.618+0900] {dagbag.py:545} INFO - Filling up the DagBag from /home/papalio/.local/lib/python3.10/site-packages/airflow/example_dags/example_kubernetes_executor.py
[2024-07-20T14:13:10.624+0900] {logging_mixin.py:188} INFO - [2024-07-20T14:13:10.623+0900] {example_kubernetes_executor.py:39} WARNING - The example_kubernetes_executor example DAG requires the kubernetes provider. Please install it with: pip install apache-airflow[cncf.kubernetes]
[2024-07-20T14:13:10.624+0900] {processor.py:842} WARNING - No viable dags retrieved from /home/papalio/.local/lib/python3.10/site-packages/airflow/example_dags/example_kubernetes_executor.py
[2024-07-20T14:13:10.644+0900] {processor.py:183} INFO - Processing /home/papalio/.local/lib/python3.10/site-packages/airflow/example_dags/example_kubernetes_executor.py took 0.047 seconds
[2024-07-20T14:14:34.443+0900] {processor.py:161} INFO - Started process (PID=14158) to work on /home/papalio/.local/lib/python3.10/site-packages/airflow/example_dags/example_kubernetes_executor.py
[2024-07-20T14:14:34.446+0900] {processor.py:830} INFO - Processing file /home/papalio/.local/lib/python3.10/site-packages/airflow/example_dags/example_kubernetes_executor.py for tasks to queue
[2024-07-20T14:14:34.449+0900] {logging_mixin.py:188} INFO - [2024-07-20T14:14:34.448+0900] {dagbag.py:545} INFO - Filling up the DagBag from /home/papalio/.local/lib/python3.10/site-packages/airflow/example_dags/example_kubernetes_executor.py
[2024-07-20T14:14:34.453+0900] {logging_mixin.py:188} INFO - [2024-07-20T14:14:34.453+0900] {example_kubernetes_executor.py:39} WARNING - The example_kubernetes_executor example DAG requires the kubernetes provider. Please install it with: pip install apache-airflow[cncf.kubernetes]
[2024-07-20T14:14:34.453+0900] {processor.py:842} WARNING - No viable dags retrieved from /home/papalio/.local/lib/python3.10/site-packages/airflow/example_dags/example_kubernetes_executor.py
[2024-07-20T14:14:34.469+0900] {processor.py:183} INFO - Processing /home/papalio/.local/lib/python3.10/site-packages/airflow/example_dags/example_kubernetes_executor.py took 0.035 seconds
[2024-07-20T14:15:53.672+0900] {processor.py:161} INFO - Started process (PID=14659) to work on /home/papalio/.local/lib/python3.10/site-packages/airflow/example_dags/example_kubernetes_executor.py
[2024-07-20T14:15:53.682+0900] {processor.py:830} INFO - Processing file /home/papalio/.local/lib/python3.10/site-packages/airflow/example_dags/example_kubernetes_executor.py for tasks to queue
[2024-07-20T14:15:53.685+0900] {logging_mixin.py:188} INFO - [2024-07-20T14:15:53.684+0900] {dagbag.py:545} INFO - Filling up the DagBag from /home/papalio/.local/lib/python3.10/site-packages/airflow/example_dags/example_kubernetes_executor.py
[2024-07-20T14:15:53.689+0900] {logging_mixin.py:188} INFO - [2024-07-20T14:15:53.689+0900] {example_kubernetes_executor.py:39} WARNING - The example_kubernetes_executor example DAG requires the kubernetes provider. Please install it with: pip install apache-airflow[cncf.kubernetes]
[2024-07-20T14:15:53.689+0900] {processor.py:842} WARNING - No viable dags retrieved from /home/papalio/.local/lib/python3.10/site-packages/airflow/example_dags/example_kubernetes_executor.py
[2024-07-20T14:15:53.704+0900] {processor.py:183} INFO - Processing /home/papalio/.local/lib/python3.10/site-packages/airflow/example_dags/example_kubernetes_executor.py took 0.043 seconds
[2024-07-20T14:17:09.720+0900] {processor.py:161} INFO - Started process (PID=15154) to work on /home/papalio/.local/lib/python3.10/site-packages/airflow/example_dags/example_kubernetes_executor.py
[2024-07-20T14:17:09.724+0900] {processor.py:830} INFO - Processing file /home/papalio/.local/lib/python3.10/site-packages/airflow/example_dags/example_kubernetes_executor.py for tasks to queue
[2024-07-20T14:17:09.728+0900] {logging_mixin.py:188} INFO - [2024-07-20T14:17:09.727+0900] {dagbag.py:545} INFO - Filling up the DagBag from /home/papalio/.local/lib/python3.10/site-packages/airflow/example_dags/example_kubernetes_executor.py
[2024-07-20T14:17:09.739+0900] {logging_mixin.py:188} INFO - [2024-07-20T14:17:09.738+0900] {example_kubernetes_executor.py:39} WARNING - The example_kubernetes_executor example DAG requires the kubernetes provider. Please install it with: pip install apache-airflow[cncf.kubernetes]
[2024-07-20T14:17:09.741+0900] {processor.py:842} WARNING - No viable dags retrieved from /home/papalio/.local/lib/python3.10/site-packages/airflow/example_dags/example_kubernetes_executor.py
[2024-07-20T14:17:09.766+0900] {processor.py:183} INFO - Processing /home/papalio/.local/lib/python3.10/site-packages/airflow/example_dags/example_kubernetes_executor.py took 0.058 seconds
[2024-07-20T14:18:29.641+0900] {processor.py:161} INFO - Started process (PID=15662) to work on /home/papalio/.local/lib/python3.10/site-packages/airflow/example_dags/example_kubernetes_executor.py
[2024-07-20T14:18:29.646+0900] {processor.py:830} INFO - Processing file /home/papalio/.local/lib/python3.10/site-packages/airflow/example_dags/example_kubernetes_executor.py for tasks to queue
[2024-07-20T14:18:29.651+0900] {logging_mixin.py:188} INFO - [2024-07-20T14:18:29.650+0900] {dagbag.py:545} INFO - Filling up the DagBag from /home/papalio/.local/lib/python3.10/site-packages/airflow/example_dags/example_kubernetes_executor.py
[2024-07-20T14:18:29.659+0900] {logging_mixin.py:188} INFO - [2024-07-20T14:18:29.658+0900] {example_kubernetes_executor.py:39} WARNING - The example_kubernetes_executor example DAG requires the kubernetes provider. Please install it with: pip install apache-airflow[cncf.kubernetes]
[2024-07-20T14:18:29.660+0900] {processor.py:842} WARNING - No viable dags retrieved from /home/papalio/.local/lib/python3.10/site-packages/airflow/example_dags/example_kubernetes_executor.py
[2024-07-20T14:18:29.685+0900] {processor.py:183} INFO - Processing /home/papalio/.local/lib/python3.10/site-packages/airflow/example_dags/example_kubernetes_executor.py took 0.063 seconds
[2024-07-20T14:19:52.004+0900] {processor.py:161} INFO - Started process (PID=16179) to work on /home/papalio/.local/lib/python3.10/site-packages/airflow/example_dags/example_kubernetes_executor.py
[2024-07-20T14:19:52.016+0900] {processor.py:830} INFO - Processing file /home/papalio/.local/lib/python3.10/site-packages/airflow/example_dags/example_kubernetes_executor.py for tasks to queue
[2024-07-20T14:19:52.019+0900] {logging_mixin.py:188} INFO - [2024-07-20T14:19:52.018+0900] {dagbag.py:545} INFO - Filling up the DagBag from /home/papalio/.local/lib/python3.10/site-packages/airflow/example_dags/example_kubernetes_executor.py
[2024-07-20T14:19:52.024+0900] {logging_mixin.py:188} INFO - [2024-07-20T14:19:52.023+0900] {example_kubernetes_executor.py:39} WARNING - The example_kubernetes_executor example DAG requires the kubernetes provider. Please install it with: pip install apache-airflow[cncf.kubernetes]
[2024-07-20T14:19:52.024+0900] {processor.py:842} WARNING - No viable dags retrieved from /home/papalio/.local/lib/python3.10/site-packages/airflow/example_dags/example_kubernetes_executor.py
[2024-07-20T14:19:52.043+0900] {processor.py:183} INFO - Processing /home/papalio/.local/lib/python3.10/site-packages/airflow/example_dags/example_kubernetes_executor.py took 0.050 seconds
[2024-07-20T14:21:24.418+0900] {processor.py:161} INFO - Started process (PID=16811) to work on /home/papalio/.local/lib/python3.10/site-packages/airflow/example_dags/example_kubernetes_executor.py
[2024-07-20T14:21:24.421+0900] {processor.py:830} INFO - Processing file /home/papalio/.local/lib/python3.10/site-packages/airflow/example_dags/example_kubernetes_executor.py for tasks to queue
[2024-07-20T14:21:24.427+0900] {logging_mixin.py:188} INFO - [2024-07-20T14:21:24.425+0900] {dagbag.py:545} INFO - Filling up the DagBag from /home/papalio/.local/lib/python3.10/site-packages/airflow/example_dags/example_kubernetes_executor.py
[2024-07-20T14:21:24.434+0900] {logging_mixin.py:188} INFO - [2024-07-20T14:21:24.434+0900] {example_kubernetes_executor.py:39} WARNING - The example_kubernetes_executor example DAG requires the kubernetes provider. Please install it with: pip install apache-airflow[cncf.kubernetes]
[2024-07-20T14:21:24.435+0900] {processor.py:842} WARNING - No viable dags retrieved from /home/papalio/.local/lib/python3.10/site-packages/airflow/example_dags/example_kubernetes_executor.py
[2024-07-20T14:21:24.457+0900] {processor.py:183} INFO - Processing /home/papalio/.local/lib/python3.10/site-packages/airflow/example_dags/example_kubernetes_executor.py took 0.056 seconds
[2024-07-20T14:22:58.495+0900] {processor.py:161} INFO - Started process (PID=17417) to work on /home/papalio/.local/lib/python3.10/site-packages/airflow/example_dags/example_kubernetes_executor.py
[2024-07-20T14:22:58.500+0900] {processor.py:830} INFO - Processing file /home/papalio/.local/lib/python3.10/site-packages/airflow/example_dags/example_kubernetes_executor.py for tasks to queue
[2024-07-20T14:22:58.502+0900] {logging_mixin.py:188} INFO - [2024-07-20T14:22:58.501+0900] {dagbag.py:545} INFO - Filling up the DagBag from /home/papalio/.local/lib/python3.10/site-packages/airflow/example_dags/example_kubernetes_executor.py
[2024-07-20T14:22:58.515+0900] {logging_mixin.py:188} INFO - [2024-07-20T14:22:58.514+0900] {example_kubernetes_executor.py:39} WARNING - The example_kubernetes_executor example DAG requires the kubernetes provider. Please install it with: pip install apache-airflow[cncf.kubernetes]
[2024-07-20T14:22:58.516+0900] {processor.py:842} WARNING - No viable dags retrieved from /home/papalio/.local/lib/python3.10/site-packages/airflow/example_dags/example_kubernetes_executor.py
[2024-07-20T14:22:58.543+0900] {processor.py:183} INFO - Processing /home/papalio/.local/lib/python3.10/site-packages/airflow/example_dags/example_kubernetes_executor.py took 0.069 seconds
[2024-07-20T14:24:38.945+0900] {processor.py:161} INFO - Started process (PID=18005) to work on /home/papalio/.local/lib/python3.10/site-packages/airflow/example_dags/example_kubernetes_executor.py
[2024-07-20T14:24:38.947+0900] {processor.py:830} INFO - Processing file /home/papalio/.local/lib/python3.10/site-packages/airflow/example_dags/example_kubernetes_executor.py for tasks to queue
[2024-07-20T14:24:38.948+0900] {logging_mixin.py:188} INFO - [2024-07-20T14:24:38.948+0900] {dagbag.py:545} INFO - Filling up the DagBag from /home/papalio/.local/lib/python3.10/site-packages/airflow/example_dags/example_kubernetes_executor.py
[2024-07-20T14:24:38.953+0900] {logging_mixin.py:188} INFO - [2024-07-20T14:24:38.953+0900] {example_kubernetes_executor.py:39} WARNING - The example_kubernetes_executor example DAG requires the kubernetes provider. Please install it with: pip install apache-airflow[cncf.kubernetes]
[2024-07-20T14:24:38.954+0900] {processor.py:842} WARNING - No viable dags retrieved from /home/papalio/.local/lib/python3.10/site-packages/airflow/example_dags/example_kubernetes_executor.py
[2024-07-20T14:24:38.966+0900] {processor.py:183} INFO - Processing /home/papalio/.local/lib/python3.10/site-packages/airflow/example_dags/example_kubernetes_executor.py took 0.033 seconds
[2024-07-20T14:26:16.750+0900] {processor.py:161} INFO - Started process (PID=18587) to work on /home/papalio/.local/lib/python3.10/site-packages/airflow/example_dags/example_kubernetes_executor.py
[2024-07-20T14:26:16.752+0900] {processor.py:830} INFO - Processing file /home/papalio/.local/lib/python3.10/site-packages/airflow/example_dags/example_kubernetes_executor.py for tasks to queue
[2024-07-20T14:26:16.754+0900] {logging_mixin.py:188} INFO - [2024-07-20T14:26:16.753+0900] {dagbag.py:545} INFO - Filling up the DagBag from /home/papalio/.local/lib/python3.10/site-packages/airflow/example_dags/example_kubernetes_executor.py
[2024-07-20T14:26:16.761+0900] {logging_mixin.py:188} INFO - [2024-07-20T14:26:16.760+0900] {example_kubernetes_executor.py:39} WARNING - The example_kubernetes_executor example DAG requires the kubernetes provider. Please install it with: pip install apache-airflow[cncf.kubernetes]
[2024-07-20T14:26:16.761+0900] {processor.py:842} WARNING - No viable dags retrieved from /home/papalio/.local/lib/python3.10/site-packages/airflow/example_dags/example_kubernetes_executor.py
[2024-07-20T14:26:16.781+0900] {processor.py:183} INFO - Processing /home/papalio/.local/lib/python3.10/site-packages/airflow/example_dags/example_kubernetes_executor.py took 0.045 seconds
[2024-07-20T14:27:48.833+0900] {processor.py:161} INFO - Started process (PID=19140) to work on /home/papalio/.local/lib/python3.10/site-packages/airflow/example_dags/example_kubernetes_executor.py
[2024-07-20T14:27:48.836+0900] {processor.py:830} INFO - Processing file /home/papalio/.local/lib/python3.10/site-packages/airflow/example_dags/example_kubernetes_executor.py for tasks to queue
[2024-07-20T14:27:48.838+0900] {logging_mixin.py:188} INFO - [2024-07-20T14:27:48.838+0900] {dagbag.py:545} INFO - Filling up the DagBag from /home/papalio/.local/lib/python3.10/site-packages/airflow/example_dags/example_kubernetes_executor.py
[2024-07-20T14:27:48.845+0900] {logging_mixin.py:188} INFO - [2024-07-20T14:27:48.844+0900] {example_kubernetes_executor.py:39} WARNING - The example_kubernetes_executor example DAG requires the kubernetes provider. Please install it with: pip install apache-airflow[cncf.kubernetes]
[2024-07-20T14:27:48.845+0900] {processor.py:842} WARNING - No viable dags retrieved from /home/papalio/.local/lib/python3.10/site-packages/airflow/example_dags/example_kubernetes_executor.py
[2024-07-20T14:27:48.868+0900] {processor.py:183} INFO - Processing /home/papalio/.local/lib/python3.10/site-packages/airflow/example_dags/example_kubernetes_executor.py took 0.046 seconds
[2024-07-20T14:29:06.309+0900] {processor.py:161} INFO - Started process (PID=19639) to work on /home/papalio/.local/lib/python3.10/site-packages/airflow/example_dags/example_kubernetes_executor.py
[2024-07-20T14:29:06.312+0900] {processor.py:830} INFO - Processing file /home/papalio/.local/lib/python3.10/site-packages/airflow/example_dags/example_kubernetes_executor.py for tasks to queue
[2024-07-20T14:29:06.313+0900] {logging_mixin.py:188} INFO - [2024-07-20T14:29:06.312+0900] {dagbag.py:545} INFO - Filling up the DagBag from /home/papalio/.local/lib/python3.10/site-packages/airflow/example_dags/example_kubernetes_executor.py
[2024-07-20T14:29:06.316+0900] {logging_mixin.py:188} INFO - [2024-07-20T14:29:06.316+0900] {example_kubernetes_executor.py:39} WARNING - The example_kubernetes_executor example DAG requires the kubernetes provider. Please install it with: pip install apache-airflow[cncf.kubernetes]
[2024-07-20T14:29:06.317+0900] {processor.py:842} WARNING - No viable dags retrieved from /home/papalio/.local/lib/python3.10/site-packages/airflow/example_dags/example_kubernetes_executor.py
[2024-07-20T14:29:06.327+0900] {processor.py:183} INFO - Processing /home/papalio/.local/lib/python3.10/site-packages/airflow/example_dags/example_kubernetes_executor.py took 0.025 seconds
[2024-07-20T14:30:29.267+0900] {processor.py:161} INFO - Started process (PID=20165) to work on /home/papalio/.local/lib/python3.10/site-packages/airflow/example_dags/example_kubernetes_executor.py
[2024-07-20T14:30:29.272+0900] {processor.py:830} INFO - Processing file /home/papalio/.local/lib/python3.10/site-packages/airflow/example_dags/example_kubernetes_executor.py for tasks to queue
[2024-07-20T14:30:29.276+0900] {logging_mixin.py:188} INFO - [2024-07-20T14:30:29.275+0900] {dagbag.py:545} INFO - Filling up the DagBag from /home/papalio/.local/lib/python3.10/site-packages/airflow/example_dags/example_kubernetes_executor.py
[2024-07-20T14:30:29.288+0900] {logging_mixin.py:188} INFO - [2024-07-20T14:30:29.287+0900] {example_kubernetes_executor.py:39} WARNING - The example_kubernetes_executor example DAG requires the kubernetes provider. Please install it with: pip install apache-airflow[cncf.kubernetes]
[2024-07-20T14:30:29.289+0900] {processor.py:842} WARNING - No viable dags retrieved from /home/papalio/.local/lib/python3.10/site-packages/airflow/example_dags/example_kubernetes_executor.py
[2024-07-20T14:30:29.318+0900] {processor.py:183} INFO - Processing /home/papalio/.local/lib/python3.10/site-packages/airflow/example_dags/example_kubernetes_executor.py took 0.071 seconds
[2024-07-20T14:31:44.541+0900] {processor.py:161} INFO - Started process (PID=20657) to work on /home/papalio/.local/lib/python3.10/site-packages/airflow/example_dags/example_kubernetes_executor.py
[2024-07-20T14:31:44.553+0900] {processor.py:830} INFO - Processing file /home/papalio/.local/lib/python3.10/site-packages/airflow/example_dags/example_kubernetes_executor.py for tasks to queue
[2024-07-20T14:31:44.554+0900] {logging_mixin.py:188} INFO - [2024-07-20T14:31:44.554+0900] {dagbag.py:545} INFO - Filling up the DagBag from /home/papalio/.local/lib/python3.10/site-packages/airflow/example_dags/example_kubernetes_executor.py
[2024-07-20T14:31:44.559+0900] {logging_mixin.py:188} INFO - [2024-07-20T14:31:44.558+0900] {example_kubernetes_executor.py:39} WARNING - The example_kubernetes_executor example DAG requires the kubernetes provider. Please install it with: pip install apache-airflow[cncf.kubernetes]
[2024-07-20T14:31:44.559+0900] {processor.py:842} WARNING - No viable dags retrieved from /home/papalio/.local/lib/python3.10/site-packages/airflow/example_dags/example_kubernetes_executor.py
[2024-07-20T14:31:44.577+0900] {processor.py:183} INFO - Processing /home/papalio/.local/lib/python3.10/site-packages/airflow/example_dags/example_kubernetes_executor.py took 0.048 seconds
[2024-07-20T14:33:17.202+0900] {processor.py:161} INFO - Started process (PID=21209) to work on /home/papalio/.local/lib/python3.10/site-packages/airflow/example_dags/example_kubernetes_executor.py
[2024-07-20T14:33:17.206+0900] {processor.py:830} INFO - Processing file /home/papalio/.local/lib/python3.10/site-packages/airflow/example_dags/example_kubernetes_executor.py for tasks to queue
[2024-07-20T14:33:17.209+0900] {logging_mixin.py:188} INFO - [2024-07-20T14:33:17.208+0900] {dagbag.py:545} INFO - Filling up the DagBag from /home/papalio/.local/lib/python3.10/site-packages/airflow/example_dags/example_kubernetes_executor.py
[2024-07-20T14:33:17.220+0900] {logging_mixin.py:188} INFO - [2024-07-20T14:33:17.218+0900] {example_kubernetes_executor.py:39} WARNING - The example_kubernetes_executor example DAG requires the kubernetes provider. Please install it with: pip install apache-airflow[cncf.kubernetes]
[2024-07-20T14:33:17.221+0900] {processor.py:842} WARNING - No viable dags retrieved from /home/papalio/.local/lib/python3.10/site-packages/airflow/example_dags/example_kubernetes_executor.py
[2024-07-20T14:33:17.257+0900] {processor.py:183} INFO - Processing /home/papalio/.local/lib/python3.10/site-packages/airflow/example_dags/example_kubernetes_executor.py took 0.075 seconds
[2024-07-20T14:34:45.550+0900] {processor.py:161} INFO - Started process (PID=21755) to work on /home/papalio/.local/lib/python3.10/site-packages/airflow/example_dags/example_kubernetes_executor.py
[2024-07-20T14:34:45.553+0900] {processor.py:830} INFO - Processing file /home/papalio/.local/lib/python3.10/site-packages/airflow/example_dags/example_kubernetes_executor.py for tasks to queue
[2024-07-20T14:34:45.555+0900] {logging_mixin.py:188} INFO - [2024-07-20T14:34:45.554+0900] {dagbag.py:545} INFO - Filling up the DagBag from /home/papalio/.local/lib/python3.10/site-packages/airflow/example_dags/example_kubernetes_executor.py
[2024-07-20T14:34:45.561+0900] {logging_mixin.py:188} INFO - [2024-07-20T14:34:45.560+0900] {example_kubernetes_executor.py:39} WARNING - The example_kubernetes_executor example DAG requires the kubernetes provider. Please install it with: pip install apache-airflow[cncf.kubernetes]
[2024-07-20T14:34:45.561+0900] {processor.py:842} WARNING - No viable dags retrieved from /home/papalio/.local/lib/python3.10/site-packages/airflow/example_dags/example_kubernetes_executor.py
[2024-07-20T14:34:45.587+0900] {processor.py:183} INFO - Processing /home/papalio/.local/lib/python3.10/site-packages/airflow/example_dags/example_kubernetes_executor.py took 0.049 seconds
[2024-07-20T14:36:03.535+0900] {processor.py:161} INFO - Started process (PID=22255) to work on /home/papalio/.local/lib/python3.10/site-packages/airflow/example_dags/example_kubernetes_executor.py
[2024-07-20T14:36:03.539+0900] {processor.py:830} INFO - Processing file /home/papalio/.local/lib/python3.10/site-packages/airflow/example_dags/example_kubernetes_executor.py for tasks to queue
[2024-07-20T14:36:03.541+0900] {logging_mixin.py:188} INFO - [2024-07-20T14:36:03.540+0900] {dagbag.py:545} INFO - Filling up the DagBag from /home/papalio/.local/lib/python3.10/site-packages/airflow/example_dags/example_kubernetes_executor.py
[2024-07-20T14:36:03.547+0900] {logging_mixin.py:188} INFO - [2024-07-20T14:36:03.546+0900] {example_kubernetes_executor.py:39} WARNING - The example_kubernetes_executor example DAG requires the kubernetes provider. Please install it with: pip install apache-airflow[cncf.kubernetes]
[2024-07-20T14:36:03.547+0900] {processor.py:842} WARNING - No viable dags retrieved from /home/papalio/.local/lib/python3.10/site-packages/airflow/example_dags/example_kubernetes_executor.py
[2024-07-20T14:36:03.568+0900] {processor.py:183} INFO - Processing /home/papalio/.local/lib/python3.10/site-packages/airflow/example_dags/example_kubernetes_executor.py took 0.045 seconds
[2024-07-20T14:37:24.402+0900] {processor.py:161} INFO - Started process (PID=22764) to work on /home/papalio/.local/lib/python3.10/site-packages/airflow/example_dags/example_kubernetes_executor.py
[2024-07-20T14:37:24.406+0900] {processor.py:830} INFO - Processing file /home/papalio/.local/lib/python3.10/site-packages/airflow/example_dags/example_kubernetes_executor.py for tasks to queue
[2024-07-20T14:37:24.407+0900] {logging_mixin.py:188} INFO - [2024-07-20T14:37:24.407+0900] {dagbag.py:545} INFO - Filling up the DagBag from /home/papalio/.local/lib/python3.10/site-packages/airflow/example_dags/example_kubernetes_executor.py
[2024-07-20T14:37:24.413+0900] {logging_mixin.py:188} INFO - [2024-07-20T14:37:24.413+0900] {example_kubernetes_executor.py:39} WARNING - The example_kubernetes_executor example DAG requires the kubernetes provider. Please install it with: pip install apache-airflow[cncf.kubernetes]
[2024-07-20T14:37:24.414+0900] {processor.py:842} WARNING - No viable dags retrieved from /home/papalio/.local/lib/python3.10/site-packages/airflow/example_dags/example_kubernetes_executor.py
[2024-07-20T14:37:24.431+0900] {processor.py:183} INFO - Processing /home/papalio/.local/lib/python3.10/site-packages/airflow/example_dags/example_kubernetes_executor.py took 0.044 seconds
[2024-07-20T14:38:49.495+0900] {processor.py:161} INFO - Started process (PID=23288) to work on /home/papalio/.local/lib/python3.10/site-packages/airflow/example_dags/example_kubernetes_executor.py
[2024-07-20T14:38:49.497+0900] {processor.py:830} INFO - Processing file /home/papalio/.local/lib/python3.10/site-packages/airflow/example_dags/example_kubernetes_executor.py for tasks to queue
[2024-07-20T14:38:49.500+0900] {logging_mixin.py:188} INFO - [2024-07-20T14:38:49.499+0900] {dagbag.py:545} INFO - Filling up the DagBag from /home/papalio/.local/lib/python3.10/site-packages/airflow/example_dags/example_kubernetes_executor.py
[2024-07-20T14:38:49.509+0900] {logging_mixin.py:188} INFO - [2024-07-20T14:38:49.508+0900] {example_kubernetes_executor.py:39} WARNING - The example_kubernetes_executor example DAG requires the kubernetes provider. Please install it with: pip install apache-airflow[cncf.kubernetes]
[2024-07-20T14:38:49.510+0900] {processor.py:842} WARNING - No viable dags retrieved from /home/papalio/.local/lib/python3.10/site-packages/airflow/example_dags/example_kubernetes_executor.py
[2024-07-20T14:38:49.535+0900] {processor.py:183} INFO - Processing /home/papalio/.local/lib/python3.10/site-packages/airflow/example_dags/example_kubernetes_executor.py took 0.058 seconds
[2024-07-20T14:40:18.934+0900] {processor.py:161} INFO - Started process (PID=23837) to work on /home/papalio/.local/lib/python3.10/site-packages/airflow/example_dags/example_kubernetes_executor.py
[2024-07-20T14:40:18.936+0900] {processor.py:830} INFO - Processing file /home/papalio/.local/lib/python3.10/site-packages/airflow/example_dags/example_kubernetes_executor.py for tasks to queue
[2024-07-20T14:40:18.938+0900] {logging_mixin.py:188} INFO - [2024-07-20T14:40:18.937+0900] {dagbag.py:545} INFO - Filling up the DagBag from /home/papalio/.local/lib/python3.10/site-packages/airflow/example_dags/example_kubernetes_executor.py
[2024-07-20T14:40:18.943+0900] {logging_mixin.py:188} INFO - [2024-07-20T14:40:18.942+0900] {example_kubernetes_executor.py:39} WARNING - The example_kubernetes_executor example DAG requires the kubernetes provider. Please install it with: pip install apache-airflow[cncf.kubernetes]
[2024-07-20T14:40:18.943+0900] {processor.py:842} WARNING - No viable dags retrieved from /home/papalio/.local/lib/python3.10/site-packages/airflow/example_dags/example_kubernetes_executor.py
[2024-07-20T14:40:18.962+0900] {processor.py:183} INFO - Processing /home/papalio/.local/lib/python3.10/site-packages/airflow/example_dags/example_kubernetes_executor.py took 0.041 seconds
[2024-07-20T14:41:52.772+0900] {processor.py:161} INFO - Started process (PID=24398) to work on /home/papalio/.local/lib/python3.10/site-packages/airflow/example_dags/example_kubernetes_executor.py
[2024-07-20T14:41:52.785+0900] {processor.py:830} INFO - Processing file /home/papalio/.local/lib/python3.10/site-packages/airflow/example_dags/example_kubernetes_executor.py for tasks to queue
[2024-07-20T14:41:52.788+0900] {logging_mixin.py:188} INFO - [2024-07-20T14:41:52.787+0900] {dagbag.py:545} INFO - Filling up the DagBag from /home/papalio/.local/lib/python3.10/site-packages/airflow/example_dags/example_kubernetes_executor.py
[2024-07-20T14:41:52.798+0900] {logging_mixin.py:188} INFO - [2024-07-20T14:41:52.797+0900] {example_kubernetes_executor.py:39} WARNING - The example_kubernetes_executor example DAG requires the kubernetes provider. Please install it with: pip install apache-airflow[cncf.kubernetes]
[2024-07-20T14:41:52.800+0900] {processor.py:842} WARNING - No viable dags retrieved from /home/papalio/.local/lib/python3.10/site-packages/airflow/example_dags/example_kubernetes_executor.py
[2024-07-20T14:41:52.831+0900] {processor.py:183} INFO - Processing /home/papalio/.local/lib/python3.10/site-packages/airflow/example_dags/example_kubernetes_executor.py took 0.075 seconds
[2024-07-20T14:43:14.812+0900] {processor.py:161} INFO - Started process (PID=24938) to work on /home/papalio/.local/lib/python3.10/site-packages/airflow/example_dags/example_kubernetes_executor.py
[2024-07-20T14:43:14.816+0900] {processor.py:830} INFO - Processing file /home/papalio/.local/lib/python3.10/site-packages/airflow/example_dags/example_kubernetes_executor.py for tasks to queue
[2024-07-20T14:43:14.819+0900] {logging_mixin.py:188} INFO - [2024-07-20T14:43:14.817+0900] {dagbag.py:545} INFO - Filling up the DagBag from /home/papalio/.local/lib/python3.10/site-packages/airflow/example_dags/example_kubernetes_executor.py
[2024-07-20T14:43:14.826+0900] {logging_mixin.py:188} INFO - [2024-07-20T14:43:14.825+0900] {example_kubernetes_executor.py:39} WARNING - The example_kubernetes_executor example DAG requires the kubernetes provider. Please install it with: pip install apache-airflow[cncf.kubernetes]
[2024-07-20T14:43:14.826+0900] {processor.py:842} WARNING - No viable dags retrieved from /home/papalio/.local/lib/python3.10/site-packages/airflow/example_dags/example_kubernetes_executor.py
[2024-07-20T14:43:14.854+0900] {processor.py:183} INFO - Processing /home/papalio/.local/lib/python3.10/site-packages/airflow/example_dags/example_kubernetes_executor.py took 0.059 seconds
[2024-07-20T14:44:46.249+0900] {processor.py:161} INFO - Started process (PID=25490) to work on /home/papalio/.local/lib/python3.10/site-packages/airflow/example_dags/example_kubernetes_executor.py
[2024-07-20T14:44:46.251+0900] {processor.py:830} INFO - Processing file /home/papalio/.local/lib/python3.10/site-packages/airflow/example_dags/example_kubernetes_executor.py for tasks to queue
[2024-07-20T14:44:46.252+0900] {logging_mixin.py:188} INFO - [2024-07-20T14:44:46.252+0900] {dagbag.py:545} INFO - Filling up the DagBag from /home/papalio/.local/lib/python3.10/site-packages/airflow/example_dags/example_kubernetes_executor.py
[2024-07-20T14:44:46.257+0900] {logging_mixin.py:188} INFO - [2024-07-20T14:44:46.256+0900] {example_kubernetes_executor.py:39} WARNING - The example_kubernetes_executor example DAG requires the kubernetes provider. Please install it with: pip install apache-airflow[cncf.kubernetes]
[2024-07-20T14:44:46.257+0900] {processor.py:842} WARNING - No viable dags retrieved from /home/papalio/.local/lib/python3.10/site-packages/airflow/example_dags/example_kubernetes_executor.py
[2024-07-20T14:44:46.271+0900] {processor.py:183} INFO - Processing /home/papalio/.local/lib/python3.10/site-packages/airflow/example_dags/example_kubernetes_executor.py took 0.031 seconds
