[2024-07-20T14:10:39.817+0900] {processor.py:161} INFO - Started process (PID=12727) to work on /home/papalio/.local/lib/python3.10/site-packages/airflow/example_dags/example_setup_teardown_taskflow.py
[2024-07-20T14:10:39.819+0900] {processor.py:830} INFO - Processing file /home/papalio/.local/lib/python3.10/site-packages/airflow/example_dags/example_setup_teardown_taskflow.py for tasks to queue
[2024-07-20T14:10:39.821+0900] {logging_mixin.py:188} INFO - [2024-07-20T14:10:39.821+0900] {dagbag.py:545} INFO - Filling up the DagBag from /home/papalio/.local/lib/python3.10/site-packages/airflow/example_dags/example_setup_teardown_taskflow.py
[2024-07-20T14:10:39.838+0900] {processor.py:840} INFO - DAG(s) 'example_setup_teardown_taskflow' retrieved from /home/papalio/.local/lib/python3.10/site-packages/airflow/example_dags/example_setup_teardown_taskflow.py
[2024-07-20T14:10:40.003+0900] {logging_mixin.py:188} INFO - [2024-07-20T14:10:40.002+0900] {dag.py:3096} INFO - Sync 1 DAGs
[2024-07-20T14:10:40.028+0900] {logging_mixin.py:188} INFO - [2024-07-20T14:10:40.028+0900] {dag.py:3954} INFO - Setting next_dagrun for example_setup_teardown_taskflow to 2024-07-19 00:00:00+00:00, run_after=2024-07-20 00:00:00+00:00
[2024-07-20T14:10:40.067+0900] {processor.py:183} INFO - Processing /home/papalio/.local/lib/python3.10/site-packages/airflow/example_dags/example_setup_teardown_taskflow.py took 0.262 seconds
[2024-07-20T14:11:51.756+0900] {processor.py:161} INFO - Started process (PID=13136) to work on /home/papalio/.local/lib/python3.10/site-packages/airflow/example_dags/example_setup_teardown_taskflow.py
[2024-07-20T14:11:51.767+0900] {processor.py:830} INFO - Processing file /home/papalio/.local/lib/python3.10/site-packages/airflow/example_dags/example_setup_teardown_taskflow.py for tasks to queue
[2024-07-20T14:11:51.768+0900] {logging_mixin.py:188} INFO - [2024-07-20T14:11:51.768+0900] {dagbag.py:545} INFO - Filling up the DagBag from /home/papalio/.local/lib/python3.10/site-packages/airflow/example_dags/example_setup_teardown_taskflow.py
[2024-07-20T14:11:51.776+0900] {processor.py:840} INFO - DAG(s) 'example_setup_teardown_taskflow' retrieved from /home/papalio/.local/lib/python3.10/site-packages/airflow/example_dags/example_setup_teardown_taskflow.py
[2024-07-20T14:11:51.792+0900] {logging_mixin.py:188} INFO - [2024-07-20T14:11:51.791+0900] {dag.py:3096} INFO - Sync 1 DAGs
[2024-07-20T14:11:51.808+0900] {logging_mixin.py:188} INFO - [2024-07-20T14:11:51.808+0900] {dag.py:3954} INFO - Setting next_dagrun for example_setup_teardown_taskflow to 2024-07-19 00:00:00+00:00, run_after=2024-07-20 00:00:00+00:00
[2024-07-20T14:11:51.835+0900] {processor.py:183} INFO - Processing /home/papalio/.local/lib/python3.10/site-packages/airflow/example_dags/example_setup_teardown_taskflow.py took 0.085 seconds
[2024-07-20T14:13:13.076+0900] {processor.py:161} INFO - Started process (PID=13646) to work on /home/papalio/.local/lib/python3.10/site-packages/airflow/example_dags/example_setup_teardown_taskflow.py
[2024-07-20T14:13:13.078+0900] {processor.py:830} INFO - Processing file /home/papalio/.local/lib/python3.10/site-packages/airflow/example_dags/example_setup_teardown_taskflow.py for tasks to queue
[2024-07-20T14:13:13.081+0900] {logging_mixin.py:188} INFO - [2024-07-20T14:13:13.081+0900] {dagbag.py:545} INFO - Filling up the DagBag from /home/papalio/.local/lib/python3.10/site-packages/airflow/example_dags/example_setup_teardown_taskflow.py
[2024-07-20T14:13:13.094+0900] {processor.py:840} INFO - DAG(s) 'example_setup_teardown_taskflow' retrieved from /home/papalio/.local/lib/python3.10/site-packages/airflow/example_dags/example_setup_teardown_taskflow.py
[2024-07-20T14:13:13.118+0900] {logging_mixin.py:188} INFO - [2024-07-20T14:13:13.117+0900] {dag.py:3096} INFO - Sync 1 DAGs
[2024-07-20T14:13:13.150+0900] {logging_mixin.py:188} INFO - [2024-07-20T14:13:13.149+0900] {dag.py:3954} INFO - Setting next_dagrun for example_setup_teardown_taskflow to 2024-07-19 00:00:00+00:00, run_after=2024-07-20 00:00:00+00:00
[2024-07-20T14:13:13.193+0900] {processor.py:183} INFO - Processing /home/papalio/.local/lib/python3.10/site-packages/airflow/example_dags/example_setup_teardown_taskflow.py took 0.126 seconds
[2024-07-20T14:14:37.478+0900] {processor.py:161} INFO - Started process (PID=14172) to work on /home/papalio/.local/lib/python3.10/site-packages/airflow/example_dags/example_setup_teardown_taskflow.py
[2024-07-20T14:14:37.480+0900] {processor.py:830} INFO - Processing file /home/papalio/.local/lib/python3.10/site-packages/airflow/example_dags/example_setup_teardown_taskflow.py for tasks to queue
[2024-07-20T14:14:37.483+0900] {logging_mixin.py:188} INFO - [2024-07-20T14:14:37.482+0900] {dagbag.py:545} INFO - Filling up the DagBag from /home/papalio/.local/lib/python3.10/site-packages/airflow/example_dags/example_setup_teardown_taskflow.py
[2024-07-20T14:14:37.513+0900] {processor.py:840} INFO - DAG(s) 'example_setup_teardown_taskflow' retrieved from /home/papalio/.local/lib/python3.10/site-packages/airflow/example_dags/example_setup_teardown_taskflow.py
[2024-07-20T14:14:37.548+0900] {logging_mixin.py:188} INFO - [2024-07-20T14:14:37.547+0900] {dag.py:3096} INFO - Sync 1 DAGs
[2024-07-20T14:14:37.583+0900] {logging_mixin.py:188} INFO - [2024-07-20T14:14:37.583+0900] {dag.py:3954} INFO - Setting next_dagrun for example_setup_teardown_taskflow to 2024-07-19 00:00:00+00:00, run_after=2024-07-20 00:00:00+00:00
[2024-07-20T14:14:37.655+0900] {processor.py:183} INFO - Processing /home/papalio/.local/lib/python3.10/site-packages/airflow/example_dags/example_setup_teardown_taskflow.py took 0.189 seconds
[2024-07-20T14:15:55.549+0900] {processor.py:161} INFO - Started process (PID=14669) to work on /home/papalio/.local/lib/python3.10/site-packages/airflow/example_dags/example_setup_teardown_taskflow.py
[2024-07-20T14:15:55.553+0900] {processor.py:830} INFO - Processing file /home/papalio/.local/lib/python3.10/site-packages/airflow/example_dags/example_setup_teardown_taskflow.py for tasks to queue
[2024-07-20T14:15:55.556+0900] {logging_mixin.py:188} INFO - [2024-07-20T14:15:55.555+0900] {dagbag.py:545} INFO - Filling up the DagBag from /home/papalio/.local/lib/python3.10/site-packages/airflow/example_dags/example_setup_teardown_taskflow.py
[2024-07-20T14:15:55.570+0900] {processor.py:840} INFO - DAG(s) 'example_setup_teardown_taskflow' retrieved from /home/papalio/.local/lib/python3.10/site-packages/airflow/example_dags/example_setup_teardown_taskflow.py
[2024-07-20T14:15:55.597+0900] {logging_mixin.py:188} INFO - [2024-07-20T14:15:55.596+0900] {dag.py:3096} INFO - Sync 1 DAGs
[2024-07-20T14:15:55.629+0900] {logging_mixin.py:188} INFO - [2024-07-20T14:15:55.628+0900] {dag.py:3954} INFO - Setting next_dagrun for example_setup_teardown_taskflow to 2024-07-19 00:00:00+00:00, run_after=2024-07-20 00:00:00+00:00
[2024-07-20T14:15:55.672+0900] {processor.py:183} INFO - Processing /home/papalio/.local/lib/python3.10/site-packages/airflow/example_dags/example_setup_teardown_taskflow.py took 0.134 seconds
[2024-07-20T14:17:12.233+0900] {processor.py:161} INFO - Started process (PID=15166) to work on /home/papalio/.local/lib/python3.10/site-packages/airflow/example_dags/example_setup_teardown_taskflow.py
[2024-07-20T14:17:12.235+0900] {processor.py:830} INFO - Processing file /home/papalio/.local/lib/python3.10/site-packages/airflow/example_dags/example_setup_teardown_taskflow.py for tasks to queue
[2024-07-20T14:17:12.238+0900] {logging_mixin.py:188} INFO - [2024-07-20T14:17:12.237+0900] {dagbag.py:545} INFO - Filling up the DagBag from /home/papalio/.local/lib/python3.10/site-packages/airflow/example_dags/example_setup_teardown_taskflow.py
[2024-07-20T14:17:12.254+0900] {processor.py:840} INFO - DAG(s) 'example_setup_teardown_taskflow' retrieved from /home/papalio/.local/lib/python3.10/site-packages/airflow/example_dags/example_setup_teardown_taskflow.py
[2024-07-20T14:17:12.280+0900] {logging_mixin.py:188} INFO - [2024-07-20T14:17:12.279+0900] {dag.py:3096} INFO - Sync 1 DAGs
[2024-07-20T14:17:12.306+0900] {logging_mixin.py:188} INFO - [2024-07-20T14:17:12.306+0900] {dag.py:3954} INFO - Setting next_dagrun for example_setup_teardown_taskflow to 2024-07-19 00:00:00+00:00, run_after=2024-07-20 00:00:00+00:00
[2024-07-20T14:17:12.343+0900] {processor.py:183} INFO - Processing /home/papalio/.local/lib/python3.10/site-packages/airflow/example_dags/example_setup_teardown_taskflow.py took 0.130 seconds
[2024-07-20T14:18:32.000+0900] {processor.py:161} INFO - Started process (PID=15673) to work on /home/papalio/.local/lib/python3.10/site-packages/airflow/example_dags/example_setup_teardown_taskflow.py
[2024-07-20T14:18:32.003+0900] {processor.py:830} INFO - Processing file /home/papalio/.local/lib/python3.10/site-packages/airflow/example_dags/example_setup_teardown_taskflow.py for tasks to queue
[2024-07-20T14:18:32.008+0900] {logging_mixin.py:188} INFO - [2024-07-20T14:18:32.007+0900] {dagbag.py:545} INFO - Filling up the DagBag from /home/papalio/.local/lib/python3.10/site-packages/airflow/example_dags/example_setup_teardown_taskflow.py
[2024-07-20T14:18:32.039+0900] {processor.py:840} INFO - DAG(s) 'example_setup_teardown_taskflow' retrieved from /home/papalio/.local/lib/python3.10/site-packages/airflow/example_dags/example_setup_teardown_taskflow.py
[2024-07-20T14:18:32.093+0900] {logging_mixin.py:188} INFO - [2024-07-20T14:18:32.091+0900] {dag.py:3096} INFO - Sync 1 DAGs
[2024-07-20T14:18:32.140+0900] {logging_mixin.py:188} INFO - [2024-07-20T14:18:32.139+0900] {dag.py:3954} INFO - Setting next_dagrun for example_setup_teardown_taskflow to 2024-07-19 00:00:00+00:00, run_after=2024-07-20 00:00:00+00:00
[2024-07-20T14:18:32.234+0900] {processor.py:183} INFO - Processing /home/papalio/.local/lib/python3.10/site-packages/airflow/example_dags/example_setup_teardown_taskflow.py took 0.250 seconds
[2024-07-20T14:19:54.435+0900] {processor.py:161} INFO - Started process (PID=16191) to work on /home/papalio/.local/lib/python3.10/site-packages/airflow/example_dags/example_setup_teardown_taskflow.py
[2024-07-20T14:19:54.448+0900] {processor.py:830} INFO - Processing file /home/papalio/.local/lib/python3.10/site-packages/airflow/example_dags/example_setup_teardown_taskflow.py for tasks to queue
[2024-07-20T14:19:54.450+0900] {logging_mixin.py:188} INFO - [2024-07-20T14:19:54.450+0900] {dagbag.py:545} INFO - Filling up the DagBag from /home/papalio/.local/lib/python3.10/site-packages/airflow/example_dags/example_setup_teardown_taskflow.py
[2024-07-20T14:19:54.462+0900] {processor.py:840} INFO - DAG(s) 'example_setup_teardown_taskflow' retrieved from /home/papalio/.local/lib/python3.10/site-packages/airflow/example_dags/example_setup_teardown_taskflow.py
[2024-07-20T14:19:54.478+0900] {logging_mixin.py:188} INFO - [2024-07-20T14:19:54.478+0900] {dag.py:3096} INFO - Sync 1 DAGs
[2024-07-20T14:19:54.494+0900] {logging_mixin.py:188} INFO - [2024-07-20T14:19:54.494+0900] {dag.py:3954} INFO - Setting next_dagrun for example_setup_teardown_taskflow to 2024-07-19 00:00:00+00:00, run_after=2024-07-20 00:00:00+00:00
[2024-07-20T14:19:54.519+0900] {processor.py:183} INFO - Processing /home/papalio/.local/lib/python3.10/site-packages/airflow/example_dags/example_setup_teardown_taskflow.py took 0.094 seconds
[2024-07-20T14:21:27.695+0900] {processor.py:161} INFO - Started process (PID=16825) to work on /home/papalio/.local/lib/python3.10/site-packages/airflow/example_dags/example_setup_teardown_taskflow.py
[2024-07-20T14:21:27.699+0900] {processor.py:830} INFO - Processing file /home/papalio/.local/lib/python3.10/site-packages/airflow/example_dags/example_setup_teardown_taskflow.py for tasks to queue
[2024-07-20T14:21:27.703+0900] {logging_mixin.py:188} INFO - [2024-07-20T14:21:27.702+0900] {dagbag.py:545} INFO - Filling up the DagBag from /home/papalio/.local/lib/python3.10/site-packages/airflow/example_dags/example_setup_teardown_taskflow.py
[2024-07-20T14:21:27.734+0900] {processor.py:840} INFO - DAG(s) 'example_setup_teardown_taskflow' retrieved from /home/papalio/.local/lib/python3.10/site-packages/airflow/example_dags/example_setup_teardown_taskflow.py
[2024-07-20T14:21:27.790+0900] {logging_mixin.py:188} INFO - [2024-07-20T14:21:27.788+0900] {dag.py:3096} INFO - Sync 1 DAGs
[2024-07-20T14:21:27.888+0900] {logging_mixin.py:188} INFO - [2024-07-20T14:21:27.887+0900] {dag.py:3954} INFO - Setting next_dagrun for example_setup_teardown_taskflow to 2024-07-19 00:00:00+00:00, run_after=2024-07-20 00:00:00+00:00
[2024-07-20T14:21:27.971+0900] {processor.py:183} INFO - Processing /home/papalio/.local/lib/python3.10/site-packages/airflow/example_dags/example_setup_teardown_taskflow.py took 0.291 seconds
[2024-07-20T14:23:01.485+0900] {processor.py:161} INFO - Started process (PID=17430) to work on /home/papalio/.local/lib/python3.10/site-packages/airflow/example_dags/example_setup_teardown_taskflow.py
[2024-07-20T14:23:01.490+0900] {processor.py:830} INFO - Processing file /home/papalio/.local/lib/python3.10/site-packages/airflow/example_dags/example_setup_teardown_taskflow.py for tasks to queue
[2024-07-20T14:23:01.493+0900] {logging_mixin.py:188} INFO - [2024-07-20T14:23:01.492+0900] {dagbag.py:545} INFO - Filling up the DagBag from /home/papalio/.local/lib/python3.10/site-packages/airflow/example_dags/example_setup_teardown_taskflow.py
[2024-07-20T14:23:01.533+0900] {processor.py:840} INFO - DAG(s) 'example_setup_teardown_taskflow' retrieved from /home/papalio/.local/lib/python3.10/site-packages/airflow/example_dags/example_setup_teardown_taskflow.py
[2024-07-20T14:23:01.612+0900] {logging_mixin.py:188} INFO - [2024-07-20T14:23:01.611+0900] {dag.py:3096} INFO - Sync 1 DAGs
[2024-07-20T14:23:01.706+0900] {logging_mixin.py:188} INFO - [2024-07-20T14:23:01.706+0900] {dag.py:3954} INFO - Setting next_dagrun for example_setup_teardown_taskflow to 2024-07-19 00:00:00+00:00, run_after=2024-07-20 00:00:00+00:00
[2024-07-20T14:23:01.806+0900] {processor.py:183} INFO - Processing /home/papalio/.local/lib/python3.10/site-packages/airflow/example_dags/example_setup_teardown_taskflow.py took 0.351 seconds
[2024-07-20T14:24:41.451+0900] {processor.py:161} INFO - Started process (PID=18017) to work on /home/papalio/.local/lib/python3.10/site-packages/airflow/example_dags/example_setup_teardown_taskflow.py
[2024-07-20T14:24:41.453+0900] {processor.py:830} INFO - Processing file /home/papalio/.local/lib/python3.10/site-packages/airflow/example_dags/example_setup_teardown_taskflow.py for tasks to queue
[2024-07-20T14:24:41.454+0900] {logging_mixin.py:188} INFO - [2024-07-20T14:24:41.454+0900] {dagbag.py:545} INFO - Filling up the DagBag from /home/papalio/.local/lib/python3.10/site-packages/airflow/example_dags/example_setup_teardown_taskflow.py
[2024-07-20T14:24:41.470+0900] {processor.py:840} INFO - DAG(s) 'example_setup_teardown_taskflow' retrieved from /home/papalio/.local/lib/python3.10/site-packages/airflow/example_dags/example_setup_teardown_taskflow.py
[2024-07-20T14:24:41.495+0900] {logging_mixin.py:188} INFO - [2024-07-20T14:24:41.495+0900] {dag.py:3096} INFO - Sync 1 DAGs
[2024-07-20T14:24:41.522+0900] {logging_mixin.py:188} INFO - [2024-07-20T14:24:41.521+0900] {dag.py:3954} INFO - Setting next_dagrun for example_setup_teardown_taskflow to 2024-07-19 00:00:00+00:00, run_after=2024-07-20 00:00:00+00:00
[2024-07-20T14:24:41.559+0900] {processor.py:183} INFO - Processing /home/papalio/.local/lib/python3.10/site-packages/airflow/example_dags/example_setup_teardown_taskflow.py took 0.118 seconds
[2024-07-20T14:26:19.301+0900] {processor.py:161} INFO - Started process (PID=18599) to work on /home/papalio/.local/lib/python3.10/site-packages/airflow/example_dags/example_setup_teardown_taskflow.py
[2024-07-20T14:26:19.304+0900] {processor.py:830} INFO - Processing file /home/papalio/.local/lib/python3.10/site-packages/airflow/example_dags/example_setup_teardown_taskflow.py for tasks to queue
[2024-07-20T14:26:19.305+0900] {logging_mixin.py:188} INFO - [2024-07-20T14:26:19.305+0900] {dagbag.py:545} INFO - Filling up the DagBag from /home/papalio/.local/lib/python3.10/site-packages/airflow/example_dags/example_setup_teardown_taskflow.py
[2024-07-20T14:26:19.327+0900] {processor.py:840} INFO - DAG(s) 'example_setup_teardown_taskflow' retrieved from /home/papalio/.local/lib/python3.10/site-packages/airflow/example_dags/example_setup_teardown_taskflow.py
[2024-07-20T14:26:19.361+0900] {logging_mixin.py:188} INFO - [2024-07-20T14:26:19.360+0900] {dag.py:3096} INFO - Sync 1 DAGs
[2024-07-20T14:26:19.391+0900] {logging_mixin.py:188} INFO - [2024-07-20T14:26:19.390+0900] {dag.py:3954} INFO - Setting next_dagrun for example_setup_teardown_taskflow to 2024-07-19 00:00:00+00:00, run_after=2024-07-20 00:00:00+00:00
[2024-07-20T14:26:19.442+0900] {processor.py:183} INFO - Processing /home/papalio/.local/lib/python3.10/site-packages/airflow/example_dags/example_setup_teardown_taskflow.py took 0.153 seconds
[2024-07-20T14:27:51.464+0900] {processor.py:161} INFO - Started process (PID=19153) to work on /home/papalio/.local/lib/python3.10/site-packages/airflow/example_dags/example_setup_teardown_taskflow.py
[2024-07-20T14:27:51.475+0900] {processor.py:830} INFO - Processing file /home/papalio/.local/lib/python3.10/site-packages/airflow/example_dags/example_setup_teardown_taskflow.py for tasks to queue
[2024-07-20T14:27:51.478+0900] {logging_mixin.py:188} INFO - [2024-07-20T14:27:51.477+0900] {dagbag.py:545} INFO - Filling up the DagBag from /home/papalio/.local/lib/python3.10/site-packages/airflow/example_dags/example_setup_teardown_taskflow.py
[2024-07-20T14:27:51.504+0900] {processor.py:840} INFO - DAG(s) 'example_setup_teardown_taskflow' retrieved from /home/papalio/.local/lib/python3.10/site-packages/airflow/example_dags/example_setup_teardown_taskflow.py
[2024-07-20T14:27:51.547+0900] {logging_mixin.py:188} INFO - [2024-07-20T14:27:51.546+0900] {dag.py:3096} INFO - Sync 1 DAGs
[2024-07-20T14:27:51.583+0900] {logging_mixin.py:188} INFO - [2024-07-20T14:27:51.582+0900] {dag.py:3954} INFO - Setting next_dagrun for example_setup_teardown_taskflow to 2024-07-19 00:00:00+00:00, run_after=2024-07-20 00:00:00+00:00
[2024-07-20T14:27:51.633+0900] {processor.py:183} INFO - Processing /home/papalio/.local/lib/python3.10/site-packages/airflow/example_dags/example_setup_teardown_taskflow.py took 0.180 seconds
[2024-07-20T14:29:08.497+0900] {processor.py:161} INFO - Started process (PID=19649) to work on /home/papalio/.local/lib/python3.10/site-packages/airflow/example_dags/example_setup_teardown_taskflow.py
[2024-07-20T14:29:08.509+0900] {processor.py:830} INFO - Processing file /home/papalio/.local/lib/python3.10/site-packages/airflow/example_dags/example_setup_teardown_taskflow.py for tasks to queue
[2024-07-20T14:29:08.513+0900] {logging_mixin.py:188} INFO - [2024-07-20T14:29:08.511+0900] {dagbag.py:545} INFO - Filling up the DagBag from /home/papalio/.local/lib/python3.10/site-packages/airflow/example_dags/example_setup_teardown_taskflow.py
[2024-07-20T14:29:08.587+0900] {processor.py:840} INFO - DAG(s) 'example_setup_teardown_taskflow' retrieved from /home/papalio/.local/lib/python3.10/site-packages/airflow/example_dags/example_setup_teardown_taskflow.py
[2024-07-20T14:29:08.672+0900] {logging_mixin.py:188} INFO - [2024-07-20T14:29:08.671+0900] {dag.py:3096} INFO - Sync 1 DAGs
[2024-07-20T14:29:08.739+0900] {logging_mixin.py:188} INFO - [2024-07-20T14:29:08.737+0900] {dag.py:3954} INFO - Setting next_dagrun for example_setup_teardown_taskflow to 2024-07-19 00:00:00+00:00, run_after=2024-07-20 00:00:00+00:00
[2024-07-20T14:29:08.836+0900] {processor.py:183} INFO - Processing /home/papalio/.local/lib/python3.10/site-packages/airflow/example_dags/example_setup_teardown_taskflow.py took 0.371 seconds
[2024-07-20T14:30:31.584+0900] {processor.py:161} INFO - Started process (PID=20176) to work on /home/papalio/.local/lib/python3.10/site-packages/airflow/example_dags/example_setup_teardown_taskflow.py
[2024-07-20T14:30:31.588+0900] {processor.py:830} INFO - Processing file /home/papalio/.local/lib/python3.10/site-packages/airflow/example_dags/example_setup_teardown_taskflow.py for tasks to queue
[2024-07-20T14:30:31.590+0900] {logging_mixin.py:188} INFO - [2024-07-20T14:30:31.590+0900] {dagbag.py:545} INFO - Filling up the DagBag from /home/papalio/.local/lib/python3.10/site-packages/airflow/example_dags/example_setup_teardown_taskflow.py
[2024-07-20T14:30:31.616+0900] {processor.py:840} INFO - DAG(s) 'example_setup_teardown_taskflow' retrieved from /home/papalio/.local/lib/python3.10/site-packages/airflow/example_dags/example_setup_teardown_taskflow.py
[2024-07-20T14:30:31.650+0900] {logging_mixin.py:188} INFO - [2024-07-20T14:30:31.649+0900] {dag.py:3096} INFO - Sync 1 DAGs
[2024-07-20T14:30:31.700+0900] {logging_mixin.py:188} INFO - [2024-07-20T14:30:31.699+0900] {dag.py:3954} INFO - Setting next_dagrun for example_setup_teardown_taskflow to 2024-07-19 00:00:00+00:00, run_after=2024-07-20 00:00:00+00:00
[2024-07-20T14:30:31.764+0900] {processor.py:183} INFO - Processing /home/papalio/.local/lib/python3.10/site-packages/airflow/example_dags/example_setup_teardown_taskflow.py took 0.198 seconds
[2024-07-20T14:31:47.058+0900] {processor.py:161} INFO - Started process (PID=20668) to work on /home/papalio/.local/lib/python3.10/site-packages/airflow/example_dags/example_setup_teardown_taskflow.py
[2024-07-20T14:31:47.060+0900] {processor.py:830} INFO - Processing file /home/papalio/.local/lib/python3.10/site-packages/airflow/example_dags/example_setup_teardown_taskflow.py for tasks to queue
[2024-07-20T14:31:47.063+0900] {logging_mixin.py:188} INFO - [2024-07-20T14:31:47.062+0900] {dagbag.py:545} INFO - Filling up the DagBag from /home/papalio/.local/lib/python3.10/site-packages/airflow/example_dags/example_setup_teardown_taskflow.py
[2024-07-20T14:31:47.086+0900] {processor.py:840} INFO - DAG(s) 'example_setup_teardown_taskflow' retrieved from /home/papalio/.local/lib/python3.10/site-packages/airflow/example_dags/example_setup_teardown_taskflow.py
[2024-07-20T14:31:47.110+0900] {logging_mixin.py:188} INFO - [2024-07-20T14:31:47.109+0900] {dag.py:3096} INFO - Sync 1 DAGs
[2024-07-20T14:31:47.138+0900] {logging_mixin.py:188} INFO - [2024-07-20T14:31:47.137+0900] {dag.py:3954} INFO - Setting next_dagrun for example_setup_teardown_taskflow to 2024-07-19 00:00:00+00:00, run_after=2024-07-20 00:00:00+00:00
[2024-07-20T14:31:47.176+0900] {processor.py:183} INFO - Processing /home/papalio/.local/lib/python3.10/site-packages/airflow/example_dags/example_setup_teardown_taskflow.py took 0.131 seconds
[2024-07-20T14:33:20.220+0900] {processor.py:161} INFO - Started process (PID=21223) to work on /home/papalio/.local/lib/python3.10/site-packages/airflow/example_dags/example_setup_teardown_taskflow.py
[2024-07-20T14:33:20.222+0900] {processor.py:830} INFO - Processing file /home/papalio/.local/lib/python3.10/site-packages/airflow/example_dags/example_setup_teardown_taskflow.py for tasks to queue
[2024-07-20T14:33:20.224+0900] {logging_mixin.py:188} INFO - [2024-07-20T14:33:20.223+0900] {dagbag.py:545} INFO - Filling up the DagBag from /home/papalio/.local/lib/python3.10/site-packages/airflow/example_dags/example_setup_teardown_taskflow.py
[2024-07-20T14:33:20.247+0900] {processor.py:840} INFO - DAG(s) 'example_setup_teardown_taskflow' retrieved from /home/papalio/.local/lib/python3.10/site-packages/airflow/example_dags/example_setup_teardown_taskflow.py
[2024-07-20T14:33:20.283+0900] {logging_mixin.py:188} INFO - [2024-07-20T14:33:20.282+0900] {dag.py:3096} INFO - Sync 1 DAGs
[2024-07-20T14:33:20.316+0900] {logging_mixin.py:188} INFO - [2024-07-20T14:33:20.316+0900] {dag.py:3954} INFO - Setting next_dagrun for example_setup_teardown_taskflow to 2024-07-19 00:00:00+00:00, run_after=2024-07-20 00:00:00+00:00
[2024-07-20T14:33:20.361+0900] {processor.py:183} INFO - Processing /home/papalio/.local/lib/python3.10/site-packages/airflow/example_dags/example_setup_teardown_taskflow.py took 0.154 seconds
[2024-07-20T14:34:48.261+0900] {processor.py:161} INFO - Started process (PID=21767) to work on /home/papalio/.local/lib/python3.10/site-packages/airflow/example_dags/example_setup_teardown_taskflow.py
[2024-07-20T14:34:48.265+0900] {processor.py:830} INFO - Processing file /home/papalio/.local/lib/python3.10/site-packages/airflow/example_dags/example_setup_teardown_taskflow.py for tasks to queue
[2024-07-20T14:34:48.267+0900] {logging_mixin.py:188} INFO - [2024-07-20T14:34:48.266+0900] {dagbag.py:545} INFO - Filling up the DagBag from /home/papalio/.local/lib/python3.10/site-packages/airflow/example_dags/example_setup_teardown_taskflow.py
[2024-07-20T14:34:48.283+0900] {processor.py:840} INFO - DAG(s) 'example_setup_teardown_taskflow' retrieved from /home/papalio/.local/lib/python3.10/site-packages/airflow/example_dags/example_setup_teardown_taskflow.py
[2024-07-20T14:34:48.312+0900] {logging_mixin.py:188} INFO - [2024-07-20T14:34:48.312+0900] {dag.py:3096} INFO - Sync 1 DAGs
[2024-07-20T14:34:48.345+0900] {logging_mixin.py:188} INFO - [2024-07-20T14:34:48.345+0900] {dag.py:3954} INFO - Setting next_dagrun for example_setup_teardown_taskflow to 2024-07-19 00:00:00+00:00, run_after=2024-07-20 00:00:00+00:00
[2024-07-20T14:34:48.401+0900] {processor.py:183} INFO - Processing /home/papalio/.local/lib/python3.10/site-packages/airflow/example_dags/example_setup_teardown_taskflow.py took 0.151 seconds
[2024-07-20T14:36:07.951+0900] {processor.py:161} INFO - Started process (PID=22274) to work on /home/papalio/.local/lib/python3.10/site-packages/airflow/example_dags/example_setup_teardown_taskflow.py
[2024-07-20T14:36:07.952+0900] {processor.py:830} INFO - Processing file /home/papalio/.local/lib/python3.10/site-packages/airflow/example_dags/example_setup_teardown_taskflow.py for tasks to queue
[2024-07-20T14:36:07.953+0900] {logging_mixin.py:188} INFO - [2024-07-20T14:36:07.952+0900] {dagbag.py:545} INFO - Filling up the DagBag from /home/papalio/.local/lib/python3.10/site-packages/airflow/example_dags/example_setup_teardown_taskflow.py
[2024-07-20T14:36:07.964+0900] {processor.py:840} INFO - DAG(s) 'example_setup_teardown_taskflow' retrieved from /home/papalio/.local/lib/python3.10/site-packages/airflow/example_dags/example_setup_teardown_taskflow.py
[2024-07-20T14:36:07.980+0900] {logging_mixin.py:188} INFO - [2024-07-20T14:36:07.980+0900] {dag.py:3096} INFO - Sync 1 DAGs
[2024-07-20T14:36:07.996+0900] {logging_mixin.py:188} INFO - [2024-07-20T14:36:07.996+0900] {dag.py:3954} INFO - Setting next_dagrun for example_setup_teardown_taskflow to 2024-07-19 00:00:00+00:00, run_after=2024-07-20 00:00:00+00:00
[2024-07-20T14:36:08.021+0900] {processor.py:183} INFO - Processing /home/papalio/.local/lib/python3.10/site-packages/airflow/example_dags/example_setup_teardown_taskflow.py took 0.077 seconds
[2024-07-20T14:37:26.896+0900] {processor.py:161} INFO - Started process (PID=22776) to work on /home/papalio/.local/lib/python3.10/site-packages/airflow/example_dags/example_setup_teardown_taskflow.py
[2024-07-20T14:37:26.898+0900] {processor.py:830} INFO - Processing file /home/papalio/.local/lib/python3.10/site-packages/airflow/example_dags/example_setup_teardown_taskflow.py for tasks to queue
[2024-07-20T14:37:26.899+0900] {logging_mixin.py:188} INFO - [2024-07-20T14:37:26.899+0900] {dagbag.py:545} INFO - Filling up the DagBag from /home/papalio/.local/lib/python3.10/site-packages/airflow/example_dags/example_setup_teardown_taskflow.py
[2024-07-20T14:37:26.918+0900] {processor.py:840} INFO - DAG(s) 'example_setup_teardown_taskflow' retrieved from /home/papalio/.local/lib/python3.10/site-packages/airflow/example_dags/example_setup_teardown_taskflow.py
[2024-07-20T14:37:26.946+0900] {logging_mixin.py:188} INFO - [2024-07-20T14:37:26.945+0900] {dag.py:3096} INFO - Sync 1 DAGs
[2024-07-20T14:37:26.977+0900] {logging_mixin.py:188} INFO - [2024-07-20T14:37:26.976+0900] {dag.py:3954} INFO - Setting next_dagrun for example_setup_teardown_taskflow to 2024-07-19 00:00:00+00:00, run_after=2024-07-20 00:00:00+00:00
[2024-07-20T14:37:27.015+0900] {processor.py:183} INFO - Processing /home/papalio/.local/lib/python3.10/site-packages/airflow/example_dags/example_setup_teardown_taskflow.py took 0.131 seconds
[2024-07-20T14:38:52.917+0900] {processor.py:161} INFO - Started process (PID=23303) to work on /home/papalio/.local/lib/python3.10/site-packages/airflow/example_dags/example_setup_teardown_taskflow.py
[2024-07-20T14:38:52.924+0900] {processor.py:830} INFO - Processing file /home/papalio/.local/lib/python3.10/site-packages/airflow/example_dags/example_setup_teardown_taskflow.py for tasks to queue
[2024-07-20T14:38:52.927+0900] {logging_mixin.py:188} INFO - [2024-07-20T14:38:52.926+0900] {dagbag.py:545} INFO - Filling up the DagBag from /home/papalio/.local/lib/python3.10/site-packages/airflow/example_dags/example_setup_teardown_taskflow.py
[2024-07-20T14:38:52.964+0900] {processor.py:840} INFO - DAG(s) 'example_setup_teardown_taskflow' retrieved from /home/papalio/.local/lib/python3.10/site-packages/airflow/example_dags/example_setup_teardown_taskflow.py
[2024-07-20T14:38:53.012+0900] {logging_mixin.py:188} INFO - [2024-07-20T14:38:53.012+0900] {dag.py:3096} INFO - Sync 1 DAGs
[2024-07-20T14:38:53.049+0900] {logging_mixin.py:188} INFO - [2024-07-20T14:38:53.049+0900] {dag.py:3954} INFO - Setting next_dagrun for example_setup_teardown_taskflow to 2024-07-19 00:00:00+00:00, run_after=2024-07-20 00:00:00+00:00
[2024-07-20T14:38:53.092+0900] {processor.py:183} INFO - Processing /home/papalio/.local/lib/python3.10/site-packages/airflow/example_dags/example_setup_teardown_taskflow.py took 0.194 seconds
[2024-07-20T14:40:21.378+0900] {processor.py:161} INFO - Started process (PID=23849) to work on /home/papalio/.local/lib/python3.10/site-packages/airflow/example_dags/example_setup_teardown_taskflow.py
[2024-07-20T14:40:21.380+0900] {processor.py:830} INFO - Processing file /home/papalio/.local/lib/python3.10/site-packages/airflow/example_dags/example_setup_teardown_taskflow.py for tasks to queue
[2024-07-20T14:40:21.381+0900] {logging_mixin.py:188} INFO - [2024-07-20T14:40:21.380+0900] {dagbag.py:545} INFO - Filling up the DagBag from /home/papalio/.local/lib/python3.10/site-packages/airflow/example_dags/example_setup_teardown_taskflow.py
[2024-07-20T14:40:21.392+0900] {processor.py:840} INFO - DAG(s) 'example_setup_teardown_taskflow' retrieved from /home/papalio/.local/lib/python3.10/site-packages/airflow/example_dags/example_setup_teardown_taskflow.py
[2024-07-20T14:40:21.408+0900] {logging_mixin.py:188} INFO - [2024-07-20T14:40:21.407+0900] {dag.py:3096} INFO - Sync 1 DAGs
[2024-07-20T14:40:21.425+0900] {logging_mixin.py:188} INFO - [2024-07-20T14:40:21.425+0900] {dag.py:3954} INFO - Setting next_dagrun for example_setup_teardown_taskflow to 2024-07-19 00:00:00+00:00, run_after=2024-07-20 00:00:00+00:00
[2024-07-20T14:40:21.453+0900] {processor.py:183} INFO - Processing /home/papalio/.local/lib/python3.10/site-packages/airflow/example_dags/example_setup_teardown_taskflow.py took 0.080 seconds
[2024-07-20T14:41:56.621+0900] {processor.py:161} INFO - Started process (PID=24414) to work on /home/papalio/.local/lib/python3.10/site-packages/airflow/example_dags/example_setup_teardown_taskflow.py
[2024-07-20T14:41:56.626+0900] {processor.py:830} INFO - Processing file /home/papalio/.local/lib/python3.10/site-packages/airflow/example_dags/example_setup_teardown_taskflow.py for tasks to queue
[2024-07-20T14:41:56.629+0900] {logging_mixin.py:188} INFO - [2024-07-20T14:41:56.628+0900] {dagbag.py:545} INFO - Filling up the DagBag from /home/papalio/.local/lib/python3.10/site-packages/airflow/example_dags/example_setup_teardown_taskflow.py
[2024-07-20T14:41:56.654+0900] {processor.py:840} INFO - DAG(s) 'example_setup_teardown_taskflow' retrieved from /home/papalio/.local/lib/python3.10/site-packages/airflow/example_dags/example_setup_teardown_taskflow.py
[2024-07-20T14:41:56.703+0900] {logging_mixin.py:188} INFO - [2024-07-20T14:41:56.702+0900] {dag.py:3096} INFO - Sync 1 DAGs
[2024-07-20T14:41:56.774+0900] {logging_mixin.py:188} INFO - [2024-07-20T14:41:56.773+0900] {dag.py:3954} INFO - Setting next_dagrun for example_setup_teardown_taskflow to 2024-07-19 00:00:00+00:00, run_after=2024-07-20 00:00:00+00:00
[2024-07-20T14:41:56.876+0900] {processor.py:183} INFO - Processing /home/papalio/.local/lib/python3.10/site-packages/airflow/example_dags/example_setup_teardown_taskflow.py took 0.273 seconds
[2024-07-20T14:43:17.858+0900] {processor.py:161} INFO - Started process (PID=24951) to work on /home/papalio/.local/lib/python3.10/site-packages/airflow/example_dags/example_setup_teardown_taskflow.py
[2024-07-20T14:43:17.861+0900] {processor.py:830} INFO - Processing file /home/papalio/.local/lib/python3.10/site-packages/airflow/example_dags/example_setup_teardown_taskflow.py for tasks to queue
[2024-07-20T14:43:17.863+0900] {logging_mixin.py:188} INFO - [2024-07-20T14:43:17.862+0900] {dagbag.py:545} INFO - Filling up the DagBag from /home/papalio/.local/lib/python3.10/site-packages/airflow/example_dags/example_setup_teardown_taskflow.py
[2024-07-20T14:43:17.880+0900] {processor.py:840} INFO - DAG(s) 'example_setup_teardown_taskflow' retrieved from /home/papalio/.local/lib/python3.10/site-packages/airflow/example_dags/example_setup_teardown_taskflow.py
[2024-07-20T14:43:17.917+0900] {logging_mixin.py:188} INFO - [2024-07-20T14:43:17.917+0900] {dag.py:3096} INFO - Sync 1 DAGs
[2024-07-20T14:43:17.952+0900] {logging_mixin.py:188} INFO - [2024-07-20T14:43:17.951+0900] {dag.py:3954} INFO - Setting next_dagrun for example_setup_teardown_taskflow to 2024-07-19 00:00:00+00:00, run_after=2024-07-20 00:00:00+00:00
[2024-07-20T14:43:17.996+0900] {processor.py:183} INFO - Processing /home/papalio/.local/lib/python3.10/site-packages/airflow/example_dags/example_setup_teardown_taskflow.py took 0.151 seconds
[2024-07-20T14:44:48.656+0900] {processor.py:161} INFO - Started process (PID=25501) to work on /home/papalio/.local/lib/python3.10/site-packages/airflow/example_dags/example_setup_teardown_taskflow.py
[2024-07-20T14:44:48.667+0900] {processor.py:830} INFO - Processing file /home/papalio/.local/lib/python3.10/site-packages/airflow/example_dags/example_setup_teardown_taskflow.py for tasks to queue
[2024-07-20T14:44:48.668+0900] {logging_mixin.py:188} INFO - [2024-07-20T14:44:48.667+0900] {dagbag.py:545} INFO - Filling up the DagBag from /home/papalio/.local/lib/python3.10/site-packages/airflow/example_dags/example_setup_teardown_taskflow.py
[2024-07-20T14:44:48.680+0900] {processor.py:840} INFO - DAG(s) 'example_setup_teardown_taskflow' retrieved from /home/papalio/.local/lib/python3.10/site-packages/airflow/example_dags/example_setup_teardown_taskflow.py
[2024-07-20T14:44:48.698+0900] {logging_mixin.py:188} INFO - [2024-07-20T14:44:48.698+0900] {dag.py:3096} INFO - Sync 1 DAGs
[2024-07-20T14:44:48.718+0900] {logging_mixin.py:188} INFO - [2024-07-20T14:44:48.717+0900] {dag.py:3954} INFO - Setting next_dagrun for example_setup_teardown_taskflow to 2024-07-19 00:00:00+00:00, run_after=2024-07-20 00:00:00+00:00
[2024-07-20T14:44:48.749+0900] {processor.py:183} INFO - Processing /home/papalio/.local/lib/python3.10/site-packages/airflow/example_dags/example_setup_teardown_taskflow.py took 0.103 seconds
