[2024-07-20T14:10:20.419+0900] {processor.py:161} INFO - Started process (PID=12634) to work on /home/papalio/.local/lib/python3.10/site-packages/airflow/example_dags/example_branch_operator_decorator.py
[2024-07-20T14:10:20.422+0900] {processor.py:830} INFO - Processing file /home/papalio/.local/lib/python3.10/site-packages/airflow/example_dags/example_branch_operator_decorator.py for tasks to queue
[2024-07-20T14:10:20.428+0900] {logging_mixin.py:188} INFO - [2024-07-20T14:10:20.427+0900] {dagbag.py:545} INFO - Filling up the DagBag from /home/papalio/.local/lib/python3.10/site-packages/airflow/example_dags/example_branch_operator_decorator.py
[2024-07-20T14:10:21.212+0900] {processor.py:842} WARNING - No viable dags retrieved from /home/papalio/.local/lib/python3.10/site-packages/airflow/example_dags/example_branch_operator_decorator.py
[2024-07-20T14:10:21.233+0900] {processor.py:183} INFO - Processing /home/papalio/.local/lib/python3.10/site-packages/airflow/example_dags/example_branch_operator_decorator.py took 0.832 seconds
[2024-07-20T14:11:34.351+0900] {processor.py:161} INFO - Started process (PID=13052) to work on /home/papalio/.local/lib/python3.10/site-packages/airflow/example_dags/example_branch_operator_decorator.py
[2024-07-20T14:11:34.353+0900] {processor.py:830} INFO - Processing file /home/papalio/.local/lib/python3.10/site-packages/airflow/example_dags/example_branch_operator_decorator.py for tasks to queue
[2024-07-20T14:11:34.356+0900] {logging_mixin.py:188} INFO - [2024-07-20T14:11:34.356+0900] {dagbag.py:545} INFO - Filling up the DagBag from /home/papalio/.local/lib/python3.10/site-packages/airflow/example_dags/example_branch_operator_decorator.py
[2024-07-20T14:11:34.851+0900] {processor.py:842} WARNING - No viable dags retrieved from /home/papalio/.local/lib/python3.10/site-packages/airflow/example_dags/example_branch_operator_decorator.py
[2024-07-20T14:11:34.871+0900] {processor.py:183} INFO - Processing /home/papalio/.local/lib/python3.10/site-packages/airflow/example_dags/example_branch_operator_decorator.py took 0.531 seconds
[2024-07-20T14:12:53.945+0900] {processor.py:161} INFO - Started process (PID=13556) to work on /home/papalio/.local/lib/python3.10/site-packages/airflow/example_dags/example_branch_operator_decorator.py
[2024-07-20T14:12:53.948+0900] {processor.py:830} INFO - Processing file /home/papalio/.local/lib/python3.10/site-packages/airflow/example_dags/example_branch_operator_decorator.py for tasks to queue
[2024-07-20T14:12:53.950+0900] {logging_mixin.py:188} INFO - [2024-07-20T14:12:53.950+0900] {dagbag.py:545} INFO - Filling up the DagBag from /home/papalio/.local/lib/python3.10/site-packages/airflow/example_dags/example_branch_operator_decorator.py
[2024-07-20T14:12:54.593+0900] {processor.py:842} WARNING - No viable dags retrieved from /home/papalio/.local/lib/python3.10/site-packages/airflow/example_dags/example_branch_operator_decorator.py
[2024-07-20T14:12:54.669+0900] {processor.py:183} INFO - Processing /home/papalio/.local/lib/python3.10/site-packages/airflow/example_dags/example_branch_operator_decorator.py took 0.733 seconds
[2024-07-20T14:14:18.964+0900] {processor.py:161} INFO - Started process (PID=14084) to work on /home/papalio/.local/lib/python3.10/site-packages/airflow/example_dags/example_branch_operator_decorator.py
[2024-07-20T14:14:18.967+0900] {processor.py:830} INFO - Processing file /home/papalio/.local/lib/python3.10/site-packages/airflow/example_dags/example_branch_operator_decorator.py for tasks to queue
[2024-07-20T14:14:18.970+0900] {logging_mixin.py:188} INFO - [2024-07-20T14:14:18.969+0900] {dagbag.py:545} INFO - Filling up the DagBag from /home/papalio/.local/lib/python3.10/site-packages/airflow/example_dags/example_branch_operator_decorator.py
[2024-07-20T14:14:19.540+0900] {processor.py:842} WARNING - No viable dags retrieved from /home/papalio/.local/lib/python3.10/site-packages/airflow/example_dags/example_branch_operator_decorator.py
[2024-07-20T14:14:19.566+0900] {processor.py:183} INFO - Processing /home/papalio/.local/lib/python3.10/site-packages/airflow/example_dags/example_branch_operator_decorator.py took 0.615 seconds
[2024-07-20T14:15:37.536+0900] {processor.py:161} INFO - Started process (PID=14583) to work on /home/papalio/.local/lib/python3.10/site-packages/airflow/example_dags/example_branch_operator_decorator.py
[2024-07-20T14:15:37.538+0900] {processor.py:830} INFO - Processing file /home/papalio/.local/lib/python3.10/site-packages/airflow/example_dags/example_branch_operator_decorator.py for tasks to queue
[2024-07-20T14:15:37.541+0900] {logging_mixin.py:188} INFO - [2024-07-20T14:15:37.541+0900] {dagbag.py:545} INFO - Filling up the DagBag from /home/papalio/.local/lib/python3.10/site-packages/airflow/example_dags/example_branch_operator_decorator.py
[2024-07-20T14:15:37.825+0900] {processor.py:842} WARNING - No viable dags retrieved from /home/papalio/.local/lib/python3.10/site-packages/airflow/example_dags/example_branch_operator_decorator.py
[2024-07-20T14:15:37.842+0900] {processor.py:183} INFO - Processing /home/papalio/.local/lib/python3.10/site-packages/airflow/example_dags/example_branch_operator_decorator.py took 0.320 seconds
[2024-07-20T14:16:52.596+0900] {processor.py:161} INFO - Started process (PID=15071) to work on /home/papalio/.local/lib/python3.10/site-packages/airflow/example_dags/example_branch_operator_decorator.py
[2024-07-20T14:16:52.598+0900] {processor.py:830} INFO - Processing file /home/papalio/.local/lib/python3.10/site-packages/airflow/example_dags/example_branch_operator_decorator.py for tasks to queue
[2024-07-20T14:16:52.600+0900] {logging_mixin.py:188} INFO - [2024-07-20T14:16:52.600+0900] {dagbag.py:545} INFO - Filling up the DagBag from /home/papalio/.local/lib/python3.10/site-packages/airflow/example_dags/example_branch_operator_decorator.py
[2024-07-20T14:16:55.171+0900] {processor.py:842} WARNING - No viable dags retrieved from /home/papalio/.local/lib/python3.10/site-packages/airflow/example_dags/example_branch_operator_decorator.py
[2024-07-20T14:16:55.190+0900] {processor.py:183} INFO - Processing /home/papalio/.local/lib/python3.10/site-packages/airflow/example_dags/example_branch_operator_decorator.py took 2.604 seconds
[2024-07-20T14:18:14.067+0900] {processor.py:161} INFO - Started process (PID=15588) to work on /home/papalio/.local/lib/python3.10/site-packages/airflow/example_dags/example_branch_operator_decorator.py
[2024-07-20T14:18:14.071+0900] {processor.py:830} INFO - Processing file /home/papalio/.local/lib/python3.10/site-packages/airflow/example_dags/example_branch_operator_decorator.py for tasks to queue
[2024-07-20T14:18:14.075+0900] {logging_mixin.py:188} INFO - [2024-07-20T14:18:14.074+0900] {dagbag.py:545} INFO - Filling up the DagBag from /home/papalio/.local/lib/python3.10/site-packages/airflow/example_dags/example_branch_operator_decorator.py
[2024-07-20T14:18:14.568+0900] {processor.py:842} WARNING - No viable dags retrieved from /home/papalio/.local/lib/python3.10/site-packages/airflow/example_dags/example_branch_operator_decorator.py
[2024-07-20T14:18:14.589+0900] {processor.py:183} INFO - Processing /home/papalio/.local/lib/python3.10/site-packages/airflow/example_dags/example_branch_operator_decorator.py took 0.538 seconds
[2024-07-20T14:19:35.712+0900] {processor.py:161} INFO - Started process (PID=16101) to work on /home/papalio/.local/lib/python3.10/site-packages/airflow/example_dags/example_branch_operator_decorator.py
[2024-07-20T14:19:35.724+0900] {processor.py:830} INFO - Processing file /home/papalio/.local/lib/python3.10/site-packages/airflow/example_dags/example_branch_operator_decorator.py for tasks to queue
[2024-07-20T14:19:35.728+0900] {logging_mixin.py:188} INFO - [2024-07-20T14:19:35.727+0900] {dagbag.py:545} INFO - Filling up the DagBag from /home/papalio/.local/lib/python3.10/site-packages/airflow/example_dags/example_branch_operator_decorator.py
[2024-07-20T14:19:35.927+0900] {processor.py:842} WARNING - No viable dags retrieved from /home/papalio/.local/lib/python3.10/site-packages/airflow/example_dags/example_branch_operator_decorator.py
[2024-07-20T14:19:35.941+0900] {processor.py:183} INFO - Processing /home/papalio/.local/lib/python3.10/site-packages/airflow/example_dags/example_branch_operator_decorator.py took 0.243 seconds
[2024-07-20T14:21:04.152+0900] {processor.py:161} INFO - Started process (PID=16718) to work on /home/papalio/.local/lib/python3.10/site-packages/airflow/example_dags/example_branch_operator_decorator.py
[2024-07-20T14:21:04.155+0900] {processor.py:830} INFO - Processing file /home/papalio/.local/lib/python3.10/site-packages/airflow/example_dags/example_branch_operator_decorator.py for tasks to queue
[2024-07-20T14:21:04.160+0900] {logging_mixin.py:188} INFO - [2024-07-20T14:21:04.159+0900] {dagbag.py:545} INFO - Filling up the DagBag from /home/papalio/.local/lib/python3.10/site-packages/airflow/example_dags/example_branch_operator_decorator.py
[2024-07-20T14:21:06.804+0900] {processor.py:842} WARNING - No viable dags retrieved from /home/papalio/.local/lib/python3.10/site-packages/airflow/example_dags/example_branch_operator_decorator.py
[2024-07-20T14:21:06.829+0900] {processor.py:183} INFO - Processing /home/papalio/.local/lib/python3.10/site-packages/airflow/example_dags/example_branch_operator_decorator.py took 2.693 seconds
[2024-07-20T14:22:37.955+0900] {processor.py:161} INFO - Started process (PID=17325) to work on /home/papalio/.local/lib/python3.10/site-packages/airflow/example_dags/example_branch_operator_decorator.py
[2024-07-20T14:22:37.961+0900] {processor.py:830} INFO - Processing file /home/papalio/.local/lib/python3.10/site-packages/airflow/example_dags/example_branch_operator_decorator.py for tasks to queue
[2024-07-20T14:22:37.965+0900] {logging_mixin.py:188} INFO - [2024-07-20T14:22:37.963+0900] {dagbag.py:545} INFO - Filling up the DagBag from /home/papalio/.local/lib/python3.10/site-packages/airflow/example_dags/example_branch_operator_decorator.py
[2024-07-20T14:22:38.925+0900] {processor.py:842} WARNING - No viable dags retrieved from /home/papalio/.local/lib/python3.10/site-packages/airflow/example_dags/example_branch_operator_decorator.py
[2024-07-20T14:22:38.958+0900] {processor.py:183} INFO - Processing /home/papalio/.local/lib/python3.10/site-packages/airflow/example_dags/example_branch_operator_decorator.py took 1.037 seconds
[2024-07-20T14:24:21.756+0900] {processor.py:161} INFO - Started process (PID=17924) to work on /home/papalio/.local/lib/python3.10/site-packages/airflow/example_dags/example_branch_operator_decorator.py
[2024-07-20T14:24:21.759+0900] {processor.py:830} INFO - Processing file /home/papalio/.local/lib/python3.10/site-packages/airflow/example_dags/example_branch_operator_decorator.py for tasks to queue
[2024-07-20T14:24:21.760+0900] {logging_mixin.py:188} INFO - [2024-07-20T14:24:21.760+0900] {dagbag.py:545} INFO - Filling up the DagBag from /home/papalio/.local/lib/python3.10/site-packages/airflow/example_dags/example_branch_operator_decorator.py
[2024-07-20T14:24:22.428+0900] {processor.py:842} WARNING - No viable dags retrieved from /home/papalio/.local/lib/python3.10/site-packages/airflow/example_dags/example_branch_operator_decorator.py
[2024-07-20T14:24:22.444+0900] {processor.py:183} INFO - Processing /home/papalio/.local/lib/python3.10/site-packages/airflow/example_dags/example_branch_operator_decorator.py took 0.696 seconds
[2024-07-20T14:25:58.562+0900] {processor.py:161} INFO - Started process (PID=18504) to work on /home/papalio/.local/lib/python3.10/site-packages/airflow/example_dags/example_branch_operator_decorator.py
[2024-07-20T14:25:58.565+0900] {processor.py:830} INFO - Processing file /home/papalio/.local/lib/python3.10/site-packages/airflow/example_dags/example_branch_operator_decorator.py for tasks to queue
[2024-07-20T14:25:58.566+0900] {logging_mixin.py:188} INFO - [2024-07-20T14:25:58.566+0900] {dagbag.py:545} INFO - Filling up the DagBag from /home/papalio/.local/lib/python3.10/site-packages/airflow/example_dags/example_branch_operator_decorator.py
[2024-07-20T14:25:59.046+0900] {processor.py:842} WARNING - No viable dags retrieved from /home/papalio/.local/lib/python3.10/site-packages/airflow/example_dags/example_branch_operator_decorator.py
[2024-07-20T14:25:59.071+0900] {processor.py:183} INFO - Processing /home/papalio/.local/lib/python3.10/site-packages/airflow/example_dags/example_branch_operator_decorator.py took 0.522 seconds
[2024-07-20T14:27:34.109+0900] {processor.py:161} INFO - Started process (PID=19069) to work on /home/papalio/.local/lib/python3.10/site-packages/airflow/example_dags/example_branch_operator_decorator.py
[2024-07-20T14:27:34.113+0900] {processor.py:830} INFO - Processing file /home/papalio/.local/lib/python3.10/site-packages/airflow/example_dags/example_branch_operator_decorator.py for tasks to queue
[2024-07-20T14:27:34.114+0900] {logging_mixin.py:188} INFO - [2024-07-20T14:27:34.114+0900] {dagbag.py:545} INFO - Filling up the DagBag from /home/papalio/.local/lib/python3.10/site-packages/airflow/example_dags/example_branch_operator_decorator.py
[2024-07-20T14:27:34.286+0900] {processor.py:842} WARNING - No viable dags retrieved from /home/papalio/.local/lib/python3.10/site-packages/airflow/example_dags/example_branch_operator_decorator.py
[2024-07-20T14:27:34.307+0900] {processor.py:183} INFO - Processing /home/papalio/.local/lib/python3.10/site-packages/airflow/example_dags/example_branch_operator_decorator.py took 0.207 seconds
[2024-07-20T14:28:51.059+0900] {processor.py:161} INFO - Started process (PID=19566) to work on /home/papalio/.local/lib/python3.10/site-packages/airflow/example_dags/example_branch_operator_decorator.py
[2024-07-20T14:28:51.062+0900] {processor.py:830} INFO - Processing file /home/papalio/.local/lib/python3.10/site-packages/airflow/example_dags/example_branch_operator_decorator.py for tasks to queue
[2024-07-20T14:28:51.064+0900] {logging_mixin.py:188} INFO - [2024-07-20T14:28:51.063+0900] {dagbag.py:545} INFO - Filling up the DagBag from /home/papalio/.local/lib/python3.10/site-packages/airflow/example_dags/example_branch_operator_decorator.py
[2024-07-20T14:28:51.480+0900] {processor.py:842} WARNING - No viable dags retrieved from /home/papalio/.local/lib/python3.10/site-packages/airflow/example_dags/example_branch_operator_decorator.py
[2024-07-20T14:28:51.502+0900] {processor.py:183} INFO - Processing /home/papalio/.local/lib/python3.10/site-packages/airflow/example_dags/example_branch_operator_decorator.py took 0.453 seconds
[2024-07-20T14:30:10.705+0900] {processor.py:161} INFO - Started process (PID=20080) to work on /home/papalio/.local/lib/python3.10/site-packages/airflow/example_dags/example_branch_operator_decorator.py
[2024-07-20T14:30:10.713+0900] {processor.py:830} INFO - Processing file /home/papalio/.local/lib/python3.10/site-packages/airflow/example_dags/example_branch_operator_decorator.py for tasks to queue
[2024-07-20T14:30:10.717+0900] {logging_mixin.py:188} INFO - [2024-07-20T14:30:10.716+0900] {dagbag.py:545} INFO - Filling up the DagBag from /home/papalio/.local/lib/python3.10/site-packages/airflow/example_dags/example_branch_operator_decorator.py
[2024-07-20T14:30:11.336+0900] {processor.py:842} WARNING - No viable dags retrieved from /home/papalio/.local/lib/python3.10/site-packages/airflow/example_dags/example_branch_operator_decorator.py
[2024-07-20T14:30:11.358+0900] {processor.py:183} INFO - Processing /home/papalio/.local/lib/python3.10/site-packages/airflow/example_dags/example_branch_operator_decorator.py took 0.678 seconds
[2024-07-20T14:31:29.959+0900] {processor.py:161} INFO - Started process (PID=20586) to work on /home/papalio/.local/lib/python3.10/site-packages/airflow/example_dags/example_branch_operator_decorator.py
[2024-07-20T14:31:29.961+0900] {processor.py:830} INFO - Processing file /home/papalio/.local/lib/python3.10/site-packages/airflow/example_dags/example_branch_operator_decorator.py for tasks to queue
[2024-07-20T14:31:29.963+0900] {logging_mixin.py:188} INFO - [2024-07-20T14:31:29.962+0900] {dagbag.py:545} INFO - Filling up the DagBag from /home/papalio/.local/lib/python3.10/site-packages/airflow/example_dags/example_branch_operator_decorator.py
[2024-07-20T14:31:30.346+0900] {processor.py:842} WARNING - No viable dags retrieved from /home/papalio/.local/lib/python3.10/site-packages/airflow/example_dags/example_branch_operator_decorator.py
[2024-07-20T14:31:30.364+0900] {processor.py:183} INFO - Processing /home/papalio/.local/lib/python3.10/site-packages/airflow/example_dags/example_branch_operator_decorator.py took 0.416 seconds
[2024-07-20T14:33:00.399+0900] {processor.py:161} INFO - Started process (PID=21131) to work on /home/papalio/.local/lib/python3.10/site-packages/airflow/example_dags/example_branch_operator_decorator.py
[2024-07-20T14:33:00.403+0900] {processor.py:830} INFO - Processing file /home/papalio/.local/lib/python3.10/site-packages/airflow/example_dags/example_branch_operator_decorator.py for tasks to queue
[2024-07-20T14:33:00.406+0900] {logging_mixin.py:188} INFO - [2024-07-20T14:33:00.405+0900] {dagbag.py:545} INFO - Filling up the DagBag from /home/papalio/.local/lib/python3.10/site-packages/airflow/example_dags/example_branch_operator_decorator.py
[2024-07-20T14:33:01.724+0900] {processor.py:842} WARNING - No viable dags retrieved from /home/papalio/.local/lib/python3.10/site-packages/airflow/example_dags/example_branch_operator_decorator.py
[2024-07-20T14:33:01.763+0900] {processor.py:183} INFO - Processing /home/papalio/.local/lib/python3.10/site-packages/airflow/example_dags/example_branch_operator_decorator.py took 1.389 seconds
[2024-07-20T14:34:29.113+0900] {processor.py:161} INFO - Started process (PID=21674) to work on /home/papalio/.local/lib/python3.10/site-packages/airflow/example_dags/example_branch_operator_decorator.py
[2024-07-20T14:34:29.118+0900] {processor.py:830} INFO - Processing file /home/papalio/.local/lib/python3.10/site-packages/airflow/example_dags/example_branch_operator_decorator.py for tasks to queue
[2024-07-20T14:34:29.121+0900] {logging_mixin.py:188} INFO - [2024-07-20T14:34:29.120+0900] {dagbag.py:545} INFO - Filling up the DagBag from /home/papalio/.local/lib/python3.10/site-packages/airflow/example_dags/example_branch_operator_decorator.py
[2024-07-20T14:34:29.718+0900] {processor.py:842} WARNING - No viable dags retrieved from /home/papalio/.local/lib/python3.10/site-packages/airflow/example_dags/example_branch_operator_decorator.py
[2024-07-20T14:34:29.740+0900] {processor.py:183} INFO - Processing /home/papalio/.local/lib/python3.10/site-packages/airflow/example_dags/example_branch_operator_decorator.py took 0.649 seconds
[2024-07-20T14:35:48.742+0900] {processor.py:161} INFO - Started process (PID=22182) to work on /home/papalio/.local/lib/python3.10/site-packages/airflow/example_dags/example_branch_operator_decorator.py
[2024-07-20T14:35:48.753+0900] {processor.py:830} INFO - Processing file /home/papalio/.local/lib/python3.10/site-packages/airflow/example_dags/example_branch_operator_decorator.py for tasks to queue
[2024-07-20T14:35:48.754+0900] {logging_mixin.py:188} INFO - [2024-07-20T14:35:48.753+0900] {dagbag.py:545} INFO - Filling up the DagBag from /home/papalio/.local/lib/python3.10/site-packages/airflow/example_dags/example_branch_operator_decorator.py
[2024-07-20T14:35:48.940+0900] {processor.py:842} WARNING - No viable dags retrieved from /home/papalio/.local/lib/python3.10/site-packages/airflow/example_dags/example_branch_operator_decorator.py
[2024-07-20T14:35:48.962+0900] {processor.py:183} INFO - Processing /home/papalio/.local/lib/python3.10/site-packages/airflow/example_dags/example_branch_operator_decorator.py took 0.229 seconds
[2024-07-20T14:37:10.148+0900] {processor.py:161} INFO - Started process (PID=22695) to work on /home/papalio/.local/lib/python3.10/site-packages/airflow/example_dags/example_branch_operator_decorator.py
[2024-07-20T14:37:10.152+0900] {processor.py:830} INFO - Processing file /home/papalio/.local/lib/python3.10/site-packages/airflow/example_dags/example_branch_operator_decorator.py for tasks to queue
[2024-07-20T14:37:10.154+0900] {logging_mixin.py:188} INFO - [2024-07-20T14:37:10.153+0900] {dagbag.py:545} INFO - Filling up the DagBag from /home/papalio/.local/lib/python3.10/site-packages/airflow/example_dags/example_branch_operator_decorator.py
[2024-07-20T14:37:10.520+0900] {processor.py:842} WARNING - No viable dags retrieved from /home/papalio/.local/lib/python3.10/site-packages/airflow/example_dags/example_branch_operator_decorator.py
[2024-07-20T14:37:10.535+0900] {processor.py:183} INFO - Processing /home/papalio/.local/lib/python3.10/site-packages/airflow/example_dags/example_branch_operator_decorator.py took 0.407 seconds
[2024-07-20T14:38:32.080+0900] {processor.py:161} INFO - Started process (PID=23207) to work on /home/papalio/.local/lib/python3.10/site-packages/airflow/example_dags/example_branch_operator_decorator.py
[2024-07-20T14:38:32.082+0900] {processor.py:830} INFO - Processing file /home/papalio/.local/lib/python3.10/site-packages/airflow/example_dags/example_branch_operator_decorator.py for tasks to queue
[2024-07-20T14:38:32.084+0900] {logging_mixin.py:188} INFO - [2024-07-20T14:38:32.083+0900] {dagbag.py:545} INFO - Filling up the DagBag from /home/papalio/.local/lib/python3.10/site-packages/airflow/example_dags/example_branch_operator_decorator.py
[2024-07-20T14:38:32.548+0900] {processor.py:842} WARNING - No viable dags retrieved from /home/papalio/.local/lib/python3.10/site-packages/airflow/example_dags/example_branch_operator_decorator.py
[2024-07-20T14:38:32.565+0900] {processor.py:183} INFO - Processing /home/papalio/.local/lib/python3.10/site-packages/airflow/example_dags/example_branch_operator_decorator.py took 0.495 seconds
[2024-07-20T14:40:03.301+0900] {processor.py:161} INFO - Started process (PID=23763) to work on /home/papalio/.local/lib/python3.10/site-packages/airflow/example_dags/example_branch_operator_decorator.py
[2024-07-20T14:40:03.305+0900] {processor.py:830} INFO - Processing file /home/papalio/.local/lib/python3.10/site-packages/airflow/example_dags/example_branch_operator_decorator.py for tasks to queue
[2024-07-20T14:40:03.307+0900] {logging_mixin.py:188} INFO - [2024-07-20T14:40:03.306+0900] {dagbag.py:545} INFO - Filling up the DagBag from /home/papalio/.local/lib/python3.10/site-packages/airflow/example_dags/example_branch_operator_decorator.py
[2024-07-20T14:40:03.728+0900] {processor.py:842} WARNING - No viable dags retrieved from /home/papalio/.local/lib/python3.10/site-packages/airflow/example_dags/example_branch_operator_decorator.py
[2024-07-20T14:40:03.748+0900] {processor.py:183} INFO - Processing /home/papalio/.local/lib/python3.10/site-packages/airflow/example_dags/example_branch_operator_decorator.py took 0.474 seconds
[2024-07-20T14:41:34.028+0900] {processor.py:161} INFO - Started process (PID=24312) to work on /home/papalio/.local/lib/python3.10/site-packages/airflow/example_dags/example_branch_operator_decorator.py
[2024-07-20T14:41:34.030+0900] {processor.py:830} INFO - Processing file /home/papalio/.local/lib/python3.10/site-packages/airflow/example_dags/example_branch_operator_decorator.py for tasks to queue
[2024-07-20T14:41:34.032+0900] {logging_mixin.py:188} INFO - [2024-07-20T14:41:34.031+0900] {dagbag.py:545} INFO - Filling up the DagBag from /home/papalio/.local/lib/python3.10/site-packages/airflow/example_dags/example_branch_operator_decorator.py
[2024-07-20T14:41:34.486+0900] {processor.py:842} WARNING - No viable dags retrieved from /home/papalio/.local/lib/python3.10/site-packages/airflow/example_dags/example_branch_operator_decorator.py
[2024-07-20T14:41:34.512+0900] {processor.py:183} INFO - Processing /home/papalio/.local/lib/python3.10/site-packages/airflow/example_dags/example_branch_operator_decorator.py took 0.498 seconds
[2024-07-20T14:42:58.270+0900] {processor.py:161} INFO - Started process (PID=24860) to work on /home/papalio/.local/lib/python3.10/site-packages/airflow/example_dags/example_branch_operator_decorator.py
[2024-07-20T14:42:58.272+0900] {processor.py:830} INFO - Processing file /home/papalio/.local/lib/python3.10/site-packages/airflow/example_dags/example_branch_operator_decorator.py for tasks to queue
[2024-07-20T14:42:58.273+0900] {logging_mixin.py:188} INFO - [2024-07-20T14:42:58.273+0900] {dagbag.py:545} INFO - Filling up the DagBag from /home/papalio/.local/lib/python3.10/site-packages/airflow/example_dags/example_branch_operator_decorator.py
[2024-07-20T14:42:58.433+0900] {processor.py:842} WARNING - No viable dags retrieved from /home/papalio/.local/lib/python3.10/site-packages/airflow/example_dags/example_branch_operator_decorator.py
[2024-07-20T14:42:58.457+0900] {processor.py:183} INFO - Processing /home/papalio/.local/lib/python3.10/site-packages/airflow/example_dags/example_branch_operator_decorator.py took 0.196 seconds
[2024-07-20T14:44:28.127+0900] {processor.py:161} INFO - Started process (PID=25405) to work on /home/papalio/.local/lib/python3.10/site-packages/airflow/example_dags/example_branch_operator_decorator.py
[2024-07-20T14:44:28.154+0900] {processor.py:830} INFO - Processing file /home/papalio/.local/lib/python3.10/site-packages/airflow/example_dags/example_branch_operator_decorator.py for tasks to queue
[2024-07-20T14:44:28.156+0900] {logging_mixin.py:188} INFO - [2024-07-20T14:44:28.155+0900] {dagbag.py:545} INFO - Filling up the DagBag from /home/papalio/.local/lib/python3.10/site-packages/airflow/example_dags/example_branch_operator_decorator.py
[2024-07-20T14:44:31.639+0900] {processor.py:842} WARNING - No viable dags retrieved from /home/papalio/.local/lib/python3.10/site-packages/airflow/example_dags/example_branch_operator_decorator.py
[2024-07-20T14:44:31.659+0900] {processor.py:183} INFO - Processing /home/papalio/.local/lib/python3.10/site-packages/airflow/example_dags/example_branch_operator_decorator.py took 3.542 seconds
