[2024-07-20T14:10:06.644+0900] {processor.py:161} INFO - Started process (PID=12574) to work on /home/papalio/.local/lib/python3.10/site-packages/airflow/example_dags/tutorial_dag.py
[2024-07-20T14:10:06.645+0900] {processor.py:830} INFO - Processing file /home/papalio/.local/lib/python3.10/site-packages/airflow/example_dags/tutorial_dag.py for tasks to queue
[2024-07-20T14:10:06.649+0900] {logging_mixin.py:188} INFO - [2024-07-20T14:10:06.648+0900] {dagbag.py:545} INFO - Filling up the DagBag from /home/papalio/.local/lib/python3.10/site-packages/airflow/example_dags/tutorial_dag.py
[2024-07-20T14:10:06.661+0900] {processor.py:840} INFO - DAG(s) 'tutorial_dag' retrieved from /home/papalio/.local/lib/python3.10/site-packages/airflow/example_dags/tutorial_dag.py
[2024-07-20T14:10:06.780+0900] {logging_mixin.py:188} INFO - [2024-07-20T14:10:06.779+0900] {dag.py:3096} INFO - Sync 1 DAGs
[2024-07-20T14:10:06.793+0900] {logging_mixin.py:188} INFO - [2024-07-20T14:10:06.793+0900] {dag.py:3954} INFO - Setting next_dagrun for tutorial_dag to None, run_after=None
[2024-07-20T14:10:06.826+0900] {processor.py:183} INFO - Processing /home/papalio/.local/lib/python3.10/site-packages/airflow/example_dags/tutorial_dag.py took 0.194 seconds
[2024-07-20T14:11:24.832+0900] {processor.py:161} INFO - Started process (PID=13007) to work on /home/papalio/.local/lib/python3.10/site-packages/airflow/example_dags/tutorial_dag.py
[2024-07-20T14:11:24.835+0900] {processor.py:830} INFO - Processing file /home/papalio/.local/lib/python3.10/site-packages/airflow/example_dags/tutorial_dag.py for tasks to queue
[2024-07-20T14:11:24.837+0900] {logging_mixin.py:188} INFO - [2024-07-20T14:11:24.836+0900] {dagbag.py:545} INFO - Filling up the DagBag from /home/papalio/.local/lib/python3.10/site-packages/airflow/example_dags/tutorial_dag.py
[2024-07-20T14:11:24.848+0900] {processor.py:840} INFO - DAG(s) 'tutorial_dag' retrieved from /home/papalio/.local/lib/python3.10/site-packages/airflow/example_dags/tutorial_dag.py
[2024-07-20T14:11:24.869+0900] {logging_mixin.py:188} INFO - [2024-07-20T14:11:24.869+0900] {dag.py:3096} INFO - Sync 1 DAGs
[2024-07-20T14:11:24.883+0900] {logging_mixin.py:188} INFO - [2024-07-20T14:11:24.883+0900] {dag.py:3954} INFO - Setting next_dagrun for tutorial_dag to None, run_after=None
[2024-07-20T14:11:24.913+0900] {processor.py:183} INFO - Processing /home/papalio/.local/lib/python3.10/site-packages/airflow/example_dags/tutorial_dag.py took 0.091 seconds
[2024-07-20T14:12:43.838+0900] {processor.py:161} INFO - Started process (PID=13509) to work on /home/papalio/.local/lib/python3.10/site-packages/airflow/example_dags/tutorial_dag.py
[2024-07-20T14:12:43.841+0900] {processor.py:830} INFO - Processing file /home/papalio/.local/lib/python3.10/site-packages/airflow/example_dags/tutorial_dag.py for tasks to queue
[2024-07-20T14:12:43.845+0900] {logging_mixin.py:188} INFO - [2024-07-20T14:12:43.844+0900] {dagbag.py:545} INFO - Filling up the DagBag from /home/papalio/.local/lib/python3.10/site-packages/airflow/example_dags/tutorial_dag.py
[2024-07-20T14:12:43.855+0900] {processor.py:840} INFO - DAG(s) 'tutorial_dag' retrieved from /home/papalio/.local/lib/python3.10/site-packages/airflow/example_dags/tutorial_dag.py
[2024-07-20T14:12:43.884+0900] {logging_mixin.py:188} INFO - [2024-07-20T14:12:43.884+0900] {dag.py:3096} INFO - Sync 1 DAGs
[2024-07-20T14:12:43.904+0900] {logging_mixin.py:188} INFO - [2024-07-20T14:12:43.903+0900] {dag.py:3954} INFO - Setting next_dagrun for tutorial_dag to None, run_after=None
[2024-07-20T14:12:43.938+0900] {processor.py:183} INFO - Processing /home/papalio/.local/lib/python3.10/site-packages/airflow/example_dags/tutorial_dag.py took 0.113 seconds
[2024-07-20T14:13:25.947+0900] {processor.py:161} INFO - Started process (PID=13764) to work on /home/papalio/.local/lib/python3.10/site-packages/airflow/example_dags/tutorial_dag.py
[2024-07-20T14:13:25.951+0900] {processor.py:830} INFO - Processing file /home/papalio/.local/lib/python3.10/site-packages/airflow/example_dags/tutorial_dag.py for tasks to queue
[2024-07-20T14:13:25.954+0900] {logging_mixin.py:188} INFO - [2024-07-20T14:13:25.953+0900] {dagbag.py:545} INFO - Filling up the DagBag from /home/papalio/.local/lib/python3.10/site-packages/airflow/example_dags/tutorial_dag.py
[2024-07-20T14:13:25.964+0900] {processor.py:840} INFO - DAG(s) 'tutorial_dag' retrieved from /home/papalio/.local/lib/python3.10/site-packages/airflow/example_dags/tutorial_dag.py
[2024-07-20T14:13:25.988+0900] {logging_mixin.py:188} INFO - [2024-07-20T14:13:25.988+0900] {dag.py:3096} INFO - Sync 1 DAGs
[2024-07-20T14:13:26.014+0900] {logging_mixin.py:188} INFO - [2024-07-20T14:13:26.014+0900] {dag.py:3954} INFO - Setting next_dagrun for tutorial_dag to None, run_after=None
[2024-07-20T14:13:26.061+0900] {processor.py:183} INFO - Processing /home/papalio/.local/lib/python3.10/site-packages/airflow/example_dags/tutorial_dag.py took 0.122 seconds
[2024-07-20T14:14:09.487+0900] {processor.py:161} INFO - Started process (PID=14037) to work on /home/papalio/.local/lib/python3.10/site-packages/airflow/example_dags/tutorial_dag.py
[2024-07-20T14:14:09.497+0900] {processor.py:830} INFO - Processing file /home/papalio/.local/lib/python3.10/site-packages/airflow/example_dags/tutorial_dag.py for tasks to queue
[2024-07-20T14:14:09.500+0900] {logging_mixin.py:188} INFO - [2024-07-20T14:14:09.499+0900] {dagbag.py:545} INFO - Filling up the DagBag from /home/papalio/.local/lib/python3.10/site-packages/airflow/example_dags/tutorial_dag.py
[2024-07-20T14:14:09.508+0900] {processor.py:840} INFO - DAG(s) 'tutorial_dag' retrieved from /home/papalio/.local/lib/python3.10/site-packages/airflow/example_dags/tutorial_dag.py
[2024-07-20T14:14:09.541+0900] {logging_mixin.py:188} INFO - [2024-07-20T14:14:09.540+0900] {dag.py:3096} INFO - Sync 1 DAGs
[2024-07-20T14:14:09.557+0900] {logging_mixin.py:188} INFO - [2024-07-20T14:14:09.556+0900] {dag.py:3954} INFO - Setting next_dagrun for tutorial_dag to None, run_after=None
[2024-07-20T14:14:09.591+0900] {processor.py:183} INFO - Processing /home/papalio/.local/lib/python3.10/site-packages/airflow/example_dags/tutorial_dag.py took 0.114 seconds
[2024-07-20T14:14:50.197+0900] {processor.py:161} INFO - Started process (PID=14289) to work on /home/papalio/.local/lib/python3.10/site-packages/airflow/example_dags/tutorial_dag.py
[2024-07-20T14:14:50.208+0900] {processor.py:830} INFO - Processing file /home/papalio/.local/lib/python3.10/site-packages/airflow/example_dags/tutorial_dag.py for tasks to queue
[2024-07-20T14:14:50.210+0900] {logging_mixin.py:188} INFO - [2024-07-20T14:14:50.210+0900] {dagbag.py:545} INFO - Filling up the DagBag from /home/papalio/.local/lib/python3.10/site-packages/airflow/example_dags/tutorial_dag.py
[2024-07-20T14:14:50.218+0900] {processor.py:840} INFO - DAG(s) 'tutorial_dag' retrieved from /home/papalio/.local/lib/python3.10/site-packages/airflow/example_dags/tutorial_dag.py
[2024-07-20T14:14:50.240+0900] {logging_mixin.py:188} INFO - [2024-07-20T14:14:50.239+0900] {dag.py:3096} INFO - Sync 1 DAGs
[2024-07-20T14:14:50.255+0900] {logging_mixin.py:188} INFO - [2024-07-20T14:14:50.255+0900] {dag.py:3954} INFO - Setting next_dagrun for tutorial_dag to None, run_after=None
[2024-07-20T14:14:50.291+0900] {processor.py:183} INFO - Processing /home/papalio/.local/lib/python3.10/site-packages/airflow/example_dags/tutorial_dag.py took 0.102 seconds
[2024-07-20T14:16:07.640+0900] {processor.py:161} INFO - Started process (PID=14783) to work on /home/papalio/.local/lib/python3.10/site-packages/airflow/example_dags/tutorial_dag.py
[2024-07-20T14:16:07.642+0900] {processor.py:830} INFO - Processing file /home/papalio/.local/lib/python3.10/site-packages/airflow/example_dags/tutorial_dag.py for tasks to queue
[2024-07-20T14:16:07.645+0900] {logging_mixin.py:188} INFO - [2024-07-20T14:16:07.644+0900] {dagbag.py:545} INFO - Filling up the DagBag from /home/papalio/.local/lib/python3.10/site-packages/airflow/example_dags/tutorial_dag.py
[2024-07-20T14:16:07.653+0900] {processor.py:840} INFO - DAG(s) 'tutorial_dag' retrieved from /home/papalio/.local/lib/python3.10/site-packages/airflow/example_dags/tutorial_dag.py
[2024-07-20T14:16:07.677+0900] {logging_mixin.py:188} INFO - [2024-07-20T14:16:07.676+0900] {dag.py:3096} INFO - Sync 1 DAGs
[2024-07-20T14:16:07.695+0900] {logging_mixin.py:188} INFO - [2024-07-20T14:16:07.695+0900] {dag.py:3954} INFO - Setting next_dagrun for tutorial_dag to None, run_after=None
[2024-07-20T14:16:07.739+0900] {processor.py:183} INFO - Processing /home/papalio/.local/lib/python3.10/site-packages/airflow/example_dags/tutorial_dag.py took 0.109 seconds
[2024-07-20T14:17:27.964+0900] {processor.py:161} INFO - Started process (PID=15293) to work on /home/papalio/.local/lib/python3.10/site-packages/airflow/example_dags/tutorial_dag.py
[2024-07-20T14:17:27.967+0900] {processor.py:830} INFO - Processing file /home/papalio/.local/lib/python3.10/site-packages/airflow/example_dags/tutorial_dag.py for tasks to queue
[2024-07-20T14:17:27.970+0900] {logging_mixin.py:188} INFO - [2024-07-20T14:17:27.969+0900] {dagbag.py:545} INFO - Filling up the DagBag from /home/papalio/.local/lib/python3.10/site-packages/airflow/example_dags/tutorial_dag.py
[2024-07-20T14:17:27.980+0900] {processor.py:840} INFO - DAG(s) 'tutorial_dag' retrieved from /home/papalio/.local/lib/python3.10/site-packages/airflow/example_dags/tutorial_dag.py
[2024-07-20T14:17:28.004+0900] {logging_mixin.py:188} INFO - [2024-07-20T14:17:28.003+0900] {dag.py:3096} INFO - Sync 1 DAGs
[2024-07-20T14:17:28.020+0900] {logging_mixin.py:188} INFO - [2024-07-20T14:17:28.020+0900] {dag.py:3954} INFO - Setting next_dagrun for tutorial_dag to None, run_after=None
[2024-07-20T14:17:28.058+0900] {processor.py:183} INFO - Processing /home/papalio/.local/lib/python3.10/site-packages/airflow/example_dags/tutorial_dag.py took 0.106 seconds
[2024-07-20T14:18:48.895+0900] {processor.py:161} INFO - Started process (PID=15803) to work on /home/papalio/.local/lib/python3.10/site-packages/airflow/example_dags/tutorial_dag.py
[2024-07-20T14:18:48.899+0900] {processor.py:830} INFO - Processing file /home/papalio/.local/lib/python3.10/site-packages/airflow/example_dags/tutorial_dag.py for tasks to queue
[2024-07-20T14:18:48.904+0900] {logging_mixin.py:188} INFO - [2024-07-20T14:18:48.903+0900] {dagbag.py:545} INFO - Filling up the DagBag from /home/papalio/.local/lib/python3.10/site-packages/airflow/example_dags/tutorial_dag.py
[2024-07-20T14:18:48.923+0900] {processor.py:840} INFO - DAG(s) 'tutorial_dag' retrieved from /home/papalio/.local/lib/python3.10/site-packages/airflow/example_dags/tutorial_dag.py
[2024-07-20T14:18:48.975+0900] {logging_mixin.py:188} INFO - [2024-07-20T14:18:48.973+0900] {dag.py:3096} INFO - Sync 1 DAGs
[2024-07-20T14:18:49.005+0900] {logging_mixin.py:188} INFO - [2024-07-20T14:18:49.004+0900] {dag.py:3954} INFO - Setting next_dagrun for tutorial_dag to None, run_after=None
[2024-07-20T14:18:49.073+0900] {processor.py:183} INFO - Processing /home/papalio/.local/lib/python3.10/site-packages/airflow/example_dags/tutorial_dag.py took 0.198 seconds
[2024-07-20T14:20:04.953+0900] {processor.py:161} INFO - Started process (PID=16298) to work on /home/papalio/.local/lib/python3.10/site-packages/airflow/example_dags/tutorial_dag.py
[2024-07-20T14:20:04.959+0900] {processor.py:830} INFO - Processing file /home/papalio/.local/lib/python3.10/site-packages/airflow/example_dags/tutorial_dag.py for tasks to queue
[2024-07-20T14:20:04.966+0900] {logging_mixin.py:188} INFO - [2024-07-20T14:20:04.963+0900] {dagbag.py:545} INFO - Filling up the DagBag from /home/papalio/.local/lib/python3.10/site-packages/airflow/example_dags/tutorial_dag.py
[2024-07-20T14:20:04.987+0900] {processor.py:840} INFO - DAG(s) 'tutorial_dag' retrieved from /home/papalio/.local/lib/python3.10/site-packages/airflow/example_dags/tutorial_dag.py
[2024-07-20T14:20:05.032+0900] {logging_mixin.py:188} INFO - [2024-07-20T14:20:05.031+0900] {dag.py:3096} INFO - Sync 1 DAGs
[2024-07-20T14:20:05.077+0900] {logging_mixin.py:188} INFO - [2024-07-20T14:20:05.077+0900] {dag.py:3954} INFO - Setting next_dagrun for tutorial_dag to None, run_after=None
[2024-07-20T14:20:05.360+0900] {processor.py:183} INFO - Processing /home/papalio/.local/lib/python3.10/site-packages/airflow/example_dags/tutorial_dag.py took 0.426 seconds
[2024-07-20T14:20:56.285+0900] {processor.py:161} INFO - Started process (PID=16677) to work on /home/papalio/.local/lib/python3.10/site-packages/airflow/example_dags/tutorial_dag.py
[2024-07-20T14:20:56.289+0900] {processor.py:830} INFO - Processing file /home/papalio/.local/lib/python3.10/site-packages/airflow/example_dags/tutorial_dag.py for tasks to queue
[2024-07-20T14:20:56.291+0900] {logging_mixin.py:188} INFO - [2024-07-20T14:20:56.291+0900] {dagbag.py:545} INFO - Filling up the DagBag from /home/papalio/.local/lib/python3.10/site-packages/airflow/example_dags/tutorial_dag.py
[2024-07-20T14:20:56.301+0900] {processor.py:840} INFO - DAG(s) 'tutorial_dag' retrieved from /home/papalio/.local/lib/python3.10/site-packages/airflow/example_dags/tutorial_dag.py
[2024-07-20T14:20:56.325+0900] {logging_mixin.py:188} INFO - [2024-07-20T14:20:56.324+0900] {dag.py:3096} INFO - Sync 1 DAGs
[2024-07-20T14:20:56.345+0900] {logging_mixin.py:188} INFO - [2024-07-20T14:20:56.344+0900] {dag.py:3954} INFO - Setting next_dagrun for tutorial_dag to None, run_after=None
[2024-07-20T14:20:56.402+0900] {processor.py:183} INFO - Processing /home/papalio/.local/lib/python3.10/site-packages/airflow/example_dags/tutorial_dag.py took 0.127 seconds
[2024-07-20T14:21:47.766+0900] {processor.py:161} INFO - Started process (PID=16972) to work on /home/papalio/.local/lib/python3.10/site-packages/airflow/example_dags/tutorial_dag.py
[2024-07-20T14:21:47.771+0900] {processor.py:830} INFO - Processing file /home/papalio/.local/lib/python3.10/site-packages/airflow/example_dags/tutorial_dag.py for tasks to queue
[2024-07-20T14:21:47.777+0900] {logging_mixin.py:188} INFO - [2024-07-20T14:21:47.776+0900] {dagbag.py:545} INFO - Filling up the DagBag from /home/papalio/.local/lib/python3.10/site-packages/airflow/example_dags/tutorial_dag.py
[2024-07-20T14:21:47.795+0900] {processor.py:840} INFO - DAG(s) 'tutorial_dag' retrieved from /home/papalio/.local/lib/python3.10/site-packages/airflow/example_dags/tutorial_dag.py
[2024-07-20T14:21:47.840+0900] {logging_mixin.py:188} INFO - [2024-07-20T14:21:47.839+0900] {dag.py:3096} INFO - Sync 1 DAGs
[2024-07-20T14:21:47.881+0900] {logging_mixin.py:188} INFO - [2024-07-20T14:21:47.881+0900] {dag.py:3954} INFO - Setting next_dagrun for tutorial_dag to None, run_after=None
[2024-07-20T14:21:47.938+0900] {processor.py:183} INFO - Processing /home/papalio/.local/lib/python3.10/site-packages/airflow/example_dags/tutorial_dag.py took 0.192 seconds
[2024-07-20T14:22:32.912+0900] {processor.py:161} INFO - Started process (PID=17302) to work on /home/papalio/.local/lib/python3.10/site-packages/airflow/example_dags/tutorial_dag.py
[2024-07-20T14:22:32.914+0900] {processor.py:830} INFO - Processing file /home/papalio/.local/lib/python3.10/site-packages/airflow/example_dags/tutorial_dag.py for tasks to queue
[2024-07-20T14:22:32.916+0900] {logging_mixin.py:188} INFO - [2024-07-20T14:22:32.915+0900] {dagbag.py:545} INFO - Filling up the DagBag from /home/papalio/.local/lib/python3.10/site-packages/airflow/example_dags/tutorial_dag.py
[2024-07-20T14:22:32.925+0900] {processor.py:840} INFO - DAG(s) 'tutorial_dag' retrieved from /home/papalio/.local/lib/python3.10/site-packages/airflow/example_dags/tutorial_dag.py
[2024-07-20T14:22:32.952+0900] {logging_mixin.py:188} INFO - [2024-07-20T14:22:32.952+0900] {dag.py:3096} INFO - Sync 1 DAGs
[2024-07-20T14:22:32.976+0900] {logging_mixin.py:188} INFO - [2024-07-20T14:22:32.975+0900] {dag.py:3954} INFO - Setting next_dagrun for tutorial_dag to None, run_after=None
[2024-07-20T14:22:33.025+0900] {processor.py:183} INFO - Processing /home/papalio/.local/lib/python3.10/site-packages/airflow/example_dags/tutorial_dag.py took 0.123 seconds
[2024-07-20T14:23:23.471+0900] {processor.py:161} INFO - Started process (PID=17583) to work on /home/papalio/.local/lib/python3.10/site-packages/airflow/example_dags/tutorial_dag.py
[2024-07-20T14:23:23.483+0900] {processor.py:830} INFO - Processing file /home/papalio/.local/lib/python3.10/site-packages/airflow/example_dags/tutorial_dag.py for tasks to queue
[2024-07-20T14:23:23.485+0900] {logging_mixin.py:188} INFO - [2024-07-20T14:23:23.484+0900] {dagbag.py:545} INFO - Filling up the DagBag from /home/papalio/.local/lib/python3.10/site-packages/airflow/example_dags/tutorial_dag.py
[2024-07-20T14:23:23.499+0900] {processor.py:840} INFO - DAG(s) 'tutorial_dag' retrieved from /home/papalio/.local/lib/python3.10/site-packages/airflow/example_dags/tutorial_dag.py
[2024-07-20T14:23:23.543+0900] {logging_mixin.py:188} INFO - [2024-07-20T14:23:23.543+0900] {dag.py:3096} INFO - Sync 1 DAGs
[2024-07-20T14:23:23.575+0900] {logging_mixin.py:188} INFO - [2024-07-20T14:23:23.574+0900] {dag.py:3954} INFO - Setting next_dagrun for tutorial_dag to None, run_after=None
[2024-07-20T14:23:23.656+0900] {processor.py:183} INFO - Processing /home/papalio/.local/lib/python3.10/site-packages/airflow/example_dags/tutorial_dag.py took 0.205 seconds
[2024-07-20T14:24:13.034+0900] {processor.py:161} INFO - Started process (PID=17880) to work on /home/papalio/.local/lib/python3.10/site-packages/airflow/example_dags/tutorial_dag.py
[2024-07-20T14:24:13.036+0900] {processor.py:830} INFO - Processing file /home/papalio/.local/lib/python3.10/site-packages/airflow/example_dags/tutorial_dag.py for tasks to queue
[2024-07-20T14:24:13.038+0900] {logging_mixin.py:188} INFO - [2024-07-20T14:24:13.037+0900] {dagbag.py:545} INFO - Filling up the DagBag from /home/papalio/.local/lib/python3.10/site-packages/airflow/example_dags/tutorial_dag.py
[2024-07-20T14:24:13.047+0900] {processor.py:840} INFO - DAG(s) 'tutorial_dag' retrieved from /home/papalio/.local/lib/python3.10/site-packages/airflow/example_dags/tutorial_dag.py
[2024-07-20T14:24:13.079+0900] {logging_mixin.py:188} INFO - [2024-07-20T14:24:13.078+0900] {dag.py:3096} INFO - Sync 1 DAGs
[2024-07-20T14:24:13.099+0900] {logging_mixin.py:188} INFO - [2024-07-20T14:24:13.098+0900] {dag.py:3954} INFO - Setting next_dagrun for tutorial_dag to None, run_after=None
[2024-07-20T14:24:13.139+0900] {processor.py:183} INFO - Processing /home/papalio/.local/lib/python3.10/site-packages/airflow/example_dags/tutorial_dag.py took 0.115 seconds
[2024-07-20T14:24:56.604+0900] {processor.py:161} INFO - Started process (PID=18146) to work on /home/papalio/.local/lib/python3.10/site-packages/airflow/example_dags/tutorial_dag.py
[2024-07-20T14:24:56.607+0900] {processor.py:830} INFO - Processing file /home/papalio/.local/lib/python3.10/site-packages/airflow/example_dags/tutorial_dag.py for tasks to queue
[2024-07-20T14:24:56.608+0900] {logging_mixin.py:188} INFO - [2024-07-20T14:24:56.608+0900] {dagbag.py:545} INFO - Filling up the DagBag from /home/papalio/.local/lib/python3.10/site-packages/airflow/example_dags/tutorial_dag.py
[2024-07-20T14:24:56.617+0900] {processor.py:840} INFO - DAG(s) 'tutorial_dag' retrieved from /home/papalio/.local/lib/python3.10/site-packages/airflow/example_dags/tutorial_dag.py
[2024-07-20T14:24:56.646+0900] {logging_mixin.py:188} INFO - [2024-07-20T14:24:56.645+0900] {dag.py:3096} INFO - Sync 1 DAGs
[2024-07-20T14:24:56.666+0900] {logging_mixin.py:188} INFO - [2024-07-20T14:24:56.666+0900] {dag.py:3954} INFO - Setting next_dagrun for tutorial_dag to None, run_after=None
[2024-07-20T14:24:56.708+0900] {processor.py:183} INFO - Processing /home/papalio/.local/lib/python3.10/site-packages/airflow/example_dags/tutorial_dag.py took 0.116 seconds
[2024-07-20T14:25:50.962+0900] {processor.py:161} INFO - Started process (PID=18468) to work on /home/papalio/.local/lib/python3.10/site-packages/airflow/example_dags/tutorial_dag.py
[2024-07-20T14:25:50.965+0900] {processor.py:830} INFO - Processing file /home/papalio/.local/lib/python3.10/site-packages/airflow/example_dags/tutorial_dag.py for tasks to queue
[2024-07-20T14:25:50.967+0900] {logging_mixin.py:188} INFO - [2024-07-20T14:25:50.966+0900] {dagbag.py:545} INFO - Filling up the DagBag from /home/papalio/.local/lib/python3.10/site-packages/airflow/example_dags/tutorial_dag.py
[2024-07-20T14:25:50.985+0900] {processor.py:840} INFO - DAG(s) 'tutorial_dag' retrieved from /home/papalio/.local/lib/python3.10/site-packages/airflow/example_dags/tutorial_dag.py
[2024-07-20T14:25:51.019+0900] {logging_mixin.py:188} INFO - [2024-07-20T14:25:51.018+0900] {dag.py:3096} INFO - Sync 1 DAGs
[2024-07-20T14:25:51.045+0900] {logging_mixin.py:188} INFO - [2024-07-20T14:25:51.045+0900] {dag.py:3954} INFO - Setting next_dagrun for tutorial_dag to None, run_after=None
[2024-07-20T14:25:51.101+0900] {processor.py:183} INFO - Processing /home/papalio/.local/lib/python3.10/site-packages/airflow/example_dags/tutorial_dag.py took 0.151 seconds
[2024-07-20T14:26:40.460+0900] {processor.py:161} INFO - Started process (PID=18751) to work on /home/papalio/.local/lib/python3.10/site-packages/airflow/example_dags/tutorial_dag.py
[2024-07-20T14:26:40.464+0900] {processor.py:830} INFO - Processing file /home/papalio/.local/lib/python3.10/site-packages/airflow/example_dags/tutorial_dag.py for tasks to queue
[2024-07-20T14:26:40.466+0900] {logging_mixin.py:188} INFO - [2024-07-20T14:26:40.466+0900] {dagbag.py:545} INFO - Filling up the DagBag from /home/papalio/.local/lib/python3.10/site-packages/airflow/example_dags/tutorial_dag.py
[2024-07-20T14:26:40.482+0900] {processor.py:840} INFO - DAG(s) 'tutorial_dag' retrieved from /home/papalio/.local/lib/python3.10/site-packages/airflow/example_dags/tutorial_dag.py
[2024-07-20T14:26:40.527+0900] {logging_mixin.py:188} INFO - [2024-07-20T14:26:40.526+0900] {dag.py:3096} INFO - Sync 1 DAGs
[2024-07-20T14:26:40.556+0900] {logging_mixin.py:188} INFO - [2024-07-20T14:26:40.555+0900] {dag.py:3954} INFO - Setting next_dagrun for tutorial_dag to None, run_after=None
[2024-07-20T14:26:40.623+0900] {processor.py:183} INFO - Processing /home/papalio/.local/lib/python3.10/site-packages/airflow/example_dags/tutorial_dag.py took 0.181 seconds
[2024-07-20T14:27:24.910+0900] {processor.py:161} INFO - Started process (PID=19026) to work on /home/papalio/.local/lib/python3.10/site-packages/airflow/example_dags/tutorial_dag.py
[2024-07-20T14:27:24.914+0900] {processor.py:830} INFO - Processing file /home/papalio/.local/lib/python3.10/site-packages/airflow/example_dags/tutorial_dag.py for tasks to queue
[2024-07-20T14:27:24.916+0900] {logging_mixin.py:188} INFO - [2024-07-20T14:27:24.915+0900] {dagbag.py:545} INFO - Filling up the DagBag from /home/papalio/.local/lib/python3.10/site-packages/airflow/example_dags/tutorial_dag.py
[2024-07-20T14:27:24.929+0900] {processor.py:840} INFO - DAG(s) 'tutorial_dag' retrieved from /home/papalio/.local/lib/python3.10/site-packages/airflow/example_dags/tutorial_dag.py
[2024-07-20T14:27:24.956+0900] {logging_mixin.py:188} INFO - [2024-07-20T14:27:24.955+0900] {dag.py:3096} INFO - Sync 1 DAGs
[2024-07-20T14:27:24.979+0900] {logging_mixin.py:188} INFO - [2024-07-20T14:27:24.978+0900] {dag.py:3954} INFO - Setting next_dagrun for tutorial_dag to None, run_after=None
[2024-07-20T14:27:25.039+0900] {processor.py:183} INFO - Processing /home/papalio/.local/lib/python3.10/site-packages/airflow/example_dags/tutorial_dag.py took 0.140 seconds
[2024-07-20T14:28:06.866+0900] {processor.py:161} INFO - Started process (PID=19281) to work on /home/papalio/.local/lib/python3.10/site-packages/airflow/example_dags/tutorial_dag.py
[2024-07-20T14:28:06.868+0900] {processor.py:830} INFO - Processing file /home/papalio/.local/lib/python3.10/site-packages/airflow/example_dags/tutorial_dag.py for tasks to queue
[2024-07-20T14:28:06.870+0900] {logging_mixin.py:188} INFO - [2024-07-20T14:28:06.869+0900] {dagbag.py:545} INFO - Filling up the DagBag from /home/papalio/.local/lib/python3.10/site-packages/airflow/example_dags/tutorial_dag.py
[2024-07-20T14:28:06.880+0900] {processor.py:840} INFO - DAG(s) 'tutorial_dag' retrieved from /home/papalio/.local/lib/python3.10/site-packages/airflow/example_dags/tutorial_dag.py
[2024-07-20T14:28:06.914+0900] {logging_mixin.py:188} INFO - [2024-07-20T14:28:06.914+0900] {dag.py:3096} INFO - Sync 1 DAGs
[2024-07-20T14:28:06.934+0900] {logging_mixin.py:188} INFO - [2024-07-20T14:28:06.934+0900] {dag.py:3954} INFO - Setting next_dagrun for tutorial_dag to None, run_after=None
[2024-07-20T14:28:06.993+0900] {processor.py:183} INFO - Processing /home/papalio/.local/lib/python3.10/site-packages/airflow/example_dags/tutorial_dag.py took 0.141 seconds
[2024-07-20T14:29:26.747+0900] {processor.py:161} INFO - Started process (PID=19793) to work on /home/papalio/.local/lib/python3.10/site-packages/airflow/example_dags/tutorial_dag.py
[2024-07-20T14:29:26.750+0900] {processor.py:830} INFO - Processing file /home/papalio/.local/lib/python3.10/site-packages/airflow/example_dags/tutorial_dag.py for tasks to queue
[2024-07-20T14:29:26.753+0900] {logging_mixin.py:188} INFO - [2024-07-20T14:29:26.752+0900] {dagbag.py:545} INFO - Filling up the DagBag from /home/papalio/.local/lib/python3.10/site-packages/airflow/example_dags/tutorial_dag.py
[2024-07-20T14:29:26.767+0900] {processor.py:840} INFO - DAG(s) 'tutorial_dag' retrieved from /home/papalio/.local/lib/python3.10/site-packages/airflow/example_dags/tutorial_dag.py
[2024-07-20T14:29:26.821+0900] {logging_mixin.py:188} INFO - [2024-07-20T14:29:26.820+0900] {dag.py:3096} INFO - Sync 1 DAGs
[2024-07-20T14:29:26.862+0900] {logging_mixin.py:188} INFO - [2024-07-20T14:29:26.861+0900] {dag.py:3954} INFO - Setting next_dagrun for tutorial_dag to None, run_after=None
[2024-07-20T14:29:26.929+0900] {processor.py:183} INFO - Processing /home/papalio/.local/lib/python3.10/site-packages/airflow/example_dags/tutorial_dag.py took 0.195 seconds
[2024-07-20T14:30:46.211+0900] {processor.py:161} INFO - Started process (PID=20304) to work on /home/papalio/.local/lib/python3.10/site-packages/airflow/example_dags/tutorial_dag.py
[2024-07-20T14:30:46.222+0900] {processor.py:830} INFO - Processing file /home/papalio/.local/lib/python3.10/site-packages/airflow/example_dags/tutorial_dag.py for tasks to queue
[2024-07-20T14:30:46.224+0900] {logging_mixin.py:188} INFO - [2024-07-20T14:30:46.223+0900] {dagbag.py:545} INFO - Filling up the DagBag from /home/papalio/.local/lib/python3.10/site-packages/airflow/example_dags/tutorial_dag.py
[2024-07-20T14:30:46.235+0900] {processor.py:840} INFO - DAG(s) 'tutorial_dag' retrieved from /home/papalio/.local/lib/python3.10/site-packages/airflow/example_dags/tutorial_dag.py
[2024-07-20T14:30:46.265+0900] {logging_mixin.py:188} INFO - [2024-07-20T14:30:46.265+0900] {dag.py:3096} INFO - Sync 1 DAGs
[2024-07-20T14:30:46.286+0900] {logging_mixin.py:188} INFO - [2024-07-20T14:30:46.285+0900] {dag.py:3954} INFO - Setting next_dagrun for tutorial_dag to None, run_after=None
[2024-07-20T14:30:46.327+0900] {processor.py:183} INFO - Processing /home/papalio/.local/lib/python3.10/site-packages/airflow/example_dags/tutorial_dag.py took 0.130 seconds
[2024-07-20T14:31:24.811+0900] {processor.py:161} INFO - Started process (PID=20562) to work on /home/papalio/.local/lib/python3.10/site-packages/airflow/example_dags/tutorial_dag.py
[2024-07-20T14:31:24.823+0900] {processor.py:830} INFO - Processing file /home/papalio/.local/lib/python3.10/site-packages/airflow/example_dags/tutorial_dag.py for tasks to queue
[2024-07-20T14:31:24.824+0900] {logging_mixin.py:188} INFO - [2024-07-20T14:31:24.824+0900] {dagbag.py:545} INFO - Filling up the DagBag from /home/papalio/.local/lib/python3.10/site-packages/airflow/example_dags/tutorial_dag.py
[2024-07-20T14:31:24.834+0900] {processor.py:840} INFO - DAG(s) 'tutorial_dag' retrieved from /home/papalio/.local/lib/python3.10/site-packages/airflow/example_dags/tutorial_dag.py
[2024-07-20T14:31:24.861+0900] {logging_mixin.py:188} INFO - [2024-07-20T14:31:24.861+0900] {dag.py:3096} INFO - Sync 1 DAGs
[2024-07-20T14:31:24.879+0900] {logging_mixin.py:188} INFO - [2024-07-20T14:31:24.879+0900] {dag.py:3954} INFO - Setting next_dagrun for tutorial_dag to None, run_after=None
[2024-07-20T14:31:24.919+0900] {processor.py:183} INFO - Processing /home/papalio/.local/lib/python3.10/site-packages/airflow/example_dags/tutorial_dag.py took 0.117 seconds
[2024-07-20T14:32:50.112+0900] {processor.py:161} INFO - Started process (PID=21083) to work on /home/papalio/.local/lib/python3.10/site-packages/airflow/example_dags/tutorial_dag.py
[2024-07-20T14:32:50.114+0900] {processor.py:830} INFO - Processing file /home/papalio/.local/lib/python3.10/site-packages/airflow/example_dags/tutorial_dag.py for tasks to queue
[2024-07-20T14:32:50.116+0900] {logging_mixin.py:188} INFO - [2024-07-20T14:32:50.115+0900] {dagbag.py:545} INFO - Filling up the DagBag from /home/papalio/.local/lib/python3.10/site-packages/airflow/example_dags/tutorial_dag.py
[2024-07-20T14:32:50.125+0900] {processor.py:840} INFO - DAG(s) 'tutorial_dag' retrieved from /home/papalio/.local/lib/python3.10/site-packages/airflow/example_dags/tutorial_dag.py
[2024-07-20T14:32:50.153+0900] {logging_mixin.py:188} INFO - [2024-07-20T14:32:50.152+0900] {dag.py:3096} INFO - Sync 1 DAGs
[2024-07-20T14:32:50.175+0900] {logging_mixin.py:188} INFO - [2024-07-20T14:32:50.175+0900] {dag.py:3954} INFO - Setting next_dagrun for tutorial_dag to None, run_after=None
[2024-07-20T14:32:50.236+0900] {processor.py:183} INFO - Processing /home/papalio/.local/lib/python3.10/site-packages/airflow/example_dags/tutorial_dag.py took 0.135 seconds
[2024-07-20T14:33:39.483+0900] {processor.py:161} INFO - Started process (PID=21367) to work on /home/papalio/.local/lib/python3.10/site-packages/airflow/example_dags/tutorial_dag.py
[2024-07-20T14:33:39.487+0900] {processor.py:830} INFO - Processing file /home/papalio/.local/lib/python3.10/site-packages/airflow/example_dags/tutorial_dag.py for tasks to queue
[2024-07-20T14:33:39.489+0900] {logging_mixin.py:188} INFO - [2024-07-20T14:33:39.488+0900] {dagbag.py:545} INFO - Filling up the DagBag from /home/papalio/.local/lib/python3.10/site-packages/airflow/example_dags/tutorial_dag.py
[2024-07-20T14:33:39.500+0900] {processor.py:840} INFO - DAG(s) 'tutorial_dag' retrieved from /home/papalio/.local/lib/python3.10/site-packages/airflow/example_dags/tutorial_dag.py
[2024-07-20T14:33:39.525+0900] {logging_mixin.py:188} INFO - [2024-07-20T14:33:39.525+0900] {dag.py:3096} INFO - Sync 1 DAGs
[2024-07-20T14:33:39.541+0900] {logging_mixin.py:188} INFO - [2024-07-20T14:33:39.540+0900] {dag.py:3954} INFO - Setting next_dagrun for tutorial_dag to None, run_after=None
[2024-07-20T14:33:39.589+0900] {processor.py:183} INFO - Processing /home/papalio/.local/lib/python3.10/site-packages/airflow/example_dags/tutorial_dag.py took 0.118 seconds
[2024-07-20T14:34:23.542+0900] {processor.py:161} INFO - Started process (PID=21648) to work on /home/papalio/.local/lib/python3.10/site-packages/airflow/example_dags/tutorial_dag.py
[2024-07-20T14:34:23.545+0900] {processor.py:830} INFO - Processing file /home/papalio/.local/lib/python3.10/site-packages/airflow/example_dags/tutorial_dag.py for tasks to queue
[2024-07-20T14:34:23.547+0900] {logging_mixin.py:188} INFO - [2024-07-20T14:34:23.546+0900] {dagbag.py:545} INFO - Filling up the DagBag from /home/papalio/.local/lib/python3.10/site-packages/airflow/example_dags/tutorial_dag.py
[2024-07-20T14:34:23.557+0900] {processor.py:840} INFO - DAG(s) 'tutorial_dag' retrieved from /home/papalio/.local/lib/python3.10/site-packages/airflow/example_dags/tutorial_dag.py
[2024-07-20T14:34:23.587+0900] {logging_mixin.py:188} INFO - [2024-07-20T14:34:23.586+0900] {dag.py:3096} INFO - Sync 1 DAGs
[2024-07-20T14:34:23.608+0900] {logging_mixin.py:188} INFO - [2024-07-20T14:34:23.608+0900] {dag.py:3954} INFO - Setting next_dagrun for tutorial_dag to None, run_after=None
[2024-07-20T14:34:23.656+0900] {processor.py:183} INFO - Processing /home/papalio/.local/lib/python3.10/site-packages/airflow/example_dags/tutorial_dag.py took 0.125 seconds
[2024-07-20T14:35:03.599+0900] {processor.py:161} INFO - Started process (PID=21897) to work on /home/papalio/.local/lib/python3.10/site-packages/airflow/example_dags/tutorial_dag.py
[2024-07-20T14:35:03.602+0900] {processor.py:830} INFO - Processing file /home/papalio/.local/lib/python3.10/site-packages/airflow/example_dags/tutorial_dag.py for tasks to queue
[2024-07-20T14:35:03.604+0900] {logging_mixin.py:188} INFO - [2024-07-20T14:35:03.603+0900] {dagbag.py:545} INFO - Filling up the DagBag from /home/papalio/.local/lib/python3.10/site-packages/airflow/example_dags/tutorial_dag.py
[2024-07-20T14:35:03.614+0900] {processor.py:840} INFO - DAG(s) 'tutorial_dag' retrieved from /home/papalio/.local/lib/python3.10/site-packages/airflow/example_dags/tutorial_dag.py
[2024-07-20T14:35:03.643+0900] {logging_mixin.py:188} INFO - [2024-07-20T14:35:03.643+0900] {dag.py:3096} INFO - Sync 1 DAGs
[2024-07-20T14:35:03.670+0900] {logging_mixin.py:188} INFO - [2024-07-20T14:35:03.669+0900] {dag.py:3954} INFO - Setting next_dagrun for tutorial_dag to None, run_after=None
[2024-07-20T14:35:03.713+0900] {processor.py:183} INFO - Processing /home/papalio/.local/lib/python3.10/site-packages/airflow/example_dags/tutorial_dag.py took 0.127 seconds
[2024-07-20T14:36:23.672+0900] {processor.py:161} INFO - Started process (PID=22406) to work on /home/papalio/.local/lib/python3.10/site-packages/airflow/example_dags/tutorial_dag.py
[2024-07-20T14:36:23.674+0900] {processor.py:830} INFO - Processing file /home/papalio/.local/lib/python3.10/site-packages/airflow/example_dags/tutorial_dag.py for tasks to queue
[2024-07-20T14:36:23.676+0900] {logging_mixin.py:188} INFO - [2024-07-20T14:36:23.675+0900] {dagbag.py:545} INFO - Filling up the DagBag from /home/papalio/.local/lib/python3.10/site-packages/airflow/example_dags/tutorial_dag.py
[2024-07-20T14:36:23.685+0900] {processor.py:840} INFO - DAG(s) 'tutorial_dag' retrieved from /home/papalio/.local/lib/python3.10/site-packages/airflow/example_dags/tutorial_dag.py
[2024-07-20T14:36:23.716+0900] {logging_mixin.py:188} INFO - [2024-07-20T14:36:23.715+0900] {dag.py:3096} INFO - Sync 1 DAGs
[2024-07-20T14:36:23.741+0900] {logging_mixin.py:188} INFO - [2024-07-20T14:36:23.740+0900] {dag.py:3954} INFO - Setting next_dagrun for tutorial_dag to None, run_after=None
[2024-07-20T14:36:23.799+0900] {processor.py:183} INFO - Processing /home/papalio/.local/lib/python3.10/site-packages/airflow/example_dags/tutorial_dag.py took 0.137 seconds
[2024-07-20T14:37:49.451+0900] {processor.py:161} INFO - Started process (PID=22932) to work on /home/papalio/.local/lib/python3.10/site-packages/airflow/example_dags/tutorial_dag.py
[2024-07-20T14:37:49.460+0900] {processor.py:830} INFO - Processing file /home/papalio/.local/lib/python3.10/site-packages/airflow/example_dags/tutorial_dag.py for tasks to queue
[2024-07-20T14:37:49.467+0900] {logging_mixin.py:188} INFO - [2024-07-20T14:37:49.466+0900] {dagbag.py:545} INFO - Filling up the DagBag from /home/papalio/.local/lib/python3.10/site-packages/airflow/example_dags/tutorial_dag.py
[2024-07-20T14:37:49.487+0900] {processor.py:840} INFO - DAG(s) 'tutorial_dag' retrieved from /home/papalio/.local/lib/python3.10/site-packages/airflow/example_dags/tutorial_dag.py
[2024-07-20T14:37:49.555+0900] {logging_mixin.py:188} INFO - [2024-07-20T14:37:49.553+0900] {dag.py:3096} INFO - Sync 1 DAGs
[2024-07-20T14:37:49.614+0900] {logging_mixin.py:188} INFO - [2024-07-20T14:37:49.613+0900] {dag.py:3954} INFO - Setting next_dagrun for tutorial_dag to None, run_after=None
[2024-07-20T14:37:49.721+0900] {processor.py:183} INFO - Processing /home/papalio/.local/lib/python3.10/site-packages/airflow/example_dags/tutorial_dag.py took 0.307 seconds
[2024-07-20T14:39:10.955+0900] {processor.py:161} INFO - Started process (PID=23445) to work on /home/papalio/.local/lib/python3.10/site-packages/airflow/example_dags/tutorial_dag.py
[2024-07-20T14:39:10.959+0900] {processor.py:830} INFO - Processing file /home/papalio/.local/lib/python3.10/site-packages/airflow/example_dags/tutorial_dag.py for tasks to queue
[2024-07-20T14:39:10.961+0900] {logging_mixin.py:188} INFO - [2024-07-20T14:39:10.960+0900] {dagbag.py:545} INFO - Filling up the DagBag from /home/papalio/.local/lib/python3.10/site-packages/airflow/example_dags/tutorial_dag.py
[2024-07-20T14:39:10.971+0900] {processor.py:840} INFO - DAG(s) 'tutorial_dag' retrieved from /home/papalio/.local/lib/python3.10/site-packages/airflow/example_dags/tutorial_dag.py
[2024-07-20T14:39:11.006+0900] {logging_mixin.py:188} INFO - [2024-07-20T14:39:11.005+0900] {dag.py:3096} INFO - Sync 1 DAGs
[2024-07-20T14:39:11.041+0900] {logging_mixin.py:188} INFO - [2024-07-20T14:39:11.040+0900] {dag.py:3954} INFO - Setting next_dagrun for tutorial_dag to None, run_after=None
[2024-07-20T14:39:11.109+0900] {processor.py:183} INFO - Processing /home/papalio/.local/lib/python3.10/site-packages/airflow/example_dags/tutorial_dag.py took 0.166 seconds
[2024-07-20T14:39:56.972+0900] {processor.py:161} INFO - Started process (PID=23734) to work on /home/papalio/.local/lib/python3.10/site-packages/airflow/example_dags/tutorial_dag.py
[2024-07-20T14:39:56.975+0900] {processor.py:830} INFO - Processing file /home/papalio/.local/lib/python3.10/site-packages/airflow/example_dags/tutorial_dag.py for tasks to queue
[2024-07-20T14:39:56.976+0900] {logging_mixin.py:188} INFO - [2024-07-20T14:39:56.975+0900] {dagbag.py:545} INFO - Filling up the DagBag from /home/papalio/.local/lib/python3.10/site-packages/airflow/example_dags/tutorial_dag.py
[2024-07-20T14:39:56.983+0900] {processor.py:840} INFO - DAG(s) 'tutorial_dag' retrieved from /home/papalio/.local/lib/python3.10/site-packages/airflow/example_dags/tutorial_dag.py
[2024-07-20T14:39:57.008+0900] {logging_mixin.py:188} INFO - [2024-07-20T14:39:57.008+0900] {dag.py:3096} INFO - Sync 1 DAGs
[2024-07-20T14:39:57.027+0900] {logging_mixin.py:188} INFO - [2024-07-20T14:39:57.026+0900] {dag.py:3954} INFO - Setting next_dagrun for tutorial_dag to None, run_after=None
[2024-07-20T14:39:57.084+0900] {processor.py:183} INFO - Processing /home/papalio/.local/lib/python3.10/site-packages/airflow/example_dags/tutorial_dag.py took 0.121 seconds
[2024-07-20T14:40:39.477+0900] {processor.py:161} INFO - Started process (PID=23992) to work on /home/papalio/.local/lib/python3.10/site-packages/airflow/example_dags/tutorial_dag.py
[2024-07-20T14:40:39.483+0900] {processor.py:830} INFO - Processing file /home/papalio/.local/lib/python3.10/site-packages/airflow/example_dags/tutorial_dag.py for tasks to queue
[2024-07-20T14:40:39.486+0900] {logging_mixin.py:188} INFO - [2024-07-20T14:40:39.485+0900] {dagbag.py:545} INFO - Filling up the DagBag from /home/papalio/.local/lib/python3.10/site-packages/airflow/example_dags/tutorial_dag.py
[2024-07-20T14:40:39.503+0900] {processor.py:840} INFO - DAG(s) 'tutorial_dag' retrieved from /home/papalio/.local/lib/python3.10/site-packages/airflow/example_dags/tutorial_dag.py
[2024-07-20T14:40:39.552+0900] {logging_mixin.py:188} INFO - [2024-07-20T14:40:39.551+0900] {dag.py:3096} INFO - Sync 1 DAGs
[2024-07-20T14:40:39.577+0900] {logging_mixin.py:188} INFO - [2024-07-20T14:40:39.576+0900] {dag.py:3954} INFO - Setting next_dagrun for tutorial_dag to None, run_after=None
[2024-07-20T14:40:39.633+0900] {processor.py:183} INFO - Processing /home/papalio/.local/lib/python3.10/site-packages/airflow/example_dags/tutorial_dag.py took 0.175 seconds
[2024-07-20T14:41:26.453+0900] {processor.py:161} INFO - Started process (PID=24277) to work on /home/papalio/.local/lib/python3.10/site-packages/airflow/example_dags/tutorial_dag.py
[2024-07-20T14:41:26.460+0900] {processor.py:830} INFO - Processing file /home/papalio/.local/lib/python3.10/site-packages/airflow/example_dags/tutorial_dag.py for tasks to queue
[2024-07-20T14:41:26.468+0900] {logging_mixin.py:188} INFO - [2024-07-20T14:41:26.465+0900] {dagbag.py:545} INFO - Filling up the DagBag from /home/papalio/.local/lib/python3.10/site-packages/airflow/example_dags/tutorial_dag.py
[2024-07-20T14:41:26.487+0900] {processor.py:840} INFO - DAG(s) 'tutorial_dag' retrieved from /home/papalio/.local/lib/python3.10/site-packages/airflow/example_dags/tutorial_dag.py
[2024-07-20T14:41:26.527+0900] {logging_mixin.py:188} INFO - [2024-07-20T14:41:26.526+0900] {dag.py:3096} INFO - Sync 1 DAGs
[2024-07-20T14:41:26.558+0900] {logging_mixin.py:188} INFO - [2024-07-20T14:41:26.558+0900] {dag.py:3954} INFO - Setting next_dagrun for tutorial_dag to None, run_after=None
[2024-07-20T14:41:26.641+0900] {processor.py:183} INFO - Processing /home/papalio/.local/lib/python3.10/site-packages/airflow/example_dags/tutorial_dag.py took 0.207 seconds
[2024-07-20T14:42:13.841+0900] {processor.py:161} INFO - Started process (PID=24553) to work on /home/papalio/.local/lib/python3.10/site-packages/airflow/example_dags/tutorial_dag.py
[2024-07-20T14:42:13.853+0900] {processor.py:830} INFO - Processing file /home/papalio/.local/lib/python3.10/site-packages/airflow/example_dags/tutorial_dag.py for tasks to queue
[2024-07-20T14:42:13.855+0900] {logging_mixin.py:188} INFO - [2024-07-20T14:42:13.854+0900] {dagbag.py:545} INFO - Filling up the DagBag from /home/papalio/.local/lib/python3.10/site-packages/airflow/example_dags/tutorial_dag.py
[2024-07-20T14:42:13.866+0900] {processor.py:840} INFO - DAG(s) 'tutorial_dag' retrieved from /home/papalio/.local/lib/python3.10/site-packages/airflow/example_dags/tutorial_dag.py
[2024-07-20T14:42:13.901+0900] {logging_mixin.py:188} INFO - [2024-07-20T14:42:13.900+0900] {dag.py:3096} INFO - Sync 1 DAGs
[2024-07-20T14:42:13.930+0900] {logging_mixin.py:188} INFO - [2024-07-20T14:42:13.930+0900] {dag.py:3954} INFO - Setting next_dagrun for tutorial_dag to None, run_after=None
[2024-07-20T14:42:13.976+0900] {processor.py:183} INFO - Processing /home/papalio/.local/lib/python3.10/site-packages/airflow/example_dags/tutorial_dag.py took 0.148 seconds
[2024-07-20T14:42:55.033+0900] {processor.py:161} INFO - Started process (PID=24822) to work on /home/papalio/.local/lib/python3.10/site-packages/airflow/example_dags/tutorial_dag.py
[2024-07-20T14:42:55.037+0900] {processor.py:830} INFO - Processing file /home/papalio/.local/lib/python3.10/site-packages/airflow/example_dags/tutorial_dag.py for tasks to queue
[2024-07-20T14:42:55.038+0900] {logging_mixin.py:188} INFO - [2024-07-20T14:42:55.038+0900] {dagbag.py:545} INFO - Filling up the DagBag from /home/papalio/.local/lib/python3.10/site-packages/airflow/example_dags/tutorial_dag.py
[2024-07-20T14:42:55.048+0900] {processor.py:840} INFO - DAG(s) 'tutorial_dag' retrieved from /home/papalio/.local/lib/python3.10/site-packages/airflow/example_dags/tutorial_dag.py
[2024-07-20T14:42:55.078+0900] {logging_mixin.py:188} INFO - [2024-07-20T14:42:55.078+0900] {dag.py:3096} INFO - Sync 1 DAGs
[2024-07-20T14:42:55.100+0900] {logging_mixin.py:188} INFO - [2024-07-20T14:42:55.100+0900] {dag.py:3954} INFO - Setting next_dagrun for tutorial_dag to None, run_after=None
[2024-07-20T14:42:55.161+0900] {processor.py:183} INFO - Processing /home/papalio/.local/lib/python3.10/site-packages/airflow/example_dags/tutorial_dag.py took 0.139 seconds
[2024-07-20T14:43:38.325+0900] {processor.py:161} INFO - Started process (PID=25103) to work on /home/papalio/.local/lib/python3.10/site-packages/airflow/example_dags/tutorial_dag.py
[2024-07-20T14:43:38.328+0900] {processor.py:830} INFO - Processing file /home/papalio/.local/lib/python3.10/site-packages/airflow/example_dags/tutorial_dag.py for tasks to queue
[2024-07-20T14:43:38.329+0900] {logging_mixin.py:188} INFO - [2024-07-20T14:43:38.328+0900] {dagbag.py:545} INFO - Filling up the DagBag from /home/papalio/.local/lib/python3.10/site-packages/airflow/example_dags/tutorial_dag.py
[2024-07-20T14:43:38.338+0900] {processor.py:840} INFO - DAG(s) 'tutorial_dag' retrieved from /home/papalio/.local/lib/python3.10/site-packages/airflow/example_dags/tutorial_dag.py
[2024-07-20T14:43:38.363+0900] {logging_mixin.py:188} INFO - [2024-07-20T14:43:38.363+0900] {dag.py:3096} INFO - Sync 1 DAGs
[2024-07-20T14:43:38.380+0900] {logging_mixin.py:188} INFO - [2024-07-20T14:43:38.380+0900] {dag.py:3954} INFO - Setting next_dagrun for tutorial_dag to None, run_after=None
[2024-07-20T14:43:38.418+0900] {processor.py:183} INFO - Processing /home/papalio/.local/lib/python3.10/site-packages/airflow/example_dags/tutorial_dag.py took 0.103 seconds
[2024-07-20T14:44:24.357+0900] {processor.py:161} INFO - Started process (PID=25388) to work on /home/papalio/.local/lib/python3.10/site-packages/airflow/example_dags/tutorial_dag.py
[2024-07-20T14:44:24.368+0900] {processor.py:830} INFO - Processing file /home/papalio/.local/lib/python3.10/site-packages/airflow/example_dags/tutorial_dag.py for tasks to queue
[2024-07-20T14:44:24.369+0900] {logging_mixin.py:188} INFO - [2024-07-20T14:44:24.369+0900] {dagbag.py:545} INFO - Filling up the DagBag from /home/papalio/.local/lib/python3.10/site-packages/airflow/example_dags/tutorial_dag.py
[2024-07-20T14:44:24.377+0900] {processor.py:840} INFO - DAG(s) 'tutorial_dag' retrieved from /home/papalio/.local/lib/python3.10/site-packages/airflow/example_dags/tutorial_dag.py
[2024-07-20T14:44:24.404+0900] {logging_mixin.py:188} INFO - [2024-07-20T14:44:24.404+0900] {dag.py:3096} INFO - Sync 1 DAGs
[2024-07-20T14:44:24.421+0900] {logging_mixin.py:188} INFO - [2024-07-20T14:44:24.421+0900] {dag.py:3954} INFO - Setting next_dagrun for tutorial_dag to None, run_after=None
[2024-07-20T14:44:24.460+0900] {processor.py:183} INFO - Processing /home/papalio/.local/lib/python3.10/site-packages/airflow/example_dags/tutorial_dag.py took 0.113 seconds
