[2024-06-16T04:24:11.694+0000] {taskinstance.py:1103} INFO - Dependencies all met for dep_context=non-requeueable deps ti=<TaskInstance: dust_data_pipeline.ETL.populate_dust_summary_table manual__2024-06-16T04:23:45.794193+00:00 [queued]>
[2024-06-16T04:24:11.714+0000] {taskinstance.py:1103} INFO - Dependencies all met for dep_context=requeueable deps ti=<TaskInstance: dust_data_pipeline.ETL.populate_dust_summary_table manual__2024-06-16T04:23:45.794193+00:00 [queued]>
[2024-06-16T04:24:11.715+0000] {taskinstance.py:1308} INFO - Starting attempt 1 of 2
[2024-06-16T04:24:11.745+0000] {taskinstance.py:1327} INFO - Executing <Task(PythonOperator): ETL.populate_dust_summary_table> on 2024-06-16 04:23:45.794193+00:00
[2024-06-16T04:24:11.752+0000] {standard_task_runner.py:57} INFO - Started process 229 to run task
[2024-06-16T04:24:11.757+0000] {standard_task_runner.py:84} INFO - Running: ['***', 'tasks', 'run', 'dust_data_pipeline', 'ETL.populate_dust_summary_table', 'manual__2024-06-16T04:23:45.794193+00:00', '--job-id', '300', '--raw', '--subdir', 'DAGS_FOLDER/test_redshift_real_v3.py', '--cfg-path', '/tmp/tmp2ce63roj']
[2024-06-16T04:24:11.758+0000] {standard_task_runner.py:85} INFO - Job 300: Subtask ETL.populate_dust_summary_table
[2024-06-16T04:24:11.842+0000] {task_command.py:410} INFO - Running <TaskInstance: dust_data_pipeline.ETL.populate_dust_summary_table manual__2024-06-16T04:23:45.794193+00:00 [running]> on host 2c7bc140ebc2
[2024-06-16T04:24:11.960+0000] {taskinstance.py:1547} INFO - Exporting env vars: AIRFLOW_CTX_DAG_OWNER='***' AIRFLOW_CTX_DAG_ID='dust_data_pipeline' AIRFLOW_CTX_TASK_ID='ETL.populate_dust_summary_table' AIRFLOW_CTX_EXECUTION_DATE='2024-06-16T04:23:45.794193+00:00' AIRFLOW_CTX_TRY_NUMBER='1' AIRFLOW_CTX_DAG_RUN_ID='manual__2024-06-16T04:23:45.794193+00:00'
[2024-06-16T04:24:11.983+0000] {base.py:73} INFO - Using connection ID 'redshift_test_dev' for task execution.
[2024-06-16T04:24:12.112+0000] {sql.py:375} INFO - Running statement: 
    DROP TABLE IF EXISTS yusuyeon678.seoul_dust_summary;
    CREATE TABLE yusuyeon678.seoul_dust_summary (
        date TIMESTAMP primary key,
        dust FLOAT NOT NULL
    );
    , parameters: None
[2024-06-16T04:24:12.249+0000] {base.py:73} INFO - Using connection ID 'redshift_test_dev' for task execution.
[2024-06-16T04:24:12.549+0000] {sql.py:375} INFO - Running statement: 
    INSERT INTO yusuyeon678.seoul_dust_summary (date, dust)
    SELECT
        date,
        ROUND(AVG(dust), 2) AS dust
    FROM yusuyeon678.raw_data
    GROUP BY date;
    , parameters: None
[2024-06-16T04:24:12.725+0000] {sql.py:384} INFO - Rows affected: 16
[2024-06-16T04:24:12.829+0000] {python.py:183} INFO - Done. Returned value was: None
[2024-06-16T04:24:12.850+0000] {taskinstance.py:1350} INFO - Marking task as SUCCESS. dag_id=dust_data_pipeline, task_id=ETL.populate_dust_summary_table, execution_date=20240616T042345, start_date=20240616T042411, end_date=20240616T042412
[2024-06-16T04:24:12.897+0000] {local_task_job_runner.py:225} INFO - Task exited with return code 0
[2024-06-16T04:24:12.944+0000] {taskinstance.py:2653} INFO - 0 downstream tasks scheduled from follow-on schedule check
