[2024-07-19T08:29:29.651+0000] {taskinstance.py:1979} INFO - Dependencies all met for dep_context=non-requeueable deps ti=<TaskInstance: crawling_dag_v2.read_s3_and_add_size_color manual__2024-07-19T08:28:04.384571+00:00 [queued]>
[2024-07-19T08:29:29.660+0000] {taskinstance.py:1979} INFO - Dependencies all met for dep_context=requeueable deps ti=<TaskInstance: crawling_dag_v2.read_s3_and_add_size_color manual__2024-07-19T08:28:04.384571+00:00 [queued]>
[2024-07-19T08:29:29.661+0000] {taskinstance.py:2193} INFO - Starting attempt 1 of 2
[2024-07-19T08:29:29.677+0000] {taskinstance.py:2217} INFO - Executing <Task(PythonOperator): read_s3_and_add_size_color> on 2024-07-19 08:28:04.384571+00:00
[2024-07-19T08:29:29.683+0000] {standard_task_runner.py:60} INFO - Started process 1210 to run task
[2024-07-19T08:29:29.686+0000] {standard_task_runner.py:87} INFO - Running: ['***', 'tasks', 'run', 'crawling_dag_v2', 'read_s3_and_add_size_color', 'manual__2024-07-19T08:28:04.384571+00:00', '--job-id', '462', '--raw', '--subdir', 'DAGS_FOLDER/musinsa_dag.py', '--cfg-path', '/tmp/tmp1_jc11y2']
[2024-07-19T08:29:29.689+0000] {standard_task_runner.py:88} INFO - Job 462: Subtask read_s3_and_add_size_color
[2024-07-19T08:29:29.736+0000] {task_command.py:423} INFO - Running <TaskInstance: crawling_dag_v2.read_s3_and_add_size_color manual__2024-07-19T08:28:04.384571+00:00 [running]> on host 9a455ef6c02c
[2024-07-19T08:29:30.305+0000] {taskinstance.py:2513} INFO - Exporting env vars: AIRFLOW_CTX_DAG_OWNER='***' AIRFLOW_CTX_DAG_ID='crawling_dag_v2' AIRFLOW_CTX_TASK_ID='read_s3_and_add_size_color' AIRFLOW_CTX_EXECUTION_DATE='2024-07-19T08:28:04.384571+00:00' AIRFLOW_CTX_TRY_NUMBER='1' AIRFLOW_CTX_DAG_RUN_ID='manual__2024-07-19T08:28:04.384571+00:00'
[2024-07-19T08:29:30.325+0000] {base.py:83} INFO - Using connection ID 'aws_s3' for task execution.
[2024-07-19T08:29:30.326+0000] {connection_wrapper.py:384} INFO - AWS Connection (conn_id='aws_s3', conn_type='aws') credentials retrieved from login and password.
[2024-07-19T08:29:36.608+0000] {logging_mixin.py:188} INFO - Visited: https://www.musinsa.com/app/goods/2612829
[2024-07-19T08:29:38.022+0000] {logging_mixin.py:188} INFO - Clicked button at div[35] on https://www.musinsa.com/app/goods/2612829
[2024-07-19T08:29:38.136+0000] {logging_mixin.py:188} INFO - Clicked button 1 at div[37] on https://www.musinsa.com/app/goods/2612829
[2024-07-19T08:29:39.472+0000] {logging_mixin.py:188} INFO - Element click intercepted on https://www.musinsa.com/app/goods/2612829 at div[35], trying next element.
[2024-07-19T08:29:41.689+0000] {logging_mixin.py:188} INFO - Element click intercepted on https://www.musinsa.com/app/goods/2612829 at div[37], trying next element.
[2024-07-19T08:29:47.304+0000] {logging_mixin.py:188} INFO - Visited: https://www.musinsa.com/app/goods/1191407
[2024-07-19T08:29:48.716+0000] {logging_mixin.py:188} INFO - Clicked button at div[36] on https://www.musinsa.com/app/goods/1191407
[2024-07-19T08:29:48.847+0000] {logging_mixin.py:188} INFO - Clicked button 1 at div[38] on https://www.musinsa.com/app/goods/1191407
[2024-07-19T08:29:49.176+0000] {logging_mixin.py:188} INFO - Clicked button at div[38] on https://www.musinsa.com/app/goods/1191407
[2024-07-19T08:29:49.238+0000] {logging_mixin.py:188} INFO - test_option_1 for https://www.musinsa.com/app/goods/1191407: ['S', 'M', 'L']
[2024-07-19T08:29:49.238+0000] {logging_mixin.py:188} INFO - test_option_2 for https://www.musinsa.com/app/goods/1191407: ['0']
[2024-07-19T08:29:54.995+0000] {logging_mixin.py:188} INFO - Visited: https://www.musinsa.com/app/goods/1599217
[2024-07-19T08:29:57.423+0000] {logging_mixin.py:188} INFO - Element click intercepted on https://www.musinsa.com/app/goods/1599217 at div[36], trying next element.
[2024-07-19T08:29:57.562+0000] {logging_mixin.py:188} INFO - No button found on https://www.musinsa.com/app/goods/1599217
[2024-07-19T08:30:05.481+0000] {logging_mixin.py:188} INFO - Visited: https://www.musinsa.com/app/goods/2139143
[2024-07-19T08:30:06.902+0000] {logging_mixin.py:188} INFO - Clicked button at div[35] on https://www.musinsa.com/app/goods/2139143
[2024-07-19T08:30:07.047+0000] {logging_mixin.py:188} INFO - Clicked button 1 at div[37] on https://www.musinsa.com/app/goods/2139143
[2024-07-19T08:30:07.443+0000] {logging_mixin.py:188} INFO - Clicked button 2 at div[37] on https://www.musinsa.com/app/goods/2139143
[2024-07-19T08:30:07.525+0000] {logging_mixin.py:188} INFO - test_option_1 for https://www.musinsa.com/app/goods/2139143: ['BLACK', 'OFF WHITE', 'BEIGE', 'DARK BROWN', 'GREY', 'D.GREY', 'GREYISH BEIGE', 'MOCHA BROWN', 'CREAM']
[2024-07-19T08:30:07.526+0000] {logging_mixin.py:188} INFO - test_option_2 for https://www.musinsa.com/app/goods/2139143: ['M', 'L', 'XL', 'XXL']
[2024-07-19T08:30:13.310+0000] {logging_mixin.py:188} INFO - Visited: https://www.musinsa.com/app/goods/1027576
[2024-07-19T08:30:15.622+0000] {logging_mixin.py:188} INFO - Element click intercepted on https://www.musinsa.com/app/goods/1027576 at div[31], trying next element.
[2024-07-19T08:30:17.947+0000] {logging_mixin.py:188} INFO - Element click intercepted on https://www.musinsa.com/app/goods/1027576 at div[38], trying next element.
[2024-07-19T08:30:18.049+0000] {logging_mixin.py:188} INFO - No button found on https://www.musinsa.com/app/goods/1027576
[2024-07-19T08:30:23.793+0000] {logging_mixin.py:188} INFO - Visited: https://www.musinsa.com/app/goods/746276
[2024-07-19T08:30:25.203+0000] {logging_mixin.py:188} INFO - Clicked button at div[36] on https://www.musinsa.com/app/goods/746276
[2024-07-19T08:30:25.365+0000] {logging_mixin.py:188} INFO - Clicked button 1 at div[38] on https://www.musinsa.com/app/goods/746276
[2024-07-19T08:30:26.941+0000] {logging_mixin.py:188} INFO - Element click intercepted on https://www.musinsa.com/app/goods/746276 at div[36], trying next element.
[2024-07-19T08:30:28.067+0000] {logging_mixin.py:188} INFO - Failed to visit https://www.musinsa.com/app/goods/746276 due to Message: element not interactable
  (Session info: chrome-headless-shell=126.0.6478.114)
Stacktrace:
#0 0x55692cf3869a <unknown>
#1 0x55692cc1af21 <unknown>
#2 0x55692cc68abf <unknown>
#3 0x55692cc5c40f <unknown>
#4 0x55692cc8a872 <unknown>
#5 0x55692cc5bd89 <unknown>
#6 0x55692cc8aa3e <unknown>
#7 0x55692cca95c3 <unknown>
#8 0x55692cc8a613 <unknown>
#9 0x55692cc5a4f7 <unknown>
#10 0x55692cc5ae4e <unknown>
#11 0x55692cefe86b <unknown>
#12 0x55692cf02911 <unknown>
#13 0x55692ceea35e <unknown>
#14 0x55692cf03472 <unknown>
#15 0x55692cececbf <unknown>
#16 0x55692cf28098 <unknown>
#17 0x55692cf28270 <unknown>
#18 0x55692cf377cc <unknown>
#19 0x7fc34ba4eac3 <unknown>
[2024-07-19T08:30:28.199+0000] {taskinstance.py:2731} ERROR - Task failed with exception
Traceback (most recent call last):
  File "/home/airflow/.local/lib/python3.8/site-packages/airflow/models/taskinstance.py", line 444, in _execute_task
    result = _execute_callable(context=context, **execute_callable_kwargs)
  File "/home/airflow/.local/lib/python3.8/site-packages/airflow/models/taskinstance.py", line 414, in _execute_callable
    return execute_callable(context=context, **execute_callable_kwargs)
  File "/home/airflow/.local/lib/python3.8/site-packages/airflow/operators/python.py", line 200, in execute
    return_value = self.execute_callable()
  File "/home/airflow/.local/lib/python3.8/site-packages/airflow/operators/python.py", line 217, in execute_callable
    return self.python_callable(*self.op_args, **self.op_kwargs)
  File "/opt/airflow/dags/code_test/airflow_size_color.py", line 120, in read_s3_and_add_size_color
    df.loc[df['description'] == desc, 'size_options'] = [size_options[i]]
IndexError: list index out of range
[2024-07-19T08:30:28.209+0000] {taskinstance.py:1149} INFO - Marking task as UP_FOR_RETRY. dag_id=crawling_dag_v2, task_id=read_s3_and_add_size_color, execution_date=20240719T082804, start_date=20240719T082929, end_date=20240719T083028
[2024-07-19T08:30:28.225+0000] {standard_task_runner.py:107} ERROR - Failed to execute job 462 for task read_s3_and_add_size_color (list index out of range; 1210)
[2024-07-19T08:30:28.261+0000] {local_task_job_runner.py:234} INFO - Task exited with return code 1
[2024-07-19T08:30:28.277+0000] {taskinstance.py:3312} INFO - 0 downstream tasks scheduled from follow-on schedule check
