[2024-06-13T04:28:56.195+0000] {taskinstance.py:1083} INFO - Dependencies all met for <TaskInstance: api_to_s3_to_redshift.upload_to_s3 manual__2024-06-13T04:28:49.312325+00:00 [queued]>
[2024-06-13T04:28:56.205+0000] {taskinstance.py:1083} INFO - Dependencies all met for <TaskInstance: api_to_s3_to_redshift.upload_to_s3 manual__2024-06-13T04:28:49.312325+00:00 [queued]>
[2024-06-13T04:28:56.205+0000] {taskinstance.py:1279} INFO - 
--------------------------------------------------------------------------------
[2024-06-13T04:28:56.205+0000] {taskinstance.py:1280} INFO - Starting attempt 1 of 2
[2024-06-13T04:28:56.205+0000] {taskinstance.py:1281} INFO - 
--------------------------------------------------------------------------------
[2024-06-13T04:28:56.222+0000] {taskinstance.py:1300} INFO - Executing <Task(LocalFilesystemToS3Operator): upload_to_s3> on 2024-06-13 04:28:49.312325+00:00
[2024-06-13T04:28:56.228+0000] {standard_task_runner.py:55} INFO - Started process 2983 to run task
[2024-06-13T04:28:56.233+0000] {standard_task_runner.py:82} INFO - Running: ['***', 'tasks', 'run', 'api_to_s3_to_redshift', 'upload_to_s3', 'manual__2024-06-13T04:28:49.312325+00:00', '--job-id', '90', '--raw', '--subdir', 'DAGS_FOLDER/test_redshift_real.py', '--cfg-path', '/tmp/tmp7ih3gl3s']
[2024-06-13T04:28:56.233+0000] {standard_task_runner.py:83} INFO - Job 90: Subtask upload_to_s3
[2024-06-13T04:28:56.341+0000] {task_command.py:388} INFO - Running <TaskInstance: api_to_s3_to_redshift.upload_to_s3 manual__2024-06-13T04:28:49.312325+00:00 [running]> on host 51c81313d5fd
[2024-06-13T04:28:56.432+0000] {taskinstance.py:1509} INFO - Exporting the following env vars:
AIRFLOW_CTX_DAG_OWNER=***
AIRFLOW_CTX_DAG_ID=api_to_s3_to_redshift
AIRFLOW_CTX_TASK_ID=upload_to_s3
AIRFLOW_CTX_EXECUTION_DATE=2024-06-13T04:28:49.312325+00:00
AIRFLOW_CTX_TRY_NUMBER=1
AIRFLOW_CTX_DAG_RUN_ID=manual__2024-06-13T04:28:49.312325+00:00
[2024-06-13T04:28:56.444+0000] {base.py:73} INFO - Using connection ID 'aws_s3' for task execution.
[2024-06-13T04:28:56.445+0000] {connection_wrapper.py:334} INFO - AWS Connection (conn_id='aws_s3', conn_type='aws') credentials retrieved from login and password.
[2024-06-13T04:28:57.262+0000] {taskinstance.py:1323} INFO - Marking task as SUCCESS. dag_id=api_to_s3_to_redshift, task_id=upload_to_s3, execution_date=20240613T042849, start_date=20240613T042856, end_date=20240613T042857
[2024-06-13T04:28:57.330+0000] {local_task_job.py:208} INFO - Task exited with return code 0
[2024-06-13T04:28:57.379+0000] {taskinstance.py:2578} INFO - 1 downstream tasks scheduled from follow-on schedule check
